<html>
  <head>
    <meta http-equiv="content-type" content="text/html; charset=UTF-8"/>
    <title>mruby build & test report</title>
    <style>
      pre {
        white-space: -moz-pre-wrap; /* Mozilla */
        white-space: -pre-wrap;     /* Opera 4-6 */
        white-space: -o-pre-wrap;   /* Opera 7 */
        white-space: pre-wrap;      /* CSS3 */
        word-wrap: break-word;      /* IE 5.5+ */
      }
      textarea {
        width: 100%;
        height: 400px;
        font-family: monospace !important;
        font-size: 12px !important;
      }
    </style>
  </head>
  <body>
    <h1>mruby build & test report</h1>

    
    
    <ul>
      <li><a href="http://github.com/iij/mruby/commit/bdb1a7e" target="_blank">commit info on github</a></li>
      
        
        
        
          <li><a href="iij-mruby.html">back to iij-mruby</a></li>
        
      
        
        
  </ul>

    <h2>mrbtest</h2>
    <table border="1">
      <tr>
        
          <th>Name</th>
        
          <th>Build-Status</th>
        
          <th>Mrbtest-Status</th>
        
          <th>Total</th>
        
          <th>OK</th>
        
          <th>KO</th>
        
          <th>Crash</th>
        
          <th>Fail</th>
        
          <th>Msg</th>
        
      </tr>
      
        
        
        <tr style="background-color:#ff9999">
          <td><a href="#centos32bit">centos32bit</a></td>
          <td>failed</td>
          <td>failed</td>
          <td>0</td>
          <td>0</td>
          <td>0</td>
          <td>0</td>
          <td></td>
          <td></td>
        </tr>
      
        
        
        <tr style="background-color:#ff9999">
          <td><a href="#centos64bit">centos64bit</a></td>
          <td>failed</td>
          <td>failed</td>
          <td>0</td>
          <td>0</td>
          <td>0</td>
          <td>0</td>
          <td></td>
          <td></td>
        </tr>
      
        
        
        <tr style="background-color:#ff9999">
          <td><a href="#freebsd32bit">freebsd32bit</a></td>
          <td>failed</td>
          <td>failed</td>
          <td>0</td>
          <td>0</td>
          <td>0</td>
          <td>0</td>
          <td></td>
          <td></td>
        </tr>
      
        
        
        <tr style="background-color:#ff9999">
          <td><a href="#freebsd64bit">freebsd64bit</a></td>
          <td>failed</td>
          <td>failed</td>
          <td>0</td>
          <td>0</td>
          <td>0</td>
          <td>0</td>
          <td></td>
          <td></td>
        </tr>
      
        
        
        <tr style="background-color:#ff9999">
          <td><a href="#mac-lion">mac-lion</a></td>
          <td>failed</td>
          <td>failed</td>
          <td>0</td>
          <td>0</td>
          <td>0</td>
          <td>0</td>
          <td></td>
          <td></td>
        </tr>
      
        
        
        <tr style="background-color:#ff9999">
          <td><a href="#mac-ppc">mac-ppc</a></td>
          <td>failed</td>
          <td>failed</td>
          <td>0</td>
          <td>0</td>
          <td>0</td>
          <td>0</td>
          <td></td>
          <td></td>
        </tr>
      
        
        
        <tr style="background-color:#ff9999">
          <td><a href="#netbsd32bit">netbsd32bit</a></td>
          <td>failed</td>
          <td>failed</td>
          <td>0</td>
          <td>0</td>
          <td>0</td>
          <td>0</td>
          <td></td>
          <td></td>
        </tr>
      
        
        
        <tr style="background-color:#ff9999">
          <td><a href="#netbsd64bit">netbsd64bit</a></td>
          <td>failed</td>
          <td>failed</td>
          <td>0</td>
          <td>0</td>
          <td>0</td>
          <td>0</td>
          <td></td>
          <td></td>
        </tr>
      
        
        
        <tr style="background-color:#ff9999">
          <td><a href="#netbsd_arm">netbsd_arm</a></td>
          <td>failed</td>
          <td>failed</td>
          <td>0</td>
          <td>0</td>
          <td>0</td>
          <td>0</td>
          <td></td>
          <td></td>
        </tr>
      
        
        
        <tr style="background-color:#ff9999">
          <td><a href="#netbsd_mips">netbsd_mips</a></td>
          <td>failed</td>
          <td>failed</td>
          <td>0</td>
          <td>0</td>
          <td>0</td>
          <td>0</td>
          <td></td>
          <td></td>
        </tr>
      
        
        
        <tr style="background-color:#ff9999">
          <td><a href="#openbsd32bit">openbsd32bit</a></td>
          <td>failed</td>
          <td>failed</td>
          <td>0</td>
          <td>0</td>
          <td>0</td>
          <td>0</td>
          <td></td>
          <td></td>
        </tr>
      
        
        
        <tr style="background-color:#ff9999">
          <td><a href="#openbsd64bit">openbsd64bit</a></td>
          <td>failed</td>
          <td>failed</td>
          <td>0</td>
          <td>0</td>
          <td>0</td>
          <td>0</td>
          <td></td>
          <td></td>
        </tr>
      
        
        
        <tr style="background-color:#ff9999">
          <td><a href="#ubuntu32bit">ubuntu32bit</a></td>
          <td>failed</td>
          <td>failed</td>
          <td>0</td>
          <td>0</td>
          <td>0</td>
          <td>0</td>
          <td></td>
          <td></td>
        </tr>
      
        
        
        <tr style="background-color:#ff9999">
          <td><a href="#ubuntu64bit">ubuntu64bit</a></td>
          <td>failed</td>
          <td>failed</td>
          <td>0</td>
          <td>0</td>
          <td>0</td>
          <td>0</td>
          <td></td>
          <td></td>
        </tr>
      
    </table>

    
      <h2>posix test</h2>
      <table border="1">
        <tr>
          
            <th>Name</th>
          
            <th>Status</th>
          
            <th>Total</th>
          
            <th>OK</th>
          
            <th>KO</th>
          
            <th>Crash</th>
          
            <th>Fail</th>
          
            <th>Msg</th>
          
        </tr>
        
          
          
          <tr style="background-color:#ff9999">
            <td><a href="#centos32bit">centos32bit</a></td>
            <td>failed</td>
            <td>0</td>
            <td>0</td>
            <td>0</td>
            <td>0</td>
            <td></td>
            <td>POSIX test result: NG<br/>  fail test is :  dir.sh  env.sh  errno.sh  file.sh  io.sh  process.sh  require.sh  syslog.sh</td>
          </tr>
        
          
          
          <tr style="background-color:#ff9999">
            <td><a href="#centos64bit">centos64bit</a></td>
            <td>failed</td>
            <td>0</td>
            <td>0</td>
            <td>0</td>
            <td>0</td>
            <td></td>
            <td>POSIX test result: NG<br/>  fail test is :  dir.sh  env.sh  errno.sh  file.sh  io.sh  process.sh  require.sh  syslog.sh</td>
          </tr>
        
          
          
          <tr style="background-color:#ff9999">
            <td><a href="#freebsd32bit">freebsd32bit</a></td>
            <td>failed</td>
            <td>0</td>
            <td>0</td>
            <td>0</td>
            <td>0</td>
            <td></td>
            <td>POSIX test result: NG<br/>  fail test is :  dir.sh  env.sh  errno.sh  file.sh  io.sh  process.sh  require.sh  syslog.sh</td>
          </tr>
        
          
          
          <tr style="background-color:#ff9999">
            <td><a href="#freebsd64bit">freebsd64bit</a></td>
            <td>failed</td>
            <td>0</td>
            <td>0</td>
            <td>0</td>
            <td>0</td>
            <td></td>
            <td>POSIX test result: NG<br/>  fail test is :  dir.sh  env.sh  errno.sh  file.sh  io.sh  process.sh  require.sh  syslog.sh</td>
          </tr>
        
          
          
          <tr style="background-color:#ff9999">
            <td><a href="#mac-lion">mac-lion</a></td>
            <td>failed</td>
            <td>0</td>
            <td>0</td>
            <td>0</td>
            <td>0</td>
            <td></td>
            <td>POSIX test result: NG<br/>  fail test is :  dir.sh  env.sh  errno.sh  file.sh  io.sh  process.sh  require.sh  syslog.sh</td>
          </tr>
        
          
          
          <tr style="background-color:#ff9999">
            <td><a href="#mac-ppc">mac-ppc</a></td>
            <td>failed</td>
            <td>0</td>
            <td>0</td>
            <td>0</td>
            <td>0</td>
            <td></td>
            <td>POSIX test result: NG<br/>  fail test is :  dir.sh  env.sh  errno.sh  file.sh  io.sh  process.sh  require.sh  syslog.sh</td>
          </tr>
        
          
          
          <tr style="background-color:#ff9999">
            <td><a href="#netbsd32bit">netbsd32bit</a></td>
            <td>failed</td>
            <td>0</td>
            <td>0</td>
            <td>0</td>
            <td>0</td>
            <td></td>
            <td>POSIX test result: NG<br/>  fail test is :  dir.sh  env.sh  errno.sh  file.sh  io.sh  process.sh  require.sh  syslog.sh</td>
          </tr>
        
          
          
          <tr style="background-color:#ff9999">
            <td><a href="#netbsd64bit">netbsd64bit</a></td>
            <td>failed</td>
            <td>0</td>
            <td>0</td>
            <td>0</td>
            <td>0</td>
            <td></td>
            <td>POSIX test result: NG<br/>  fail test is :  dir.sh  env.sh  errno.sh  file.sh  io.sh  process.sh  require.sh  syslog.sh</td>
          </tr>
        
          
          
          <tr style="background-color:#ff9999">
            <td><a href="#netbsd_arm">netbsd_arm</a></td>
            <td>failed</td>
            <td>0</td>
            <td>0</td>
            <td>0</td>
            <td>0</td>
            <td></td>
            <td>POSIX test result: NG<br/>  fail test is :  dir.sh  env.sh  errno.sh  file.sh  io.sh  process.sh  require.sh  syslog.sh</td>
          </tr>
        
          
          
          <tr style="background-color:#ff9999">
            <td><a href="#netbsd_mips">netbsd_mips</a></td>
            <td>failed</td>
            <td>0</td>
            <td>0</td>
            <td>0</td>
            <td>0</td>
            <td></td>
            <td>POSIX test result: NG<br/>  fail test is :  dir.sh  env.sh  errno.sh  file.sh  io.sh  process.sh  require.sh  syslog.sh</td>
          </tr>
        
          
          
          <tr style="background-color:#ff9999">
            <td><a href="#openbsd32bit">openbsd32bit</a></td>
            <td>failed</td>
            <td>0</td>
            <td>0</td>
            <td>0</td>
            <td>0</td>
            <td></td>
            <td>POSIX test result: NG<br/>  fail test is :  dir.sh  env.sh  errno.sh  file.sh  io.sh  process.sh  require.sh  syslog.sh</td>
          </tr>
        
          
          
          <tr style="background-color:#ff9999">
            <td><a href="#openbsd64bit">openbsd64bit</a></td>
            <td>failed</td>
            <td>0</td>
            <td>0</td>
            <td>0</td>
            <td>0</td>
            <td></td>
            <td>POSIX test result: NG<br/>  fail test is :  dir.sh  env.sh  errno.sh  file.sh  io.sh  process.sh  require.sh  syslog.sh</td>
          </tr>
        
          
          
          <tr style="background-color:#ff9999">
            <td><a href="#ubuntu32bit">ubuntu32bit</a></td>
            <td>failed</td>
            <td>0</td>
            <td>0</td>
            <td>0</td>
            <td>0</td>
            <td></td>
            <td>POSIX test result: NG<br/>  fail test is :  dir.sh  env.sh  errno.sh  file.sh  io.sh  process.sh  require.sh  syslog.sh</td>
          </tr>
        
          
          
          <tr style="background-color:#ff9999">
            <td><a href="#ubuntu64bit">ubuntu64bit</a></td>
            <td>failed</td>
            <td>0</td>
            <td>0</td>
            <td>0</td>
            <td>0</td>
            <td></td>
            <td>POSIX test result: NG<br/>  fail test is :  dir.sh  env.sh  errno.sh  file.sh  io.sh  process.sh  require.sh  syslog.sh</td>
          </tr>
        
      </table>
    

    <h2>environment</h2>
    <table border='1'>
      <tr>
        <th>Name</th>
        <th>software version</th>
      </tr>
      
        
        <tr>
          <td rowspan="3">centos32bit</td>
          <td><b>gcc</b><br/><pre>gcc (GCC) 4.4.6 20120305 (Red Hat 4.4.6-4)
Copyright (C) 2010 Free Software Foundation, Inc.
This is free software; see the source for copying conditions.  There is NO
warranty; not even for MERCHANTABILITY or FITNESS FOR A PARTICULAR PURPOSE.</pre></td>
        </tr>
        <tr><td><b>make</b><br/><pre>GNU Make 3.81
Copyright (C) 2006  Free Software Foundation, Inc.
This is free software; see the source for copying conditions.
There is NO warranty; not even for MERCHANTABILITY or FITNESS FOR A
PARTICULAR PURPOSE.

This program built for i386-redhat-linux-gnu</pre></td></tr>
        <tr><td><b>bison</b><br/><pre>bison (GNU Bison) 2.4.1
Written by Robert Corbett and Richard Stallman.

Copyright (C) 2008 Free Software Foundation, Inc.
This is free software; see the source for copying conditions.  There is NO
warranty; not even for MERCHANTABILITY or FITNESS FOR A PARTICULAR PURPOSE.</pre></td></tr>
      
        
        <tr>
          <td rowspan="3">centos64bit</td>
          <td><b>gcc</b><br/><pre>gcc (GCC) 4.4.6 20120305 (Red Hat 4.4.6-4)
Copyright (C) 2010 Free Software Foundation, Inc.
This is free software; see the source for copying conditions.  There is NO
warranty; not even for MERCHANTABILITY or FITNESS FOR A PARTICULAR PURPOSE.</pre></td>
        </tr>
        <tr><td><b>make</b><br/><pre>GNU Make 3.81
Copyright (C) 2006  Free Software Foundation, Inc.
This is free software; see the source for copying conditions.
There is NO warranty; not even for MERCHANTABILITY or FITNESS FOR A
PARTICULAR PURPOSE.

This program built for x86_64-redhat-linux-gnu</pre></td></tr>
        <tr><td><b>bison</b><br/><pre>bison (GNU Bison) 2.4.1
Written by Robert Corbett and Richard Stallman.

Copyright (C) 2008 Free Software Foundation, Inc.
This is free software; see the source for copying conditions.  There is NO
warranty; not even for MERCHANTABILITY or FITNESS FOR A PARTICULAR PURPOSE.</pre></td></tr>
      
        
        <tr>
          <td rowspan="3">freebsd32bit</td>
          <td><b>gcc</b><br/><pre>gcc (GCC) 4.2.1 20070831 patched [FreeBSD]
Copyright (C) 2007 Free Software Foundation, Inc.
This is free software; see the source for copying conditions.  There is NO
warranty; not even for MERCHANTABILITY or FITNESS FOR A PARTICULAR PURPOSE.</pre></td>
        </tr>
        <tr><td><b>make</b><br/><pre>GNU Make 3.82
Built for i386-portbld-freebsd9.0
Copyright (C) 2010  Free Software Foundation, Inc.
License GPLv3+: GNU GPL version 3 or later <http://gnu.org/licenses/gpl.html>
This is free software: you are free to change and redistribute it.
There is NO WARRANTY, to the extent permitted by law.</pre></td></tr>
        <tr><td><b>bison</b><br/><pre>bison (GNU Bison) 2.4.3
Written by Robert Corbett and Richard Stallman.

Copyright (C) 2010 Free Software Foundation, Inc.
This is free software; see the source for copying conditions.  There is NO
warranty; not even for MERCHANTABILITY or FITNESS FOR A PARTICULAR PURPOSE.</pre></td></tr>
      
        
        <tr>
          <td rowspan="3">freebsd64bit</td>
          <td><b>gcc</b><br/><pre>gcc (GCC) 4.2.1 20070831 patched [FreeBSD]
Copyright (C) 2007 Free Software Foundation, Inc.
This is free software; see the source for copying conditions.  There is NO
warranty; not even for MERCHANTABILITY or FITNESS FOR A PARTICULAR PURPOSE.</pre></td>
        </tr>
        <tr><td><b>make</b><br/><pre>GNU Make 3.82
Built for amd64-portbld-freebsd9.0
Copyright (C) 2010  Free Software Foundation, Inc.
License GPLv3+: GNU GPL version 3 or later <http://gnu.org/licenses/gpl.html>
This is free software: you are free to change and redistribute it.
There is NO WARRANTY, to the extent permitted by law.</pre></td></tr>
        <tr><td><b>bison</b><br/><pre>bison (GNU Bison) 2.4.3
Written by Robert Corbett and Richard Stallman.

Copyright (C) 2010 Free Software Foundation, Inc.
This is free software; see the source for copying conditions.  There is NO
warranty; not even for MERCHANTABILITY or FITNESS FOR A PARTICULAR PURPOSE.</pre></td></tr>
      
        
        <tr>
          <td rowspan="3">mac-lion</td>
          <td><b>gcc</b><br/><pre>i686-apple-darwin11-llvm-gcc-4.2 (GCC) 4.2.1 (Based on Apple Inc. build 5658) (LLVM build 2336.11.00)
Copyright (C) 2007 Free Software Foundation, Inc.
This is free software; see the source for copying conditions.  There is NO
warranty; not even for MERCHANTABILITY or FITNESS FOR A PARTICULAR PURPOSE.</pre></td>
        </tr>
        <tr><td><b>make</b><br/><pre>GNU Make 3.81
Copyright (C) 2006  Free Software Foundation, Inc.
This is free software; see the source for copying conditions.
There is NO warranty; not even for MERCHANTABILITY or FITNESS FOR A
PARTICULAR PURPOSE.

This program built for i386-apple-darwin11.3.0</pre></td></tr>
        <tr><td><b>bison</b><br/><pre>bison (GNU Bison) 2.3
Written by Robert Corbett and Richard Stallman.

Copyright (C) 2006 Free Software Foundation, Inc.
This is free software; see the source for copying conditions.  There is NO
warranty; not even for MERCHANTABILITY or FITNESS FOR A PARTICULAR PURPOSE.</pre></td></tr>
      
        
        <tr>
          <td rowspan="3">mac-ppc</td>
          <td><b>gcc</b><br/><pre>powerpc-apple-darwin9-gcc-4.0.1 (GCC) 4.0.1 (Apple Inc. build 5493)
Copyright (C) 2005 Free Software Foundation, Inc.
This is free software; see the source for copying conditions.  There is NO
warranty; not even for MERCHANTABILITY or FITNESS FOR A PARTICULAR PURPOSE.</pre></td>
        </tr>
        <tr><td><b>make</b><br/><pre>GNU Make 3.81
Copyright (C) 2006  Free Software Foundation, Inc.
This is free software; see the source for copying conditions.
There is NO warranty; not even for MERCHANTABILITY or FITNESS FOR A
PARTICULAR PURPOSE.

This program built for powerpc-apple-darwin9.0</pre></td></tr>
        <tr><td><b>bison</b><br/><pre>bison (GNU Bison) 2.3
Written by Robert Corbett and Richard Stallman.

Copyright (C) 2006 Free Software Foundation, Inc.
This is free software; see the source for copying conditions.  There is NO
warranty; not even for MERCHANTABILITY or FITNESS FOR A PARTICULAR PURPOSE.</pre></td></tr>
      
        
        <tr>
          <td rowspan="3">netbsd32bit</td>
          <td><b>gcc</b><br/><pre>gcc (GCC) 4.1.3 20080704 prerelease (NetBSD nb2 20081120)
Copyright (C) 2006 Free Software Foundation, Inc.
This is free software; see the source for copying conditions.  There is NO
warranty; not even for MERCHANTABILITY or FITNESS FOR A PARTICULAR PURPOSE.</pre></td>
        </tr>
        <tr><td><b>make</b><br/><pre>GNU Make 3.82
Built for i386--netbsdelf
Copyright (C) 2010  Free Software Foundation, Inc.
License GPLv3+: GNU GPL version 3 or later <http://gnu.org/licenses/gpl.html>
This is free software: you are free to change and redistribute it.
There is NO WARRANTY, to the extent permitted by law.</pre></td></tr>
        <tr><td><b>bison</b><br/><pre>bison (GNU Bison) 2.5.1
Written by Robert Corbett and Richard Stallman.

Copyright (C) 2012 Free Software Foundation, Inc.
This is free software; see the source for copying conditions.  There is NO
warranty; not even for MERCHANTABILITY or FITNESS FOR A PARTICULAR PURPOSE.</pre></td></tr>
      
        
        <tr>
          <td rowspan="3">netbsd64bit</td>
          <td><b>gcc</b><br/><pre>gcc (GCC) 4.1.3 20080704 prerelease (NetBSD nb2 20081120)
Copyright (C) 2006 Free Software Foundation, Inc.
This is free software; see the source for copying conditions.  There is NO
warranty; not even for MERCHANTABILITY or FITNESS FOR A PARTICULAR PURPOSE.</pre></td>
        </tr>
        <tr><td><b>make</b><br/><pre>GNU Make 3.82
Built for x86_64--netbsd
Copyright (C) 2010  Free Software Foundation, Inc.
License GPLv3+: GNU GPL version 3 or later <http://gnu.org/licenses/gpl.html>
This is free software: you are free to change and redistribute it.
There is NO WARRANTY, to the extent permitted by law.</pre></td></tr>
        <tr><td><b>bison</b><br/><pre>bison (GNU Bison) 2.5.1
Written by Robert Corbett and Richard Stallman.

Copyright (C) 2012 Free Software Foundation, Inc.
This is free software; see the source for copying conditions.  There is NO
warranty; not even for MERCHANTABILITY or FITNESS FOR A PARTICULAR PURPOSE.</pre></td></tr>
      
        
        <tr>
          <td rowspan="3">netbsd_arm</td>
          <td><b>gcc</b><br/><pre></pre></td>
        </tr>
        <tr><td><b>make</b><br/><pre></pre></td></tr>
        <tr><td><b>bison</b><br/><pre></pre></td></tr>
      
        
        <tr>
          <td rowspan="3">netbsd_mips</td>
          <td><b>gcc</b><br/><pre></pre></td>
        </tr>
        <tr><td><b>make</b><br/><pre></pre></td></tr>
        <tr><td><b>bison</b><br/><pre></pre></td></tr>
      
        
        <tr>
          <td rowspan="3">openbsd32bit</td>
          <td><b>gcc</b><br/><pre>gcc (GCC) 4.2.1 20070719 
Copyright (C) 2007 Free Software Foundation, Inc.
This is free software; see the source for copying conditions.  There is NO
warranty; not even for MERCHANTABILITY or FITNESS FOR A PARTICULAR PURPOSE.</pre></td>
        </tr>
        <tr><td><b>make</b><br/><pre>GNU Make 3.82
Built for i386-unknown-openbsd5.1
Copyright (C) 2010  Free Software Foundation, Inc.
License GPLv3+: GNU GPL version 3 or later <http://gnu.org/licenses/gpl.html>
This is free software: you are free to change and redistribute it.
There is NO WARRANTY, to the extent permitted by law.</pre></td></tr>
        <tr><td><b>bison</b><br/><pre>bison (GNU Bison) 2.3
Written by Robert Corbett and Richard Stallman.

Copyright (C) 2006 Free Software Foundation, Inc.
This is free software; see the source for copying conditions.  There is NO
warranty; not even for MERCHANTABILITY or FITNESS FOR A PARTICULAR PURPOSE.</pre></td></tr>
      
        
        <tr>
          <td rowspan="3">openbsd64bit</td>
          <td><b>gcc</b><br/><pre>gcc (GCC) 4.2.1 20070719 
Copyright (C) 2007 Free Software Foundation, Inc.
This is free software; see the source for copying conditions.  There is NO
warranty; not even for MERCHANTABILITY or FITNESS FOR A PARTICULAR PURPOSE.</pre></td>
        </tr>
        <tr><td><b>make</b><br/><pre>GNU Make 3.82
Built for x86_64-unknown-openbsd5.1
Copyright (C) 2010  Free Software Foundation, Inc.
License GPLv3+: GNU GPL version 3 or later <http://gnu.org/licenses/gpl.html>
This is free software: you are free to change and redistribute it.
There is NO WARRANTY, to the extent permitted by law.</pre></td></tr>
        <tr><td><b>bison</b><br/><pre>bison (GNU Bison) 2.3
Written by Robert Corbett and Richard Stallman.

Copyright (C) 2006 Free Software Foundation, Inc.
This is free software; see the source for copying conditions.  There is NO
warranty; not even for MERCHANTABILITY or FITNESS FOR A PARTICULAR PURPOSE.</pre></td></tr>
      
        
        <tr>
          <td rowspan="3">ubuntu32bit</td>
          <td><b>gcc</b><br/><pre>gcc (Ubuntu/Linaro 4.6.3-1ubuntu5) 4.6.3
Copyright (C) 2011 Free Software Foundation, Inc.
This is free software; see the source for copying conditions.  There is NO
warranty; not even for MERCHANTABILITY or FITNESS FOR A PARTICULAR PURPOSE.</pre></td>
        </tr>
        <tr><td><b>make</b><br/><pre>GNU Make 3.81
Copyright (C) 2006  Free Software Foundation, Inc.
This is free software; see the source for copying conditions.
There is NO warranty; not even for MERCHANTABILITY or FITNESS FOR A
PARTICULAR PURPOSE.

This program built for i686-pc-linux-gnu</pre></td></tr>
        <tr><td><b>bison</b><br/><pre>bison (GNU Bison) 2.5
Written by Robert Corbett and Richard Stallman.

Copyright (C) 2011 Free Software Foundation, Inc.
This is free software; see the source for copying conditions.  There is NO
warranty; not even for MERCHANTABILITY or FITNESS FOR A PARTICULAR PURPOSE.</pre></td></tr>
      
        
        <tr>
          <td rowspan="3">ubuntu64bit</td>
          <td><b>gcc</b><br/><pre>gcc (Ubuntu/Linaro 4.6.3-1ubuntu5) 4.6.3
Copyright (C) 2011 Free Software Foundation, Inc.
This is free software; see the source for copying conditions.  There is NO
warranty; not even for MERCHANTABILITY or FITNESS FOR A PARTICULAR PURPOSE.</pre></td>
        </tr>
        <tr><td><b>make</b><br/><pre>GNU Make 3.81
Copyright (C) 2006  Free Software Foundation, Inc.
This is free software; see the source for copying conditions.
There is NO warranty; not even for MERCHANTABILITY or FITNESS FOR A
PARTICULAR PURPOSE.

This program built for x86_64-pc-linux-gnu</pre></td></tr>
        <tr><td><b>bison</b><br/><pre>bison (GNU Bison) 2.5
Written by Robert Corbett and Richard Stallman.

Copyright (C) 2011 Free Software Foundation, Inc.
This is free software; see the source for copying conditions.  There is NO
warranty; not even for MERCHANTABILITY or FITNESS FOR A PARTICULAR PURPOSE.</pre></td></tr>
      
    </table>

    <h2>Build Log</h2>
    
      
      <h3><a name="centos32bit">centos32bit</a></h3>
      <table border='1' style="width:90%;">
        <tr>
          <th style="width:100px;">task</th>
          <th>stdout</th>
          <th>stderr</th>
        </tr>
        <tr>
          <th>make</th>
          <td><textarea>gcc -Wall -Werror-implicit-function-declaration -g -O3 -MMD -I. -I./../include -c array.c -o array.o
gcc -Wall -Werror-implicit-function-declaration -g -O3 -MMD -I. -I./../include -c cdump.c -o cdump.o
gcc -Wall -Werror-implicit-function-declaration -g -O3 -MMD -I. -I./../include -c class.c -o class.o
gcc -Wall -Werror-implicit-function-declaration -g -O3 -MMD -I. -I./../include -c codegen.c -o codegen.o
gcc -Wall -Werror-implicit-function-declaration -g -O3 -MMD -I. -I./../include -c compar.c -o compar.o
gcc -Wall -Werror-implicit-function-declaration -g -O3 -MMD -I. -I./../include -c crc.c -o crc.o
gcc -Wall -Werror-implicit-function-declaration -g -O3 -MMD -I. -I./../include -c dump.c -o dump.o
gcc -Wall -Werror-implicit-function-declaration -g -O3 -MMD -I. -I./../include -c enum.c -o enum.o
gcc -Wall -Werror-implicit-function-declaration -g -O3 -MMD -I. -I./../include -c error.c -o error.o
gcc -Wall -Werror-implicit-function-declaration -g -O3 -MMD -I. -I./../include -c etc.c -o etc.o
gcc -Wall -Werror-implicit-function-declaration -g -O3 -MMD -I. -I./../include -c gc.c -o gc.o
gcc -Wall -Werror-implicit-function-declaration -g -O3 -MMD -I. -I./../include -c hash.c -o hash.o
gcc -Wall -Werror-implicit-function-declaration -g -O3 -MMD -I. -I./../include -c init.c -o init.o
gcc -Wall -Werror-implicit-function-declaration -g -O3 -MMD -I. -I./../include -c init_ext.c -o init_ext.o
gcc -Wall -Werror-implicit-function-declaration -g -O3 -MMD -I. -I./../include -c kernel.c -o kernel.o
gcc -Wall -Werror-implicit-function-declaration -g -O3 -MMD -I. -I./../include -c load.c -o load.o
gcc -Wall -Werror-implicit-function-declaration -g -O3 -MMD -I. -I./../include -c math.c -o math.o
gcc -Wall -Werror-implicit-function-declaration -g -O3 -MMD -I. -I./../include -c numeric.c -o numeric.o
gcc -Wall -Werror-implicit-function-declaration -g -O3 -MMD -I. -I./../include -c object.c -o object.o
gcc -Wall -Werror-implicit-function-declaration -g -O3 -MMD -I. -I./../include -c pool.c -o pool.o
gcc -Wall -Werror-implicit-function-declaration -g -O3 -MMD -I. -I./../include -c print.c -o print.o
gcc -Wall -Werror-implicit-function-declaration -g -O3 -MMD -I. -I./../include -c proc.c -o proc.o
gcc -Wall -Werror-implicit-function-declaration -g -O3 -MMD -I. -I./../include -c range.c -o range.o
gcc -Wall -Werror-implicit-function-declaration -g -O3 -MMD -I. -I./../include -c re.c -o re.o
gcc -Wall -Werror-implicit-function-declaration -g -O3 -MMD -I. -I./../include -c regcomp.c -o regcomp.o
gcc -Wall -Werror-implicit-function-declaration -g -O3 -MMD -I. -I./../include -c regenc.c -o regenc.o
gcc -Wall -Werror-implicit-function-declaration -g -O3 -MMD -I. -I./../include -c regerror.c -o regerror.o
gcc -Wall -Werror-implicit-function-declaration -g -O3 -MMD -I. -I./../include -c regexec.c -o regexec.o
gcc -Wall -Werror-implicit-function-declaration -g -O3 -MMD -I. -I./../include -c regparse.c -o regparse.o
gcc -Wall -Werror-implicit-function-declaration -g -O3 -MMD -I. -I./../include -c sprintf.c -o sprintf.o
gcc -Wall -Werror-implicit-function-declaration -g -O3 -MMD -I. -I./../include -c st.c -o st.o
gcc -Wall -Werror-implicit-function-declaration -g -O3 -MMD -I. -I./../include -c state.c -o state.o
gcc -Wall -Werror-implicit-function-declaration -g -O3 -MMD -I. -I./../include -c string.c -o string.o
gcc -Wall -Werror-implicit-function-declaration -g -O3 -MMD -I. -I./../include -c struct.c -o struct.o
gcc -Wall -Werror-implicit-function-declaration -g -O3 -MMD -I. -I./../include -c symbol.c -o symbol.o
gcc -Wall -Werror-implicit-function-declaration -g -O3 -MMD -I. -I./../include -c time.c -o time.o
gcc -Wall -Werror-implicit-function-declaration -g -O3 -MMD -I. -I./../include -c variable.c -o variable.o
gcc -Wall -Werror-implicit-function-declaration -g -O3 -MMD -I. -I./../include -c vm.c -o vm.o
gcc -Wall -Werror-implicit-function-declaration -g -O3 -MMD -I. -I./../include -c ext/digest/digest.c -o ext/digest/digest.o
gcc -Wall -Werror-implicit-function-declaration -g -O3 -MMD -I. -I./../include -c ext/enc/ascii.c -o ext/enc/ascii.o
gcc -Wall -Werror-implicit-function-declaration -g -O3 -MMD -I. -I./../include -c ext/env/env.c -o ext/env/env.o
gcc -Wall -Werror-implicit-function-declaration -g -O3 -MMD -I. -I./../include -c ext/errno/errno.c -o ext/errno/errno.o
gcc -Wall -Werror-implicit-function-declaration -g -O3 -MMD -I. -I./../include -c ext/io/file.c -o ext/io/file.o
gcc -Wall -Werror-implicit-function-declaration -g -O3 -MMD -I. -I./../include -c ext/io/io.c -o ext/io/io.o
gcc -Wall -Werror-implicit-function-declaration -g -O3 -MMD -I. -I./../include -c ext/random/random.c -o ext/random/random.o
gcc -Wall -Werror-implicit-function-declaration -g -O3 -MMD -I. -I./../include -c ext/require/require.c -o ext/require/require.o</textarea></td>
          <td><textarea>load.c: In function 'mrb_read_irep_file':
load.c:141: warning: 'hex2' may be used uninitialized in this function
load.c:141: note: 'hex2' was declared here
ext/require/require.c: In function 'mrb_compile':
ext/require/require.c:238: error: too few arguments to function 'mrb_dump_irep'
make[1]: *** [ext/require/require.o] Error 1
make: *** [all] Error 2</textarea></td>
        </tr>
        <tr>
          <th>make test</th>
          <td><textarea>gcc -Wall -Werror-implicit-function-declaration -g -O3 -MMD -I. -I./../include -c ext/require/require.c -o ext/require/require.o</textarea></td>
          <td><textarea>ext/require/require.c: In function 'mrb_compile':
ext/require/require.c:238: error: too few arguments to function 'mrb_dump_irep'
make[1]: *** [ext/require/require.o] Error 1
make: *** [all] Error 2</textarea></td>
        </tr>
        
          <tr>
            <th>posix test</th>
            <td><textarea>###################################
# exec test/posix/dir.sh; start...

###################################
# exec test/posix/env.sh; start...

###################################
# exec test/posix/errno.sh; start...

###################################
# exec test/posix/file.sh; start...

###################################
# exec test/posix/io.sh; start...

###################################
# exec test/posix/process.sh; start...

###################################
# exec test/posix/require.sh; start...

###################################
# exec test/posix/syslog.sh; start...

###################################
POSIX test result: NG
  fail test is :  dir.sh  env.sh  errno.sh  file.sh  io.sh  process.sh  require.sh  syslog.sh
###################################</textarea></td>
            <td><textarea>dir.sh: line 18: /home/mruby/mruby-test-tool/tmp/20121214172541-14757-build/iij-mruby-bdb1a7e/test/posix/../../bin/mruby: No such file or directory
env: ../../bin/mruby: No such file or directory
errno.sh: line 15: ../../bin/mruby: No such file or directory
file.sh: line 22: /home/mruby/mruby-test-tool/tmp/20121214172541-14757-build/iij-mruby-bdb1a7e/test/posix/../../bin/mruby: No such file or directory
io.sh: line 21: ../../bin/mruby: No such file or directory
env: /home/mruby/mruby-test-tool/tmp/20121214172541-14757-build/iij-mruby-bdb1a7e/test/posix/../../bin/mruby: No such file or directory
require.sh: line 9: ../../bin/mrbc: No such file or directory
mv: cannot stat `require/mrb0_.mrb': No such file or directory
require.sh: line 9: ../../bin/mrbc: No such file or directory
mv: cannot stat `require/mrb1_.mrb': No such file or directory
require.sh: line 15: ../../bin/mruby: No such file or directory</textarea></td>
          </tr>
        
      </table>
    
      
      <h3><a name="centos64bit">centos64bit</a></h3>
      <table border='1' style="width:90%;">
        <tr>
          <th style="width:100px;">task</th>
          <th>stdout</th>
          <th>stderr</th>
        </tr>
        <tr>
          <th>make</th>
          <td><textarea>gcc -Wall -Werror-implicit-function-declaration -g -O3 -MMD -I. -I./../include -c array.c -o array.o
gcc -Wall -Werror-implicit-function-declaration -g -O3 -MMD -I. -I./../include -c cdump.c -o cdump.o
gcc -Wall -Werror-implicit-function-declaration -g -O3 -MMD -I. -I./../include -c class.c -o class.o
gcc -Wall -Werror-implicit-function-declaration -g -O3 -MMD -I. -I./../include -c codegen.c -o codegen.o
gcc -Wall -Werror-implicit-function-declaration -g -O3 -MMD -I. -I./../include -c compar.c -o compar.o
gcc -Wall -Werror-implicit-function-declaration -g -O3 -MMD -I. -I./../include -c crc.c -o crc.o
gcc -Wall -Werror-implicit-function-declaration -g -O3 -MMD -I. -I./../include -c dump.c -o dump.o
gcc -Wall -Werror-implicit-function-declaration -g -O3 -MMD -I. -I./../include -c enum.c -o enum.o
gcc -Wall -Werror-implicit-function-declaration -g -O3 -MMD -I. -I./../include -c error.c -o error.o
gcc -Wall -Werror-implicit-function-declaration -g -O3 -MMD -I. -I./../include -c etc.c -o etc.o
gcc -Wall -Werror-implicit-function-declaration -g -O3 -MMD -I. -I./../include -c gc.c -o gc.o
gcc -Wall -Werror-implicit-function-declaration -g -O3 -MMD -I. -I./../include -c hash.c -o hash.o
gcc -Wall -Werror-implicit-function-declaration -g -O3 -MMD -I. -I./../include -c init.c -o init.o
gcc -Wall -Werror-implicit-function-declaration -g -O3 -MMD -I. -I./../include -c init_ext.c -o init_ext.o
gcc -Wall -Werror-implicit-function-declaration -g -O3 -MMD -I. -I./../include -c kernel.c -o kernel.o
gcc -Wall -Werror-implicit-function-declaration -g -O3 -MMD -I. -I./../include -c load.c -o load.o
gcc -Wall -Werror-implicit-function-declaration -g -O3 -MMD -I. -I./../include -c math.c -o math.o
gcc -Wall -Werror-implicit-function-declaration -g -O3 -MMD -I. -I./../include -c numeric.c -o numeric.o
gcc -Wall -Werror-implicit-function-declaration -g -O3 -MMD -I. -I./../include -c object.c -o object.o
gcc -Wall -Werror-implicit-function-declaration -g -O3 -MMD -I. -I./../include -c pool.c -o pool.o
gcc -Wall -Werror-implicit-function-declaration -g -O3 -MMD -I. -I./../include -c print.c -o print.o
gcc -Wall -Werror-implicit-function-declaration -g -O3 -MMD -I. -I./../include -c proc.c -o proc.o
gcc -Wall -Werror-implicit-function-declaration -g -O3 -MMD -I. -I./../include -c range.c -o range.o
gcc -Wall -Werror-implicit-function-declaration -g -O3 -MMD -I. -I./../include -c re.c -o re.o
gcc -Wall -Werror-implicit-function-declaration -g -O3 -MMD -I. -I./../include -c regcomp.c -o regcomp.o
gcc -Wall -Werror-implicit-function-declaration -g -O3 -MMD -I. -I./../include -c regenc.c -o regenc.o
gcc -Wall -Werror-implicit-function-declaration -g -O3 -MMD -I. -I./../include -c regerror.c -o regerror.o
gcc -Wall -Werror-implicit-function-declaration -g -O3 -MMD -I. -I./../include -c regexec.c -o regexec.o
gcc -Wall -Werror-implicit-function-declaration -g -O3 -MMD -I. -I./../include -c regparse.c -o regparse.o
gcc -Wall -Werror-implicit-function-declaration -g -O3 -MMD -I. -I./../include -c sprintf.c -o sprintf.o
gcc -Wall -Werror-implicit-function-declaration -g -O3 -MMD -I. -I./../include -c st.c -o st.o
gcc -Wall -Werror-implicit-function-declaration -g -O3 -MMD -I. -I./../include -c state.c -o state.o
gcc -Wall -Werror-implicit-function-declaration -g -O3 -MMD -I. -I./../include -c string.c -o string.o
gcc -Wall -Werror-implicit-function-declaration -g -O3 -MMD -I. -I./../include -c struct.c -o struct.o
gcc -Wall -Werror-implicit-function-declaration -g -O3 -MMD -I. -I./../include -c symbol.c -o symbol.o
gcc -Wall -Werror-implicit-function-declaration -g -O3 -MMD -I. -I./../include -c time.c -o time.o
gcc -Wall -Werror-implicit-function-declaration -g -O3 -MMD -I. -I./../include -c variable.c -o variable.o
gcc -Wall -Werror-implicit-function-declaration -g -O3 -MMD -I. -I./../include -c vm.c -o vm.o
gcc -Wall -Werror-implicit-function-declaration -g -O3 -MMD -I. -I./../include -c ext/digest/digest.c -o ext/digest/digest.o
gcc -Wall -Werror-implicit-function-declaration -g -O3 -MMD -I. -I./../include -c ext/enc/ascii.c -o ext/enc/ascii.o
gcc -Wall -Werror-implicit-function-declaration -g -O3 -MMD -I. -I./../include -c ext/env/env.c -o ext/env/env.o
gcc -Wall -Werror-implicit-function-declaration -g -O3 -MMD -I. -I./../include -c ext/errno/errno.c -o ext/errno/errno.o
gcc -Wall -Werror-implicit-function-declaration -g -O3 -MMD -I. -I./../include -c ext/io/file.c -o ext/io/file.o
gcc -Wall -Werror-implicit-function-declaration -g -O3 -MMD -I. -I./../include -c ext/io/io.c -o ext/io/io.o
gcc -Wall -Werror-implicit-function-declaration -g -O3 -MMD -I. -I./../include -c ext/random/random.c -o ext/random/random.o
gcc -Wall -Werror-implicit-function-declaration -g -O3 -MMD -I. -I./../include -c ext/require/require.c -o ext/require/require.o</textarea></td>
          <td><textarea>load.c: In function 'mrb_read_irep_file':
load.c:141: warning: 'hex2' may be used uninitialized in this function
load.c:141: note: 'hex2' was declared here
ext/require/require.c: In function 'mrb_compile':
ext/require/require.c:238: error: too few arguments to function 'mrb_dump_irep'
make[1]: *** [ext/require/require.o] Error 1
make: *** [all] Error 2</textarea></td>
        </tr>
        <tr>
          <th>make test</th>
          <td><textarea>gcc -Wall -Werror-implicit-function-declaration -g -O3 -MMD -I. -I./../include -c ext/require/require.c -o ext/require/require.o</textarea></td>
          <td><textarea>ext/require/require.c: In function 'mrb_compile':
ext/require/require.c:238: error: too few arguments to function 'mrb_dump_irep'
make[1]: *** [ext/require/require.o] Error 1
make: *** [all] Error 2</textarea></td>
        </tr>
        
          <tr>
            <th>posix test</th>
            <td><textarea>###################################
# exec test/posix/dir.sh; start...

###################################
# exec test/posix/env.sh; start...

###################################
# exec test/posix/errno.sh; start...

###################################
# exec test/posix/file.sh; start...

###################################
# exec test/posix/io.sh; start...

###################################
# exec test/posix/process.sh; start...

###################################
# exec test/posix/require.sh; start...

###################################
# exec test/posix/syslog.sh; start...

###################################
POSIX test result: NG
  fail test is :  dir.sh  env.sh  errno.sh  file.sh  io.sh  process.sh  require.sh  syslog.sh
###################################</textarea></td>
            <td><textarea>dir.sh: line 18: /home/mruby/mruby-test-tool/tmp/20121214172542-8856-build/iij-mruby-bdb1a7e/test/posix/../../bin/mruby: No such file or directory
env: ../../bin/mruby: No such file or directory
errno.sh: line 15: ../../bin/mruby: No such file or directory
file.sh: line 22: /home/mruby/mruby-test-tool/tmp/20121214172542-8856-build/iij-mruby-bdb1a7e/test/posix/../../bin/mruby: No such file or directory
io.sh: line 21: ../../bin/mruby: No such file or directory
env: /home/mruby/mruby-test-tool/tmp/20121214172542-8856-build/iij-mruby-bdb1a7e/test/posix/../../bin/mruby: No such file or directory
require.sh: line 9: ../../bin/mrbc: No such file or directory
mv: cannot stat `require/mrb0_.mrb': No such file or directory
require.sh: line 9: ../../bin/mrbc: No such file or directory
mv: cannot stat `require/mrb1_.mrb': No such file or directory
require.sh: line 15: ../../bin/mruby: No such file or directory</textarea></td>
          </tr>
        
      </table>
    
      
      <h3><a name="freebsd32bit">freebsd32bit</a></h3>
      <table border='1' style="width:90%;">
        <tr>
          <th style="width:100px;">task</th>
          <th>stdout</th>
          <th>stderr</th>
        </tr>
        <tr>
          <th>make</th>
          <td><textarea>gcc -Wall -Werror-implicit-function-declaration -g -O3 -MMD -I. -I./../include -c array.c -o array.o
gcc -Wall -Werror-implicit-function-declaration -g -O3 -MMD -I. -I./../include -c symbol.c -o symbol.o
gcc -Wall -Werror-implicit-function-declaration -g -O3 -MMD -I. -I./../include -c kernel.c -o kernel.o
gcc -Wall -Werror-implicit-function-declaration -g -O3 -MMD -I. -I./../include -c init_ext.c -o init_ext.o
gcc -Wall -Werror-implicit-function-declaration -g -O3 -MMD -I. -I./../include -c st.c -o st.o
gcc -Wall -Werror-implicit-function-declaration -g -O3 -MMD -I. -I./../include -c string.c -o string.o
gcc -Wall -Werror-implicit-function-declaration -g -O3 -MMD -I. -I./../include -c gc.c -o gc.o
gcc -Wall -Werror-implicit-function-declaration -g -O3 -MMD -I. -I./../include -c numeric.c -o numeric.o
gcc -Wall -Werror-implicit-function-declaration -g -O3 -MMD -I. -I./../include -c enum.c -o enum.o
gcc -Wall -Werror-implicit-function-declaration -g -O3 -MMD -I. -I./../include -c regerror.c -o regerror.o
gcc -Wall -Werror-implicit-function-declaration -g -O3 -MMD -I. -I./../include -c range.c -o range.o
gcc -Wall -Werror-implicit-function-declaration -g -O3 -MMD -I. -I./../include -c variable.c -o variable.o
gcc -Wall -Werror-implicit-function-declaration -g -O3 -MMD -I. -I./../include -c regexec.c -o regexec.o
gcc -Wall -Werror-implicit-function-declaration -g -O3 -MMD -I. -I./../include -c codegen.c -o codegen.o
gcc -Wall -Werror-implicit-function-declaration -g -O3 -MMD -I. -I./../include -c compar.c -o compar.o
gcc -Wall -Werror-implicit-function-declaration -g -O3 -MMD -I. -I./../include -c vm.c -o vm.o
gcc -Wall -Werror-implicit-function-declaration -g -O3 -MMD -I. -I./../include -c object.c -o object.o
gcc -Wall -Werror-implicit-function-declaration -g -O3 -MMD -I. -I./../include -c hash.c -o hash.o
gcc -Wall -Werror-implicit-function-declaration -g -O3 -MMD -I. -I./../include -c struct.c -o struct.o
gcc -Wall -Werror-implicit-function-declaration -g -O3 -MMD -I. -I./../include -c regcomp.c -o regcomp.o
gcc -Wall -Werror-implicit-function-declaration -g -O3 -MMD -I. -I./../include -c re.c -o re.o
gcc -Wall -Werror-implicit-function-declaration -g -O3 -MMD -I. -I./../include -c math.c -o math.o
gcc -Wall -Werror-implicit-function-declaration -g -O3 -MMD -I. -I./../include -c dump.c -o dump.o
gcc -Wall -Werror-implicit-function-declaration -g -O3 -MMD -I. -I./../include -c load.c -o load.o
gcc -Wall -Werror-implicit-function-declaration -g -O3 -MMD -I. -I./../include -c etc.c -o etc.o
gcc -Wall -Werror-implicit-function-declaration -g -O3 -MMD -I. -I./../include -c regenc.c -o regenc.o
gcc -Wall -Werror-implicit-function-declaration -g -O3 -MMD -I. -I./../include -c class.c -o class.o
gcc -Wall -Werror-implicit-function-declaration -g -O3 -MMD -I. -I./../include -c regparse.c -o regparse.o
gcc -Wall -Werror-implicit-function-declaration -g -O3 -MMD -I. -I./../include -c pool.c -o pool.o
gcc -Wall -Werror-implicit-function-declaration -g -O3 -MMD -I. -I./../include -c proc.c -o proc.o
gcc -Wall -Werror-implicit-function-declaration -g -O3 -MMD -I. -I./../include -c init.c -o init.o
gcc -Wall -Werror-implicit-function-declaration -g -O3 -MMD -I. -I./../include -c time.c -o time.o
gcc -Wall -Werror-implicit-function-declaration -g -O3 -MMD -I. -I./../include -c error.c -o error.o
gcc -Wall -Werror-implicit-function-declaration -g -O3 -MMD -I. -I./../include -c crc.c -o crc.o
gcc -Wall -Werror-implicit-function-declaration -g -O3 -MMD -I. -I./../include -c cdump.c -o cdump.o
gcc -Wall -Werror-implicit-function-declaration -g -O3 -MMD -I. -I./../include -c sprintf.c -o sprintf.o
gcc -Wall -Werror-implicit-function-declaration -g -O3 -MMD -I. -I./../include -c print.c -o print.o
gcc -Wall -Werror-implicit-function-declaration -g -O3 -MMD -I. -I./../include -c state.c -o state.o
gcc -Wall -Werror-implicit-function-declaration -g -O3 -MMD -I. -I./../include -c ext/digest/digest.c -o ext/digest/digest.o
gcc -Wall -Werror-implicit-function-declaration -g -O3 -MMD -I. -I./../include -c ext/enc/ascii.c -o ext/enc/ascii.o
gcc -Wall -Werror-implicit-function-declaration -g -O3 -MMD -I. -I./../include -c ext/env/env.c -o ext/env/env.o
gcc -Wall -Werror-implicit-function-declaration -g -O3 -MMD -I. -I./../include -c ext/errno/errno.c -o ext/errno/errno.o
gcc -Wall -Werror-implicit-function-declaration -g -O3 -MMD -I. -I./../include -c ext/io/file.c -o ext/io/file.o
gcc -Wall -Werror-implicit-function-declaration -g -O3 -MMD -I. -I./../include -c ext/io/io.c -o ext/io/io.o
gcc -Wall -Werror-implicit-function-declaration -g -O3 -MMD -I. -I./../include -c ext/random/random.c -o ext/random/random.o
gcc -Wall -Werror-implicit-function-declaration -g -O3 -MMD -I. -I./../include -c ext/require/require.c -o ext/require/require.o</textarea></td>
          <td><textarea>dump.c: In function 'get_syms_block_size':
dump.c:293: warning: passing argument 1 of 'str_dump_len' discards qualifiers from pointer target type
dump.c: In function 'write_syms_block':
dump.c:442: warning: passing argument 1 of 'str_dump_len' discards qualifiers from pointer target type
dump.c:449: warning: passing argument 1 of 'str_dump' discards qualifiers from pointer target type
regparse.c: In function 'onig_parse_make_tree':
regparse.c:5588: warning: passing argument 3 of 'parse_regexp' discards qualifiers from pointer target type
ext/io/io.c: In function 'mrb_io_select':
ext/io/io.c:1651: warning: 't.tv_sec' may be used uninitialized in this function
ext/io/io.c:1651: note: 't.tv_sec' was declared here
ext/io/io.c:1651: warning: 't.tv_usec' may be used uninitialized in this function
ext/io/io.c:1651: note: 't.tv_usec' was declared here
ext/require/require.c: In function 'mrb_compile':
ext/require/require.c:238: error: too few arguments to function 'mrb_dump_irep'
gmake[1]: *** [ext/require/require.o] Error 1
gmake: *** [all] Error 2</textarea></td>
        </tr>
        <tr>
          <th>make test</th>
          <td><textarea>gcc -Wall -Werror-implicit-function-declaration -g -O3 -MMD -I. -I./../include -c ext/require/require.c -o ext/require/require.o</textarea></td>
          <td><textarea>ext/require/require.c: In function 'mrb_compile':
ext/require/require.c:238: error: too few arguments to function 'mrb_dump_irep'
gmake[1]: *** [ext/require/require.o] Error 1
gmake: *** [all] Error 2</textarea></td>
        </tr>
        
          <tr>
            <th>posix test</th>
            <td><textarea>###################################
# exec test/posix/dir.sh; start...

###################################
# exec test/posix/env.sh; start...

###################################
# exec test/posix/errno.sh; start...

###################################
# exec test/posix/file.sh; start...

###################################
# exec test/posix/io.sh; start...

###################################
# exec test/posix/process.sh; start...

###################################
# exec test/posix/require.sh; start...

###################################
# exec test/posix/syslog.sh; start...

###################################
POSIX test result: NG
  fail test is :  dir.sh  env.sh  errno.sh  file.sh  io.sh  process.sh  require.sh  syslog.sh
###################################</textarea></td>
            <td><textarea>dir.sh: /usr/home/mruby/mruby-test-tool/tmp/20121214172541-7698-build/iij-mruby-bdb1a7e/test/posix/../../bin/mruby: not found
env: ../../bin/mruby: No such file or directory
errno.sh: ../../bin/mruby: not found
file.sh: /usr/home/mruby/mruby-test-tool/tmp/20121214172541-7698-build/iij-mruby-bdb1a7e/test/posix/../../bin/mruby: not found
io.sh: ../../bin/mruby: not found
env: /usr/home/mruby/mruby-test-tool/tmp/20121214172541-7698-build/iij-mruby-bdb1a7e/test/posix/../../bin/mruby: No such file or directory
require.sh: ../../bin/mrbc: not found
mv: require/mrb0_.mrb: No such file or directory
require.sh: ../../bin/mrbc: not found
mv: require/mrb1_.mrb: No such file or directory
require.sh: ../../bin/mruby: not found</textarea></td>
          </tr>
        
      </table>
    
      
      <h3><a name="freebsd64bit">freebsd64bit</a></h3>
      <table border='1' style="width:90%;">
        <tr>
          <th style="width:100px;">task</th>
          <th>stdout</th>
          <th>stderr</th>
        </tr>
        <tr>
          <th>make</th>
          <td><textarea>gcc -Wall -Werror-implicit-function-declaration -g -O3 -MMD -I. -I./../include -c array.c -o array.o
gcc -Wall -Werror-implicit-function-declaration -g -O3 -MMD -I. -I./../include -c symbol.c -o symbol.o
gcc -Wall -Werror-implicit-function-declaration -g -O3 -MMD -I. -I./../include -c kernel.c -o kernel.o
gcc -Wall -Werror-implicit-function-declaration -g -O3 -MMD -I. -I./../include -c init_ext.c -o init_ext.o
gcc -Wall -Werror-implicit-function-declaration -g -O3 -MMD -I. -I./../include -c st.c -o st.o
gcc -Wall -Werror-implicit-function-declaration -g -O3 -MMD -I. -I./../include -c string.c -o string.o
gcc -Wall -Werror-implicit-function-declaration -g -O3 -MMD -I. -I./../include -c gc.c -o gc.o
gcc -Wall -Werror-implicit-function-declaration -g -O3 -MMD -I. -I./../include -c numeric.c -o numeric.o
gcc -Wall -Werror-implicit-function-declaration -g -O3 -MMD -I. -I./../include -c enum.c -o enum.o
gcc -Wall -Werror-implicit-function-declaration -g -O3 -MMD -I. -I./../include -c regerror.c -o regerror.o
gcc -Wall -Werror-implicit-function-declaration -g -O3 -MMD -I. -I./../include -c range.c -o range.o
gcc -Wall -Werror-implicit-function-declaration -g -O3 -MMD -I. -I./../include -c variable.c -o variable.o
gcc -Wall -Werror-implicit-function-declaration -g -O3 -MMD -I. -I./../include -c regexec.c -o regexec.o
gcc -Wall -Werror-implicit-function-declaration -g -O3 -MMD -I. -I./../include -c codegen.c -o codegen.o
gcc -Wall -Werror-implicit-function-declaration -g -O3 -MMD -I. -I./../include -c compar.c -o compar.o
gcc -Wall -Werror-implicit-function-declaration -g -O3 -MMD -I. -I./../include -c vm.c -o vm.o
gcc -Wall -Werror-implicit-function-declaration -g -O3 -MMD -I. -I./../include -c object.c -o object.o
gcc -Wall -Werror-implicit-function-declaration -g -O3 -MMD -I. -I./../include -c hash.c -o hash.o
gcc -Wall -Werror-implicit-function-declaration -g -O3 -MMD -I. -I./../include -c struct.c -o struct.o
gcc -Wall -Werror-implicit-function-declaration -g -O3 -MMD -I. -I./../include -c regcomp.c -o regcomp.o
gcc -Wall -Werror-implicit-function-declaration -g -O3 -MMD -I. -I./../include -c re.c -o re.o
gcc -Wall -Werror-implicit-function-declaration -g -O3 -MMD -I. -I./../include -c math.c -o math.o
gcc -Wall -Werror-implicit-function-declaration -g -O3 -MMD -I. -I./../include -c dump.c -o dump.o
gcc -Wall -Werror-implicit-function-declaration -g -O3 -MMD -I. -I./../include -c load.c -o load.o
gcc -Wall -Werror-implicit-function-declaration -g -O3 -MMD -I. -I./../include -c etc.c -o etc.o
gcc -Wall -Werror-implicit-function-declaration -g -O3 -MMD -I. -I./../include -c regenc.c -o regenc.o
gcc -Wall -Werror-implicit-function-declaration -g -O3 -MMD -I. -I./../include -c class.c -o class.o
gcc -Wall -Werror-implicit-function-declaration -g -O3 -MMD -I. -I./../include -c regparse.c -o regparse.o
gcc -Wall -Werror-implicit-function-declaration -g -O3 -MMD -I. -I./../include -c pool.c -o pool.o
gcc -Wall -Werror-implicit-function-declaration -g -O3 -MMD -I. -I./../include -c proc.c -o proc.o
gcc -Wall -Werror-implicit-function-declaration -g -O3 -MMD -I. -I./../include -c init.c -o init.o
gcc -Wall -Werror-implicit-function-declaration -g -O3 -MMD -I. -I./../include -c time.c -o time.o
gcc -Wall -Werror-implicit-function-declaration -g -O3 -MMD -I. -I./../include -c error.c -o error.o
gcc -Wall -Werror-implicit-function-declaration -g -O3 -MMD -I. -I./../include -c crc.c -o crc.o
gcc -Wall -Werror-implicit-function-declaration -g -O3 -MMD -I. -I./../include -c cdump.c -o cdump.o
gcc -Wall -Werror-implicit-function-declaration -g -O3 -MMD -I. -I./../include -c sprintf.c -o sprintf.o
gcc -Wall -Werror-implicit-function-declaration -g -O3 -MMD -I. -I./../include -c print.c -o print.o
gcc -Wall -Werror-implicit-function-declaration -g -O3 -MMD -I. -I./../include -c state.c -o state.o
gcc -Wall -Werror-implicit-function-declaration -g -O3 -MMD -I. -I./../include -c ext/digest/digest.c -o ext/digest/digest.o
gcc -Wall -Werror-implicit-function-declaration -g -O3 -MMD -I. -I./../include -c ext/enc/ascii.c -o ext/enc/ascii.o
gcc -Wall -Werror-implicit-function-declaration -g -O3 -MMD -I. -I./../include -c ext/env/env.c -o ext/env/env.o
gcc -Wall -Werror-implicit-function-declaration -g -O3 -MMD -I. -I./../include -c ext/errno/errno.c -o ext/errno/errno.o
gcc -Wall -Werror-implicit-function-declaration -g -O3 -MMD -I. -I./../include -c ext/io/file.c -o ext/io/file.o
gcc -Wall -Werror-implicit-function-declaration -g -O3 -MMD -I. -I./../include -c ext/io/io.c -o ext/io/io.o
gcc -Wall -Werror-implicit-function-declaration -g -O3 -MMD -I. -I./../include -c ext/random/random.c -o ext/random/random.o
gcc -Wall -Werror-implicit-function-declaration -g -O3 -MMD -I. -I./../include -c ext/require/require.c -o ext/require/require.o</textarea></td>
          <td><textarea>dump.c: In function 'get_syms_block_size':
dump.c:293: warning: passing argument 1 of 'str_dump_len' discards qualifiers from pointer target type
dump.c: In function 'write_syms_block':
dump.c:442: warning: passing argument 1 of 'str_dump_len' discards qualifiers from pointer target type
dump.c:449: warning: passing argument 1 of 'str_dump' discards qualifiers from pointer target type
regparse.c: In function 'onig_parse_make_tree':
regparse.c:5588: warning: passing argument 3 of 'parse_regexp' discards qualifiers from pointer target type
ext/io/io.c: In function 'mrb_io_select':
ext/io/io.c:1651: warning: 't.tv_sec' may be used uninitialized in this function
ext/io/io.c:1651: note: 't.tv_sec' was declared here
ext/io/io.c:1651: warning: 't.tv_usec' may be used uninitialized in this function
ext/io/io.c:1651: note: 't.tv_usec' was declared here
ext/require/require.c: In function 'mrb_compile':
ext/require/require.c:238: error: too few arguments to function 'mrb_dump_irep'
gmake[1]: *** [ext/require/require.o] Error 1
gmake: *** [all] Error 2</textarea></td>
        </tr>
        <tr>
          <th>make test</th>
          <td><textarea>gcc -Wall -Werror-implicit-function-declaration -g -O3 -MMD -I. -I./../include -c ext/require/require.c -o ext/require/require.o</textarea></td>
          <td><textarea>ext/require/require.c: In function 'mrb_compile':
ext/require/require.c:238: error: too few arguments to function 'mrb_dump_irep'
gmake[1]: *** [ext/require/require.o] Error 1
gmake: *** [all] Error 2</textarea></td>
        </tr>
        
          <tr>
            <th>posix test</th>
            <td><textarea>###################################
# exec test/posix/dir.sh; start...

###################################
# exec test/posix/env.sh; start...

###################################
# exec test/posix/errno.sh; start...

###################################
# exec test/posix/file.sh; start...

###################################
# exec test/posix/io.sh; start...

###################################
# exec test/posix/process.sh; start...

###################################
# exec test/posix/require.sh; start...

###################################
# exec test/posix/syslog.sh; start...

###################################
POSIX test result: NG
  fail test is :  dir.sh  env.sh  errno.sh  file.sh  io.sh  process.sh  require.sh  syslog.sh
###################################</textarea></td>
            <td><textarea>dir.sh: /usr/home/mruby/mruby-test-tool/tmp/20121214172542-7568-build/iij-mruby-bdb1a7e/test/posix/../../bin/mruby: not found
env: ../../bin/mruby: No such file or directory
errno.sh: ../../bin/mruby: not found
file.sh: /usr/home/mruby/mruby-test-tool/tmp/20121214172542-7568-build/iij-mruby-bdb1a7e/test/posix/../../bin/mruby: not found
io.sh: ../../bin/mruby: not found
env: /usr/home/mruby/mruby-test-tool/tmp/20121214172542-7568-build/iij-mruby-bdb1a7e/test/posix/../../bin/mruby: No such file or directory
require.sh: ../../bin/mrbc: not found
mv: require/mrb0_.mrb: No such file or directory
require.sh: ../../bin/mrbc: not found
mv: require/mrb1_.mrb: No such file or directory
require.sh: ../../bin/mruby: not found</textarea></td>
          </tr>
        
      </table>
    
      
      <h3><a name="mac-lion">mac-lion</a></h3>
      <table border='1' style="width:90%;">
        <tr>
          <th style="width:100px;">task</th>
          <th>stdout</th>
          <th>stderr</th>
        </tr>
        <tr>
          <th>make</th>
          <td><textarea>gcc -Wall -Werror-implicit-function-declaration -g -O3 -MMD -I. -I./../include -c array.c -o array.o
gcc -Wall -Werror-implicit-function-declaration -g -O3 -MMD -I. -I./../include -c cdump.c -o cdump.o
gcc -Wall -Werror-implicit-function-declaration -g -O3 -MMD -I. -I./../include -c class.c -o class.o
gcc -Wall -Werror-implicit-function-declaration -g -O3 -MMD -I. -I./../include -c codegen.c -o codegen.o
gcc -Wall -Werror-implicit-function-declaration -g -O3 -MMD -I. -I./../include -c compar.c -o compar.o
gcc -Wall -Werror-implicit-function-declaration -g -O3 -MMD -I. -I./../include -c crc.c -o crc.o
gcc -Wall -Werror-implicit-function-declaration -g -O3 -MMD -I. -I./../include -c dump.c -o dump.o
gcc -Wall -Werror-implicit-function-declaration -g -O3 -MMD -I. -I./../include -c enum.c -o enum.o
gcc -Wall -Werror-implicit-function-declaration -g -O3 -MMD -I. -I./../include -c error.c -o error.o
gcc -Wall -Werror-implicit-function-declaration -g -O3 -MMD -I. -I./../include -c etc.c -o etc.o
gcc -Wall -Werror-implicit-function-declaration -g -O3 -MMD -I. -I./../include -c gc.c -o gc.o
gcc -Wall -Werror-implicit-function-declaration -g -O3 -MMD -I. -I./../include -c hash.c -o hash.o
gcc -Wall -Werror-implicit-function-declaration -g -O3 -MMD -I. -I./../include -c init.c -o init.o
gcc -Wall -Werror-implicit-function-declaration -g -O3 -MMD -I. -I./../include -c init_ext.c -o init_ext.o
gcc -Wall -Werror-implicit-function-declaration -g -O3 -MMD -I. -I./../include -c kernel.c -o kernel.o
gcc -Wall -Werror-implicit-function-declaration -g -O3 -MMD -I. -I./../include -c load.c -o load.o
gcc -Wall -Werror-implicit-function-declaration -g -O3 -MMD -I. -I./../include -c math.c -o math.o
gcc -Wall -Werror-implicit-function-declaration -g -O3 -MMD -I. -I./../include -c numeric.c -o numeric.o
gcc -Wall -Werror-implicit-function-declaration -g -O3 -MMD -I. -I./../include -c object.c -o object.o
gcc -Wall -Werror-implicit-function-declaration -g -O3 -MMD -I. -I./../include -c pool.c -o pool.o
gcc -Wall -Werror-implicit-function-declaration -g -O3 -MMD -I. -I./../include -c print.c -o print.o
gcc -Wall -Werror-implicit-function-declaration -g -O3 -MMD -I. -I./../include -c proc.c -o proc.o
gcc -Wall -Werror-implicit-function-declaration -g -O3 -MMD -I. -I./../include -c range.c -o range.o
gcc -Wall -Werror-implicit-function-declaration -g -O3 -MMD -I. -I./../include -c re.c -o re.o
gcc -Wall -Werror-implicit-function-declaration -g -O3 -MMD -I. -I./../include -c regcomp.c -o regcomp.o
gcc -Wall -Werror-implicit-function-declaration -g -O3 -MMD -I. -I./../include -c regenc.c -o regenc.o
gcc -Wall -Werror-implicit-function-declaration -g -O3 -MMD -I. -I./../include -c regerror.c -o regerror.o
gcc -Wall -Werror-implicit-function-declaration -g -O3 -MMD -I. -I./../include -c regexec.c -o regexec.o
gcc -Wall -Werror-implicit-function-declaration -g -O3 -MMD -I. -I./../include -c regparse.c -o regparse.o
gcc -Wall -Werror-implicit-function-declaration -g -O3 -MMD -I. -I./../include -c sprintf.c -o sprintf.o
gcc -Wall -Werror-implicit-function-declaration -g -O3 -MMD -I. -I./../include -c st.c -o st.o
gcc -Wall -Werror-implicit-function-declaration -g -O3 -MMD -I. -I./../include -c state.c -o state.o
gcc -Wall -Werror-implicit-function-declaration -g -O3 -MMD -I. -I./../include -c string.c -o string.o
gcc -Wall -Werror-implicit-function-declaration -g -O3 -MMD -I. -I./../include -c struct.c -o struct.o
gcc -Wall -Werror-implicit-function-declaration -g -O3 -MMD -I. -I./../include -c symbol.c -o symbol.o
gcc -Wall -Werror-implicit-function-declaration -g -O3 -MMD -I. -I./../include -c time.c -o time.o
gcc -Wall -Werror-implicit-function-declaration -g -O3 -MMD -I. -I./../include -c variable.c -o variable.o
gcc -Wall -Werror-implicit-function-declaration -g -O3 -MMD -I. -I./../include -c vm.c -o vm.o
gcc -Wall -Werror-implicit-function-declaration -g -O3 -MMD -I. -I./../include -c ext/digest/digest.c -o ext/digest/digest.o
gcc -Wall -Werror-implicit-function-declaration -g -O3 -MMD -I. -I./../include -c ext/enc/ascii.c -o ext/enc/ascii.o
gcc -Wall -Werror-implicit-function-declaration -g -O3 -MMD -I. -I./../include -c ext/env/env.c -o ext/env/env.o
gcc -Wall -Werror-implicit-function-declaration -g -O3 -MMD -I. -I./../include -c ext/errno/errno.c -o ext/errno/errno.o
gcc -Wall -Werror-implicit-function-declaration -g -O3 -MMD -I. -I./../include -c ext/io/file.c -o ext/io/file.o
gcc -Wall -Werror-implicit-function-declaration -g -O3 -MMD -I. -I./../include -c ext/io/io.c -o ext/io/io.o
gcc -Wall -Werror-implicit-function-declaration -g -O3 -MMD -I. -I./../include -c ext/random/random.c -o ext/random/random.o
gcc -Wall -Werror-implicit-function-declaration -g -O3 -MMD -I. -I./../include -c ext/require/require.c -o ext/require/require.o</textarea></td>
          <td><textarea>ext/require/require.c: In function 'mrb_compile':
ext/require/require.c:238: error: too few arguments to function 'mrb_dump_irep'
make[1]: *** [ext/require/require.o] Error 1
make: *** [all] Error 2</textarea></td>
        </tr>
        <tr>
          <th>make test</th>
          <td><textarea>gcc -Wall -Werror-implicit-function-declaration -g -O3 -MMD -I. -I./../include -c ext/require/require.c -o ext/require/require.o</textarea></td>
          <td><textarea>ext/require/require.c: In function 'mrb_compile':
ext/require/require.c:238: error: too few arguments to function 'mrb_dump_irep'
make[1]: *** [ext/require/require.o] Error 1
make: *** [all] Error 2</textarea></td>
        </tr>
        
          <tr>
            <th>posix test</th>
            <td><textarea>###################################
# exec test/posix/dir.sh; start...

###################################
# exec test/posix/env.sh; start...

###################################
# exec test/posix/errno.sh; start...

###################################
# exec test/posix/file.sh; start...

###################################
# exec test/posix/io.sh; start...

###################################
# exec test/posix/process.sh; start...

###################################
# exec test/posix/require.sh; start...

###################################
# exec test/posix/syslog.sh; start...

###################################
POSIX test result: NG
  fail test is :  dir.sh  env.sh  errno.sh  file.sh  io.sh  process.sh  require.sh  syslog.sh
###################################</textarea></td>
            <td><textarea>dir.sh: line 18: /Users/mruby/mruby-test-tool/tmp/20121214172543-74787-build/iij-mruby-bdb1a7e/test/posix/../../bin/mruby: No such file or directory
env: ../../bin/mruby: No such file or directory
errno.sh: line 15: ../../bin/mruby: No such file or directory
file.sh: line 22: /Users/mruby/mruby-test-tool/tmp/20121214172543-74787-build/iij-mruby-bdb1a7e/test/posix/../../bin/mruby: No such file or directory
io.sh: line 21: ../../bin/mruby: No such file or directory
env: /Users/mruby/mruby-test-tool/tmp/20121214172543-74787-build/iij-mruby-bdb1a7e/test/posix/../../bin/mruby: No such file or directory
require.sh: line 9: ../../bin/mrbc: No such file or directory
mv: require/mrb0_.mrb: No such file or directory
require.sh: line 9: ../../bin/mrbc: No such file or directory
mv: require/mrb1_.mrb: No such file or directory
require.sh: line 15: ../../bin/mruby: No such file or directory</textarea></td>
          </tr>
        
      </table>
    
      
      <h3><a name="mac-ppc">mac-ppc</a></h3>
      <table border='1' style="width:90%;">
        <tr>
          <th style="width:100px;">task</th>
          <th>stdout</th>
          <th>stderr</th>
        </tr>
        <tr>
          <th>make</th>
          <td><textarea>gcc -Wall -Werror-implicit-function-declaration -DDISABLE_SOCKET -MMD -I. -I./../include -c array.c -o array.o
gcc -Wall -Werror-implicit-function-declaration -DDISABLE_SOCKET -MMD -I. -I./../include -c cdump.c -o cdump.o
gcc -Wall -Werror-implicit-function-declaration -DDISABLE_SOCKET -MMD -I. -I./../include -c class.c -o class.o
gcc -Wall -Werror-implicit-function-declaration -DDISABLE_SOCKET -MMD -I. -I./../include -c codegen.c -o codegen.o
gcc -Wall -Werror-implicit-function-declaration -DDISABLE_SOCKET -MMD -I. -I./../include -c compar.c -o compar.o
gcc -Wall -Werror-implicit-function-declaration -DDISABLE_SOCKET -MMD -I. -I./../include -c crc.c -o crc.o
gcc -Wall -Werror-implicit-function-declaration -DDISABLE_SOCKET -MMD -I. -I./../include -c dump.c -o dump.o
gcc -Wall -Werror-implicit-function-declaration -DDISABLE_SOCKET -MMD -I. -I./../include -c enum.c -o enum.o
gcc -Wall -Werror-implicit-function-declaration -DDISABLE_SOCKET -MMD -I. -I./../include -c error.c -o error.o
gcc -Wall -Werror-implicit-function-declaration -DDISABLE_SOCKET -MMD -I. -I./../include -c etc.c -o etc.o
gcc -Wall -Werror-implicit-function-declaration -DDISABLE_SOCKET -MMD -I. -I./../include -c gc.c -o gc.o
gcc -Wall -Werror-implicit-function-declaration -DDISABLE_SOCKET -MMD -I. -I./../include -c hash.c -o hash.o
gcc -Wall -Werror-implicit-function-declaration -DDISABLE_SOCKET -MMD -I. -I./../include -c init.c -o init.o
gcc -Wall -Werror-implicit-function-declaration -DDISABLE_SOCKET -MMD -I. -I./../include -c init_ext.c -o init_ext.o
gcc -Wall -Werror-implicit-function-declaration -DDISABLE_SOCKET -MMD -I. -I./../include -c kernel.c -o kernel.o
gcc -Wall -Werror-implicit-function-declaration -DDISABLE_SOCKET -MMD -I. -I./../include -c load.c -o load.o
gcc -Wall -Werror-implicit-function-declaration -DDISABLE_SOCKET -MMD -I. -I./../include -c math.c -o math.o
gcc -Wall -Werror-implicit-function-declaration -DDISABLE_SOCKET -MMD -I. -I./../include -c numeric.c -o numeric.o
gcc -Wall -Werror-implicit-function-declaration -DDISABLE_SOCKET -MMD -I. -I./../include -c object.c -o object.o
gcc -Wall -Werror-implicit-function-declaration -DDISABLE_SOCKET -MMD -I. -I./../include -c pool.c -o pool.o
gcc -Wall -Werror-implicit-function-declaration -DDISABLE_SOCKET -MMD -I. -I./../include -c print.c -o print.o
gcc -Wall -Werror-implicit-function-declaration -DDISABLE_SOCKET -MMD -I. -I./../include -c proc.c -o proc.o
gcc -Wall -Werror-implicit-function-declaration -DDISABLE_SOCKET -MMD -I. -I./../include -c range.c -o range.o
gcc -Wall -Werror-implicit-function-declaration -DDISABLE_SOCKET -MMD -I. -I./../include -c re.c -o re.o
gcc -Wall -Werror-implicit-function-declaration -DDISABLE_SOCKET -MMD -I. -I./../include -c regcomp.c -o regcomp.o
gcc -Wall -Werror-implicit-function-declaration -DDISABLE_SOCKET -MMD -I. -I./../include -c regenc.c -o regenc.o
gcc -Wall -Werror-implicit-function-declaration -DDISABLE_SOCKET -MMD -I. -I./../include -c regerror.c -o regerror.o
gcc -Wall -Werror-implicit-function-declaration -DDISABLE_SOCKET -MMD -I. -I./../include -c regexec.c -o regexec.o
gcc -Wall -Werror-implicit-function-declaration -DDISABLE_SOCKET -MMD -I. -I./../include -c regparse.c -o regparse.o
gcc -Wall -Werror-implicit-function-declaration -DDISABLE_SOCKET -MMD -I. -I./../include -c sprintf.c -o sprintf.o
gcc -Wall -Werror-implicit-function-declaration -DDISABLE_SOCKET -MMD -I. -I./../include -c st.c -o st.o
gcc -Wall -Werror-implicit-function-declaration -DDISABLE_SOCKET -MMD -I. -I./../include -c state.c -o state.o
gcc -Wall -Werror-implicit-function-declaration -DDISABLE_SOCKET -MMD -I. -I./../include -c string.c -o string.o
gcc -Wall -Werror-implicit-function-declaration -DDISABLE_SOCKET -MMD -I. -I./../include -c struct.c -o struct.o
gcc -Wall -Werror-implicit-function-declaration -DDISABLE_SOCKET -MMD -I. -I./../include -c symbol.c -o symbol.o
gcc -Wall -Werror-implicit-function-declaration -DDISABLE_SOCKET -MMD -I. -I./../include -c time.c -o time.o
gcc -Wall -Werror-implicit-function-declaration -DDISABLE_SOCKET -MMD -I. -I./../include -c variable.c -o variable.o
gcc -Wall -Werror-implicit-function-declaration -DDISABLE_SOCKET -MMD -I. -I./../include -c vm.c -o vm.o
gcc -Wall -Werror-implicit-function-declaration -DDISABLE_SOCKET -MMD -I. -I./../include -c ext/digest/digest.c -o ext/digest/digest.o
gcc -Wall -Werror-implicit-function-declaration -DDISABLE_SOCKET -MMD -I. -I./../include -c ext/enc/ascii.c -o ext/enc/ascii.o
gcc -Wall -Werror-implicit-function-declaration -DDISABLE_SOCKET -MMD -I. -I./../include -c ext/env/env.c -o ext/env/env.o
gcc -Wall -Werror-implicit-function-declaration -DDISABLE_SOCKET -MMD -I. -I./../include -c ext/errno/errno.c -o ext/errno/errno.o
gcc -Wall -Werror-implicit-function-declaration -DDISABLE_SOCKET -MMD -I. -I./../include -c ext/io/file.c -o ext/io/file.o
gcc -Wall -Werror-implicit-function-declaration -DDISABLE_SOCKET -MMD -I. -I./../include -c ext/io/io.c -o ext/io/io.o
gcc -Wall -Werror-implicit-function-declaration -DDISABLE_SOCKET -MMD -I. -I./../include -c ext/random/random.c -o ext/random/random.o
gcc -Wall -Werror-implicit-function-declaration -DDISABLE_SOCKET -MMD -I. -I./../include -c ext/require/require.c -o ext/require/require.o</textarea></td>
          <td><textarea>ext/require/require.c: In function 'mrb_compile':
ext/require/require.c:238: error: too few arguments to function 'mrb_dump_irep'
make[1]: *** [ext/require/require.o] Error 1
make: *** [all] Error 2</textarea></td>
        </tr>
        <tr>
          <th>make test</th>
          <td><textarea>gcc -Wall -Werror-implicit-function-declaration -DDISABLE_SOCKET -MMD -I. -I./../include -c ext/require/require.c -o ext/require/require.o</textarea></td>
          <td><textarea>ext/require/require.c: In function 'mrb_compile':
ext/require/require.c:238: error: too few arguments to function 'mrb_dump_irep'
make[1]: *** [ext/require/require.o] Error 1
make: *** [all] Error 2</textarea></td>
        </tr>
        
          <tr>
            <th>posix test</th>
            <td><textarea>###################################
# exec test/posix/dir.sh; start...

###################################
# exec test/posix/env.sh; start...

###################################
# exec test/posix/errno.sh; start...

###################################
# exec test/posix/file.sh; start...

###################################
# exec test/posix/io.sh; start...

###################################
# exec test/posix/process.sh; start...

###################################
# exec test/posix/require.sh; start...

###################################
# exec test/posix/syslog.sh; start...

###################################
POSIX test result: NG
  fail test is :  dir.sh  env.sh  errno.sh  file.sh  io.sh  process.sh  require.sh  syslog.sh
###################################</textarea></td>
            <td><textarea>dir.sh: line 18: /Users/mruby/mruby-test-tool/tmp/20121214172541-12483-build/iij-mruby-bdb1a7e/test/posix/../../bin/mruby: No such file or directory
env: ../../bin/mruby: No such file or directory
errno.sh: line 15: ../../bin/mruby: No such file or directory
file.sh: line 22: /Users/mruby/mruby-test-tool/tmp/20121214172541-12483-build/iij-mruby-bdb1a7e/test/posix/../../bin/mruby: No such file or directory
io.sh: line 21: ../../bin/mruby: No such file or directory
env: /Users/mruby/mruby-test-tool/tmp/20121214172541-12483-build/iij-mruby-bdb1a7e/test/posix/../../bin/mruby: No such file or directory
require.sh: line 9: ../../bin/mrbc: No such file or directory
mv: require/mrb0_.mrb: No such file or directory
require.sh: line 9: ../../bin/mrbc: No such file or directory
mv: require/mrb1_.mrb: No such file or directory
require.sh: line 15: ../../bin/mruby: No such file or directory</textarea></td>
          </tr>
        
      </table>
    
      
      <h3><a name="netbsd32bit">netbsd32bit</a></h3>
      <table border='1' style="width:90%;">
        <tr>
          <th style="width:100px;">task</th>
          <th>stdout</th>
          <th>stderr</th>
        </tr>
        <tr>
          <th>make</th>
          <td><textarea>gcc -Wall -Werror-implicit-function-declaration -g -O3 -MMD -I. -I./../include -c array.c -o array.o
gcc -Wall -Werror-implicit-function-declaration -g -O3 -MMD -I. -I./../include -c symbol.c -o symbol.o
gcc -Wall -Werror-implicit-function-declaration -g -O3 -MMD -I. -I./../include -c kernel.c -o kernel.o
gcc -Wall -Werror-implicit-function-declaration -g -O3 -MMD -I. -I./../include -c init_ext.c -o init_ext.o
gcc -Wall -Werror-implicit-function-declaration -g -O3 -MMD -I. -I./../include -c st.c -o st.o
gcc -Wall -Werror-implicit-function-declaration -g -O3 -MMD -I. -I./../include -c string.c -o string.o
gcc -Wall -Werror-implicit-function-declaration -g -O3 -MMD -I. -I./../include -c gc.c -o gc.o
gcc -Wall -Werror-implicit-function-declaration -g -O3 -MMD -I. -I./../include -c numeric.c -o numeric.o
gcc -Wall -Werror-implicit-function-declaration -g -O3 -MMD -I. -I./../include -c enum.c -o enum.o
gcc -Wall -Werror-implicit-function-declaration -g -O3 -MMD -I. -I./../include -c regerror.c -o regerror.o
gcc -Wall -Werror-implicit-function-declaration -g -O3 -MMD -I. -I./../include -c range.c -o range.o
gcc -Wall -Werror-implicit-function-declaration -g -O3 -MMD -I. -I./../include -c variable.c -o variable.o
gcc -Wall -Werror-implicit-function-declaration -g -O3 -MMD -I. -I./../include -c regexec.c -o regexec.o
gcc -Wall -Werror-implicit-function-declaration -g -O3 -MMD -I. -I./../include -c codegen.c -o codegen.o
gcc -Wall -Werror-implicit-function-declaration -g -O3 -MMD -I. -I./../include -c compar.c -o compar.o
gcc -Wall -Werror-implicit-function-declaration -g -O3 -MMD -I. -I./../include -c vm.c -o vm.o
gcc -Wall -Werror-implicit-function-declaration -g -O3 -MMD -I. -I./../include -c object.c -o object.o
gcc -Wall -Werror-implicit-function-declaration -g -O3 -MMD -I. -I./../include -c hash.c -o hash.o
gcc -Wall -Werror-implicit-function-declaration -g -O3 -MMD -I. -I./../include -c struct.c -o struct.o
gcc -Wall -Werror-implicit-function-declaration -g -O3 -MMD -I. -I./../include -c regcomp.c -o regcomp.o
gcc -Wall -Werror-implicit-function-declaration -g -O3 -MMD -I. -I./../include -c re.c -o re.o
gcc -Wall -Werror-implicit-function-declaration -g -O3 -MMD -I. -I./../include -c math.c -o math.o
gcc -Wall -Werror-implicit-function-declaration -g -O3 -MMD -I. -I./../include -c dump.c -o dump.o
gcc -Wall -Werror-implicit-function-declaration -g -O3 -MMD -I. -I./../include -c load.c -o load.o
gcc -Wall -Werror-implicit-function-declaration -g -O3 -MMD -I. -I./../include -c etc.c -o etc.o
gcc -Wall -Werror-implicit-function-declaration -g -O3 -MMD -I. -I./../include -c regenc.c -o regenc.o
gcc -Wall -Werror-implicit-function-declaration -g -O3 -MMD -I. -I./../include -c class.c -o class.o
gcc -Wall -Werror-implicit-function-declaration -g -O3 -MMD -I. -I./../include -c regparse.c -o regparse.o
gcc -Wall -Werror-implicit-function-declaration -g -O3 -MMD -I. -I./../include -c pool.c -o pool.o
gcc -Wall -Werror-implicit-function-declaration -g -O3 -MMD -I. -I./../include -c proc.c -o proc.o
gcc -Wall -Werror-implicit-function-declaration -g -O3 -MMD -I. -I./../include -c init.c -o init.o
gcc -Wall -Werror-implicit-function-declaration -g -O3 -MMD -I. -I./../include -c time.c -o time.o
gcc -Wall -Werror-implicit-function-declaration -g -O3 -MMD -I. -I./../include -c error.c -o error.o
gcc -Wall -Werror-implicit-function-declaration -g -O3 -MMD -I. -I./../include -c crc.c -o crc.o
gcc -Wall -Werror-implicit-function-declaration -g -O3 -MMD -I. -I./../include -c cdump.c -o cdump.o
gcc -Wall -Werror-implicit-function-declaration -g -O3 -MMD -I. -I./../include -c sprintf.c -o sprintf.o
gcc -Wall -Werror-implicit-function-declaration -g -O3 -MMD -I. -I./../include -c print.c -o print.o
gcc -Wall -Werror-implicit-function-declaration -g -O3 -MMD -I. -I./../include -c state.c -o state.o
gcc -Wall -Werror-implicit-function-declaration -g -O3 -MMD -I. -I./../include -c ext/digest/digest.c -o ext/digest/digest.o
gcc -Wall -Werror-implicit-function-declaration -g -O3 -MMD -I. -I./../include -c ext/enc/ascii.c -o ext/enc/ascii.o
gcc -Wall -Werror-implicit-function-declaration -g -O3 -MMD -I. -I./../include -c ext/env/env.c -o ext/env/env.o
gcc -Wall -Werror-implicit-function-declaration -g -O3 -MMD -I. -I./../include -c ext/errno/errno.c -o ext/errno/errno.o
gcc -Wall -Werror-implicit-function-declaration -g -O3 -MMD -I. -I./../include -c ext/io/file.c -o ext/io/file.o
gcc -Wall -Werror-implicit-function-declaration -g -O3 -MMD -I. -I./../include -c ext/io/io.c -o ext/io/io.o
gcc -Wall -Werror-implicit-function-declaration -g -O3 -MMD -I. -I./../include -c ext/random/random.c -o ext/random/random.o
gcc -Wall -Werror-implicit-function-declaration -g -O3 -MMD -I. -I./../include -c ext/require/require.c -o ext/require/require.o</textarea></td>
          <td><textarea>ext/io/io.c: In function 'mrb_io_select':
ext/io/io.c:1651: warning: 't.tv_sec' may be used uninitialized in this function
ext/io/io.c:1651: warning: 't.tv_usec' may be used uninitialized in this function
ext/require/require.c: In function 'mrb_compile':
ext/require/require.c:238: error: too few arguments to function 'mrb_dump_irep'
gmake[1]: *** [ext/require/require.o] Error 1
gmake: *** [all] Error 2</textarea></td>
        </tr>
        <tr>
          <th>make test</th>
          <td><textarea>gcc -Wall -Werror-implicit-function-declaration -g -O3 -MMD -I. -I./../include -c ext/require/require.c -o ext/require/require.o</textarea></td>
          <td><textarea>ext/require/require.c: In function 'mrb_compile':
ext/require/require.c:238: error: too few arguments to function 'mrb_dump_irep'
gmake[1]: *** [ext/require/require.o] Error 1
gmake: *** [all] Error 2</textarea></td>
        </tr>
        
          <tr>
            <th>posix test</th>
            <td><textarea>###################################
# exec test/posix/dir.sh; start...

###################################
# exec test/posix/env.sh; start...

###################################
# exec test/posix/errno.sh; start...

###################################
# exec test/posix/file.sh; start...

###################################
# exec test/posix/io.sh; start...

###################################
# exec test/posix/process.sh; start...

###################################
# exec test/posix/require.sh; start...

###################################
# exec test/posix/syslog.sh; start...

###################################
POSIX test result: NG
  fail test is :  dir.sh  env.sh  errno.sh  file.sh  io.sh  process.sh  require.sh  syslog.sh
###################################</textarea></td>
            <td><textarea>dir.sh: /home/mruby/mruby-test-tool/tmp/20121214172541-27115-build/iij-mruby-bdb1a7e/test/posix/../../bin/mruby: not found
env: ../../bin/mruby: No such file or directory
errno.sh: ../../bin/mruby: not found
file.sh: /home/mruby/mruby-test-tool/tmp/20121214172541-27115-build/iij-mruby-bdb1a7e/test/posix/../../bin/mruby: not found
io.sh: ../../bin/mruby: not found
env: /home/mruby/mruby-test-tool/tmp/20121214172541-27115-build/iij-mruby-bdb1a7e/test/posix/../../bin/mruby: No such file or directory
require.sh: ../../bin/mrbc: not found
mv: rename require/mrb0_.mrb to require/mrb0.mrb: No such file or directory
require.sh: ../../bin/mrbc: not found
mv: rename require/mrb1_.mrb to require/mrb1.mrb: No such file or directory
require.sh: ../../bin/mruby: not found</textarea></td>
          </tr>
        
      </table>
    
      
      <h3><a name="netbsd64bit">netbsd64bit</a></h3>
      <table border='1' style="width:90%;">
        <tr>
          <th style="width:100px;">task</th>
          <th>stdout</th>
          <th>stderr</th>
        </tr>
        <tr>
          <th>make</th>
          <td><textarea>gcc -Wall -Werror-implicit-function-declaration -g -O3 -MMD -I. -I./../include -c array.c -o array.o
gcc -Wall -Werror-implicit-function-declaration -g -O3 -MMD -I. -I./../include -c symbol.c -o symbol.o
gcc -Wall -Werror-implicit-function-declaration -g -O3 -MMD -I. -I./../include -c kernel.c -o kernel.o
gcc -Wall -Werror-implicit-function-declaration -g -O3 -MMD -I. -I./../include -c init_ext.c -o init_ext.o
gcc -Wall -Werror-implicit-function-declaration -g -O3 -MMD -I. -I./../include -c st.c -o st.o
gcc -Wall -Werror-implicit-function-declaration -g -O3 -MMD -I. -I./../include -c string.c -o string.o
gcc -Wall -Werror-implicit-function-declaration -g -O3 -MMD -I. -I./../include -c gc.c -o gc.o
gcc -Wall -Werror-implicit-function-declaration -g -O3 -MMD -I. -I./../include -c numeric.c -o numeric.o
gcc -Wall -Werror-implicit-function-declaration -g -O3 -MMD -I. -I./../include -c enum.c -o enum.o
gcc -Wall -Werror-implicit-function-declaration -g -O3 -MMD -I. -I./../include -c regerror.c -o regerror.o
gcc -Wall -Werror-implicit-function-declaration -g -O3 -MMD -I. -I./../include -c range.c -o range.o
gcc -Wall -Werror-implicit-function-declaration -g -O3 -MMD -I. -I./../include -c variable.c -o variable.o
gcc -Wall -Werror-implicit-function-declaration -g -O3 -MMD -I. -I./../include -c regexec.c -o regexec.o
gcc -Wall -Werror-implicit-function-declaration -g -O3 -MMD -I. -I./../include -c codegen.c -o codegen.o
gcc -Wall -Werror-implicit-function-declaration -g -O3 -MMD -I. -I./../include -c compar.c -o compar.o
gcc -Wall -Werror-implicit-function-declaration -g -O3 -MMD -I. -I./../include -c vm.c -o vm.o
gcc -Wall -Werror-implicit-function-declaration -g -O3 -MMD -I. -I./../include -c object.c -o object.o
gcc -Wall -Werror-implicit-function-declaration -g -O3 -MMD -I. -I./../include -c hash.c -o hash.o
gcc -Wall -Werror-implicit-function-declaration -g -O3 -MMD -I. -I./../include -c struct.c -o struct.o
gcc -Wall -Werror-implicit-function-declaration -g -O3 -MMD -I. -I./../include -c regcomp.c -o regcomp.o
gcc -Wall -Werror-implicit-function-declaration -g -O3 -MMD -I. -I./../include -c re.c -o re.o
gcc -Wall -Werror-implicit-function-declaration -g -O3 -MMD -I. -I./../include -c math.c -o math.o
gcc -Wall -Werror-implicit-function-declaration -g -O3 -MMD -I. -I./../include -c dump.c -o dump.o
gcc -Wall -Werror-implicit-function-declaration -g -O3 -MMD -I. -I./../include -c load.c -o load.o
gcc -Wall -Werror-implicit-function-declaration -g -O3 -MMD -I. -I./../include -c etc.c -o etc.o
gcc -Wall -Werror-implicit-function-declaration -g -O3 -MMD -I. -I./../include -c regenc.c -o regenc.o
gcc -Wall -Werror-implicit-function-declaration -g -O3 -MMD -I. -I./../include -c class.c -o class.o
gcc -Wall -Werror-implicit-function-declaration -g -O3 -MMD -I. -I./../include -c regparse.c -o regparse.o
gcc -Wall -Werror-implicit-function-declaration -g -O3 -MMD -I. -I./../include -c pool.c -o pool.o
gcc -Wall -Werror-implicit-function-declaration -g -O3 -MMD -I. -I./../include -c proc.c -o proc.o
gcc -Wall -Werror-implicit-function-declaration -g -O3 -MMD -I. -I./../include -c init.c -o init.o
gcc -Wall -Werror-implicit-function-declaration -g -O3 -MMD -I. -I./../include -c time.c -o time.o
gcc -Wall -Werror-implicit-function-declaration -g -O3 -MMD -I. -I./../include -c error.c -o error.o
gcc -Wall -Werror-implicit-function-declaration -g -O3 -MMD -I. -I./../include -c crc.c -o crc.o
gcc -Wall -Werror-implicit-function-declaration -g -O3 -MMD -I. -I./../include -c cdump.c -o cdump.o
gcc -Wall -Werror-implicit-function-declaration -g -O3 -MMD -I. -I./../include -c sprintf.c -o sprintf.o
gcc -Wall -Werror-implicit-function-declaration -g -O3 -MMD -I. -I./../include -c print.c -o print.o
gcc -Wall -Werror-implicit-function-declaration -g -O3 -MMD -I. -I./../include -c state.c -o state.o
gcc -Wall -Werror-implicit-function-declaration -g -O3 -MMD -I. -I./../include -c ext/digest/digest.c -o ext/digest/digest.o
gcc -Wall -Werror-implicit-function-declaration -g -O3 -MMD -I. -I./../include -c ext/enc/ascii.c -o ext/enc/ascii.o
gcc -Wall -Werror-implicit-function-declaration -g -O3 -MMD -I. -I./../include -c ext/env/env.c -o ext/env/env.o
gcc -Wall -Werror-implicit-function-declaration -g -O3 -MMD -I. -I./../include -c ext/errno/errno.c -o ext/errno/errno.o
gcc -Wall -Werror-implicit-function-declaration -g -O3 -MMD -I. -I./../include -c ext/io/file.c -o ext/io/file.o
gcc -Wall -Werror-implicit-function-declaration -g -O3 -MMD -I. -I./../include -c ext/io/io.c -o ext/io/io.o
gcc -Wall -Werror-implicit-function-declaration -g -O3 -MMD -I. -I./../include -c ext/random/random.c -o ext/random/random.o
gcc -Wall -Werror-implicit-function-declaration -g -O3 -MMD -I. -I./../include -c ext/require/require.c -o ext/require/require.o</textarea></td>
          <td><textarea>ext/io/io.c: In function 'mrb_io_select':
ext/io/io.c:1651: warning: 't.tv_sec' may be used uninitialized in this function
ext/io/io.c:1651: warning: 't.tv_usec' may be used uninitialized in this function
ext/require/require.c: In function 'mrb_compile':
ext/require/require.c:238: error: too few arguments to function 'mrb_dump_irep'
gmake[1]: *** [ext/require/require.o] Error 1
gmake: *** [all] Error 2</textarea></td>
        </tr>
        <tr>
          <th>make test</th>
          <td><textarea>gcc -Wall -Werror-implicit-function-declaration -g -O3 -MMD -I. -I./../include -c ext/require/require.c -o ext/require/require.o</textarea></td>
          <td><textarea>ext/require/require.c: In function 'mrb_compile':
ext/require/require.c:238: error: too few arguments to function 'mrb_dump_irep'
gmake[1]: *** [ext/require/require.o] Error 1
gmake: *** [all] Error 2</textarea></td>
        </tr>
        
          <tr>
            <th>posix test</th>
            <td><textarea>###################################
# exec test/posix/dir.sh; start...

###################################
# exec test/posix/env.sh; start...

###################################
# exec test/posix/errno.sh; start...

###################################
# exec test/posix/file.sh; start...

###################################
# exec test/posix/io.sh; start...

###################################
# exec test/posix/process.sh; start...

###################################
# exec test/posix/require.sh; start...

###################################
# exec test/posix/syslog.sh; start...

###################################
POSIX test result: NG
  fail test is :  dir.sh  env.sh  errno.sh  file.sh  io.sh  process.sh  require.sh  syslog.sh
###################################</textarea></td>
            <td><textarea>dir.sh: /home/mruby/mruby-test-tool/tmp/20121214172541-1429-build/iij-mruby-bdb1a7e/test/posix/../../bin/mruby: not found
env: ../../bin/mruby: No such file or directory
errno.sh: ../../bin/mruby: not found
file.sh: /home/mruby/mruby-test-tool/tmp/20121214172541-1429-build/iij-mruby-bdb1a7e/test/posix/../../bin/mruby: not found
io.sh: ../../bin/mruby: not found
env: /home/mruby/mruby-test-tool/tmp/20121214172541-1429-build/iij-mruby-bdb1a7e/test/posix/../../bin/mruby: No such file or directory
require.sh: ../../bin/mrbc: not found
mv: rename require/mrb0_.mrb to require/mrb0.mrb: No such file or directory
require.sh: ../../bin/mrbc: not found
mv: rename require/mrb1_.mrb to require/mrb1.mrb: No such file or directory
require.sh: ../../bin/mruby: not found</textarea></td>
          </tr>
        
      </table>
    
      
      <h3><a name="netbsd_arm">netbsd_arm</a></h3>
      <table border='1' style="width:90%;">
        <tr>
          <th style="width:100px;">task</th>
          <th>stdout</th>
          <th>stderr</th>
        </tr>
        <tr>
          <th>make</th>
          <td><textarea>gcc -Wall -Werror-implicit-function-declaration -g -O3 -MMD -I. -I./../include -c array.c -o array.o
gcc -Wall -Werror-implicit-function-declaration -g -O3 -MMD -I. -I./../include -c symbol.c -o symbol.o
gcc -Wall -Werror-implicit-function-declaration -g -O3 -MMD -I. -I./../include -c st.c -o st.o
gcc -Wall -Werror-implicit-function-declaration -g -O3 -MMD -I. -I./../include -c string.c -o string.o
gcc -Wall -Werror-implicit-function-declaration -g -O3 -MMD -I. -I./../include -c proc.c -o proc.o
gcc -Wall -Werror-implicit-function-declaration -g -O3 -MMD -I. -I./../include -c numeric.c -o numeric.o
gcc -Wall -Werror-implicit-function-declaration -g -O3 -MMD -I. -I./../include -c init_ext.c -o init_ext.o
gcc -Wall -Werror-implicit-function-declaration -g -O3 -MMD -I. -I./../include -c enum.c -o enum.o
gcc -Wall -Werror-implicit-function-declaration -g -O3 -MMD -I. -I./../include -c regerror.c -o regerror.o
gcc -Wall -Werror-implicit-function-declaration -g -O3 -MMD -I. -I./../include -c range.c -o range.o
gcc -Wall -Werror-implicit-function-declaration -g -O3 -MMD -I. -I./../include -c variable.c -o variable.o
gcc -Wall -Werror-implicit-function-declaration -g -O3 -MMD -I. -I./../include -c regexec.c -o regexec.o
gcc -Wall -Werror-implicit-function-declaration -g -O3 -MMD -I. -I./../include -c codegen.c -o codegen.o
gcc -Wall -Werror-implicit-function-declaration -g -O3 -MMD -I. -I./../include -c compar.c -o compar.o
gcc -Wall -Werror-implicit-function-declaration -g -O3 -MMD -I. -I./../include -c vm.c -o vm.o
gcc -Wall -Werror-implicit-function-declaration -g -O3 -MMD -I. -I./../include -c object.c -o object.o
gcc -Wall -Werror-implicit-function-declaration -g -O3 -MMD -I. -I./../include -c hash.c -o hash.o
gcc -Wall -Werror-implicit-function-declaration -g -O3 -MMD -I. -I./../include -c error.c -o error.o
gcc -Wall -Werror-implicit-function-declaration -g -O3 -MMD -I. -I./../include -c regcomp.c -o regcomp.o
gcc -Wall -Werror-implicit-function-declaration -g -O3 -MMD -I. -I./../include -c re.c -o re.o
gcc -Wall -Werror-implicit-function-declaration -g -O3 -MMD -I. -I./../include -c math.c -o math.o
gcc -Wall -Werror-implicit-function-declaration -g -O3 -MMD -I. -I./../include -c dump.c -o dump.o
gcc -Wall -Werror-implicit-function-declaration -g -O3 -MMD -I. -I./../include -c load.c -o load.o
gcc -Wall -Werror-implicit-function-declaration -g -O3 -MMD -I. -I./../include -c etc.c -o etc.o
gcc -Wall -Werror-implicit-function-declaration -g -O3 -MMD -I. -I./../include -c regenc.c -o regenc.o
gcc -Wall -Werror-implicit-function-declaration -g -O3 -MMD -I. -I./../include -c class.c -o class.o
gcc -Wall -Werror-implicit-function-declaration -g -O3 -MMD -I. -I./../include -c regparse.c -o regparse.o
gcc -Wall -Werror-implicit-function-declaration -g -O3 -MMD -I. -I./../include -c pool.c -o pool.o
gcc -Wall -Werror-implicit-function-declaration -g -O3 -MMD -I. -I./../include -c gc.c -o gc.o
gcc -Wall -Werror-implicit-function-declaration -g -O3 -MMD -I. -I./../include -c kernel.c -o kernel.o
gcc -Wall -Werror-implicit-function-declaration -g -O3 -MMD -I. -I./../include -c init.c -o init.o
gcc -Wall -Werror-implicit-function-declaration -g -O3 -MMD -I. -I./../include -c time.c -o time.o
gcc -Wall -Werror-implicit-function-declaration -g -O3 -MMD -I. -I./../include -c struct.c -o struct.o
gcc -Wall -Werror-implicit-function-declaration -g -O3 -MMD -I. -I./../include -c crc.c -o crc.o
gcc -Wall -Werror-implicit-function-declaration -g -O3 -MMD -I. -I./../include -c cdump.c -o cdump.o
gcc -Wall -Werror-implicit-function-declaration -g -O3 -MMD -I. -I./../include -c print.c -o print.o
gcc -Wall -Werror-implicit-function-declaration -g -O3 -MMD -I. -I./../include -c state.c -o state.o
gcc -Wall -Werror-implicit-function-declaration -g -O3 -MMD -I. -I./../include -c sprintf.c -o sprintf.o
gcc -Wall -Werror-implicit-function-declaration -g -O3 -MMD -I. -I./../include -c ext/env/env.c -o ext/env/env.o
gcc -Wall -Werror-implicit-function-declaration -g -O3 -MMD -I. -I./../include -c ext/enc/ascii.c -o ext/enc/ascii.o
gcc -Wall -Werror-implicit-function-declaration -g -O3 -MMD -I. -I./../include -c ext/digest/digest.c -o ext/digest/digest.o
gcc -Wall -Werror-implicit-function-declaration -g -O3 -MMD -I. -I./../include -c ext/syslog/syslog.c -o ext/syslog/syslog.o
gcc -Wall -Werror-implicit-function-declaration -g -O3 -MMD -I. -I./../include -c ext/errno/errno.c -o ext/errno/errno.o
gcc -Wall -Werror-implicit-function-declaration -g -O3 -MMD -I. -I./../include -c ext/require/require.c -o ext/require/require.o
</textarea></td>
          <td><textarea>load.c: In function `load_debug_info_irep':
load.c:249: warning: `plen' might be used uninitialized in this function
ext/require/require.c: In function `mrb_compile':
ext/require/require.c:238: error: too few arguments to function `mrb_dump_irep'
gmake[1]: *** [ext/require/require.o] Error 1
gmake: *** [all] Error 2
</textarea></td>
        </tr>
        <tr>
          <th>make test</th>
          <td><textarea>gcc -Wall -Werror-implicit-function-declaration -g -O3 -MMD -I. -I./../include -c ext/require/require.c -o ext/require/require.o
</textarea></td>
          <td><textarea>ext/require/require.c: In function `mrb_compile':
ext/require/require.c:238: error: too few arguments to function `mrb_dump_irep'
gmake[1]: *** [ext/require/require.o] Error 1
gmake: *** [all] Error 2
</textarea></td>
        </tr>
        
          <tr>
            <th>posix test</th>
            <td><textarea>###################################
# exec test/posix/dir.sh; start...

###################################
# exec test/posix/env.sh; start...

###################################
# exec test/posix/errno.sh; start...

###################################
# exec test/posix/file.sh; start...

###################################
# exec test/posix/io.sh; start...

###################################
# exec test/posix/process.sh; start...

###################################
# exec test/posix/require.sh; start...

###################################
# exec test/posix/syslog.sh; start...

###################################
POSIX test result: NG
  fail test is :  dir.sh  env.sh  errno.sh  file.sh  io.sh  process.sh  require.sh  syslog.sh
###################################
</textarea></td>
            <td><textarea>dir.sh: /home/mruby/seilb1.tokyo.iiji.jp/tmp/work.8798/iij-mruby-bdb1a7e/test/posix/../../bin/mruby: not found
env: ../../bin/mruby: No such file or directory
errno.sh: ../../bin/mruby: not found
file.sh: /home/mruby/seilb1.tokyo.iiji.jp/tmp/work.8798/iij-mruby-bdb1a7e/test/posix/../../bin/mruby: not found
io.sh: ../../bin/mruby: not found
env: /home/mruby/seilb1.tokyo.iiji.jp/tmp/work.8798/iij-mruby-bdb1a7e/test/posix/../../bin/mruby: No such file or directory
require.sh: ../../bin/mrbc: not found
mv: rename require/mrb0_.mrb to require/mrb0.mrb: No such file or directory
require.sh: ../../bin/mrbc: not found
mv: rename require/mrb1_.mrb to require/mrb1.mrb: No such file or directory
require.sh: ../../bin/mruby: not found
</textarea></td>
          </tr>
        
      </table>
    
      
      <h3><a name="netbsd_mips">netbsd_mips</a></h3>
      <table border='1' style="width:90%;">
        <tr>
          <th style="width:100px;">task</th>
          <th>stdout</th>
          <th>stderr</th>
        </tr>
        <tr>
          <th>make</th>
          <td><textarea>gcc -Wall -Werror-implicit-function-declaration -g -O3 -MMD -I. -I./../include -c array.c -o array.o
gcc -Wall -Werror-implicit-function-declaration -g -O3 -MMD -I. -I./../include -c symbol.c -o symbol.o
gcc -Wall -Werror-implicit-function-declaration -g -O3 -MMD -I. -I./../include -c st.c -o st.o
gcc -Wall -Werror-implicit-function-declaration -g -O3 -MMD -I. -I./../include -c string.c -o string.o
gcc -Wall -Werror-implicit-function-declaration -g -O3 -MMD -I. -I./../include -c proc.c -o proc.o
gcc -Wall -Werror-implicit-function-declaration -g -O3 -MMD -I. -I./../include -c numeric.c -o numeric.o
gcc -Wall -Werror-implicit-function-declaration -g -O3 -MMD -I. -I./../include -c init_ext.c -o init_ext.o
gcc -Wall -Werror-implicit-function-declaration -g -O3 -MMD -I. -I./../include -c enum.c -o enum.o
gcc -Wall -Werror-implicit-function-declaration -g -O3 -MMD -I. -I./../include -c regerror.c -o regerror.o
gcc -Wall -Werror-implicit-function-declaration -g -O3 -MMD -I. -I./../include -c range.c -o range.o
gcc -Wall -Werror-implicit-function-declaration -g -O3 -MMD -I. -I./../include -c variable.c -o variable.o
gcc -Wall -Werror-implicit-function-declaration -g -O3 -MMD -I. -I./../include -c regexec.c -o regexec.o
gcc -Wall -Werror-implicit-function-declaration -g -O3 -MMD -I. -I./../include -c codegen.c -o codegen.o
gcc -Wall -Werror-implicit-function-declaration -g -O3 -MMD -I. -I./../include -c compar.c -o compar.o
gcc -Wall -Werror-implicit-function-declaration -g -O3 -MMD -I. -I./../include -c vm.c -o vm.o
gcc -Wall -Werror-implicit-function-declaration -g -O3 -MMD -I. -I./../include -c object.c -o object.o
gcc -Wall -Werror-implicit-function-declaration -g -O3 -MMD -I. -I./../include -c hash.c -o hash.o
gcc -Wall -Werror-implicit-function-declaration -g -O3 -MMD -I. -I./../include -c error.c -o error.o
gcc -Wall -Werror-implicit-function-declaration -g -O3 -MMD -I. -I./../include -c regcomp.c -o regcomp.o
gcc -Wall -Werror-implicit-function-declaration -g -O3 -MMD -I. -I./../include -c re.c -o re.o
gcc -Wall -Werror-implicit-function-declaration -g -O3 -MMD -I. -I./../include -c math.c -o math.o
gcc -Wall -Werror-implicit-function-declaration -g -O3 -MMD -I. -I./../include -c dump.c -o dump.o
gcc -Wall -Werror-implicit-function-declaration -g -O3 -MMD -I. -I./../include -c load.c -o load.o
gcc -Wall -Werror-implicit-function-declaration -g -O3 -MMD -I. -I./../include -c etc.c -o etc.o
gcc -Wall -Werror-implicit-function-declaration -g -O3 -MMD -I. -I./../include -c regenc.c -o regenc.o
gcc -Wall -Werror-implicit-function-declaration -g -O3 -MMD -I. -I./../include -c class.c -o class.o
gcc -Wall -Werror-implicit-function-declaration -g -O3 -MMD -I. -I./../include -c regparse.c -o regparse.o
gcc -Wall -Werror-implicit-function-declaration -g -O3 -MMD -I. -I./../include -c pool.c -o pool.o
gcc -Wall -Werror-implicit-function-declaration -g -O3 -MMD -I. -I./../include -c gc.c -o gc.o
gcc -Wall -Werror-implicit-function-declaration -g -O3 -MMD -I. -I./../include -c kernel.c -o kernel.o
gcc -Wall -Werror-implicit-function-declaration -g -O3 -MMD -I. -I./../include -c init.c -o init.o
gcc -Wall -Werror-implicit-function-declaration -g -O3 -MMD -I. -I./../include -c time.c -o time.o
gcc -Wall -Werror-implicit-function-declaration -g -O3 -MMD -I. -I./../include -c struct.c -o struct.o
gcc -Wall -Werror-implicit-function-declaration -g -O3 -MMD -I. -I./../include -c crc.c -o crc.o
gcc -Wall -Werror-implicit-function-declaration -g -O3 -MMD -I. -I./../include -c cdump.c -o cdump.o
gcc -Wall -Werror-implicit-function-declaration -g -O3 -MMD -I. -I./../include -c print.c -o print.o
gcc -Wall -Werror-implicit-function-declaration -g -O3 -MMD -I. -I./../include -c state.c -o state.o
gcc -Wall -Werror-implicit-function-declaration -g -O3 -MMD -I. -I./../include -c sprintf.c -o sprintf.o
gcc -Wall -Werror-implicit-function-declaration -g -O3 -MMD -I. -I./../include -c ext/env/env.c -o ext/env/env.o
gcc -Wall -Werror-implicit-function-declaration -g -O3 -MMD -I. -I./../include -c ext/enc/ascii.c -o ext/enc/ascii.o
gcc -Wall -Werror-implicit-function-declaration -g -O3 -MMD -I. -I./../include -c ext/digest/digest.c -o ext/digest/digest.o
gcc -Wall -Werror-implicit-function-declaration -g -O3 -MMD -I. -I./../include -c ext/syslog/syslog.c -o ext/syslog/syslog.o
gcc -Wall -Werror-implicit-function-declaration -g -O3 -MMD -I. -I./../include -c ext/errno/errno.c -o ext/errno/errno.o
gcc -Wall -Werror-implicit-function-declaration -g -O3 -MMD -I. -I./../include -c ext/require/require.c -o ext/require/require.o
</textarea></td>
          <td><textarea>load.c: In function `load_debug_info_irep':
load.c:249: warning: `plen' might be used uninitialized in this function
ext/require/require.c: In function `mrb_compile':
ext/require/require.c:238: error: too few arguments to function `mrb_dump_irep'
gmake[1]: *** [ext/require/require.o] Error 1
gmake: *** [all] Error 2
</textarea></td>
        </tr>
        <tr>
          <th>make test</th>
          <td><textarea>gcc -Wall -Werror-implicit-function-declaration -g -O3 -MMD -I. -I./../include -c ext/require/require.c -o ext/require/require.o
</textarea></td>
          <td><textarea>ext/require/require.c: In function `mrb_compile':
ext/require/require.c:238: error: too few arguments to function `mrb_dump_irep'
gmake[1]: *** [ext/require/require.o] Error 1
gmake: *** [all] Error 2
</textarea></td>
        </tr>
        
          <tr>
            <th>posix test</th>
            <td><textarea>###################################
# exec test/posix/dir.sh; start...

###################################
# exec test/posix/env.sh; start...

###################################
# exec test/posix/errno.sh; start...

###################################
# exec test/posix/file.sh; start...

###################################
# exec test/posix/io.sh; start...

###################################
# exec test/posix/process.sh; start...

###################################
# exec test/posix/require.sh; start...

###################################
# exec test/posix/syslog.sh; start...

###################################
POSIX test result: NG
  fail test is :  dir.sh  env.sh  errno.sh  file.sh  io.sh  process.sh  require.sh  syslog.sh
###################################
</textarea></td>
            <td><textarea>dir.sh: /home/mruby/seilx.tokyo.iiji.jp/tmp/work.11770/iij-mruby-bdb1a7e/test/posix/../../bin/mruby: not found
env: ../../bin/mruby: No such file or directory
errno.sh: ../../bin/mruby: not found
file.sh: /home/mruby/seilx.tokyo.iiji.jp/tmp/work.11770/iij-mruby-bdb1a7e/test/posix/../../bin/mruby: not found
io.sh: ../../bin/mruby: not found
env: /home/mruby/seilx.tokyo.iiji.jp/tmp/work.11770/iij-mruby-bdb1a7e/test/posix/../../bin/mruby: No such file or directory
require.sh: ../../bin/mrbc: not found
mv: rename require/mrb0_.mrb to require/mrb0.mrb: No such file or directory
require.sh: ../../bin/mrbc: not found
mv: rename require/mrb1_.mrb to require/mrb1.mrb: No such file or directory
require.sh: ../../bin/mruby: not found
</textarea></td>
          </tr>
        
      </table>
    
      
      <h3><a name="openbsd32bit">openbsd32bit</a></h3>
      <table border='1' style="width:90%;">
        <tr>
          <th style="width:100px;">task</th>
          <th>stdout</th>
          <th>stderr</th>
        </tr>
        <tr>
          <th>make</th>
          <td><textarea>gcc -Wall -Werror-implicit-function-declaration -g -O3 -MMD -I. -I./../include -c array.c -o array.o
gcc -Wall -Werror-implicit-function-declaration -g -O3 -MMD -I. -I./../include -c symbol.c -o symbol.o
gcc -Wall -Werror-implicit-function-declaration -g -O3 -MMD -I. -I./../include -c kernel.c -o kernel.o
gcc -Wall -Werror-implicit-function-declaration -g -O3 -MMD -I. -I./../include -c init_ext.c -o init_ext.o
gcc -Wall -Werror-implicit-function-declaration -g -O3 -MMD -I. -I./../include -c st.c -o st.o
gcc -Wall -Werror-implicit-function-declaration -g -O3 -MMD -I. -I./../include -c string.c -o string.o
gcc -Wall -Werror-implicit-function-declaration -g -O3 -MMD -I. -I./../include -c gc.c -o gc.o
gcc -Wall -Werror-implicit-function-declaration -g -O3 -MMD -I. -I./../include -c numeric.c -o numeric.o
gcc -Wall -Werror-implicit-function-declaration -g -O3 -MMD -I. -I./../include -c enum.c -o enum.o
gcc -Wall -Werror-implicit-function-declaration -g -O3 -MMD -I. -I./../include -c regerror.c -o regerror.o
gcc -Wall -Werror-implicit-function-declaration -g -O3 -MMD -I. -I./../include -c range.c -o range.o
gcc -Wall -Werror-implicit-function-declaration -g -O3 -MMD -I. -I./../include -c variable.c -o variable.o
gcc -Wall -Werror-implicit-function-declaration -g -O3 -MMD -I. -I./../include -c regexec.c -o regexec.o
gcc -Wall -Werror-implicit-function-declaration -g -O3 -MMD -I. -I./../include -c codegen.c -o codegen.o
gcc -Wall -Werror-implicit-function-declaration -g -O3 -MMD -I. -I./../include -c compar.c -o compar.o
gcc -Wall -Werror-implicit-function-declaration -g -O3 -MMD -I. -I./../include -c vm.c -o vm.o
gcc -Wall -Werror-implicit-function-declaration -g -O3 -MMD -I. -I./../include -c object.c -o object.o
gcc -Wall -Werror-implicit-function-declaration -g -O3 -MMD -I. -I./../include -c hash.c -o hash.o
gcc -Wall -Werror-implicit-function-declaration -g -O3 -MMD -I. -I./../include -c struct.c -o struct.o
gcc -Wall -Werror-implicit-function-declaration -g -O3 -MMD -I. -I./../include -c regcomp.c -o regcomp.o
gcc -Wall -Werror-implicit-function-declaration -g -O3 -MMD -I. -I./../include -c re.c -o re.o
gcc -Wall -Werror-implicit-function-declaration -g -O3 -MMD -I. -I./../include -c math.c -o math.o
gcc -Wall -Werror-implicit-function-declaration -g -O3 -MMD -I. -I./../include -c dump.c -o dump.o
gcc -Wall -Werror-implicit-function-declaration -g -O3 -MMD -I. -I./../include -c load.c -o load.o
gcc -Wall -Werror-implicit-function-declaration -g -O3 -MMD -I. -I./../include -c etc.c -o etc.o
gcc -Wall -Werror-implicit-function-declaration -g -O3 -MMD -I. -I./../include -c regenc.c -o regenc.o
gcc -Wall -Werror-implicit-function-declaration -g -O3 -MMD -I. -I./../include -c class.c -o class.o
gcc -Wall -Werror-implicit-function-declaration -g -O3 -MMD -I. -I./../include -c regparse.c -o regparse.o
gcc -Wall -Werror-implicit-function-declaration -g -O3 -MMD -I. -I./../include -c pool.c -o pool.o
gcc -Wall -Werror-implicit-function-declaration -g -O3 -MMD -I. -I./../include -c proc.c -o proc.o
gcc -Wall -Werror-implicit-function-declaration -g -O3 -MMD -I. -I./../include -c init.c -o init.o
gcc -Wall -Werror-implicit-function-declaration -g -O3 -MMD -I. -I./../include -c time.c -o time.o
gcc -Wall -Werror-implicit-function-declaration -g -O3 -MMD -I. -I./../include -c error.c -o error.o
gcc -Wall -Werror-implicit-function-declaration -g -O3 -MMD -I. -I./../include -c crc.c -o crc.o
gcc -Wall -Werror-implicit-function-declaration -g -O3 -MMD -I. -I./../include -c cdump.c -o cdump.o
gcc -Wall -Werror-implicit-function-declaration -g -O3 -MMD -I. -I./../include -c sprintf.c -o sprintf.o
gcc -Wall -Werror-implicit-function-declaration -g -O3 -MMD -I. -I./../include -c print.c -o print.o
gcc -Wall -Werror-implicit-function-declaration -g -O3 -MMD -I. -I./../include -c state.c -o state.o
gcc -Wall -Werror-implicit-function-declaration -g -O3 -MMD -I. -I./../include -c ext/digest/digest.c -o ext/digest/digest.o
gcc -Wall -Werror-implicit-function-declaration -g -O3 -MMD -I. -I./../include -c ext/enc/ascii.c -o ext/enc/ascii.o
gcc -Wall -Werror-implicit-function-declaration -g -O3 -MMD -I. -I./../include -c ext/env/env.c -o ext/env/env.o
gcc -Wall -Werror-implicit-function-declaration -g -O3 -MMD -I. -I./../include -c ext/errno/errno.c -o ext/errno/errno.o
gcc -Wall -Werror-implicit-function-declaration -g -O3 -MMD -I. -I./../include -c ext/io/file.c -o ext/io/file.o
gcc -Wall -Werror-implicit-function-declaration -g -O3 -MMD -I. -I./../include -c ext/io/io.c -o ext/io/io.o
gcc -Wall -Werror-implicit-function-declaration -g -O3 -MMD -I. -I./../include -c ext/random/random.c -o ext/random/random.o
gcc -Wall -Werror-implicit-function-declaration -g -O3 -MMD -I. -I./../include -c ext/require/require.c -o ext/require/require.o</textarea></td>
          <td><textarea>dump.c: In function 'get_syms_block_size':
dump.c:293: warning: passing argument 1 of 'str_dump_len' discards qualifiers from pointer target type
dump.c: In function 'write_syms_block':
dump.c:442: warning: passing argument 1 of 'str_dump_len' discards qualifiers from pointer target type
dump.c:449: warning: passing argument 1 of 'str_dump' discards qualifiers from pointer target type
regparse.c: In function 'onig_parse_make_tree':
regparse.c:5588: warning: passing argument 3 of 'parse_regexp' discards qualifiers from pointer target type
ext/io/io.c: In function 'mrb_io_select':
ext/io/io.c:1651: warning: 't.tv_sec' may be used uninitialized in this function
ext/io/io.c:1651: note: 't.tv_sec' was declared here
ext/io/io.c:1651: warning: 't.tv_usec' may be used uninitialized in this function
ext/io/io.c:1651: note: 't.tv_usec' was declared here
ext/require/require.c: In function 'mrb_compile':
ext/require/require.c:238: error: too few arguments to function 'mrb_dump_irep'
gmake[1]: *** [ext/require/require.o] Error 1
gmake: *** [all] Error 2</textarea></td>
        </tr>
        <tr>
          <th>make test</th>
          <td><textarea>gcc -Wall -Werror-implicit-function-declaration -g -O3 -MMD -I. -I./../include -c ext/require/require.c -o ext/require/require.o</textarea></td>
          <td><textarea>ext/require/require.c: In function 'mrb_compile':
ext/require/require.c:238: error: too few arguments to function 'mrb_dump_irep'
gmake[1]: *** [ext/require/require.o] Error 1
gmake: *** [all] Error 2</textarea></td>
        </tr>
        
          <tr>
            <th>posix test</th>
            <td><textarea>###################################
# exec test/posix/dir.sh; start...

###################################
# exec test/posix/env.sh; start...

###################################
# exec test/posix/errno.sh; start...

###################################
# exec test/posix/file.sh; start...

###################################
# exec test/posix/io.sh; start...

###################################
# exec test/posix/process.sh; start...

###################################
# exec test/posix/require.sh; start...

###################################
# exec test/posix/syslog.sh; start...

###################################
POSIX test result: NG
  fail test is :  dir.sh  env.sh  errno.sh  file.sh  io.sh  process.sh  require.sh  syslog.sh
###################################</textarea></td>
            <td><textarea>dir.sh[186]: /home/mruby/mruby-test-tool/tmp/20121214172542-27468-build/iij-mruby-bdb1a7e/test/posix/../../bin/mruby: not found
env: ../../bin/mruby: No such file or directory
errno.sh[86]: ../../bin/mruby: not found
file.sh[99]: /home/mruby/mruby-test-tool/tmp/20121214172542-27468-build/iij-mruby-bdb1a7e/test/posix/../../bin/mruby: not found
io.sh[214]: ../../bin/mruby: not found
env: /home/mruby/mruby-test-tool/tmp/20121214172542-27468-build/iij-mruby-bdb1a7e/test/posix/../../bin/mruby: No such file or directory
require.sh[13]: ../../bin/mrbc: not found
mv: require/mrb0_.mrb: No such file or directory
require.sh[13]: ../../bin/mrbc: not found
mv: require/mrb1_.mrb: No such file or directory
require.sh[15]: ../../bin/mruby: not found</textarea></td>
          </tr>
        
      </table>
    
      
      <h3><a name="openbsd64bit">openbsd64bit</a></h3>
      <table border='1' style="width:90%;">
        <tr>
          <th style="width:100px;">task</th>
          <th>stdout</th>
          <th>stderr</th>
        </tr>
        <tr>
          <th>make</th>
          <td><textarea>gcc -Wall -Werror-implicit-function-declaration -g -O3 -MMD -I. -I./../include -c array.c -o array.o
gcc -Wall -Werror-implicit-function-declaration -g -O3 -MMD -I. -I./../include -c symbol.c -o symbol.o
gcc -Wall -Werror-implicit-function-declaration -g -O3 -MMD -I. -I./../include -c kernel.c -o kernel.o
gcc -Wall -Werror-implicit-function-declaration -g -O3 -MMD -I. -I./../include -c init_ext.c -o init_ext.o
gcc -Wall -Werror-implicit-function-declaration -g -O3 -MMD -I. -I./../include -c st.c -o st.o
gcc -Wall -Werror-implicit-function-declaration -g -O3 -MMD -I. -I./../include -c string.c -o string.o
gcc -Wall -Werror-implicit-function-declaration -g -O3 -MMD -I. -I./../include -c gc.c -o gc.o
gcc -Wall -Werror-implicit-function-declaration -g -O3 -MMD -I. -I./../include -c numeric.c -o numeric.o
gcc -Wall -Werror-implicit-function-declaration -g -O3 -MMD -I. -I./../include -c enum.c -o enum.o
gcc -Wall -Werror-implicit-function-declaration -g -O3 -MMD -I. -I./../include -c regerror.c -o regerror.o
gcc -Wall -Werror-implicit-function-declaration -g -O3 -MMD -I. -I./../include -c range.c -o range.o
gcc -Wall -Werror-implicit-function-declaration -g -O3 -MMD -I. -I./../include -c variable.c -o variable.o
gcc -Wall -Werror-implicit-function-declaration -g -O3 -MMD -I. -I./../include -c regexec.c -o regexec.o
gcc -Wall -Werror-implicit-function-declaration -g -O3 -MMD -I. -I./../include -c codegen.c -o codegen.o
gcc -Wall -Werror-implicit-function-declaration -g -O3 -MMD -I. -I./../include -c compar.c -o compar.o
gcc -Wall -Werror-implicit-function-declaration -g -O3 -MMD -I. -I./../include -c vm.c -o vm.o
gcc -Wall -Werror-implicit-function-declaration -g -O3 -MMD -I. -I./../include -c object.c -o object.o
gcc -Wall -Werror-implicit-function-declaration -g -O3 -MMD -I. -I./../include -c hash.c -o hash.o
gcc -Wall -Werror-implicit-function-declaration -g -O3 -MMD -I. -I./../include -c struct.c -o struct.o
gcc -Wall -Werror-implicit-function-declaration -g -O3 -MMD -I. -I./../include -c regcomp.c -o regcomp.o
gcc -Wall -Werror-implicit-function-declaration -g -O3 -MMD -I. -I./../include -c re.c -o re.o
gcc -Wall -Werror-implicit-function-declaration -g -O3 -MMD -I. -I./../include -c math.c -o math.o
gcc -Wall -Werror-implicit-function-declaration -g -O3 -MMD -I. -I./../include -c dump.c -o dump.o
gcc -Wall -Werror-implicit-function-declaration -g -O3 -MMD -I. -I./../include -c load.c -o load.o
gcc -Wall -Werror-implicit-function-declaration -g -O3 -MMD -I. -I./../include -c etc.c -o etc.o
gcc -Wall -Werror-implicit-function-declaration -g -O3 -MMD -I. -I./../include -c regenc.c -o regenc.o
gcc -Wall -Werror-implicit-function-declaration -g -O3 -MMD -I. -I./../include -c class.c -o class.o
gcc -Wall -Werror-implicit-function-declaration -g -O3 -MMD -I. -I./../include -c regparse.c -o regparse.o
gcc -Wall -Werror-implicit-function-declaration -g -O3 -MMD -I. -I./../include -c pool.c -o pool.o
gcc -Wall -Werror-implicit-function-declaration -g -O3 -MMD -I. -I./../include -c proc.c -o proc.o
gcc -Wall -Werror-implicit-function-declaration -g -O3 -MMD -I. -I./../include -c init.c -o init.o
gcc -Wall -Werror-implicit-function-declaration -g -O3 -MMD -I. -I./../include -c time.c -o time.o
gcc -Wall -Werror-implicit-function-declaration -g -O3 -MMD -I. -I./../include -c error.c -o error.o
gcc -Wall -Werror-implicit-function-declaration -g -O3 -MMD -I. -I./../include -c crc.c -o crc.o
gcc -Wall -Werror-implicit-function-declaration -g -O3 -MMD -I. -I./../include -c cdump.c -o cdump.o
gcc -Wall -Werror-implicit-function-declaration -g -O3 -MMD -I. -I./../include -c sprintf.c -o sprintf.o
gcc -Wall -Werror-implicit-function-declaration -g -O3 -MMD -I. -I./../include -c print.c -o print.o
gcc -Wall -Werror-implicit-function-declaration -g -O3 -MMD -I. -I./../include -c state.c -o state.o
gcc -Wall -Werror-implicit-function-declaration -g -O3 -MMD -I. -I./../include -c ext/digest/digest.c -o ext/digest/digest.o
gcc -Wall -Werror-implicit-function-declaration -g -O3 -MMD -I. -I./../include -c ext/enc/ascii.c -o ext/enc/ascii.o
gcc -Wall -Werror-implicit-function-declaration -g -O3 -MMD -I. -I./../include -c ext/env/env.c -o ext/env/env.o
gcc -Wall -Werror-implicit-function-declaration -g -O3 -MMD -I. -I./../include -c ext/errno/errno.c -o ext/errno/errno.o
gcc -Wall -Werror-implicit-function-declaration -g -O3 -MMD -I. -I./../include -c ext/io/file.c -o ext/io/file.o
gcc -Wall -Werror-implicit-function-declaration -g -O3 -MMD -I. -I./../include -c ext/io/io.c -o ext/io/io.o
gcc -Wall -Werror-implicit-function-declaration -g -O3 -MMD -I. -I./../include -c ext/random/random.c -o ext/random/random.o
gcc -Wall -Werror-implicit-function-declaration -g -O3 -MMD -I. -I./../include -c ext/require/require.c -o ext/require/require.o</textarea></td>
          <td><textarea>dump.c: In function 'get_syms_block_size':
dump.c:293: warning: passing argument 1 of 'str_dump_len' discards qualifiers from pointer target type
dump.c: In function 'write_syms_block':
dump.c:442: warning: passing argument 1 of 'str_dump_len' discards qualifiers from pointer target type
dump.c:449: warning: passing argument 1 of 'str_dump' discards qualifiers from pointer target type
regparse.c: In function 'onig_parse_make_tree':
regparse.c:5588: warning: passing argument 3 of 'parse_regexp' discards qualifiers from pointer target type
ext/io/io.c: In function 'mrb_io_select':
ext/io/io.c:1651: warning: 't.tv_sec' may be used uninitialized in this function
ext/io/io.c:1651: note: 't.tv_sec' was declared here
ext/io/io.c:1651: warning: 't.tv_usec' may be used uninitialized in this function
ext/io/io.c:1651: note: 't.tv_usec' was declared here
ext/require/require.c: In function 'mrb_compile':
ext/require/require.c:238: error: too few arguments to function 'mrb_dump_irep'
gmake[1]: *** [ext/require/require.o] Error 1
gmake: *** [all] Error 2</textarea></td>
        </tr>
        <tr>
          <th>make test</th>
          <td><textarea>gcc -Wall -Werror-implicit-function-declaration -g -O3 -MMD -I. -I./../include -c ext/require/require.c -o ext/require/require.o</textarea></td>
          <td><textarea>ext/require/require.c: In function 'mrb_compile':
ext/require/require.c:238: error: too few arguments to function 'mrb_dump_irep'
gmake[1]: *** [ext/require/require.o] Error 1
gmake: *** [all] Error 2</textarea></td>
        </tr>
        
          <tr>
            <th>posix test</th>
            <td><textarea>###################################
# exec test/posix/dir.sh; start...

###################################
# exec test/posix/env.sh; start...

###################################
# exec test/posix/errno.sh; start...

###################################
# exec test/posix/file.sh; start...

###################################
# exec test/posix/io.sh; start...

###################################
# exec test/posix/process.sh; start...

###################################
# exec test/posix/require.sh; start...

###################################
# exec test/posix/syslog.sh; start...

###################################
POSIX test result: NG
  fail test is :  dir.sh  env.sh  errno.sh  file.sh  io.sh  process.sh  require.sh  syslog.sh
###################################</textarea></td>
            <td><textarea>dir.sh[186]: /home/mruby/mruby-test-tool/tmp/20121214172543-14102-build/iij-mruby-bdb1a7e/test/posix/../../bin/mruby: not found
env: ../../bin/mruby: No such file or directory
errno.sh[86]: ../../bin/mruby: not found
file.sh[99]: /home/mruby/mruby-test-tool/tmp/20121214172543-14102-build/iij-mruby-bdb1a7e/test/posix/../../bin/mruby: not found
io.sh[214]: ../../bin/mruby: not found
env: /home/mruby/mruby-test-tool/tmp/20121214172543-14102-build/iij-mruby-bdb1a7e/test/posix/../../bin/mruby: No such file or directory
require.sh[13]: ../../bin/mrbc: not found
mv: require/mrb0_.mrb: No such file or directory
require.sh[13]: ../../bin/mrbc: not found
mv: require/mrb1_.mrb: No such file or directory
require.sh[15]: ../../bin/mruby: not found</textarea></td>
          </tr>
        
      </table>
    
      
      <h3><a name="ubuntu32bit">ubuntu32bit</a></h3>
      <table border='1' style="width:90%;">
        <tr>
          <th style="width:100px;">task</th>
          <th>stdout</th>
          <th>stderr</th>
        </tr>
        <tr>
          <th>make</th>
          <td><textarea>gcc -Wall -Werror-implicit-function-declaration -g -O3 -MMD -I. -I./../include -c array.c -o array.o
gcc -Wall -Werror-implicit-function-declaration -g -O3 -MMD -I. -I./../include -c cdump.c -o cdump.o
gcc -Wall -Werror-implicit-function-declaration -g -O3 -MMD -I. -I./../include -c class.c -o class.o
gcc -Wall -Werror-implicit-function-declaration -g -O3 -MMD -I. -I./../include -c codegen.c -o codegen.o
gcc -Wall -Werror-implicit-function-declaration -g -O3 -MMD -I. -I./../include -c compar.c -o compar.o
gcc -Wall -Werror-implicit-function-declaration -g -O3 -MMD -I. -I./../include -c crc.c -o crc.o
gcc -Wall -Werror-implicit-function-declaration -g -O3 -MMD -I. -I./../include -c dump.c -o dump.o
gcc -Wall -Werror-implicit-function-declaration -g -O3 -MMD -I. -I./../include -c enum.c -o enum.o
gcc -Wall -Werror-implicit-function-declaration -g -O3 -MMD -I. -I./../include -c error.c -o error.o
gcc -Wall -Werror-implicit-function-declaration -g -O3 -MMD -I. -I./../include -c etc.c -o etc.o
gcc -Wall -Werror-implicit-function-declaration -g -O3 -MMD -I. -I./../include -c gc.c -o gc.o
gcc -Wall -Werror-implicit-function-declaration -g -O3 -MMD -I. -I./../include -c hash.c -o hash.o
gcc -Wall -Werror-implicit-function-declaration -g -O3 -MMD -I. -I./../include -c init.c -o init.o
gcc -Wall -Werror-implicit-function-declaration -g -O3 -MMD -I. -I./../include -c init_ext.c -o init_ext.o
gcc -Wall -Werror-implicit-function-declaration -g -O3 -MMD -I. -I./../include -c kernel.c -o kernel.o
gcc -Wall -Werror-implicit-function-declaration -g -O3 -MMD -I. -I./../include -c load.c -o load.o
gcc -Wall -Werror-implicit-function-declaration -g -O3 -MMD -I. -I./../include -c math.c -o math.o
gcc -Wall -Werror-implicit-function-declaration -g -O3 -MMD -I. -I./../include -c numeric.c -o numeric.o
gcc -Wall -Werror-implicit-function-declaration -g -O3 -MMD -I. -I./../include -c object.c -o object.o
gcc -Wall -Werror-implicit-function-declaration -g -O3 -MMD -I. -I./../include -c pool.c -o pool.o
gcc -Wall -Werror-implicit-function-declaration -g -O3 -MMD -I. -I./../include -c print.c -o print.o
gcc -Wall -Werror-implicit-function-declaration -g -O3 -MMD -I. -I./../include -c proc.c -o proc.o
gcc -Wall -Werror-implicit-function-declaration -g -O3 -MMD -I. -I./../include -c range.c -o range.o
gcc -Wall -Werror-implicit-function-declaration -g -O3 -MMD -I. -I./../include -c re.c -o re.o
gcc -Wall -Werror-implicit-function-declaration -g -O3 -MMD -I. -I./../include -c regcomp.c -o regcomp.o
gcc -Wall -Werror-implicit-function-declaration -g -O3 -MMD -I. -I./../include -c regenc.c -o regenc.o
gcc -Wall -Werror-implicit-function-declaration -g -O3 -MMD -I. -I./../include -c regerror.c -o regerror.o
gcc -Wall -Werror-implicit-function-declaration -g -O3 -MMD -I. -I./../include -c regexec.c -o regexec.o
gcc -Wall -Werror-implicit-function-declaration -g -O3 -MMD -I. -I./../include -c regparse.c -o regparse.o
gcc -Wall -Werror-implicit-function-declaration -g -O3 -MMD -I. -I./../include -c sprintf.c -o sprintf.o
gcc -Wall -Werror-implicit-function-declaration -g -O3 -MMD -I. -I./../include -c st.c -o st.o
gcc -Wall -Werror-implicit-function-declaration -g -O3 -MMD -I. -I./../include -c state.c -o state.o
gcc -Wall -Werror-implicit-function-declaration -g -O3 -MMD -I. -I./../include -c string.c -o string.o
gcc -Wall -Werror-implicit-function-declaration -g -O3 -MMD -I. -I./../include -c struct.c -o struct.o
gcc -Wall -Werror-implicit-function-declaration -g -O3 -MMD -I. -I./../include -c symbol.c -o symbol.o
gcc -Wall -Werror-implicit-function-declaration -g -O3 -MMD -I. -I./../include -c time.c -o time.o
gcc -Wall -Werror-implicit-function-declaration -g -O3 -MMD -I. -I./../include -c variable.c -o variable.o
gcc -Wall -Werror-implicit-function-declaration -g -O3 -MMD -I. -I./../include -c vm.c -o vm.o
gcc -Wall -Werror-implicit-function-declaration -g -O3 -MMD -I. -I./../include -c ext/digest/digest.c -o ext/digest/digest.o
gcc -Wall -Werror-implicit-function-declaration -g -O3 -MMD -I. -I./../include -c ext/enc/ascii.c -o ext/enc/ascii.o
gcc -Wall -Werror-implicit-function-declaration -g -O3 -MMD -I. -I./../include -c ext/env/env.c -o ext/env/env.o
gcc -Wall -Werror-implicit-function-declaration -g -O3 -MMD -I. -I./../include -c ext/errno/errno.c -o ext/errno/errno.o
gcc -Wall -Werror-implicit-function-declaration -g -O3 -MMD -I. -I./../include -c ext/io/file.c -o ext/io/file.o
gcc -Wall -Werror-implicit-function-declaration -g -O3 -MMD -I. -I./../include -c ext/io/io.c -o ext/io/io.o
gcc -Wall -Werror-implicit-function-declaration -g -O3 -MMD -I. -I./../include -c ext/random/random.c -o ext/random/random.o
gcc -Wall -Werror-implicit-function-declaration -g -O3 -MMD -I. -I./../include -c ext/require/require.c -o ext/require/require.o</textarea></td>
          <td><textarea>regcomp.c: In function 'is_not_included':
regcomp.c:2433:13: warning: variable 'c' set but not used [-Wunused-but-set-variable]
regcomp.c: In function 'update_string_node_case_fold':
regcomp.c:3225:14: warning: variable 'q' set but not used [-Wunused-but-set-variable]
regparse.c: In function 'fetch_escaped_value':
regparse.c:2392:3: warning: variable 'pfetch_prev' set but not used [-Wunused-but-set-variable]
regparse.c: In function 'fetch_name':
regparse.c:2605:3: warning: variable 'pfetch_prev' set but not used [-Wunused-but-set-variable]
regparse.c: In function 'parse_posix_bracket':
regparse.c:3984:3: warning: variable 'pfetch_prev' set but not used [-Wunused-but-set-variable]
regparse.c: In function 'fetch_char_property_to_ctype':
regparse.c:4037:3: warning: variable 'pfetch_prev' set but not used [-Wunused-but-set-variable]
regparse.c: In function 'code_exist_check':
regparse.c:4194:3: warning: variable 'pfetch_prev' set but not used [-Wunused-but-set-variable]
string.c: In function 'mrb_str_sub':
string.c:2411:7: warning: variable 'iter' set but not used [-Wunused-but-set-variable]
ext/io/io.c: In function 'rb_io_close':
ext/io/io.c:491:11: warning: variable 'fd2' set but not used [-Wunused-but-set-variable]
ext/io/io.c:491:7: warning: variable 'fd' set but not used [-Wunused-but-set-variable]
ext/io/io.c: In function 'pipe_open':
ext/io/io.c:937:16: warning: variable 'write_fd' set but not used [-Wunused-but-set-variable]
ext/io/io.c: In function 'mrb_io_s_popen':
ext/io/io.c:1509:13: warning: variable 'io' set but not used [-Wunused-but-set-variable]
ext/io/io.c: In function 'appendlineOld':
ext/io/io.c:552:12: warning: ignoring return value of 'fread', declared with attribute warn_unused_result [-Wunused-result]
ext/io/io.c: In function 'appendline':
ext/io/io.c:653:12: warning: ignoring return value of 'fread', declared with attribute warn_unused_result [-Wunused-result]
ext/require/require.c: In function 'mrb_compile':
ext/require/require.c:238:3: error: too few arguments to function 'mrb_dump_irep'
./../include/mruby/dump.h:18:5: note: declared here
ext/require/require.c: In function 'find_file_check':
ext/require/require.c:88:11: warning: ignoring return value of 'realpath', declared with attribute warn_unused_result [-Wunused-result]
make[1]: *** [ext/require/require.o] Error 1
make: *** [all] Error 2</textarea></td>
        </tr>
        <tr>
          <th>make test</th>
          <td><textarea>gcc -Wall -Werror-implicit-function-declaration -g -O3 -MMD -I. -I./../include -c ext/require/require.c -o ext/require/require.o</textarea></td>
          <td><textarea>ext/require/require.c: In function 'mrb_compile':
ext/require/require.c:238:3: error: too few arguments to function 'mrb_dump_irep'
./../include/mruby/dump.h:18:5: note: declared here
ext/require/require.c: In function 'find_file_check':
ext/require/require.c:88:11: warning: ignoring return value of 'realpath', declared with attribute warn_unused_result [-Wunused-result]
make[1]: *** [ext/require/require.o] Error 1
make: *** [all] Error 2</textarea></td>
        </tr>
        
          <tr>
            <th>posix test</th>
            <td><textarea>###################################
# exec test/posix/dir.sh; start...

###################################
# exec test/posix/env.sh; start...

###################################
# exec test/posix/errno.sh; start...

###################################
# exec test/posix/file.sh; start...

###################################
# exec test/posix/io.sh; start...

###################################
# exec test/posix/process.sh; start...

###################################
# exec test/posix/require.sh; start...

###################################
# exec test/posix/syslog.sh; start...

###################################
POSIX test result: NG
  fail test is :  dir.sh  env.sh  errno.sh  file.sh  io.sh  process.sh  require.sh  syslog.sh
###################################</textarea></td>
            <td><textarea>dir.sh: 18: dir.sh: /home/mruby/mruby-test-tool/tmp/20121214172541-31945-build/iij-mruby-bdb1a7e/test/posix/../../bin/mruby: not found
env: ../../bin/mruby: No such file or directory
errno.sh: 15: errno.sh: ../../bin/mruby: not found
file.sh: 22: file.sh: /home/mruby/mruby-test-tool/tmp/20121214172541-31945-build/iij-mruby-bdb1a7e/test/posix/../../bin/mruby: not found
io.sh: 21: io.sh: ../../bin/mruby: not found
env: /home/mruby/mruby-test-tool/tmp/20121214172541-31945-build/iij-mruby-bdb1a7e/test/posix/../../bin/mruby: No such file or directory
require.sh: 9: require.sh: ../../bin/mrbc: not found
mv: cannot stat `require/mrb0_.mrb': No such file or directory
require.sh: 9: require.sh: ../../bin/mrbc: not found
mv: cannot stat `require/mrb1_.mrb': No such file or directory
require.sh: 15: require.sh: ../../bin/mruby: not found</textarea></td>
          </tr>
        
      </table>
    
      
      <h3><a name="ubuntu64bit">ubuntu64bit</a></h3>
      <table border='1' style="width:90%;">
        <tr>
          <th style="width:100px;">task</th>
          <th>stdout</th>
          <th>stderr</th>
        </tr>
        <tr>
          <th>make</th>
          <td><textarea>gcc -Wall -Werror-implicit-function-declaration -g -O3 -MMD -I. -I./../include -c array.c -o array.o
gcc -Wall -Werror-implicit-function-declaration -g -O3 -MMD -I. -I./../include -c cdump.c -o cdump.o
gcc -Wall -Werror-implicit-function-declaration -g -O3 -MMD -I. -I./../include -c class.c -o class.o
gcc -Wall -Werror-implicit-function-declaration -g -O3 -MMD -I. -I./../include -c codegen.c -o codegen.o
gcc -Wall -Werror-implicit-function-declaration -g -O3 -MMD -I. -I./../include -c compar.c -o compar.o
gcc -Wall -Werror-implicit-function-declaration -g -O3 -MMD -I. -I./../include -c crc.c -o crc.o
gcc -Wall -Werror-implicit-function-declaration -g -O3 -MMD -I. -I./../include -c dump.c -o dump.o
gcc -Wall -Werror-implicit-function-declaration -g -O3 -MMD -I. -I./../include -c enum.c -o enum.o
gcc -Wall -Werror-implicit-function-declaration -g -O3 -MMD -I. -I./../include -c error.c -o error.o
gcc -Wall -Werror-implicit-function-declaration -g -O3 -MMD -I. -I./../include -c etc.c -o etc.o
gcc -Wall -Werror-implicit-function-declaration -g -O3 -MMD -I. -I./../include -c gc.c -o gc.o
gcc -Wall -Werror-implicit-function-declaration -g -O3 -MMD -I. -I./../include -c hash.c -o hash.o
gcc -Wall -Werror-implicit-function-declaration -g -O3 -MMD -I. -I./../include -c init.c -o init.o
gcc -Wall -Werror-implicit-function-declaration -g -O3 -MMD -I. -I./../include -c init_ext.c -o init_ext.o
gcc -Wall -Werror-implicit-function-declaration -g -O3 -MMD -I. -I./../include -c kernel.c -o kernel.o
gcc -Wall -Werror-implicit-function-declaration -g -O3 -MMD -I. -I./../include -c load.c -o load.o
gcc -Wall -Werror-implicit-function-declaration -g -O3 -MMD -I. -I./../include -c math.c -o math.o
gcc -Wall -Werror-implicit-function-declaration -g -O3 -MMD -I. -I./../include -c numeric.c -o numeric.o
gcc -Wall -Werror-implicit-function-declaration -g -O3 -MMD -I. -I./../include -c object.c -o object.o
gcc -Wall -Werror-implicit-function-declaration -g -O3 -MMD -I. -I./../include -c pool.c -o pool.o
gcc -Wall -Werror-implicit-function-declaration -g -O3 -MMD -I. -I./../include -c print.c -o print.o
gcc -Wall -Werror-implicit-function-declaration -g -O3 -MMD -I. -I./../include -c proc.c -o proc.o
gcc -Wall -Werror-implicit-function-declaration -g -O3 -MMD -I. -I./../include -c range.c -o range.o
gcc -Wall -Werror-implicit-function-declaration -g -O3 -MMD -I. -I./../include -c re.c -o re.o
gcc -Wall -Werror-implicit-function-declaration -g -O3 -MMD -I. -I./../include -c regcomp.c -o regcomp.o
gcc -Wall -Werror-implicit-function-declaration -g -O3 -MMD -I. -I./../include -c regenc.c -o regenc.o
gcc -Wall -Werror-implicit-function-declaration -g -O3 -MMD -I. -I./../include -c regerror.c -o regerror.o
gcc -Wall -Werror-implicit-function-declaration -g -O3 -MMD -I. -I./../include -c regexec.c -o regexec.o
gcc -Wall -Werror-implicit-function-declaration -g -O3 -MMD -I. -I./../include -c regparse.c -o regparse.o
gcc -Wall -Werror-implicit-function-declaration -g -O3 -MMD -I. -I./../include -c sprintf.c -o sprintf.o
gcc -Wall -Werror-implicit-function-declaration -g -O3 -MMD -I. -I./../include -c st.c -o st.o
gcc -Wall -Werror-implicit-function-declaration -g -O3 -MMD -I. -I./../include -c state.c -o state.o
gcc -Wall -Werror-implicit-function-declaration -g -O3 -MMD -I. -I./../include -c string.c -o string.o
gcc -Wall -Werror-implicit-function-declaration -g -O3 -MMD -I. -I./../include -c struct.c -o struct.o
gcc -Wall -Werror-implicit-function-declaration -g -O3 -MMD -I. -I./../include -c symbol.c -o symbol.o
gcc -Wall -Werror-implicit-function-declaration -g -O3 -MMD -I. -I./../include -c time.c -o time.o
gcc -Wall -Werror-implicit-function-declaration -g -O3 -MMD -I. -I./../include -c variable.c -o variable.o
gcc -Wall -Werror-implicit-function-declaration -g -O3 -MMD -I. -I./../include -c vm.c -o vm.o
gcc -Wall -Werror-implicit-function-declaration -g -O3 -MMD -I. -I./../include -c ext/digest/digest.c -o ext/digest/digest.o
gcc -Wall -Werror-implicit-function-declaration -g -O3 -MMD -I. -I./../include -c ext/enc/ascii.c -o ext/enc/ascii.o
gcc -Wall -Werror-implicit-function-declaration -g -O3 -MMD -I. -I./../include -c ext/env/env.c -o ext/env/env.o
gcc -Wall -Werror-implicit-function-declaration -g -O3 -MMD -I. -I./../include -c ext/errno/errno.c -o ext/errno/errno.o
gcc -Wall -Werror-implicit-function-declaration -g -O3 -MMD -I. -I./../include -c ext/io/file.c -o ext/io/file.o
gcc -Wall -Werror-implicit-function-declaration -g -O3 -MMD -I. -I./../include -c ext/io/io.c -o ext/io/io.o
gcc -Wall -Werror-implicit-function-declaration -g -O3 -MMD -I. -I./../include -c ext/random/random.c -o ext/random/random.o
gcc -Wall -Werror-implicit-function-declaration -g -O3 -MMD -I. -I./../include -c ext/require/require.c -o ext/require/require.o</textarea></td>
          <td><textarea>regcomp.c: In function 'is_not_included':
regcomp.c:2433:13: warning: variable 'c' set but not used [-Wunused-but-set-variable]
regcomp.c: In function 'update_string_node_case_fold':
regcomp.c:3225:14: warning: variable 'q' set but not used [-Wunused-but-set-variable]
regparse.c: In function 'fetch_escaped_value':
regparse.c:2392:3: warning: variable 'pfetch_prev' set but not used [-Wunused-but-set-variable]
regparse.c: In function 'fetch_name':
regparse.c:2605:3: warning: variable 'pfetch_prev' set but not used [-Wunused-but-set-variable]
regparse.c: In function 'parse_posix_bracket':
regparse.c:3984:3: warning: variable 'pfetch_prev' set but not used [-Wunused-but-set-variable]
regparse.c: In function 'fetch_char_property_to_ctype':
regparse.c:4037:3: warning: variable 'pfetch_prev' set but not used [-Wunused-but-set-variable]
regparse.c: In function 'code_exist_check':
regparse.c:4194:3: warning: variable 'pfetch_prev' set but not used [-Wunused-but-set-variable]
string.c: In function 'mrb_str_sub':
string.c:2411:7: warning: variable 'iter' set but not used [-Wunused-but-set-variable]
ext/io/io.c: In function 'rb_io_close':
ext/io/io.c:491:11: warning: variable 'fd2' set but not used [-Wunused-but-set-variable]
ext/io/io.c:491:7: warning: variable 'fd' set but not used [-Wunused-but-set-variable]
ext/io/io.c: In function 'pipe_open':
ext/io/io.c:937:16: warning: variable 'write_fd' set but not used [-Wunused-but-set-variable]
ext/io/io.c: In function 'mrb_io_s_popen':
ext/io/io.c:1509:13: warning: variable 'io' set but not used [-Wunused-but-set-variable]
ext/io/io.c: In function 'appendlineOld':
ext/io/io.c:552:12: warning: ignoring return value of 'fread', declared with attribute warn_unused_result [-Wunused-result]
ext/io/io.c: In function 'appendline':
ext/io/io.c:653:12: warning: ignoring return value of 'fread', declared with attribute warn_unused_result [-Wunused-result]
ext/require/require.c: In function 'mrb_compile':
ext/require/require.c:238:3: error: too few arguments to function 'mrb_dump_irep'
./../include/mruby/dump.h:18:5: note: declared here
ext/require/require.c: In function 'find_file_check':
ext/require/require.c:88:11: warning: ignoring return value of 'realpath', declared with attribute warn_unused_result [-Wunused-result]
make[1]: *** [ext/require/require.o] Error 1
make: *** [all] Error 2</textarea></td>
        </tr>
        <tr>
          <th>make test</th>
          <td><textarea>gcc -Wall -Werror-implicit-function-declaration -g -O3 -MMD -I. -I./../include -c ext/require/require.c -o ext/require/require.o</textarea></td>
          <td><textarea>ext/require/require.c: In function 'mrb_compile':
ext/require/require.c:238:3: error: too few arguments to function 'mrb_dump_irep'
./../include/mruby/dump.h:18:5: note: declared here
ext/require/require.c: In function 'find_file_check':
ext/require/require.c:88:11: warning: ignoring return value of 'realpath', declared with attribute warn_unused_result [-Wunused-result]
make[1]: *** [ext/require/require.o] Error 1
make: *** [all] Error 2</textarea></td>
        </tr>
        
          <tr>
            <th>posix test</th>
            <td><textarea>###################################
# exec test/posix/dir.sh; start...

###################################
# exec test/posix/env.sh; start...

###################################
# exec test/posix/errno.sh; start...

###################################
# exec test/posix/file.sh; start...

###################################
# exec test/posix/io.sh; start...

###################################
# exec test/posix/process.sh; start...

###################################
# exec test/posix/require.sh; start...

###################################
# exec test/posix/syslog.sh; start...

###################################
POSIX test result: NG
  fail test is :  dir.sh  env.sh  errno.sh  file.sh  io.sh  process.sh  require.sh  syslog.sh
###################################</textarea></td>
            <td><textarea>dir.sh: 18: dir.sh: /home/mruby/mruby-test-tool/tmp/20121214172541-1573-build/iij-mruby-bdb1a7e/test/posix/../../bin/mruby: not found
env: ../../bin/mruby: No such file or directory
errno.sh: 15: errno.sh: ../../bin/mruby: not found
file.sh: 22: file.sh: /home/mruby/mruby-test-tool/tmp/20121214172541-1573-build/iij-mruby-bdb1a7e/test/posix/../../bin/mruby: not found
io.sh: 21: io.sh: ../../bin/mruby: not found
env: /home/mruby/mruby-test-tool/tmp/20121214172541-1573-build/iij-mruby-bdb1a7e/test/posix/../../bin/mruby: No such file or directory
require.sh: 9: require.sh: ../../bin/mrbc: not found
mv: cannot stat `require/mrb0_.mrb': No such file or directory
require.sh: 9: require.sh: ../../bin/mrbc: not found
mv: cannot stat `require/mrb1_.mrb': No such file or directory
require.sh: 15: require.sh: ../../bin/mruby: not found</textarea></td>
          </tr>
        
      </table>
    
  </body>
</html>
