<html>
  <head>
    <meta http-equiv="content-type" content="text/html; charset=UTF-8"/>
    <title>mruby build & test report</title>
    <style>
      pre {
        white-space: -moz-pre-wrap; /* Mozilla */
        white-space: -pre-wrap;     /* Opera 4-6 */
        white-space: -o-pre-wrap;   /* Opera 7 */
        white-space: pre-wrap;      /* CSS3 */
        word-wrap: break-word;      /* IE 5.5+ */
      }
      textarea {
        width: 100%;
        height: 400px;
        font-family: monospace !important;
        font-size: 12px !important;
      }
    </style>
  </head>
  <body>
    <a name="top"></a>
    <div style="background-color:#a0a0a0;">
      
        
        <a href="mruby-mruby.html">mruby-mruby</a>
      
        
        <a href="iij-mruby.html">iij-mruby</a>
      
    </div>

    
    

    <h1>mruby build & test report
      <span style="font-size:small;">(iij/mruby - 83d91b9)</span>
    </h1>

    <ul>
      <li><a href="http://github.com/iij/mruby/commit/83d91b9" target="_blank">commit info on github</a></li>
      
      
        
        
        
          <li><a href="iij-mruby.html">back to iij-mruby</a></li>
        
      
      <li>
      <pre>commit 83d91b935a1fd38289573aa84456e3d37901b83e
Author: Masaki Muranaka &lt;monaka@monami-ya.jp&gt;
Date:   Mon Jan 7 15:07:44 2013 +0900

    Remove DEBUG macro definitions.

</pre>
      <a href="#commitlog">commit log</a>
      </li>
  </ul>

    <h2>mrbtest</h2>
    <table border="1">
      <tr>
        
          <th>Name</th>
        
          <th>Build-Status</th>
        
          <th>Mrbtest-Status</th>
        
          <th>Total</th>
        
          <th>OK</th>
        
          <th>KO</th>
        
          <th>Crash</th>
        
          <th>Fail</th>
        
          <th>Msg</th>
        
      </tr>
      
        
        
        <tr style="background-color:#ff9999">
          <td><a href="#centos32bit">centos32bit</a></td>
          <td>failed</td>
          <td>failed</td>
          <td>0</td>
          <td>0</td>
          <td>0</td>
          <td>0</td>
          <td></td>
          <td></td>
        </tr>
      
        
        
        <tr style="background-color:#ff9999">
          <td><a href="#centos64bit">centos64bit</a></td>
          <td>failed</td>
          <td>failed</td>
          <td>0</td>
          <td>0</td>
          <td>0</td>
          <td>0</td>
          <td></td>
          <td></td>
        </tr>
      
        
        
        <tr style="background-color:#ff9999">
          <td><a href="#freebsd32bit">freebsd32bit</a></td>
          <td>failed</td>
          <td>failed</td>
          <td>0</td>
          <td>0</td>
          <td>0</td>
          <td>0</td>
          <td></td>
          <td></td>
        </tr>
      
        
        
        <tr style="background-color:#ff9999">
          <td><a href="#freebsd64bit">freebsd64bit</a></td>
          <td>failed</td>
          <td>failed</td>
          <td>0</td>
          <td>0</td>
          <td>0</td>
          <td>0</td>
          <td></td>
          <td></td>
        </tr>
      
        
        
        <tr style="background-color:#ff9999">
          <td><a href="#mac-lion">mac-lion</a></td>
          <td>failed</td>
          <td>failed</td>
          <td>0</td>
          <td>0</td>
          <td>0</td>
          <td>0</td>
          <td></td>
          <td></td>
        </tr>
      
        
        
        <tr style="background-color:#ff9999">
          <td><a href="#mac-ppc">mac-ppc</a></td>
          <td>failed</td>
          <td>failed</td>
          <td>0</td>
          <td>0</td>
          <td>0</td>
          <td>0</td>
          <td></td>
          <td></td>
        </tr>
      
        
        
        <tr style="background-color:#ff9999">
          <td><a href="#netbsd32bit">netbsd32bit</a></td>
          <td>failed</td>
          <td>failed</td>
          <td>0</td>
          <td>0</td>
          <td>0</td>
          <td>0</td>
          <td></td>
          <td></td>
        </tr>
      
        
        
        <tr style="background-color:#ff9999">
          <td><a href="#netbsd64bit">netbsd64bit</a></td>
          <td>failed</td>
          <td>failed</td>
          <td>0</td>
          <td>0</td>
          <td>0</td>
          <td>0</td>
          <td></td>
          <td></td>
        </tr>
      
        
        
        <tr style="background-color:#ff9999">
          <td><a href="#netbsd_arm">netbsd_arm</a></td>
          <td>failed</td>
          <td>failed</td>
          <td>0</td>
          <td>0</td>
          <td>0</td>
          <td>0</td>
          <td></td>
          <td></td>
        </tr>
      
        
        
        <tr style="background-color:#ff9999">
          <td><a href="#netbsd_mips">netbsd_mips</a></td>
          <td>failed</td>
          <td>failed</td>
          <td>0</td>
          <td>0</td>
          <td>0</td>
          <td>0</td>
          <td></td>
          <td></td>
        </tr>
      
        
        
        <tr style="background-color:#ff9999">
          <td><a href="#openbsd32bit">openbsd32bit</a></td>
          <td>failed</td>
          <td>failed</td>
          <td>0</td>
          <td>0</td>
          <td>0</td>
          <td>0</td>
          <td></td>
          <td></td>
        </tr>
      
        
        
        <tr style="background-color:#ff9999">
          <td><a href="#openbsd64bit">openbsd64bit</a></td>
          <td>failed</td>
          <td>failed</td>
          <td>0</td>
          <td>0</td>
          <td>0</td>
          <td>0</td>
          <td></td>
          <td></td>
        </tr>
      
        
        
        <tr style="background-color:#ff9999">
          <td><a href="#ubuntu32bit">ubuntu32bit</a></td>
          <td>failed</td>
          <td>failed</td>
          <td>0</td>
          <td>0</td>
          <td>0</td>
          <td>0</td>
          <td></td>
          <td></td>
        </tr>
      
        
        
        <tr style="background-color:#ff9999">
          <td><a href="#ubuntu64bit">ubuntu64bit</a></td>
          <td>failed</td>
          <td>failed</td>
          <td>0</td>
          <td>0</td>
          <td>0</td>
          <td>0</td>
          <td></td>
          <td></td>
        </tr>
      
    </table>

    

    <h2>environment <span style="font-size:small;"><a href="#top">#top</a></span></h2>
    <table border='1'>
      <tr>
        <th>Name</th>
        <th>software version</th>
      </tr>
      
        
        <tr>
          <td rowspan="3">centos32bit</td>
          <td><b>gcc</b><br/><pre>gcc (GCC) 4.4.6 20120305 (Red Hat 4.4.6-4)
Copyright (C) 2010 Free Software Foundation, Inc.
This is free software; see the source for copying conditions.  There is NO
warranty; not even for MERCHANTABILITY or FITNESS FOR A PARTICULAR PURPOSE.</pre></td>
        </tr>
        <tr><td><b>make</b><br/><pre>GNU Make 3.81
Copyright (C) 2006  Free Software Foundation, Inc.
This is free software; see the source for copying conditions.
There is NO warranty; not even for MERCHANTABILITY or FITNESS FOR A
PARTICULAR PURPOSE.

This program built for i386-redhat-linux-gnu</pre></td></tr>
        <tr><td><b>bison</b><br/><pre>bison (GNU Bison) 2.4.1
Written by Robert Corbett and Richard Stallman.

Copyright (C) 2008 Free Software Foundation, Inc.
This is free software; see the source for copying conditions.  There is NO
warranty; not even for MERCHANTABILITY or FITNESS FOR A PARTICULAR PURPOSE.</pre></td></tr>
      
        
        <tr>
          <td rowspan="3">centos64bit</td>
          <td><b>gcc</b><br/><pre>gcc (GCC) 4.4.6 20120305 (Red Hat 4.4.6-4)
Copyright (C) 2010 Free Software Foundation, Inc.
This is free software; see the source for copying conditions.  There is NO
warranty; not even for MERCHANTABILITY or FITNESS FOR A PARTICULAR PURPOSE.</pre></td>
        </tr>
        <tr><td><b>make</b><br/><pre>GNU Make 3.81
Copyright (C) 2006  Free Software Foundation, Inc.
This is free software; see the source for copying conditions.
There is NO warranty; not even for MERCHANTABILITY or FITNESS FOR A
PARTICULAR PURPOSE.

This program built for x86_64-redhat-linux-gnu</pre></td></tr>
        <tr><td><b>bison</b><br/><pre>bison (GNU Bison) 2.4.1
Written by Robert Corbett and Richard Stallman.

Copyright (C) 2008 Free Software Foundation, Inc.
This is free software; see the source for copying conditions.  There is NO
warranty; not even for MERCHANTABILITY or FITNESS FOR A PARTICULAR PURPOSE.</pre></td></tr>
      
        
        <tr>
          <td rowspan="3">freebsd32bit</td>
          <td><b>gcc</b><br/><pre>gcc (GCC) 4.2.1 20070831 patched [FreeBSD]
Copyright (C) 2007 Free Software Foundation, Inc.
This is free software; see the source for copying conditions.  There is NO
warranty; not even for MERCHANTABILITY or FITNESS FOR A PARTICULAR PURPOSE.</pre></td>
        </tr>
        <tr><td><b>make</b><br/><pre>GNU Make 3.82
Built for i386-portbld-freebsd9.0
Copyright (C) 2010  Free Software Foundation, Inc.
License GPLv3+: GNU GPL version 3 or later <http://gnu.org/licenses/gpl.html>
This is free software: you are free to change and redistribute it.
There is NO WARRANTY, to the extent permitted by law.</pre></td></tr>
        <tr><td><b>bison</b><br/><pre>bison (GNU Bison) 2.4.3
Written by Robert Corbett and Richard Stallman.

Copyright (C) 2010 Free Software Foundation, Inc.
This is free software; see the source for copying conditions.  There is NO
warranty; not even for MERCHANTABILITY or FITNESS FOR A PARTICULAR PURPOSE.</pre></td></tr>
      
        
        <tr>
          <td rowspan="3">freebsd64bit</td>
          <td><b>gcc</b><br/><pre>gcc (GCC) 4.2.1 20070831 patched [FreeBSD]
Copyright (C) 2007 Free Software Foundation, Inc.
This is free software; see the source for copying conditions.  There is NO
warranty; not even for MERCHANTABILITY or FITNESS FOR A PARTICULAR PURPOSE.</pre></td>
        </tr>
        <tr><td><b>make</b><br/><pre>GNU Make 3.82
Built for amd64-portbld-freebsd9.0
Copyright (C) 2010  Free Software Foundation, Inc.
License GPLv3+: GNU GPL version 3 or later <http://gnu.org/licenses/gpl.html>
This is free software: you are free to change and redistribute it.
There is NO WARRANTY, to the extent permitted by law.</pre></td></tr>
        <tr><td><b>bison</b><br/><pre>bison (GNU Bison) 2.4.3
Written by Robert Corbett and Richard Stallman.

Copyright (C) 2010 Free Software Foundation, Inc.
This is free software; see the source for copying conditions.  There is NO
warranty; not even for MERCHANTABILITY or FITNESS FOR A PARTICULAR PURPOSE.</pre></td></tr>
      
        
        <tr>
          <td rowspan="3">mac-lion</td>
          <td><b>gcc</b><br/><pre>i686-apple-darwin11-llvm-gcc-4.2 (GCC) 4.2.1 (Based on Apple Inc. build 5658) (LLVM build 2336.11.00)
Copyright (C) 2007 Free Software Foundation, Inc.
This is free software; see the source for copying conditions.  There is NO
warranty; not even for MERCHANTABILITY or FITNESS FOR A PARTICULAR PURPOSE.</pre></td>
        </tr>
        <tr><td><b>make</b><br/><pre>GNU Make 3.81
Copyright (C) 2006  Free Software Foundation, Inc.
This is free software; see the source for copying conditions.
There is NO warranty; not even for MERCHANTABILITY or FITNESS FOR A
PARTICULAR PURPOSE.

This program built for i386-apple-darwin11.3.0</pre></td></tr>
        <tr><td><b>bison</b><br/><pre>bison (GNU Bison) 2.3
Written by Robert Corbett and Richard Stallman.

Copyright (C) 2006 Free Software Foundation, Inc.
This is free software; see the source for copying conditions.  There is NO
warranty; not even for MERCHANTABILITY or FITNESS FOR A PARTICULAR PURPOSE.</pre></td></tr>
      
        
        <tr>
          <td rowspan="3">mac-ppc</td>
          <td><b>gcc</b><br/><pre>powerpc-apple-darwin9-gcc-4.0.1 (GCC) 4.0.1 (Apple Inc. build 5493)
Copyright (C) 2005 Free Software Foundation, Inc.
This is free software; see the source for copying conditions.  There is NO
warranty; not even for MERCHANTABILITY or FITNESS FOR A PARTICULAR PURPOSE.</pre></td>
        </tr>
        <tr><td><b>make</b><br/><pre>GNU Make 3.81
Copyright (C) 2006  Free Software Foundation, Inc.
This is free software; see the source for copying conditions.
There is NO warranty; not even for MERCHANTABILITY or FITNESS FOR A
PARTICULAR PURPOSE.

This program built for powerpc-apple-darwin9.0</pre></td></tr>
        <tr><td><b>bison</b><br/><pre>bison (GNU Bison) 2.3
Written by Robert Corbett and Richard Stallman.

Copyright (C) 2006 Free Software Foundation, Inc.
This is free software; see the source for copying conditions.  There is NO
warranty; not even for MERCHANTABILITY or FITNESS FOR A PARTICULAR PURPOSE.</pre></td></tr>
      
        
        <tr>
          <td rowspan="3">netbsd32bit</td>
          <td><b>gcc</b><br/><pre>gcc (GCC) 4.1.3 20080704 prerelease (NetBSD nb2 20081120)
Copyright (C) 2006 Free Software Foundation, Inc.
This is free software; see the source for copying conditions.  There is NO
warranty; not even for MERCHANTABILITY or FITNESS FOR A PARTICULAR PURPOSE.</pre></td>
        </tr>
        <tr><td><b>make</b><br/><pre>GNU Make 3.82
Built for i386--netbsdelf
Copyright (C) 2010  Free Software Foundation, Inc.
License GPLv3+: GNU GPL version 3 or later <http://gnu.org/licenses/gpl.html>
This is free software: you are free to change and redistribute it.
There is NO WARRANTY, to the extent permitted by law.</pre></td></tr>
        <tr><td><b>bison</b><br/><pre>bison (GNU Bison) 2.5.1
Written by Robert Corbett and Richard Stallman.

Copyright (C) 2012 Free Software Foundation, Inc.
This is free software; see the source for copying conditions.  There is NO
warranty; not even for MERCHANTABILITY or FITNESS FOR A PARTICULAR PURPOSE.</pre></td></tr>
      
        
        <tr>
          <td rowspan="3">netbsd64bit</td>
          <td><b>gcc</b><br/><pre>gcc (GCC) 4.1.3 20080704 prerelease (NetBSD nb2 20081120)
Copyright (C) 2006 Free Software Foundation, Inc.
This is free software; see the source for copying conditions.  There is NO
warranty; not even for MERCHANTABILITY or FITNESS FOR A PARTICULAR PURPOSE.</pre></td>
        </tr>
        <tr><td><b>make</b><br/><pre>GNU Make 3.82
Built for x86_64--netbsd
Copyright (C) 2010  Free Software Foundation, Inc.
License GPLv3+: GNU GPL version 3 or later <http://gnu.org/licenses/gpl.html>
This is free software: you are free to change and redistribute it.
There is NO WARRANTY, to the extent permitted by law.</pre></td></tr>
        <tr><td><b>bison</b><br/><pre>bison (GNU Bison) 2.5.1
Written by Robert Corbett and Richard Stallman.

Copyright (C) 2012 Free Software Foundation, Inc.
This is free software; see the source for copying conditions.  There is NO
warranty; not even for MERCHANTABILITY or FITNESS FOR A PARTICULAR PURPOSE.</pre></td></tr>
      
        
        <tr>
          <td rowspan="3">netbsd_arm</td>
          <td><b>gcc</b><br/><pre></pre></td>
        </tr>
        <tr><td><b>make</b><br/><pre></pre></td></tr>
        <tr><td><b>bison</b><br/><pre></pre></td></tr>
      
        
        <tr>
          <td rowspan="3">netbsd_mips</td>
          <td><b>gcc</b><br/><pre></pre></td>
        </tr>
        <tr><td><b>make</b><br/><pre></pre></td></tr>
        <tr><td><b>bison</b><br/><pre></pre></td></tr>
      
        
        <tr>
          <td rowspan="3">openbsd32bit</td>
          <td><b>gcc</b><br/><pre>gcc (GCC) 4.2.1 20070719 
Copyright (C) 2007 Free Software Foundation, Inc.
This is free software; see the source for copying conditions.  There is NO
warranty; not even for MERCHANTABILITY or FITNESS FOR A PARTICULAR PURPOSE.</pre></td>
        </tr>
        <tr><td><b>make</b><br/><pre>GNU Make 3.82
Built for i386-unknown-openbsd5.1
Copyright (C) 2010  Free Software Foundation, Inc.
License GPLv3+: GNU GPL version 3 or later <http://gnu.org/licenses/gpl.html>
This is free software: you are free to change and redistribute it.
There is NO WARRANTY, to the extent permitted by law.</pre></td></tr>
        <tr><td><b>bison</b><br/><pre>bison (GNU Bison) 2.3
Written by Robert Corbett and Richard Stallman.

Copyright (C) 2006 Free Software Foundation, Inc.
This is free software; see the source for copying conditions.  There is NO
warranty; not even for MERCHANTABILITY or FITNESS FOR A PARTICULAR PURPOSE.</pre></td></tr>
      
        
        <tr>
          <td rowspan="3">openbsd64bit</td>
          <td><b>gcc</b><br/><pre>gcc (GCC) 4.2.1 20070719 
Copyright (C) 2007 Free Software Foundation, Inc.
This is free software; see the source for copying conditions.  There is NO
warranty; not even for MERCHANTABILITY or FITNESS FOR A PARTICULAR PURPOSE.</pre></td>
        </tr>
        <tr><td><b>make</b><br/><pre>GNU Make 3.82
Built for x86_64-unknown-openbsd5.1
Copyright (C) 2010  Free Software Foundation, Inc.
License GPLv3+: GNU GPL version 3 or later <http://gnu.org/licenses/gpl.html>
This is free software: you are free to change and redistribute it.
There is NO WARRANTY, to the extent permitted by law.</pre></td></tr>
        <tr><td><b>bison</b><br/><pre>bison (GNU Bison) 2.3
Written by Robert Corbett and Richard Stallman.

Copyright (C) 2006 Free Software Foundation, Inc.
This is free software; see the source for copying conditions.  There is NO
warranty; not even for MERCHANTABILITY or FITNESS FOR A PARTICULAR PURPOSE.</pre></td></tr>
      
        
        <tr>
          <td rowspan="3">ubuntu32bit</td>
          <td><b>gcc</b><br/><pre>gcc (Ubuntu/Linaro 4.6.3-1ubuntu5) 4.6.3
Copyright (C) 2011 Free Software Foundation, Inc.
This is free software; see the source for copying conditions.  There is NO
warranty; not even for MERCHANTABILITY or FITNESS FOR A PARTICULAR PURPOSE.</pre></td>
        </tr>
        <tr><td><b>make</b><br/><pre>GNU Make 3.81
Copyright (C) 2006  Free Software Foundation, Inc.
This is free software; see the source for copying conditions.
There is NO warranty; not even for MERCHANTABILITY or FITNESS FOR A
PARTICULAR PURPOSE.

This program built for i686-pc-linux-gnu</pre></td></tr>
        <tr><td><b>bison</b><br/><pre>bison (GNU Bison) 2.5
Written by Robert Corbett and Richard Stallman.

Copyright (C) 2011 Free Software Foundation, Inc.
This is free software; see the source for copying conditions.  There is NO
warranty; not even for MERCHANTABILITY or FITNESS FOR A PARTICULAR PURPOSE.</pre></td></tr>
      
        
        <tr>
          <td rowspan="3">ubuntu64bit</td>
          <td><b>gcc</b><br/><pre>gcc (Ubuntu/Linaro 4.6.3-1ubuntu5) 4.6.3
Copyright (C) 2011 Free Software Foundation, Inc.
This is free software; see the source for copying conditions.  There is NO
warranty; not even for MERCHANTABILITY or FITNESS FOR A PARTICULAR PURPOSE.</pre></td>
        </tr>
        <tr><td><b>make</b><br/><pre>GNU Make 3.81
Copyright (C) 2006  Free Software Foundation, Inc.
This is free software; see the source for copying conditions.
There is NO warranty; not even for MERCHANTABILITY or FITNESS FOR A
PARTICULAR PURPOSE.

This program built for x86_64-pc-linux-gnu</pre></td></tr>
        <tr><td><b>bison</b><br/><pre>bison (GNU Bison) 2.5
Written by Robert Corbett and Richard Stallman.

Copyright (C) 2011 Free Software Foundation, Inc.
This is free software; see the source for copying conditions.  There is NO
warranty; not even for MERCHANTABILITY or FITNESS FOR A PARTICULAR PURPOSE.</pre></td></tr>
      
    </table>

    <h2>Build Log</h2>
    
      
      <h3><a name="centos32bit">centos32bit</a> <span style="font-size:small;"><a href="#top">#top</a></span></h3>
      <table border='1' style="width:90%;">
        <tr>
          <th style="width:100px;">task</th>
          <th>stdout</th>
          <th>stderr</th>
        </tr>
        <tr>
          <th>make</th>
          <td><textarea>(in /home/mruby/mruby-test-tool/tmp/20130116133409-23236-build/iij-mruby-83d91b9)
"gcc" -DDISABLE_GEMS -MMD -g -O3 -Wall -Werror-implicit-function-declaration -I"/home/mruby/mruby-test-tool/tmp/20130116133409-23236-build/iij-mruby-83d91b9/include" -o "build/host/tools/mruby/mruby.o" -c "tools/mruby/mruby.c"
"gcc" -DDISABLE_GEMS -MMD -g -O3 -Wall -Werror-implicit-function-declaration -I"/home/mruby/mruby-test-tool/tmp/20130116133409-23236-build/iij-mruby-83d91b9/include" -o "build/host/src/etc.o" -c "src/etc.c"
"gcc" -DDISABLE_GEMS -MMD -g -O3 -Wall -Werror-implicit-function-declaration -I"/home/mruby/mruby-test-tool/tmp/20130116133409-23236-build/iij-mruby-83d91b9/include" -o "build/host/src/crc.o" -c "src/crc.c"
"gcc" -DDISABLE_GEMS -MMD -g -O3 -Wall -Werror-implicit-function-declaration -I"/home/mruby/mruby-test-tool/tmp/20130116133409-23236-build/iij-mruby-83d91b9/include" -o "build/host/src/numeric.o" -c "src/numeric.c"
"gcc" -DDISABLE_GEMS -MMD -g -O3 -Wall -Werror-implicit-function-declaration -I"/home/mruby/mruby-test-tool/tmp/20130116133409-23236-build/iij-mruby-83d91b9/include" -o "build/host/src/class.o" -c "src/class.c"
"gcc" -DDISABLE_GEMS -MMD -g -O3 -Wall -Werror-implicit-function-declaration -I"/home/mruby/mruby-test-tool/tmp/20130116133409-23236-build/iij-mruby-83d91b9/include" -o "build/host/src/range.o" -c "src/range.c"
"gcc" -DDISABLE_GEMS -MMD -g -O3 -Wall -Werror-implicit-function-declaration -I"/home/mruby/mruby-test-tool/tmp/20130116133409-23236-build/iij-mruby-83d91b9/include" -o "build/host/src/codegen.o" -c "src/codegen.c"
"gcc" -DDISABLE_GEMS -MMD -g -O3 -Wall -Werror-implicit-function-declaration -I"/home/mruby/mruby-test-tool/tmp/20130116133409-23236-build/iij-mruby-83d91b9/include" -o "build/host/src/compar.o" -c "src/compar.c"
"gcc" -DDISABLE_GEMS -MMD -g -O3 -Wall -Werror-implicit-function-declaration -I"/home/mruby/mruby-test-tool/tmp/20130116133409-23236-build/iij-mruby-83d91b9/include" -o "build/host/src/variable.o" -c "src/variable.c"
"gcc" -DDISABLE_GEMS -MMD -g -O3 -Wall -Werror-implicit-function-declaration -I"/home/mruby/mruby-test-tool/tmp/20130116133409-23236-build/iij-mruby-83d91b9/include" -o "build/host/src/state.o" -c "src/state.c"
"gcc" -DDISABLE_GEMS -MMD -g -O3 -Wall -Werror-implicit-function-declaration -I"/home/mruby/mruby-test-tool/tmp/20130116133409-23236-build/iij-mruby-83d91b9/include" -o "build/host/src/proc.o" -c "src/proc.c"
"gcc" -DDISABLE_GEMS -MMD -g -O3 -Wall -Werror-implicit-function-declaration -I"/home/mruby/mruby-test-tool/tmp/20130116133409-23236-build/iij-mruby-83d91b9/include" -o "build/host/src/math.o" -c "src/math.c"
"gcc" -DDISABLE_GEMS -MMD -g -O3 -Wall -Werror-implicit-function-declaration -I"/home/mruby/mruby-test-tool/tmp/20130116133409-23236-build/iij-mruby-83d91b9/include" -o "build/host/src/load.o" -c "src/load.c"
"gcc" -DDISABLE_GEMS -MMD -g -O3 -Wall -Werror-implicit-function-declaration -I"/home/mruby/mruby-test-tool/tmp/20130116133409-23236-build/iij-mruby-83d91b9/include" -o "build/host/src/regparse.o" -c "src/regparse.c"
"gcc" -DDISABLE_GEMS -MMD -g -O3 -Wall -Werror-implicit-function-declaration -I"/home/mruby/mruby-test-tool/tmp/20130116133409-23236-build/iij-mruby-83d91b9/include" -o "build/host/src/regexec.o" -c "src/regexec.c"
"gcc" -DDISABLE_GEMS -MMD -g -O3 -Wall -Werror-implicit-function-declaration -I"/home/mruby/mruby-test-tool/tmp/20130116133409-23236-build/iij-mruby-83d91b9/include" -o "build/host/src/sprintf.o" -c "src/sprintf.c"
"gcc" -DDISABLE_GEMS -MMD -g -O3 -Wall -Werror-implicit-function-declaration -I"/home/mruby/mruby-test-tool/tmp/20130116133409-23236-build/iij-mruby-83d91b9/include" -o "build/host/src/gc.o" -c "src/gc.c"
rake aborted!
Command Failed: ["gcc" -DDISABLE_GEMS -MMD -g -O3 -Wall -Werror-implicit-function-declaration -I"/home/mruby/mruby-test-tool/tmp/20130116133409-23236-build/iij-mruby-83d91b9/include" -o "build/host/src/gc.o" -c "src/gc.c"]</textarea></td>
          <td><textarea>src/load.c: In function 'mrb_read_irep_file':
src/load.c:141: warning: 'hex2' may be used uninitialized in this function
src/load.c:141: note: 'hex2' was declared here
src/gc.c: In function 'obj_free':
src/gc.c:507: error: implicit declaration of function 'DEBUG'
src/gc.c:507: error: implicit declaration of function 'printf'
src/gc.c:507: warning: incompatible implicit declaration of built-in function 'printf'</textarea></td>
        </tr>
        <tr>
          <th>make test</th>
          <td><textarea>(in /home/mruby/mruby-test-tool/tmp/20130116133409-23236-build/iij-mruby-83d91b9)
"gcc" -DDISABLE_GEMS -MMD -g -O3 -Wall -Werror-implicit-function-declaration -I"/home/mruby/mruby-test-tool/tmp/20130116133409-23236-build/iij-mruby-83d91b9/include" -o "build/host/test/driver.o" -c "test/driver.c"
"gcc" -DDISABLE_GEMS -MMD -g -O3 -Wall -Werror-implicit-function-declaration -I"/home/mruby/mruby-test-tool/tmp/20130116133409-23236-build/iij-mruby-83d91b9/include" -o "build/host/tools/mrbc/mrbc.o" -c "tools/mrbc/mrbc.c"
"gcc" -DDISABLE_GEMS -MMD -g -O3 -Wall -Werror-implicit-function-declaration -I"/home/mruby/mruby-test-tool/tmp/20130116133409-23236-build/iij-mruby-83d91b9/include" -o "build/host/src/gc.o" -c "src/gc.c"
rake aborted!
Command Failed: ["gcc" -DDISABLE_GEMS -MMD -g -O3 -Wall -Werror-implicit-function-declaration -I"/home/mruby/mruby-test-tool/tmp/20130116133409-23236-build/iij-mruby-83d91b9/include" -o "build/host/src/gc.o" -c "src/gc.c"]</textarea></td>
          <td><textarea>src/gc.c: In function 'obj_free':
src/gc.c:507: error: implicit declaration of function 'DEBUG'
src/gc.c:507: error: implicit declaration of function 'printf'
src/gc.c:507: warning: incompatible implicit declaration of built-in function 'printf'</textarea></td>
        </tr>
        
      </table>
    
      
      <h3><a name="centos64bit">centos64bit</a> <span style="font-size:small;"><a href="#top">#top</a></span></h3>
      <table border='1' style="width:90%;">
        <tr>
          <th style="width:100px;">task</th>
          <th>stdout</th>
          <th>stderr</th>
        </tr>
        <tr>
          <th>make</th>
          <td><textarea>(in /home/mruby/mruby-test-tool/tmp/20130116133409-11002-build/iij-mruby-83d91b9)
"gcc" -DDISABLE_GEMS -MMD -g -O3 -Wall -Werror-implicit-function-declaration -I"/home/mruby/mruby-test-tool/tmp/20130116133409-11002-build/iij-mruby-83d91b9/include" -o "build/host/tools/mruby/mruby.o" -c "tools/mruby/mruby.c"
"gcc" -DDISABLE_GEMS -MMD -g -O3 -Wall -Werror-implicit-function-declaration -I"/home/mruby/mruby-test-tool/tmp/20130116133409-11002-build/iij-mruby-83d91b9/include" -o "build/host/src/regerror.o" -c "src/regerror.c"
"gcc" -DDISABLE_GEMS -MMD -g -O3 -Wall -Werror-implicit-function-declaration -I"/home/mruby/mruby-test-tool/tmp/20130116133409-11002-build/iij-mruby-83d91b9/include" -o "build/host/src/gc.o" -c "src/gc.c"
rake aborted!
Command Failed: ["gcc" -DDISABLE_GEMS -MMD -g -O3 -Wall -Werror-implicit-function-declaration -I"/home/mruby/mruby-test-tool/tmp/20130116133409-11002-build/iij-mruby-83d91b9/include" -o "build/host/src/gc.o" -c "src/gc.c"]</textarea></td>
          <td><textarea>src/gc.c: In function 'obj_free':
src/gc.c:507: error: implicit declaration of function 'DEBUG'
src/gc.c:507: error: implicit declaration of function 'printf'
src/gc.c:507: warning: incompatible implicit declaration of built-in function 'printf'</textarea></td>
        </tr>
        <tr>
          <th>make test</th>
          <td><textarea>(in /home/mruby/mruby-test-tool/tmp/20130116133409-11002-build/iij-mruby-83d91b9)
"gcc" -DDISABLE_GEMS -MMD -g -O3 -Wall -Werror-implicit-function-declaration -I"/home/mruby/mruby-test-tool/tmp/20130116133409-11002-build/iij-mruby-83d91b9/include" -o "build/host/test/driver.o" -c "test/driver.c"
"gcc" -DDISABLE_GEMS -MMD -g -O3 -Wall -Werror-implicit-function-declaration -I"/home/mruby/mruby-test-tool/tmp/20130116133409-11002-build/iij-mruby-83d91b9/include" -o "build/host/tools/mrbc/mrbc.o" -c "tools/mrbc/mrbc.c"
"gcc" -DDISABLE_GEMS -MMD -g -O3 -Wall -Werror-implicit-function-declaration -I"/home/mruby/mruby-test-tool/tmp/20130116133409-11002-build/iij-mruby-83d91b9/include" -o "build/host/src/gc.o" -c "src/gc.c"
rake aborted!
Command Failed: ["gcc" -DDISABLE_GEMS -MMD -g -O3 -Wall -Werror-implicit-function-declaration -I"/home/mruby/mruby-test-tool/tmp/20130116133409-11002-build/iij-mruby-83d91b9/include" -o "build/host/src/gc.o" -c "src/gc.c"]</textarea></td>
          <td><textarea>src/gc.c: In function 'obj_free':
src/gc.c:507: error: implicit declaration of function 'DEBUG'
src/gc.c:507: error: implicit declaration of function 'printf'
src/gc.c:507: warning: incompatible implicit declaration of built-in function 'printf'</textarea></td>
        </tr>
        
      </table>
    
      
      <h3><a name="freebsd32bit">freebsd32bit</a> <span style="font-size:small;"><a href="#top">#top</a></span></h3>
      <table border='1' style="width:90%;">
        <tr>
          <th style="width:100px;">task</th>
          <th>stdout</th>
          <th>stderr</th>
        </tr>
        <tr>
          <th>make</th>
          <td><textarea>(in /usr/home/mruby/mruby-test-tool/tmp/20130116133408-7766-build/iij-mruby-83d91b9)
"gcc" -DDISABLE_GEMS -MMD -g -O3 -Wall -Werror-implicit-function-declaration -I"/usr/home/mruby/mruby-test-tool/tmp/20130116133408-7766-build/iij-mruby-83d91b9/include" -o "build/host/tools/mruby/mruby.o" -c "tools/mruby/mruby.c"
"gcc" -DDISABLE_GEMS -MMD -g -O3 -Wall -Werror-implicit-function-declaration -I"/usr/home/mruby/mruby-test-tool/tmp/20130116133408-7766-build/iij-mruby-83d91b9/include" -o "build/host/src/array.o" -c "src/array.c"
"gcc" -DDISABLE_GEMS -MMD -g -O3 -Wall -Werror-implicit-function-declaration -I"/usr/home/mruby/mruby-test-tool/tmp/20130116133408-7766-build/iij-mruby-83d91b9/include" -o "build/host/src/cdump.o" -c "src/cdump.c"
"gcc" -DDISABLE_GEMS -MMD -g -O3 -Wall -Werror-implicit-function-declaration -I"/usr/home/mruby/mruby-test-tool/tmp/20130116133408-7766-build/iij-mruby-83d91b9/include" -o "build/host/src/class.o" -c "src/class.c"
"gcc" -DDISABLE_GEMS -MMD -g -O3 -Wall -Werror-implicit-function-declaration -I"/usr/home/mruby/mruby-test-tool/tmp/20130116133408-7766-build/iij-mruby-83d91b9/include" -o "build/host/src/codegen.o" -c "src/codegen.c"
"gcc" -DDISABLE_GEMS -MMD -g -O3 -Wall -Werror-implicit-function-declaration -I"/usr/home/mruby/mruby-test-tool/tmp/20130116133408-7766-build/iij-mruby-83d91b9/include" -o "build/host/src/compar.o" -c "src/compar.c"
"gcc" -DDISABLE_GEMS -MMD -g -O3 -Wall -Werror-implicit-function-declaration -I"/usr/home/mruby/mruby-test-tool/tmp/20130116133408-7766-build/iij-mruby-83d91b9/include" -o "build/host/src/crc.o" -c "src/crc.c"
"gcc" -DDISABLE_GEMS -MMD -g -O3 -Wall -Werror-implicit-function-declaration -I"/usr/home/mruby/mruby-test-tool/tmp/20130116133408-7766-build/iij-mruby-83d91b9/include" -o "build/host/src/dump.o" -c "src/dump.c"
"gcc" -DDISABLE_GEMS -MMD -g -O3 -Wall -Werror-implicit-function-declaration -I"/usr/home/mruby/mruby-test-tool/tmp/20130116133408-7766-build/iij-mruby-83d91b9/include" -o "build/host/src/enum.o" -c "src/enum.c"
"gcc" -DDISABLE_GEMS -MMD -g -O3 -Wall -Werror-implicit-function-declaration -I"/usr/home/mruby/mruby-test-tool/tmp/20130116133408-7766-build/iij-mruby-83d91b9/include" -o "build/host/src/error.o" -c "src/error.c"
"gcc" -DDISABLE_GEMS -MMD -g -O3 -Wall -Werror-implicit-function-declaration -I"/usr/home/mruby/mruby-test-tool/tmp/20130116133408-7766-build/iij-mruby-83d91b9/include" -o "build/host/src/etc.o" -c "src/etc.c"
"gcc" -DDISABLE_GEMS -MMD -g -O3 -Wall -Werror-implicit-function-declaration -I"/usr/home/mruby/mruby-test-tool/tmp/20130116133408-7766-build/iij-mruby-83d91b9/include" -o "build/host/src/gc.o" -c "src/gc.c"
rake aborted!
Command Failed: ["gcc" -DDISABLE_GEMS -MMD -g -O3 -Wall -Werror-implicit-function-declaration -I"/usr/home/mruby/mruby-test-tool/tmp/20130116133408-7766-build/iij-mruby-83d91b9/include" -o "build/host/src/gc.o" -c "src/gc.c"]</textarea></td>
          <td><textarea>src/dump.c: In function 'get_syms_block_size':
src/dump.c:293: warning: passing argument 1 of 'str_dump_len' discards qualifiers from pointer target type
src/dump.c: In function 'write_syms_block':
src/dump.c:439: warning: passing argument 1 of 'str_dump_len' discards qualifiers from pointer target type
src/dump.c:446: warning: passing argument 1 of 'str_dump' discards qualifiers from pointer target type
src/gc.c: In function 'obj_free':
src/gc.c:507: error: implicit declaration of function 'DEBUG'
src/gc.c:507: error: implicit declaration of function 'printf'
src/gc.c:507: warning: incompatible implicit declaration of built-in function 'printf'</textarea></td>
        </tr>
        <tr>
          <th>make test</th>
          <td><textarea>(in /usr/home/mruby/mruby-test-tool/tmp/20130116133408-7766-build/iij-mruby-83d91b9)
"gcc" -DDISABLE_GEMS -MMD -g -O3 -Wall -Werror-implicit-function-declaration -I"/usr/home/mruby/mruby-test-tool/tmp/20130116133408-7766-build/iij-mruby-83d91b9/include" -o "build/host/test/driver.o" -c "test/driver.c"
"gcc" -DDISABLE_GEMS -MMD -g -O3 -Wall -Werror-implicit-function-declaration -I"/usr/home/mruby/mruby-test-tool/tmp/20130116133408-7766-build/iij-mruby-83d91b9/include" -o "build/host/tools/mrbc/mrbc.o" -c "tools/mrbc/mrbc.c"
"gcc" -DDISABLE_GEMS -MMD -g -O3 -Wall -Werror-implicit-function-declaration -I"/usr/home/mruby/mruby-test-tool/tmp/20130116133408-7766-build/iij-mruby-83d91b9/include" -o "build/host/src/gc.o" -c "src/gc.c"
rake aborted!
Command Failed: ["gcc" -DDISABLE_GEMS -MMD -g -O3 -Wall -Werror-implicit-function-declaration -I"/usr/home/mruby/mruby-test-tool/tmp/20130116133408-7766-build/iij-mruby-83d91b9/include" -o "build/host/src/gc.o" -c "src/gc.c"]</textarea></td>
          <td><textarea>src/gc.c: In function 'obj_free':
src/gc.c:507: error: implicit declaration of function 'DEBUG'
src/gc.c:507: error: implicit declaration of function 'printf'
src/gc.c:507: warning: incompatible implicit declaration of built-in function 'printf'</textarea></td>
        </tr>
        
      </table>
    
      
      <h3><a name="freebsd64bit">freebsd64bit</a> <span style="font-size:small;"><a href="#top">#top</a></span></h3>
      <table border='1' style="width:90%;">
        <tr>
          <th style="width:100px;">task</th>
          <th>stdout</th>
          <th>stderr</th>
        </tr>
        <tr>
          <th>make</th>
          <td><textarea>(in /usr/home/mruby/mruby-test-tool/tmp/20130116133409-7691-build/iij-mruby-83d91b9)
"gcc" -DDISABLE_GEMS -MMD -g -O3 -Wall -Werror-implicit-function-declaration -I"/usr/home/mruby/mruby-test-tool/tmp/20130116133409-7691-build/iij-mruby-83d91b9/include" -o "build/host/tools/mruby/mruby.o" -c "tools/mruby/mruby.c"
"gcc" -DDISABLE_GEMS -MMD -g -O3 -Wall -Werror-implicit-function-declaration -I"/usr/home/mruby/mruby-test-tool/tmp/20130116133409-7691-build/iij-mruby-83d91b9/include" -o "build/host/src/array.o" -c "src/array.c"
"gcc" -DDISABLE_GEMS -MMD -g -O3 -Wall -Werror-implicit-function-declaration -I"/usr/home/mruby/mruby-test-tool/tmp/20130116133409-7691-build/iij-mruby-83d91b9/include" -o "build/host/src/cdump.o" -c "src/cdump.c"
"gcc" -DDISABLE_GEMS -MMD -g -O3 -Wall -Werror-implicit-function-declaration -I"/usr/home/mruby/mruby-test-tool/tmp/20130116133409-7691-build/iij-mruby-83d91b9/include" -o "build/host/src/class.o" -c "src/class.c"
"gcc" -DDISABLE_GEMS -MMD -g -O3 -Wall -Werror-implicit-function-declaration -I"/usr/home/mruby/mruby-test-tool/tmp/20130116133409-7691-build/iij-mruby-83d91b9/include" -o "build/host/src/codegen.o" -c "src/codegen.c"
"gcc" -DDISABLE_GEMS -MMD -g -O3 -Wall -Werror-implicit-function-declaration -I"/usr/home/mruby/mruby-test-tool/tmp/20130116133409-7691-build/iij-mruby-83d91b9/include" -o "build/host/src/compar.o" -c "src/compar.c"
"gcc" -DDISABLE_GEMS -MMD -g -O3 -Wall -Werror-implicit-function-declaration -I"/usr/home/mruby/mruby-test-tool/tmp/20130116133409-7691-build/iij-mruby-83d91b9/include" -o "build/host/src/crc.o" -c "src/crc.c"
"gcc" -DDISABLE_GEMS -MMD -g -O3 -Wall -Werror-implicit-function-declaration -I"/usr/home/mruby/mruby-test-tool/tmp/20130116133409-7691-build/iij-mruby-83d91b9/include" -o "build/host/src/dump.o" -c "src/dump.c"
"gcc" -DDISABLE_GEMS -MMD -g -O3 -Wall -Werror-implicit-function-declaration -I"/usr/home/mruby/mruby-test-tool/tmp/20130116133409-7691-build/iij-mruby-83d91b9/include" -o "build/host/src/enum.o" -c "src/enum.c"
"gcc" -DDISABLE_GEMS -MMD -g -O3 -Wall -Werror-implicit-function-declaration -I"/usr/home/mruby/mruby-test-tool/tmp/20130116133409-7691-build/iij-mruby-83d91b9/include" -o "build/host/src/error.o" -c "src/error.c"
"gcc" -DDISABLE_GEMS -MMD -g -O3 -Wall -Werror-implicit-function-declaration -I"/usr/home/mruby/mruby-test-tool/tmp/20130116133409-7691-build/iij-mruby-83d91b9/include" -o "build/host/src/etc.o" -c "src/etc.c"
"gcc" -DDISABLE_GEMS -MMD -g -O3 -Wall -Werror-implicit-function-declaration -I"/usr/home/mruby/mruby-test-tool/tmp/20130116133409-7691-build/iij-mruby-83d91b9/include" -o "build/host/src/gc.o" -c "src/gc.c"
rake aborted!
Command Failed: ["gcc" -DDISABLE_GEMS -MMD -g -O3 -Wall -Werror-implicit-function-declaration -I"/usr/home/mruby/mruby-test-tool/tmp/20130116133409-7691-build/iij-mruby-83d91b9/include" -o "build/host/src/gc.o" -c "src/gc.c"]</textarea></td>
          <td><textarea>src/dump.c: In function 'get_syms_block_size':
src/dump.c:293: warning: passing argument 1 of 'str_dump_len' discards qualifiers from pointer target type
src/dump.c: In function 'write_syms_block':
src/dump.c:439: warning: passing argument 1 of 'str_dump_len' discards qualifiers from pointer target type
src/dump.c:446: warning: passing argument 1 of 'str_dump' discards qualifiers from pointer target type
src/gc.c: In function 'obj_free':
src/gc.c:507: error: implicit declaration of function 'DEBUG'
src/gc.c:507: error: implicit declaration of function 'printf'
src/gc.c:507: warning: incompatible implicit declaration of built-in function 'printf'</textarea></td>
        </tr>
        <tr>
          <th>make test</th>
          <td><textarea>(in /usr/home/mruby/mruby-test-tool/tmp/20130116133409-7691-build/iij-mruby-83d91b9)
"gcc" -DDISABLE_GEMS -MMD -g -O3 -Wall -Werror-implicit-function-declaration -I"/usr/home/mruby/mruby-test-tool/tmp/20130116133409-7691-build/iij-mruby-83d91b9/include" -o "build/host/test/driver.o" -c "test/driver.c"
"gcc" -DDISABLE_GEMS -MMD -g -O3 -Wall -Werror-implicit-function-declaration -I"/usr/home/mruby/mruby-test-tool/tmp/20130116133409-7691-build/iij-mruby-83d91b9/include" -o "build/host/tools/mrbc/mrbc.o" -c "tools/mrbc/mrbc.c"
"gcc" -DDISABLE_GEMS -MMD -g -O3 -Wall -Werror-implicit-function-declaration -I"/usr/home/mruby/mruby-test-tool/tmp/20130116133409-7691-build/iij-mruby-83d91b9/include" -o "build/host/src/gc.o" -c "src/gc.c"
rake aborted!
Command Failed: ["gcc" -DDISABLE_GEMS -MMD -g -O3 -Wall -Werror-implicit-function-declaration -I"/usr/home/mruby/mruby-test-tool/tmp/20130116133409-7691-build/iij-mruby-83d91b9/include" -o "build/host/src/gc.o" -c "src/gc.c"]</textarea></td>
          <td><textarea>src/gc.c: In function 'obj_free':
src/gc.c:507: error: implicit declaration of function 'DEBUG'
src/gc.c:507: error: implicit declaration of function 'printf'
src/gc.c:507: warning: incompatible implicit declaration of built-in function 'printf'</textarea></td>
        </tr>
        
      </table>
    
      
      <h3><a name="mac-lion">mac-lion</a> <span style="font-size:small;"><a href="#top">#top</a></span></h3>
      <table border='1' style="width:90%;">
        <tr>
          <th style="width:100px;">task</th>
          <th>stdout</th>
          <th>stderr</th>
        </tr>
        <tr>
          <th>make</th>
          <td><textarea>(in /Users/mruby/mruby-test-tool/tmp/20130116133413-12169-build/iij-mruby-83d91b9)
"gcc" -DDISABLE_GEMS -MMD -g -O3 -Wall -Werror-implicit-function-declaration -I"/Users/mruby/mruby-test-tool/tmp/20130116133413-12169-build/iij-mruby-83d91b9/include" -o "build/host/tools/mruby/mruby.o" -c "tools/mruby/mruby.c"
"gcc" -DDISABLE_GEMS -MMD -g -O3 -Wall -Werror-implicit-function-declaration -I"/Users/mruby/mruby-test-tool/tmp/20130116133413-12169-build/iij-mruby-83d91b9/include" -o "build/host/src/array.o" -c "src/array.c"
"gcc" -DDISABLE_GEMS -MMD -g -O3 -Wall -Werror-implicit-function-declaration -I"/Users/mruby/mruby-test-tool/tmp/20130116133413-12169-build/iij-mruby-83d91b9/include" -o "build/host/src/cdump.o" -c "src/cdump.c"
"gcc" -DDISABLE_GEMS -MMD -g -O3 -Wall -Werror-implicit-function-declaration -I"/Users/mruby/mruby-test-tool/tmp/20130116133413-12169-build/iij-mruby-83d91b9/include" -o "build/host/src/class.o" -c "src/class.c"
"gcc" -DDISABLE_GEMS -MMD -g -O3 -Wall -Werror-implicit-function-declaration -I"/Users/mruby/mruby-test-tool/tmp/20130116133413-12169-build/iij-mruby-83d91b9/include" -o "build/host/src/codegen.o" -c "src/codegen.c"
"gcc" -DDISABLE_GEMS -MMD -g -O3 -Wall -Werror-implicit-function-declaration -I"/Users/mruby/mruby-test-tool/tmp/20130116133413-12169-build/iij-mruby-83d91b9/include" -o "build/host/src/compar.o" -c "src/compar.c"
"gcc" -DDISABLE_GEMS -MMD -g -O3 -Wall -Werror-implicit-function-declaration -I"/Users/mruby/mruby-test-tool/tmp/20130116133413-12169-build/iij-mruby-83d91b9/include" -o "build/host/src/crc.o" -c "src/crc.c"
"gcc" -DDISABLE_GEMS -MMD -g -O3 -Wall -Werror-implicit-function-declaration -I"/Users/mruby/mruby-test-tool/tmp/20130116133413-12169-build/iij-mruby-83d91b9/include" -o "build/host/src/dump.o" -c "src/dump.c"
"gcc" -DDISABLE_GEMS -MMD -g -O3 -Wall -Werror-implicit-function-declaration -I"/Users/mruby/mruby-test-tool/tmp/20130116133413-12169-build/iij-mruby-83d91b9/include" -o "build/host/src/enum.o" -c "src/enum.c"
"gcc" -DDISABLE_GEMS -MMD -g -O3 -Wall -Werror-implicit-function-declaration -I"/Users/mruby/mruby-test-tool/tmp/20130116133413-12169-build/iij-mruby-83d91b9/include" -o "build/host/src/error.o" -c "src/error.c"
"gcc" -DDISABLE_GEMS -MMD -g -O3 -Wall -Werror-implicit-function-declaration -I"/Users/mruby/mruby-test-tool/tmp/20130116133413-12169-build/iij-mruby-83d91b9/include" -o "build/host/src/etc.o" -c "src/etc.c"
"gcc" -DDISABLE_GEMS -MMD -g -O3 -Wall -Werror-implicit-function-declaration -I"/Users/mruby/mruby-test-tool/tmp/20130116133413-12169-build/iij-mruby-83d91b9/include" -o "build/host/src/gc.o" -c "src/gc.c"
rake aborted!
Command Failed: ["gcc" -DDISABLE_GEMS -MMD -g -O3 -Wall -Werror-implicit-function-declaration -I"/Users/mruby/mruby-test-tool/tmp/20130116133413-12169-build/iij-mruby-83d91b9/include" -o "build/host/src/gc.o" -c "src/gc.c"]</textarea></td>
          <td><textarea>src/gc.c: In function 'obj_free':
src/gc.c:507: error: implicit declaration of function 'DEBUG'
src/gc.c:507: error: implicit declaration of function 'printf'
src/gc.c:507: warning: incompatible implicit declaration of built-in function 'printf'</textarea></td>
        </tr>
        <tr>
          <th>make test</th>
          <td><textarea>(in /Users/mruby/mruby-test-tool/tmp/20130116133413-12169-build/iij-mruby-83d91b9)
"gcc" -DDISABLE_GEMS -MMD -g -O3 -Wall -Werror-implicit-function-declaration -I"/Users/mruby/mruby-test-tool/tmp/20130116133413-12169-build/iij-mruby-83d91b9/include" -o "build/host/test/driver.o" -c "test/driver.c"
"gcc" -DDISABLE_GEMS -MMD -g -O3 -Wall -Werror-implicit-function-declaration -I"/Users/mruby/mruby-test-tool/tmp/20130116133413-12169-build/iij-mruby-83d91b9/include" -o "build/host/tools/mrbc/mrbc.o" -c "tools/mrbc/mrbc.c"
"gcc" -DDISABLE_GEMS -MMD -g -O3 -Wall -Werror-implicit-function-declaration -I"/Users/mruby/mruby-test-tool/tmp/20130116133413-12169-build/iij-mruby-83d91b9/include" -o "build/host/src/gc.o" -c "src/gc.c"
rake aborted!
Command Failed: ["gcc" -DDISABLE_GEMS -MMD -g -O3 -Wall -Werror-implicit-function-declaration -I"/Users/mruby/mruby-test-tool/tmp/20130116133413-12169-build/iij-mruby-83d91b9/include" -o "build/host/src/gc.o" -c "src/gc.c"]</textarea></td>
          <td><textarea>src/gc.c: In function 'obj_free':
src/gc.c:507: error: implicit declaration of function 'DEBUG'
src/gc.c:507: error: implicit declaration of function 'printf'
src/gc.c:507: warning: incompatible implicit declaration of built-in function 'printf'</textarea></td>
        </tr>
        
      </table>
    
      
      <h3><a name="mac-ppc">mac-ppc</a> <span style="font-size:small;"><a href="#top">#top</a></span></h3>
      <table border='1' style="width:90%;">
        <tr>
          <th style="width:100px;">task</th>
          <th>stdout</th>
          <th>stderr</th>
        </tr>
        <tr>
          <th>make</th>
          <td><textarea>(in /Users/mruby/mruby-test-tool/tmp/20130116133409-17361-build/iij-mruby-83d91b9)
"gcc" -DDISABLE_GEMS -MMD -g -O3 -Wall -Werror-implicit-function-declaration -I"/Users/mruby/mruby-test-tool/tmp/20130116133409-17361-build/iij-mruby-83d91b9/include" -o "build/host/tools/mruby/mruby.o" -c "tools/mruby/mruby.c"
"gcc" -DDISABLE_GEMS -MMD -g -O3 -Wall -Werror-implicit-function-declaration -I"/Users/mruby/mruby-test-tool/tmp/20130116133409-17361-build/iij-mruby-83d91b9/include" -o "build/host/src/array.o" -c "src/array.c"
"gcc" -DDISABLE_GEMS -MMD -g -O3 -Wall -Werror-implicit-function-declaration -I"/Users/mruby/mruby-test-tool/tmp/20130116133409-17361-build/iij-mruby-83d91b9/include" -o "build/host/src/cdump.o" -c "src/cdump.c"
"gcc" -DDISABLE_GEMS -MMD -g -O3 -Wall -Werror-implicit-function-declaration -I"/Users/mruby/mruby-test-tool/tmp/20130116133409-17361-build/iij-mruby-83d91b9/include" -o "build/host/src/class.o" -c "src/class.c"
"gcc" -DDISABLE_GEMS -MMD -g -O3 -Wall -Werror-implicit-function-declaration -I"/Users/mruby/mruby-test-tool/tmp/20130116133409-17361-build/iij-mruby-83d91b9/include" -o "build/host/src/codegen.o" -c "src/codegen.c"
"gcc" -DDISABLE_GEMS -MMD -g -O3 -Wall -Werror-implicit-function-declaration -I"/Users/mruby/mruby-test-tool/tmp/20130116133409-17361-build/iij-mruby-83d91b9/include" -o "build/host/src/compar.o" -c "src/compar.c"
"gcc" -DDISABLE_GEMS -MMD -g -O3 -Wall -Werror-implicit-function-declaration -I"/Users/mruby/mruby-test-tool/tmp/20130116133409-17361-build/iij-mruby-83d91b9/include" -o "build/host/src/crc.o" -c "src/crc.c"
"gcc" -DDISABLE_GEMS -MMD -g -O3 -Wall -Werror-implicit-function-declaration -I"/Users/mruby/mruby-test-tool/tmp/20130116133409-17361-build/iij-mruby-83d91b9/include" -o "build/host/src/dump.o" -c "src/dump.c"
"gcc" -DDISABLE_GEMS -MMD -g -O3 -Wall -Werror-implicit-function-declaration -I"/Users/mruby/mruby-test-tool/tmp/20130116133409-17361-build/iij-mruby-83d91b9/include" -o "build/host/src/enum.o" -c "src/enum.c"
"gcc" -DDISABLE_GEMS -MMD -g -O3 -Wall -Werror-implicit-function-declaration -I"/Users/mruby/mruby-test-tool/tmp/20130116133409-17361-build/iij-mruby-83d91b9/include" -o "build/host/src/error.o" -c "src/error.c"
"gcc" -DDISABLE_GEMS -MMD -g -O3 -Wall -Werror-implicit-function-declaration -I"/Users/mruby/mruby-test-tool/tmp/20130116133409-17361-build/iij-mruby-83d91b9/include" -o "build/host/src/etc.o" -c "src/etc.c"
"gcc" -DDISABLE_GEMS -MMD -g -O3 -Wall -Werror-implicit-function-declaration -I"/Users/mruby/mruby-test-tool/tmp/20130116133409-17361-build/iij-mruby-83d91b9/include" -o "build/host/src/gc.o" -c "src/gc.c"
rake aborted!
Command Failed: ["gcc" -DDISABLE_GEMS -MMD -g -O3 -Wall -Werror-implicit-function-declaration -I"/Users/mruby/mruby-test-tool/tmp/20130116133409-17361-build/iij-mruby-83d91b9/include" -o "build/host/src/gc.o" -c "src/gc.c"]</textarea></td>
          <td><textarea>src/gc.c: In function 'obj_free':
src/gc.c:507: error: implicit declaration of function 'DEBUG'
src/gc.c:507: error: implicit declaration of function 'printf'
src/gc.c:507: warning: incompatible implicit declaration of built-in function 'printf'</textarea></td>
        </tr>
        <tr>
          <th>make test</th>
          <td><textarea>(in /Users/mruby/mruby-test-tool/tmp/20130116133409-17361-build/iij-mruby-83d91b9)
"gcc" -DDISABLE_GEMS -MMD -g -O3 -Wall -Werror-implicit-function-declaration -I"/Users/mruby/mruby-test-tool/tmp/20130116133409-17361-build/iij-mruby-83d91b9/include" -o "build/host/test/driver.o" -c "test/driver.c"
"gcc" -DDISABLE_GEMS -MMD -g -O3 -Wall -Werror-implicit-function-declaration -I"/Users/mruby/mruby-test-tool/tmp/20130116133409-17361-build/iij-mruby-83d91b9/include" -o "build/host/tools/mrbc/mrbc.o" -c "tools/mrbc/mrbc.c"
"gcc" -DDISABLE_GEMS -MMD -g -O3 -Wall -Werror-implicit-function-declaration -I"/Users/mruby/mruby-test-tool/tmp/20130116133409-17361-build/iij-mruby-83d91b9/include" -o "build/host/src/gc.o" -c "src/gc.c"
rake aborted!
Command Failed: ["gcc" -DDISABLE_GEMS -MMD -g -O3 -Wall -Werror-implicit-function-declaration -I"/Users/mruby/mruby-test-tool/tmp/20130116133409-17361-build/iij-mruby-83d91b9/include" -o "build/host/src/gc.o" -c "src/gc.c"]</textarea></td>
          <td><textarea>src/gc.c: In function 'obj_free':
src/gc.c:507: error: implicit declaration of function 'DEBUG'
src/gc.c:507: error: implicit declaration of function 'printf'
src/gc.c:507: warning: incompatible implicit declaration of built-in function 'printf'</textarea></td>
        </tr>
        
      </table>
    
      
      <h3><a name="netbsd32bit">netbsd32bit</a> <span style="font-size:small;"><a href="#top">#top</a></span></h3>
      <table border='1' style="width:90%;">
        <tr>
          <th style="width:100px;">task</th>
          <th>stdout</th>
          <th>stderr</th>
        </tr>
        <tr>
          <th>make</th>
          <td><textarea>(in /home/mruby/mruby-test-tool/tmp/20130116133408-7137-build/iij-mruby-83d91b9)
"gcc" -DDISABLE_GEMS -MMD -g -O3 -Wall -Werror-implicit-function-declaration -I"/home/mruby/mruby-test-tool/tmp/20130116133408-7137-build/iij-mruby-83d91b9/include" -o "build/host/tools/mruby/mruby.o" -c "tools/mruby/mruby.c"
"gcc" -DDISABLE_GEMS -MMD -g -O3 -Wall -Werror-implicit-function-declaration -I"/home/mruby/mruby-test-tool/tmp/20130116133408-7137-build/iij-mruby-83d91b9/include" -o "build/host/src/array.o" -c "src/array.c"
"gcc" -DDISABLE_GEMS -MMD -g -O3 -Wall -Werror-implicit-function-declaration -I"/home/mruby/mruby-test-tool/tmp/20130116133408-7137-build/iij-mruby-83d91b9/include" -o "build/host/src/cdump.o" -c "src/cdump.c"
"gcc" -DDISABLE_GEMS -MMD -g -O3 -Wall -Werror-implicit-function-declaration -I"/home/mruby/mruby-test-tool/tmp/20130116133408-7137-build/iij-mruby-83d91b9/include" -o "build/host/src/class.o" -c "src/class.c"
"gcc" -DDISABLE_GEMS -MMD -g -O3 -Wall -Werror-implicit-function-declaration -I"/home/mruby/mruby-test-tool/tmp/20130116133408-7137-build/iij-mruby-83d91b9/include" -o "build/host/src/codegen.o" -c "src/codegen.c"
"gcc" -DDISABLE_GEMS -MMD -g -O3 -Wall -Werror-implicit-function-declaration -I"/home/mruby/mruby-test-tool/tmp/20130116133408-7137-build/iij-mruby-83d91b9/include" -o "build/host/src/compar.o" -c "src/compar.c"
"gcc" -DDISABLE_GEMS -MMD -g -O3 -Wall -Werror-implicit-function-declaration -I"/home/mruby/mruby-test-tool/tmp/20130116133408-7137-build/iij-mruby-83d91b9/include" -o "build/host/src/crc.o" -c "src/crc.c"
"gcc" -DDISABLE_GEMS -MMD -g -O3 -Wall -Werror-implicit-function-declaration -I"/home/mruby/mruby-test-tool/tmp/20130116133408-7137-build/iij-mruby-83d91b9/include" -o "build/host/src/dump.o" -c "src/dump.c"
"gcc" -DDISABLE_GEMS -MMD -g -O3 -Wall -Werror-implicit-function-declaration -I"/home/mruby/mruby-test-tool/tmp/20130116133408-7137-build/iij-mruby-83d91b9/include" -o "build/host/src/enum.o" -c "src/enum.c"
"gcc" -DDISABLE_GEMS -MMD -g -O3 -Wall -Werror-implicit-function-declaration -I"/home/mruby/mruby-test-tool/tmp/20130116133408-7137-build/iij-mruby-83d91b9/include" -o "build/host/src/error.o" -c "src/error.c"
"gcc" -DDISABLE_GEMS -MMD -g -O3 -Wall -Werror-implicit-function-declaration -I"/home/mruby/mruby-test-tool/tmp/20130116133408-7137-build/iij-mruby-83d91b9/include" -o "build/host/src/etc.o" -c "src/etc.c"
"gcc" -DDISABLE_GEMS -MMD -g -O3 -Wall -Werror-implicit-function-declaration -I"/home/mruby/mruby-test-tool/tmp/20130116133408-7137-build/iij-mruby-83d91b9/include" -o "build/host/src/gc.o" -c "src/gc.c"
rake aborted!
Command Failed: ["gcc" -DDISABLE_GEMS -MMD -g -O3 -Wall -Werror-implicit-function-declaration -I"/home/mruby/mruby-test-tool/tmp/20130116133408-7137-build/iij-mruby-83d91b9/include" -o "build/host/src/gc.o" -c "src/gc.c"]</textarea></td>
          <td><textarea>src/gc.c: In function 'obj_free':
src/gc.c:507: error: implicit declaration of function 'DEBUG'
src/gc.c:507: error: implicit declaration of function 'printf'
src/gc.c:507: warning: incompatible implicit declaration of built-in function 'printf'</textarea></td>
        </tr>
        <tr>
          <th>make test</th>
          <td><textarea>(in /home/mruby/mruby-test-tool/tmp/20130116133408-7137-build/iij-mruby-83d91b9)
"gcc" -DDISABLE_GEMS -MMD -g -O3 -Wall -Werror-implicit-function-declaration -I"/home/mruby/mruby-test-tool/tmp/20130116133408-7137-build/iij-mruby-83d91b9/include" -o "build/host/test/driver.o" -c "test/driver.c"
"gcc" -DDISABLE_GEMS -MMD -g -O3 -Wall -Werror-implicit-function-declaration -I"/home/mruby/mruby-test-tool/tmp/20130116133408-7137-build/iij-mruby-83d91b9/include" -o "build/host/tools/mrbc/mrbc.o" -c "tools/mrbc/mrbc.c"
"gcc" -DDISABLE_GEMS -MMD -g -O3 -Wall -Werror-implicit-function-declaration -I"/home/mruby/mruby-test-tool/tmp/20130116133408-7137-build/iij-mruby-83d91b9/include" -o "build/host/src/gc.o" -c "src/gc.c"
rake aborted!
Command Failed: ["gcc" -DDISABLE_GEMS -MMD -g -O3 -Wall -Werror-implicit-function-declaration -I"/home/mruby/mruby-test-tool/tmp/20130116133408-7137-build/iij-mruby-83d91b9/include" -o "build/host/src/gc.o" -c "src/gc.c"]</textarea></td>
          <td><textarea>src/gc.c: In function 'obj_free':
src/gc.c:507: error: implicit declaration of function 'DEBUG'
src/gc.c:507: error: implicit declaration of function 'printf'
src/gc.c:507: warning: incompatible implicit declaration of built-in function 'printf'</textarea></td>
        </tr>
        
      </table>
    
      
      <h3><a name="netbsd64bit">netbsd64bit</a> <span style="font-size:small;"><a href="#top">#top</a></span></h3>
      <table border='1' style="width:90%;">
        <tr>
          <th style="width:100px;">task</th>
          <th>stdout</th>
          <th>stderr</th>
        </tr>
        <tr>
          <th>make</th>
          <td><textarea>(in /home/mruby/mruby-test-tool/tmp/20130116133408-6879-build/iij-mruby-83d91b9)
"gcc" -DDISABLE_GEMS -MMD -g -O3 -Wall -Werror-implicit-function-declaration -I"/home/mruby/mruby-test-tool/tmp/20130116133408-6879-build/iij-mruby-83d91b9/include" -o "build/host/tools/mruby/mruby.o" -c "tools/mruby/mruby.c"
"gcc" -DDISABLE_GEMS -MMD -g -O3 -Wall -Werror-implicit-function-declaration -I"/home/mruby/mruby-test-tool/tmp/20130116133408-6879-build/iij-mruby-83d91b9/include" -o "build/host/src/array.o" -c "src/array.c"
"gcc" -DDISABLE_GEMS -MMD -g -O3 -Wall -Werror-implicit-function-declaration -I"/home/mruby/mruby-test-tool/tmp/20130116133408-6879-build/iij-mruby-83d91b9/include" -o "build/host/src/cdump.o" -c "src/cdump.c"
"gcc" -DDISABLE_GEMS -MMD -g -O3 -Wall -Werror-implicit-function-declaration -I"/home/mruby/mruby-test-tool/tmp/20130116133408-6879-build/iij-mruby-83d91b9/include" -o "build/host/src/class.o" -c "src/class.c"
"gcc" -DDISABLE_GEMS -MMD -g -O3 -Wall -Werror-implicit-function-declaration -I"/home/mruby/mruby-test-tool/tmp/20130116133408-6879-build/iij-mruby-83d91b9/include" -o "build/host/src/codegen.o" -c "src/codegen.c"
"gcc" -DDISABLE_GEMS -MMD -g -O3 -Wall -Werror-implicit-function-declaration -I"/home/mruby/mruby-test-tool/tmp/20130116133408-6879-build/iij-mruby-83d91b9/include" -o "build/host/src/compar.o" -c "src/compar.c"
"gcc" -DDISABLE_GEMS -MMD -g -O3 -Wall -Werror-implicit-function-declaration -I"/home/mruby/mruby-test-tool/tmp/20130116133408-6879-build/iij-mruby-83d91b9/include" -o "build/host/src/crc.o" -c "src/crc.c"
"gcc" -DDISABLE_GEMS -MMD -g -O3 -Wall -Werror-implicit-function-declaration -I"/home/mruby/mruby-test-tool/tmp/20130116133408-6879-build/iij-mruby-83d91b9/include" -o "build/host/src/dump.o" -c "src/dump.c"
"gcc" -DDISABLE_GEMS -MMD -g -O3 -Wall -Werror-implicit-function-declaration -I"/home/mruby/mruby-test-tool/tmp/20130116133408-6879-build/iij-mruby-83d91b9/include" -o "build/host/src/enum.o" -c "src/enum.c"
"gcc" -DDISABLE_GEMS -MMD -g -O3 -Wall -Werror-implicit-function-declaration -I"/home/mruby/mruby-test-tool/tmp/20130116133408-6879-build/iij-mruby-83d91b9/include" -o "build/host/src/error.o" -c "src/error.c"
"gcc" -DDISABLE_GEMS -MMD -g -O3 -Wall -Werror-implicit-function-declaration -I"/home/mruby/mruby-test-tool/tmp/20130116133408-6879-build/iij-mruby-83d91b9/include" -o "build/host/src/etc.o" -c "src/etc.c"
"gcc" -DDISABLE_GEMS -MMD -g -O3 -Wall -Werror-implicit-function-declaration -I"/home/mruby/mruby-test-tool/tmp/20130116133408-6879-build/iij-mruby-83d91b9/include" -o "build/host/src/gc.o" -c "src/gc.c"
rake aborted!
Command Failed: ["gcc" -DDISABLE_GEMS -MMD -g -O3 -Wall -Werror-implicit-function-declaration -I"/home/mruby/mruby-test-tool/tmp/20130116133408-6879-build/iij-mruby-83d91b9/include" -o "build/host/src/gc.o" -c "src/gc.c"]</textarea></td>
          <td><textarea>src/gc.c: In function 'obj_free':
src/gc.c:507: error: implicit declaration of function 'DEBUG'
src/gc.c:507: error: implicit declaration of function 'printf'
src/gc.c:507: warning: incompatible implicit declaration of built-in function 'printf'</textarea></td>
        </tr>
        <tr>
          <th>make test</th>
          <td><textarea>(in /home/mruby/mruby-test-tool/tmp/20130116133408-6879-build/iij-mruby-83d91b9)
"gcc" -DDISABLE_GEMS -MMD -g -O3 -Wall -Werror-implicit-function-declaration -I"/home/mruby/mruby-test-tool/tmp/20130116133408-6879-build/iij-mruby-83d91b9/include" -o "build/host/test/driver.o" -c "test/driver.c"
"gcc" -DDISABLE_GEMS -MMD -g -O3 -Wall -Werror-implicit-function-declaration -I"/home/mruby/mruby-test-tool/tmp/20130116133408-6879-build/iij-mruby-83d91b9/include" -o "build/host/tools/mrbc/mrbc.o" -c "tools/mrbc/mrbc.c"
"gcc" -DDISABLE_GEMS -MMD -g -O3 -Wall -Werror-implicit-function-declaration -I"/home/mruby/mruby-test-tool/tmp/20130116133408-6879-build/iij-mruby-83d91b9/include" -o "build/host/src/gc.o" -c "src/gc.c"
rake aborted!
Command Failed: ["gcc" -DDISABLE_GEMS -MMD -g -O3 -Wall -Werror-implicit-function-declaration -I"/home/mruby/mruby-test-tool/tmp/20130116133408-6879-build/iij-mruby-83d91b9/include" -o "build/host/src/gc.o" -c "src/gc.c"]</textarea></td>
          <td><textarea>src/gc.c: In function 'obj_free':
src/gc.c:507: error: implicit declaration of function 'DEBUG'
src/gc.c:507: error: implicit declaration of function 'printf'
src/gc.c:507: warning: incompatible implicit declaration of built-in function 'printf'</textarea></td>
        </tr>
        
      </table>
    
      
      <h3><a name="netbsd_arm">netbsd_arm</a> <span style="font-size:small;"><a href="#top">#top</a></span></h3>
      <table border='1' style="width:90%;">
        <tr>
          <th style="width:100px;">task</th>
          <th>stdout</th>
          <th>stderr</th>
        </tr>
        <tr>
          <th>make</th>
          <td><textarea>(in /home/mruby/arm/iij-mruby-83d91b9)
"gcc" -DDISABLE_GEMS -MMD -g -O3 -Wall -Werror-implicit-function-declaration -I"/home/mruby/arm/iij-mruby-83d91b9/include" -o "build/host/tools/mruby/mruby.o" -c "tools/mruby/mruby.c"
"gcc" -DDISABLE_GEMS -MMD -g -O3 -Wall -Werror-implicit-function-declaration -I"/home/mruby/arm/iij-mruby-83d91b9/include" -o "build/host/src/range.o" -c "src/range.c"
"gcc" -DDISABLE_GEMS -MMD -g -O3 -Wall -Werror-implicit-function-declaration -I"/home/mruby/arm/iij-mruby-83d91b9/include" -o "build/host/src/array.o" -c "src/array.c"
"gcc" -DDISABLE_GEMS -MMD -g -O3 -Wall -Werror-implicit-function-declaration -I"/home/mruby/arm/iij-mruby-83d91b9/include" -o "build/host/src/numeric.o" -c "src/numeric.c"
"gcc" -DDISABLE_GEMS -MMD -g -O3 -Wall -Werror-implicit-function-declaration -I"/home/mruby/arm/iij-mruby-83d91b9/include" -o "build/host/src/pool.o" -c "src/pool.c"
"gcc" -DDISABLE_GEMS -MMD -g -O3 -Wall -Werror-implicit-function-declaration -I"/home/mruby/arm/iij-mruby-83d91b9/include" -o "build/host/src/compar.o" -c "src/compar.c"
"gcc" -DDISABLE_GEMS -MMD -g -O3 -Wall -Werror-implicit-function-declaration -I"/home/mruby/arm/iij-mruby-83d91b9/include" -o "build/host/src/crc.o" -c "src/crc.c"
"gcc" -DDISABLE_GEMS -MMD -g -O3 -Wall -Werror-implicit-function-declaration -I"/home/mruby/arm/iij-mruby-83d91b9/include" -o "build/host/src/regcomp.o" -c "src/regcomp.c"
"gcc" -DDISABLE_GEMS -MMD -g -O3 -Wall -Werror-implicit-function-declaration -I"/home/mruby/arm/iij-mruby-83d91b9/include" -o "build/host/src/proc.o" -c "src/proc.c"
"gcc" -DDISABLE_GEMS -MMD -g -O3 -Wall -Werror-implicit-function-declaration -I"/home/mruby/arm/iij-mruby-83d91b9/include" -o "build/host/src/math.o" -c "src/math.c"
"gcc" -DDISABLE_GEMS -MMD -g -O3 -Wall -Werror-implicit-function-declaration -I"/home/mruby/arm/iij-mruby-83d91b9/include" -o "build/host/src/state.o" -c "src/state.c"
"gcc" -DDISABLE_GEMS -MMD -g -O3 -Wall -Werror-implicit-function-declaration -I"/home/mruby/arm/iij-mruby-83d91b9/include" -o "build/host/src/print.o" -c "src/print.c"
"gcc" -DDISABLE_GEMS -MMD -g -O3 -Wall -Werror-implicit-function-declaration -I"/home/mruby/arm/iij-mruby-83d91b9/include" -o "build/host/src/vm.o" -c "src/vm.c"
rake aborted!
Command Failed: ["gcc" -DDISABLE_GEMS -MMD -g -O3 -Wall -Werror-implicit-function-declaration -I"/home/mruby/arm/iij-mruby-83d91b9/include" -o "build/host/src/vm.o" -c "src/vm.c"]

</textarea></td>
          <td><textarea>src/vm.c: In function `mrb_run':
src/vm.c:1239: error: implicit declaration of function `DEBUG'
</textarea></td>
        </tr>
        <tr>
          <th>make test</th>
          <td><textarea>(in /home/mruby/arm/iij-mruby-83d91b9)
"gcc" -DDISABLE_GEMS -MMD -g -O3 -Wall -Werror-implicit-function-declaration -I"/home/mruby/arm/iij-mruby-83d91b9/include" -o "build/host/test/driver.o" -c "test/driver.c"
"gcc" -DDISABLE_GEMS -MMD -g -O3 -Wall -Werror-implicit-function-declaration -I"/home/mruby/arm/iij-mruby-83d91b9/include" -o "build/host/tools/mrbc/mrbc.o" -c "tools/mrbc/mrbc.c"
"gcc" -DDISABLE_GEMS -MMD -g -O3 -Wall -Werror-implicit-function-declaration -I"/home/mruby/arm/iij-mruby-83d91b9/include" -o "build/host/src/vm.o" -c "src/vm.c"
rake aborted!
Command Failed: ["gcc" -DDISABLE_GEMS -MMD -g -O3 -Wall -Werror-implicit-function-declaration -I"/home/mruby/arm/iij-mruby-83d91b9/include" -o "build/host/src/vm.o" -c "src/vm.c"]

</textarea></td>
          <td><textarea>src/vm.c: In function `mrb_run':
src/vm.c:1239: error: implicit declaration of function `DEBUG'
</textarea></td>
        </tr>
        
      </table>
    
      
      <h3><a name="netbsd_mips">netbsd_mips</a> <span style="font-size:small;"><a href="#top">#top</a></span></h3>
      <table border='1' style="width:90%;">
        <tr>
          <th style="width:100px;">task</th>
          <th>stdout</th>
          <th>stderr</th>
        </tr>
        <tr>
          <th>make</th>
          <td><textarea>(in /home/mruby/mips/iij-mruby-83d91b9)
"gcc" -DDISABLE_GEMS -MMD -g -O3 -Wall -Werror-implicit-function-declaration -I"/home/mruby/mips/iij-mruby-83d91b9/include" -o "build/host/tools/mruby/mruby.o" -c "tools/mruby/mruby.c"
"gcc" -DDISABLE_GEMS -MMD -g -O3 -Wall -Werror-implicit-function-declaration -I"/home/mruby/mips/iij-mruby-83d91b9/include" -o "build/host/src/range.o" -c "src/range.c"
"gcc" -DDISABLE_GEMS -MMD -g -O3 -Wall -Werror-implicit-function-declaration -I"/home/mruby/mips/iij-mruby-83d91b9/include" -o "build/host/src/array.o" -c "src/array.c"
"gcc" -DDISABLE_GEMS -MMD -g -O3 -Wall -Werror-implicit-function-declaration -I"/home/mruby/mips/iij-mruby-83d91b9/include" -o "build/host/src/numeric.o" -c "src/numeric.c"
"gcc" -DDISABLE_GEMS -MMD -g -O3 -Wall -Werror-implicit-function-declaration -I"/home/mruby/mips/iij-mruby-83d91b9/include" -o "build/host/src/pool.o" -c "src/pool.c"
"gcc" -DDISABLE_GEMS -MMD -g -O3 -Wall -Werror-implicit-function-declaration -I"/home/mruby/mips/iij-mruby-83d91b9/include" -o "build/host/src/compar.o" -c "src/compar.c"
"gcc" -DDISABLE_GEMS -MMD -g -O3 -Wall -Werror-implicit-function-declaration -I"/home/mruby/mips/iij-mruby-83d91b9/include" -o "build/host/src/crc.o" -c "src/crc.c"
"gcc" -DDISABLE_GEMS -MMD -g -O3 -Wall -Werror-implicit-function-declaration -I"/home/mruby/mips/iij-mruby-83d91b9/include" -o "build/host/src/regcomp.o" -c "src/regcomp.c"
"gcc" -DDISABLE_GEMS -MMD -g -O3 -Wall -Werror-implicit-function-declaration -I"/home/mruby/mips/iij-mruby-83d91b9/include" -o "build/host/src/proc.o" -c "src/proc.c"
"gcc" -DDISABLE_GEMS -MMD -g -O3 -Wall -Werror-implicit-function-declaration -I"/home/mruby/mips/iij-mruby-83d91b9/include" -o "build/host/src/math.o" -c "src/math.c"
"gcc" -DDISABLE_GEMS -MMD -g -O3 -Wall -Werror-implicit-function-declaration -I"/home/mruby/mips/iij-mruby-83d91b9/include" -o "build/host/src/state.o" -c "src/state.c"
"gcc" -DDISABLE_GEMS -MMD -g -O3 -Wall -Werror-implicit-function-declaration -I"/home/mruby/mips/iij-mruby-83d91b9/include" -o "build/host/src/print.o" -c "src/print.c"
"gcc" -DDISABLE_GEMS -MMD -g -O3 -Wall -Werror-implicit-function-declaration -I"/home/mruby/mips/iij-mruby-83d91b9/include" -o "build/host/src/vm.o" -c "src/vm.c"
rake aborted!
Command Failed: ["gcc" -DDISABLE_GEMS -MMD -g -O3 -Wall -Werror-implicit-function-declaration -I"/home/mruby/mips/iij-mruby-83d91b9/include" -o "build/host/src/vm.o" -c "src/vm.c"]

</textarea></td>
          <td><textarea>src/vm.c: In function `mrb_run':
src/vm.c:1239: error: implicit declaration of function `DEBUG'
</textarea></td>
        </tr>
        <tr>
          <th>make test</th>
          <td><textarea>(in /home/mruby/mips/iij-mruby-83d91b9)
"gcc" -DDISABLE_GEMS -MMD -g -O3 -Wall -Werror-implicit-function-declaration -I"/home/mruby/mips/iij-mruby-83d91b9/include" -o "build/host/test/driver.o" -c "test/driver.c"
"gcc" -DDISABLE_GEMS -MMD -g -O3 -Wall -Werror-implicit-function-declaration -I"/home/mruby/mips/iij-mruby-83d91b9/include" -o "build/host/tools/mrbc/mrbc.o" -c "tools/mrbc/mrbc.c"
"gcc" -DDISABLE_GEMS -MMD -g -O3 -Wall -Werror-implicit-function-declaration -I"/home/mruby/mips/iij-mruby-83d91b9/include" -o "build/host/src/vm.o" -c "src/vm.c"
rake aborted!
Command Failed: ["gcc" -DDISABLE_GEMS -MMD -g -O3 -Wall -Werror-implicit-function-declaration -I"/home/mruby/mips/iij-mruby-83d91b9/include" -o "build/host/src/vm.o" -c "src/vm.c"]

</textarea></td>
          <td><textarea>src/vm.c: In function `mrb_run':
src/vm.c:1239: error: implicit declaration of function `DEBUG'
</textarea></td>
        </tr>
        
      </table>
    
      
      <h3><a name="openbsd32bit">openbsd32bit</a> <span style="font-size:small;"><a href="#top">#top</a></span></h3>
      <table border='1' style="width:90%;">
        <tr>
          <th style="width:100px;">task</th>
          <th>stdout</th>
          <th>stderr</th>
        </tr>
        <tr>
          <th>make</th>
          <td><textarea>(in /home/mruby/mruby-test-tool/tmp/20130116133408-13255-build/iij-mruby-83d91b9)
"gcc" -DDISABLE_GEMS -MMD -g -O3 -Wall -Werror-implicit-function-declaration -I"/home/mruby/mruby-test-tool/tmp/20130116133408-13255-build/iij-mruby-83d91b9/include" -o "build/host/tools/mruby/mruby.o" -c "tools/mruby/mruby.c"
"gcc" -DDISABLE_GEMS -MMD -g -O3 -Wall -Werror-implicit-function-declaration -I"/home/mruby/mruby-test-tool/tmp/20130116133408-13255-build/iij-mruby-83d91b9/include" -o "build/host/src/array.o" -c "src/array.c"
"gcc" -DDISABLE_GEMS -MMD -g -O3 -Wall -Werror-implicit-function-declaration -I"/home/mruby/mruby-test-tool/tmp/20130116133408-13255-build/iij-mruby-83d91b9/include" -o "build/host/src/cdump.o" -c "src/cdump.c"
"gcc" -DDISABLE_GEMS -MMD -g -O3 -Wall -Werror-implicit-function-declaration -I"/home/mruby/mruby-test-tool/tmp/20130116133408-13255-build/iij-mruby-83d91b9/include" -o "build/host/src/class.o" -c "src/class.c"
"gcc" -DDISABLE_GEMS -MMD -g -O3 -Wall -Werror-implicit-function-declaration -I"/home/mruby/mruby-test-tool/tmp/20130116133408-13255-build/iij-mruby-83d91b9/include" -o "build/host/src/codegen.o" -c "src/codegen.c"
"gcc" -DDISABLE_GEMS -MMD -g -O3 -Wall -Werror-implicit-function-declaration -I"/home/mruby/mruby-test-tool/tmp/20130116133408-13255-build/iij-mruby-83d91b9/include" -o "build/host/src/compar.o" -c "src/compar.c"
"gcc" -DDISABLE_GEMS -MMD -g -O3 -Wall -Werror-implicit-function-declaration -I"/home/mruby/mruby-test-tool/tmp/20130116133408-13255-build/iij-mruby-83d91b9/include" -o "build/host/src/crc.o" -c "src/crc.c"
"gcc" -DDISABLE_GEMS -MMD -g -O3 -Wall -Werror-implicit-function-declaration -I"/home/mruby/mruby-test-tool/tmp/20130116133408-13255-build/iij-mruby-83d91b9/include" -o "build/host/src/dump.o" -c "src/dump.c"
"gcc" -DDISABLE_GEMS -MMD -g -O3 -Wall -Werror-implicit-function-declaration -I"/home/mruby/mruby-test-tool/tmp/20130116133408-13255-build/iij-mruby-83d91b9/include" -o "build/host/src/enum.o" -c "src/enum.c"
"gcc" -DDISABLE_GEMS -MMD -g -O3 -Wall -Werror-implicit-function-declaration -I"/home/mruby/mruby-test-tool/tmp/20130116133408-13255-build/iij-mruby-83d91b9/include" -o "build/host/src/error.o" -c "src/error.c"
"gcc" -DDISABLE_GEMS -MMD -g -O3 -Wall -Werror-implicit-function-declaration -I"/home/mruby/mruby-test-tool/tmp/20130116133408-13255-build/iij-mruby-83d91b9/include" -o "build/host/src/etc.o" -c "src/etc.c"
"gcc" -DDISABLE_GEMS -MMD -g -O3 -Wall -Werror-implicit-function-declaration -I"/home/mruby/mruby-test-tool/tmp/20130116133408-13255-build/iij-mruby-83d91b9/include" -o "build/host/src/gc.o" -c "src/gc.c"
rake aborted!
Command Failed: ["gcc" -DDISABLE_GEMS -MMD -g -O3 -Wall -Werror-implicit-function-declaration -I"/home/mruby/mruby-test-tool/tmp/20130116133408-13255-build/iij-mruby-83d91b9/include" -o "build/host/src/gc.o" -c "src/gc.c"]</textarea></td>
          <td><textarea>src/dump.c: In function 'get_syms_block_size':
src/dump.c:293: warning: passing argument 1 of 'str_dump_len' discards qualifiers from pointer target type
src/dump.c: In function 'write_syms_block':
src/dump.c:439: warning: passing argument 1 of 'str_dump_len' discards qualifiers from pointer target type
src/dump.c:446: warning: passing argument 1 of 'str_dump' discards qualifiers from pointer target type
src/gc.c: In function 'obj_free':
src/gc.c:507: error: implicit declaration of function 'DEBUG'
src/gc.c:507: error: implicit declaration of function 'printf'
src/gc.c:507: warning: incompatible implicit declaration of built-in function 'printf'</textarea></td>
        </tr>
        <tr>
          <th>make test</th>
          <td><textarea>(in /home/mruby/mruby-test-tool/tmp/20130116133408-13255-build/iij-mruby-83d91b9)
"gcc" -DDISABLE_GEMS -MMD -g -O3 -Wall -Werror-implicit-function-declaration -I"/home/mruby/mruby-test-tool/tmp/20130116133408-13255-build/iij-mruby-83d91b9/include" -o "build/host/test/driver.o" -c "test/driver.c"
"gcc" -DDISABLE_GEMS -MMD -g -O3 -Wall -Werror-implicit-function-declaration -I"/home/mruby/mruby-test-tool/tmp/20130116133408-13255-build/iij-mruby-83d91b9/include" -o "build/host/tools/mrbc/mrbc.o" -c "tools/mrbc/mrbc.c"
"gcc" -DDISABLE_GEMS -MMD -g -O3 -Wall -Werror-implicit-function-declaration -I"/home/mruby/mruby-test-tool/tmp/20130116133408-13255-build/iij-mruby-83d91b9/include" -o "build/host/src/gc.o" -c "src/gc.c"
rake aborted!
Command Failed: ["gcc" -DDISABLE_GEMS -MMD -g -O3 -Wall -Werror-implicit-function-declaration -I"/home/mruby/mruby-test-tool/tmp/20130116133408-13255-build/iij-mruby-83d91b9/include" -o "build/host/src/gc.o" -c "src/gc.c"]</textarea></td>
          <td><textarea>src/gc.c: In function 'obj_free':
src/gc.c:507: error: implicit declaration of function 'DEBUG'
src/gc.c:507: error: implicit declaration of function 'printf'
src/gc.c:507: warning: incompatible implicit declaration of built-in function 'printf'</textarea></td>
        </tr>
        
      </table>
    
      
      <h3><a name="openbsd64bit">openbsd64bit</a> <span style="font-size:small;"><a href="#top">#top</a></span></h3>
      <table border='1' style="width:90%;">
        <tr>
          <th style="width:100px;">task</th>
          <th>stdout</th>
          <th>stderr</th>
        </tr>
        <tr>
          <th>make</th>
          <td><textarea>(in /home/mruby/mruby-test-tool/tmp/20130116133407-2993-build/iij-mruby-83d91b9)
"gcc" -DDISABLE_GEMS -MMD -g -O3 -Wall -Werror-implicit-function-declaration -I"/home/mruby/mruby-test-tool/tmp/20130116133407-2993-build/iij-mruby-83d91b9/include" -o "build/host/tools/mruby/mruby.o" -c "tools/mruby/mruby.c"
"gcc" -DDISABLE_GEMS -MMD -g -O3 -Wall -Werror-implicit-function-declaration -I"/home/mruby/mruby-test-tool/tmp/20130116133407-2993-build/iij-mruby-83d91b9/include" -o "build/host/src/array.o" -c "src/array.c"
"gcc" -DDISABLE_GEMS -MMD -g -O3 -Wall -Werror-implicit-function-declaration -I"/home/mruby/mruby-test-tool/tmp/20130116133407-2993-build/iij-mruby-83d91b9/include" -o "build/host/src/cdump.o" -c "src/cdump.c"
"gcc" -DDISABLE_GEMS -MMD -g -O3 -Wall -Werror-implicit-function-declaration -I"/home/mruby/mruby-test-tool/tmp/20130116133407-2993-build/iij-mruby-83d91b9/include" -o "build/host/src/class.o" -c "src/class.c"
"gcc" -DDISABLE_GEMS -MMD -g -O3 -Wall -Werror-implicit-function-declaration -I"/home/mruby/mruby-test-tool/tmp/20130116133407-2993-build/iij-mruby-83d91b9/include" -o "build/host/src/codegen.o" -c "src/codegen.c"
"gcc" -DDISABLE_GEMS -MMD -g -O3 -Wall -Werror-implicit-function-declaration -I"/home/mruby/mruby-test-tool/tmp/20130116133407-2993-build/iij-mruby-83d91b9/include" -o "build/host/src/compar.o" -c "src/compar.c"
"gcc" -DDISABLE_GEMS -MMD -g -O3 -Wall -Werror-implicit-function-declaration -I"/home/mruby/mruby-test-tool/tmp/20130116133407-2993-build/iij-mruby-83d91b9/include" -o "build/host/src/crc.o" -c "src/crc.c"
"gcc" -DDISABLE_GEMS -MMD -g -O3 -Wall -Werror-implicit-function-declaration -I"/home/mruby/mruby-test-tool/tmp/20130116133407-2993-build/iij-mruby-83d91b9/include" -o "build/host/src/dump.o" -c "src/dump.c"
"gcc" -DDISABLE_GEMS -MMD -g -O3 -Wall -Werror-implicit-function-declaration -I"/home/mruby/mruby-test-tool/tmp/20130116133407-2993-build/iij-mruby-83d91b9/include" -o "build/host/src/enum.o" -c "src/enum.c"
"gcc" -DDISABLE_GEMS -MMD -g -O3 -Wall -Werror-implicit-function-declaration -I"/home/mruby/mruby-test-tool/tmp/20130116133407-2993-build/iij-mruby-83d91b9/include" -o "build/host/src/error.o" -c "src/error.c"
"gcc" -DDISABLE_GEMS -MMD -g -O3 -Wall -Werror-implicit-function-declaration -I"/home/mruby/mruby-test-tool/tmp/20130116133407-2993-build/iij-mruby-83d91b9/include" -o "build/host/src/etc.o" -c "src/etc.c"
"gcc" -DDISABLE_GEMS -MMD -g -O3 -Wall -Werror-implicit-function-declaration -I"/home/mruby/mruby-test-tool/tmp/20130116133407-2993-build/iij-mruby-83d91b9/include" -o "build/host/src/gc.o" -c "src/gc.c"
rake aborted!
Command Failed: ["gcc" -DDISABLE_GEMS -MMD -g -O3 -Wall -Werror-implicit-function-declaration -I"/home/mruby/mruby-test-tool/tmp/20130116133407-2993-build/iij-mruby-83d91b9/include" -o "build/host/src/gc.o" -c "src/gc.c"]</textarea></td>
          <td><textarea>src/dump.c: In function 'get_syms_block_size':
src/dump.c:293: warning: passing argument 1 of 'str_dump_len' discards qualifiers from pointer target type
src/dump.c: In function 'write_syms_block':
src/dump.c:439: warning: passing argument 1 of 'str_dump_len' discards qualifiers from pointer target type
src/dump.c:446: warning: passing argument 1 of 'str_dump' discards qualifiers from pointer target type
src/gc.c: In function 'obj_free':
src/gc.c:507: error: implicit declaration of function 'DEBUG'
src/gc.c:507: error: implicit declaration of function 'printf'
src/gc.c:507: warning: incompatible implicit declaration of built-in function 'printf'</textarea></td>
        </tr>
        <tr>
          <th>make test</th>
          <td><textarea>(in /home/mruby/mruby-test-tool/tmp/20130116133407-2993-build/iij-mruby-83d91b9)
"gcc" -DDISABLE_GEMS -MMD -g -O3 -Wall -Werror-implicit-function-declaration -I"/home/mruby/mruby-test-tool/tmp/20130116133407-2993-build/iij-mruby-83d91b9/include" -o "build/host/test/driver.o" -c "test/driver.c"
"gcc" -DDISABLE_GEMS -MMD -g -O3 -Wall -Werror-implicit-function-declaration -I"/home/mruby/mruby-test-tool/tmp/20130116133407-2993-build/iij-mruby-83d91b9/include" -o "build/host/tools/mrbc/mrbc.o" -c "tools/mrbc/mrbc.c"
"gcc" -DDISABLE_GEMS -MMD -g -O3 -Wall -Werror-implicit-function-declaration -I"/home/mruby/mruby-test-tool/tmp/20130116133407-2993-build/iij-mruby-83d91b9/include" -o "build/host/src/gc.o" -c "src/gc.c"
rake aborted!
Command Failed: ["gcc" -DDISABLE_GEMS -MMD -g -O3 -Wall -Werror-implicit-function-declaration -I"/home/mruby/mruby-test-tool/tmp/20130116133407-2993-build/iij-mruby-83d91b9/include" -o "build/host/src/gc.o" -c "src/gc.c"]</textarea></td>
          <td><textarea>src/gc.c: In function 'obj_free':
src/gc.c:507: error: implicit declaration of function 'DEBUG'
src/gc.c:507: error: implicit declaration of function 'printf'
src/gc.c:507: warning: incompatible implicit declaration of built-in function 'printf'</textarea></td>
        </tr>
        
      </table>
    
      
      <h3><a name="ubuntu32bit">ubuntu32bit</a> <span style="font-size:small;"><a href="#top">#top</a></span></h3>
      <table border='1' style="width:90%;">
        <tr>
          <th style="width:100px;">task</th>
          <th>stdout</th>
          <th>stderr</th>
        </tr>
        <tr>
          <th>make</th>
          <td><textarea>(in /home/mruby/mruby-test-tool/tmp/20130116133409-6311-build/iij-mruby-83d91b9)
"gcc" -DDISABLE_GEMS -MMD -g -O3 -Wall -Werror-implicit-function-declaration -I"/home/mruby/mruby-test-tool/tmp/20130116133409-6311-build/iij-mruby-83d91b9/include" -o "build/host/tools/mruby/mruby.o" -c "tools/mruby/mruby.c"
"gcc" -DDISABLE_GEMS -MMD -g -O3 -Wall -Werror-implicit-function-declaration -I"/home/mruby/mruby-test-tool/tmp/20130116133409-6311-build/iij-mruby-83d91b9/include" -o "build/host/src/pool.o" -c "src/pool.c"
"gcc" -DDISABLE_GEMS -MMD -g -O3 -Wall -Werror-implicit-function-declaration -I"/home/mruby/mruby-test-tool/tmp/20130116133409-6311-build/iij-mruby-83d91b9/include" -o "build/host/src/regerror.o" -c "src/regerror.c"
"gcc" -DDISABLE_GEMS -MMD -g -O3 -Wall -Werror-implicit-function-declaration -I"/home/mruby/mruby-test-tool/tmp/20130116133409-6311-build/iij-mruby-83d91b9/include" -o "build/host/src/kernel.o" -c "src/kernel.c"
"gcc" -DDISABLE_GEMS -MMD -g -O3 -Wall -Werror-implicit-function-declaration -I"/home/mruby/mruby-test-tool/tmp/20130116133409-6311-build/iij-mruby-83d91b9/include" -o "build/host/src/codegen.o" -c "src/codegen.c"
"gcc" -DDISABLE_GEMS -MMD -g -O3 -Wall -Werror-implicit-function-declaration -I"/home/mruby/mruby-test-tool/tmp/20130116133409-6311-build/iij-mruby-83d91b9/include" -o "build/host/src/state.o" -c "src/state.c"
"gcc" -DDISABLE_GEMS -MMD -g -O3 -Wall -Werror-implicit-function-declaration -I"/home/mruby/mruby-test-tool/tmp/20130116133409-6311-build/iij-mruby-83d91b9/include" -o "build/host/src/gc.o" -c "src/gc.c"
rake aborted!
Command Failed: ["gcc" -DDISABLE_GEMS -MMD -g -O3 -Wall -Werror-implicit-function-declaration -I"/home/mruby/mruby-test-tool/tmp/20130116133409-6311-build/iij-mruby-83d91b9/include" -o "build/host/src/gc.o" -c "src/gc.c"]</textarea></td>
          <td><textarea>src/gc.c: In function 'obj_free':
src/gc.c:507:3: error: implicit declaration of function 'DEBUG' [-Werror=implicit-function-declaration]
src/gc.c:507:3: error: implicit declaration of function 'printf' [-Werror=implicit-function-declaration]
src/gc.c:507:9: warning: incompatible implicit declaration of built-in function 'printf' [enabled by default]
cc1: some warnings being treated as errors</textarea></td>
        </tr>
        <tr>
          <th>make test</th>
          <td><textarea>(in /home/mruby/mruby-test-tool/tmp/20130116133409-6311-build/iij-mruby-83d91b9)
"gcc" -DDISABLE_GEMS -MMD -g -O3 -Wall -Werror-implicit-function-declaration -I"/home/mruby/mruby-test-tool/tmp/20130116133409-6311-build/iij-mruby-83d91b9/include" -o "build/host/test/driver.o" -c "test/driver.c"
"gcc" -DDISABLE_GEMS -MMD -g -O3 -Wall -Werror-implicit-function-declaration -I"/home/mruby/mruby-test-tool/tmp/20130116133409-6311-build/iij-mruby-83d91b9/include" -o "build/host/tools/mrbc/mrbc.o" -c "tools/mrbc/mrbc.c"
"gcc" -DDISABLE_GEMS -MMD -g -O3 -Wall -Werror-implicit-function-declaration -I"/home/mruby/mruby-test-tool/tmp/20130116133409-6311-build/iij-mruby-83d91b9/include" -o "build/host/src/gc.o" -c "src/gc.c"
rake aborted!
Command Failed: ["gcc" -DDISABLE_GEMS -MMD -g -O3 -Wall -Werror-implicit-function-declaration -I"/home/mruby/mruby-test-tool/tmp/20130116133409-6311-build/iij-mruby-83d91b9/include" -o "build/host/src/gc.o" -c "src/gc.c"]</textarea></td>
          <td><textarea>src/gc.c: In function 'obj_free':
src/gc.c:507:3: error: implicit declaration of function 'DEBUG' [-Werror=implicit-function-declaration]
src/gc.c:507:3: error: implicit declaration of function 'printf' [-Werror=implicit-function-declaration]
src/gc.c:507:9: warning: incompatible implicit declaration of built-in function 'printf' [enabled by default]
cc1: some warnings being treated as errors</textarea></td>
        </tr>
        
      </table>
    
      
      <h3><a name="ubuntu64bit">ubuntu64bit</a> <span style="font-size:small;"><a href="#top">#top</a></span></h3>
      <table border='1' style="width:90%;">
        <tr>
          <th style="width:100px;">task</th>
          <th>stdout</th>
          <th>stderr</th>
        </tr>
        <tr>
          <th>make</th>
          <td><textarea>(in /home/mruby/mruby-test-tool/tmp/20130116133409-25189-build/iij-mruby-83d91b9)
"gcc" -DDISABLE_GEMS -MMD -g -O3 -Wall -Werror-implicit-function-declaration -I"/home/mruby/mruby-test-tool/tmp/20130116133409-25189-build/iij-mruby-83d91b9/include" -o "build/host/tools/mruby/mruby.o" -c "tools/mruby/mruby.c"
"gcc" -DDISABLE_GEMS -MMD -g -O3 -Wall -Werror-implicit-function-declaration -I"/home/mruby/mruby-test-tool/tmp/20130116133409-25189-build/iij-mruby-83d91b9/include" -o "build/host/src/vm.o" -c "src/vm.c"
rake aborted!
Command Failed: ["gcc" -DDISABLE_GEMS -MMD -g -O3 -Wall -Werror-implicit-function-declaration -I"/home/mruby/mruby-test-tool/tmp/20130116133409-25189-build/iij-mruby-83d91b9/include" -o "build/host/src/vm.o" -c "src/vm.c"]</textarea></td>
          <td><textarea>src/vm.c: In function 'mrb_run':
src/vm.c:1239:9: error: implicit declaration of function 'DEBUG' [-Werror=implicit-function-declaration]
cc1: some warnings being treated as errors</textarea></td>
        </tr>
        <tr>
          <th>make test</th>
          <td><textarea>(in /home/mruby/mruby-test-tool/tmp/20130116133409-25189-build/iij-mruby-83d91b9)
"gcc" -DDISABLE_GEMS -MMD -g -O3 -Wall -Werror-implicit-function-declaration -I"/home/mruby/mruby-test-tool/tmp/20130116133409-25189-build/iij-mruby-83d91b9/include" -o "build/host/test/driver.o" -c "test/driver.c"
"gcc" -DDISABLE_GEMS -MMD -g -O3 -Wall -Werror-implicit-function-declaration -I"/home/mruby/mruby-test-tool/tmp/20130116133409-25189-build/iij-mruby-83d91b9/include" -o "build/host/tools/mrbc/mrbc.o" -c "tools/mrbc/mrbc.c"
"gcc" -DDISABLE_GEMS -MMD -g -O3 -Wall -Werror-implicit-function-declaration -I"/home/mruby/mruby-test-tool/tmp/20130116133409-25189-build/iij-mruby-83d91b9/include" -o "build/host/src/vm.o" -c "src/vm.c"
rake aborted!
Command Failed: ["gcc" -DDISABLE_GEMS -MMD -g -O3 -Wall -Werror-implicit-function-declaration -I"/home/mruby/mruby-test-tool/tmp/20130116133409-25189-build/iij-mruby-83d91b9/include" -o "build/host/src/vm.o" -c "src/vm.c"]</textarea></td>
          <td><textarea>src/vm.c: In function 'mrb_run':
src/vm.c:1239:9: error: implicit declaration of function 'DEBUG' [-Werror=implicit-function-declaration]
cc1: some warnings being treated as errors</textarea></td>
        </tr>
        
      </table>
    

    <h2><a name="commitlog">commit log</a> <span style="font-size:small;"><a href="#top">#top</a></span></h2>
      <pre>commit 83d91b935a1fd38289573aa84456e3d37901b83e
Author: Masaki Muranaka &lt;monaka@monami-ya.jp&gt;
Date:   Mon Jan 7 15:07:44 2013 +0900

    Remove DEBUG macro definitions.

diff --git a/include/mruby.h b/include/mruby.h
index 197961c..480a764 100644
--- a/include/mruby.h
+++ b/include/mruby.h
@@ -241,16 +241,6 @@ void mrb_write_barrier(mrb_state *, struct RBasic*);
 
 #define MRUBY_VERSION &quot;Rite&quot;
 
-#ifdef DEBUG
-#undef DEBUG
-#endif
-
-#if 0
-#define DEBUG(x) x
-#else
-#define DEBUG(x)
-#endif
-
 mrb_value mrb_check_convert_type(mrb_state *mrb, mrb_value val, mrb_int type, const char *tname, const char *method);
 mrb_value mrb_any_to_s(mrb_state *mrb, mrb_value obj);
 const char * mrb_obj_classname(mrb_state *mrb, mrb_value obj);
</pre>

  </body>
</html>
