<html>
  <head>
    <meta http-equiv="content-type" content="text/html; charset=UTF-8"/>
    <title>mruby build & test report</title>
    <style>
      pre {
        white-space: -moz-pre-wrap; /* Mozilla */
        white-space: -pre-wrap;     /* Opera 4-6 */
        white-space: -o-pre-wrap;   /* Opera 7 */
        white-space: pre-wrap;      /* CSS3 */
        word-wrap: break-word;      /* IE 5.5+ */
      }
      textarea {
        width: 100%;
        height: 400px;
        font-family: monospace !important;
        font-size: 12px !important;
      }
    </style>
  </head>
  <body>
    <a name="top"></a>
    <div style="background-color:#a0a0a0;">
      
        
        <a href="mruby-mruby.html">mruby-mruby</a>
      
        
        <a href="iij-mruby.html">iij-mruby</a>
      
    </div>

    
    

    <h1>mruby build & test report
      <span style="font-size:small;">(iij/mruby - b2eeaea)</span>
    </h1>

    <ul>
      <li><a href="http://github.com/iij/mruby/commit/b2eeaea" target="_blank">commit info on github</a></li>
      
      
        
        
        
          <li><a href="iij-mruby.html">back to iij-mruby</a></li>
        
      
      <li>
      <pre>commit b2eeaea2786ec8f6dd1e67b012b9fedfdbaf7792
Merge: c2826c4 93fa579
Author: Akira Yumiyama &lt;yumiyama@iij.ad.jp&gt;
Date:   Thu Jan 24 08:18:25 2013 +0900

    Merge branch 'master' into iij-merge-work
    
    Conflicts:
    	build_config.rb
    	src/init.c
    	src/init_ext.c
    	tasks/mruby_build.rake
    	tasks/mruby_gem_spec.rake

</pre>
      <a href="#commitlog">commit log</a>
      </li>
  </ul>

    <h2>mrbtest</h2>
    <table border="1">
      <tr>
        
          <th>Name</th>
        
          <th>Build-Status</th>
        
          <th>Mrbtest-Status</th>
        
          <th>Total</th>
        
          <th>OK</th>
        
          <th>KO</th>
        
          <th>Crash</th>
        
          <th>Fail</th>
        
          <th>Msg</th>
        
      </tr>
      
        
        
        <tr style="background-color:#ff9999">
          <td><a href="#centos32bit">centos32bit</a></td>
          <td>failed</td>
          <td>failed</td>
          <td>0</td>
          <td>0</td>
          <td>0</td>
          <td>0</td>
          <td></td>
          <td></td>
        </tr>
      
        
        
        <tr style="background-color:#ff9999">
          <td><a href="#centos64bit">centos64bit</a></td>
          <td>failed</td>
          <td>failed</td>
          <td>0</td>
          <td>0</td>
          <td>0</td>
          <td>0</td>
          <td></td>
          <td></td>
        </tr>
      
        
        
        <tr style="background-color:#ff9999">
          <td><a href="#freebsd32bit">freebsd32bit</a></td>
          <td>failed</td>
          <td>failed</td>
          <td>0</td>
          <td>0</td>
          <td>0</td>
          <td>0</td>
          <td></td>
          <td></td>
        </tr>
      
        
        
        <tr style="background-color:#ff9999">
          <td><a href="#freebsd64bit">freebsd64bit</a></td>
          <td>failed</td>
          <td>failed</td>
          <td>0</td>
          <td>0</td>
          <td>0</td>
          <td>0</td>
          <td></td>
          <td></td>
        </tr>
      
        
        
        <tr style="background-color:#ff9999">
          <td><a href="#mac-lion">mac-lion</a></td>
          <td>failed</td>
          <td>failed</td>
          <td>0</td>
          <td>0</td>
          <td>0</td>
          <td>0</td>
          <td></td>
          <td></td>
        </tr>
      
        
        
        <tr style="background-color:#ff9999">
          <td><a href="#mac-ppc">mac-ppc</a></td>
          <td>failed</td>
          <td>failed</td>
          <td>0</td>
          <td>0</td>
          <td>0</td>
          <td>0</td>
          <td></td>
          <td></td>
        </tr>
      
        
        
        <tr style="background-color:#ff9999">
          <td><a href="#netbsd32bit">netbsd32bit</a></td>
          <td>failed</td>
          <td>failed</td>
          <td>0</td>
          <td>0</td>
          <td>0</td>
          <td>0</td>
          <td></td>
          <td></td>
        </tr>
      
        
        
        <tr style="background-color:#ff9999">
          <td><a href="#netbsd64bit">netbsd64bit</a></td>
          <td>failed</td>
          <td>failed</td>
          <td>0</td>
          <td>0</td>
          <td>0</td>
          <td>0</td>
          <td></td>
          <td></td>
        </tr>
      
        
        
        <tr style="background-color:#ff9999">
          <td><a href="#netbsd_mips">netbsd_mips</a></td>
          <td>failed</td>
          <td>failed</td>
          <td>0</td>
          <td>0</td>
          <td>0</td>
          <td>0</td>
          <td></td>
          <td></td>
        </tr>
      
        
        
        <tr style="background-color:#ff9999">
          <td><a href="#openbsd32bit">openbsd32bit</a></td>
          <td>failed</td>
          <td>failed</td>
          <td>0</td>
          <td>0</td>
          <td>0</td>
          <td>0</td>
          <td></td>
          <td></td>
        </tr>
      
        
        
        <tr style="background-color:#ff9999">
          <td><a href="#openbsd64bit">openbsd64bit</a></td>
          <td>failed</td>
          <td>failed</td>
          <td>0</td>
          <td>0</td>
          <td>0</td>
          <td>0</td>
          <td></td>
          <td></td>
        </tr>
      
        
        
        <tr style="background-color:#ff9999">
          <td><a href="#ubuntu32bit">ubuntu32bit</a></td>
          <td>failed</td>
          <td>failed</td>
          <td>0</td>
          <td>0</td>
          <td>0</td>
          <td>0</td>
          <td></td>
          <td></td>
        </tr>
      
        
        
        <tr style="background-color:#ff9999">
          <td><a href="#ubuntu64bit">ubuntu64bit</a></td>
          <td>failed</td>
          <td>failed</td>
          <td>0</td>
          <td>0</td>
          <td>0</td>
          <td>0</td>
          <td></td>
          <td></td>
        </tr>
      
    </table>

    
      <h2>posix test</h2>
      <table border="1">
        <tr>
          
            <th>Name</th>
          
            <th>Status</th>
          
            <th>Total</th>
          
            <th>OK</th>
          
            <th>KO</th>
          
            <th>Crash</th>
          
            <th>Fail</th>
          
            <th>Msg</th>
          
        </tr>
        
          
          
          <tr style="background-color:#ff9999">
            <td><a href="#centos32bit">centos32bit</a></td>
            <td>failed</td>
            <td>0</td>
            <td>0</td>
            <td>0</td>
            <td>0</td>
            <td></td>
            <td>POSIX test result: NG<br/>  fail test is :  dir.sh  env.sh  errno.sh  file.sh  io.sh  process.sh  require.sh  syslog.sh</td>
          </tr>
        
          
          
          <tr style="background-color:#ff9999">
            <td><a href="#centos64bit">centos64bit</a></td>
            <td>failed</td>
            <td>0</td>
            <td>0</td>
            <td>0</td>
            <td>0</td>
            <td></td>
            <td>POSIX test result: NG<br/>  fail test is :  dir.sh  env.sh  errno.sh  file.sh  io.sh  process.sh  require.sh  syslog.sh</td>
          </tr>
        
          
          
          <tr style="background-color:#ff9999">
            <td><a href="#freebsd32bit">freebsd32bit</a></td>
            <td>failed</td>
            <td>0</td>
            <td>0</td>
            <td>0</td>
            <td>0</td>
            <td></td>
            <td>POSIX test result: NG<br/>  fail test is :  dir.sh  env.sh  errno.sh  file.sh  io.sh  process.sh  require.sh  syslog.sh</td>
          </tr>
        
          
          
          <tr style="background-color:#ff9999">
            <td><a href="#freebsd64bit">freebsd64bit</a></td>
            <td>failed</td>
            <td>0</td>
            <td>0</td>
            <td>0</td>
            <td>0</td>
            <td></td>
            <td>POSIX test result: NG<br/>  fail test is :  dir.sh  env.sh  errno.sh  file.sh  io.sh  process.sh  require.sh  syslog.sh</td>
          </tr>
        
          
          
          <tr style="background-color:#ff9999">
            <td><a href="#mac-lion">mac-lion</a></td>
            <td>failed</td>
            <td>0</td>
            <td>0</td>
            <td>0</td>
            <td>0</td>
            <td></td>
            <td>POSIX test result: NG<br/>  fail test is :  dir.sh  env.sh  errno.sh  file.sh  io.sh  process.sh  require.sh  syslog.sh</td>
          </tr>
        
          
          
          <tr style="background-color:#ff9999">
            <td><a href="#mac-ppc">mac-ppc</a></td>
            <td>failed</td>
            <td>0</td>
            <td>0</td>
            <td>0</td>
            <td>0</td>
            <td></td>
            <td>POSIX test result: NG<br/>  fail test is :  dir.sh  env.sh  errno.sh  file.sh  io.sh  process.sh  require.sh  syslog.sh</td>
          </tr>
        
          
          
          <tr style="background-color:#ff9999">
            <td><a href="#netbsd32bit">netbsd32bit</a></td>
            <td>failed</td>
            <td>0</td>
            <td>0</td>
            <td>0</td>
            <td>0</td>
            <td></td>
            <td>POSIX test result: NG<br/>  fail test is :  dir.sh  env.sh  errno.sh  file.sh  io.sh  process.sh  require.sh  syslog.sh</td>
          </tr>
        
          
          
          <tr style="background-color:#ff9999">
            <td><a href="#netbsd64bit">netbsd64bit</a></td>
            <td>failed</td>
            <td>0</td>
            <td>0</td>
            <td>0</td>
            <td>0</td>
            <td></td>
            <td>POSIX test result: NG<br/>  fail test is :  dir.sh  env.sh  errno.sh  file.sh  io.sh  process.sh  require.sh  syslog.sh</td>
          </tr>
        
          
          
          <tr style="background-color:#ff9999">
            <td><a href="#netbsd_mips">netbsd_mips</a></td>
            <td>failed</td>
            <td>0</td>
            <td>0</td>
            <td>0</td>
            <td>0</td>
            <td></td>
            <td>POSIX test result: NG<br/>  fail test is :  dir.sh  env.sh  errno.sh  file.sh  io.sh  process.sh  require.sh  syslog.sh</td>
          </tr>
        
          
          
          <tr style="background-color:#ff9999">
            <td><a href="#openbsd32bit">openbsd32bit</a></td>
            <td>failed</td>
            <td>0</td>
            <td>0</td>
            <td>0</td>
            <td>0</td>
            <td></td>
            <td>POSIX test result: NG<br/>  fail test is :  dir.sh  env.sh  errno.sh  file.sh  io.sh  process.sh  require.sh  syslog.sh</td>
          </tr>
        
          
          
          <tr style="background-color:#ff9999">
            <td><a href="#openbsd64bit">openbsd64bit</a></td>
            <td>failed</td>
            <td>0</td>
            <td>0</td>
            <td>0</td>
            <td>0</td>
            <td></td>
            <td>POSIX test result: NG<br/>  fail test is :  dir.sh  env.sh  errno.sh  file.sh  io.sh  process.sh  require.sh  syslog.sh</td>
          </tr>
        
          
          
          <tr style="background-color:#ff9999">
            <td><a href="#ubuntu32bit">ubuntu32bit</a></td>
            <td>failed</td>
            <td>0</td>
            <td>0</td>
            <td>0</td>
            <td>0</td>
            <td></td>
            <td>POSIX test result: NG<br/>  fail test is :  dir.sh  env.sh  errno.sh  file.sh  io.sh  process.sh  require.sh  syslog.sh</td>
          </tr>
        
          
          
          <tr style="background-color:#ff9999">
            <td><a href="#ubuntu64bit">ubuntu64bit</a></td>
            <td>failed</td>
            <td>0</td>
            <td>0</td>
            <td>0</td>
            <td>0</td>
            <td></td>
            <td>POSIX test result: NG<br/>  fail test is :  dir.sh  env.sh  errno.sh  file.sh  io.sh  process.sh  require.sh  syslog.sh</td>
          </tr>
        
      </table>
    

    <h2>environment <span style="font-size:small;"><a href="#top">#top</a></span></h2>
    <table border='1'>
      <tr>
        <th>Name</th>
        <th>software version</th>
      </tr>
      
        
        <tr>
          <td rowspan="3">centos32bit</td>
          <td><b>gcc</b><br/><pre>gcc (GCC) 4.4.6 20120305 (Red Hat 4.4.6-4)
Copyright (C) 2010 Free Software Foundation, Inc.
This is free software; see the source for copying conditions.  There is NO
warranty; not even for MERCHANTABILITY or FITNESS FOR A PARTICULAR PURPOSE.</pre></td>
        </tr>
        <tr><td><b>make</b><br/><pre>GNU Make 3.81
Copyright (C) 2006  Free Software Foundation, Inc.
This is free software; see the source for copying conditions.
There is NO warranty; not even for MERCHANTABILITY or FITNESS FOR A
PARTICULAR PURPOSE.

This program built for i386-redhat-linux-gnu</pre></td></tr>
        <tr><td><b>bison</b><br/><pre>bison (GNU Bison) 2.4.1
Written by Robert Corbett and Richard Stallman.

Copyright (C) 2008 Free Software Foundation, Inc.
This is free software; see the source for copying conditions.  There is NO
warranty; not even for MERCHANTABILITY or FITNESS FOR A PARTICULAR PURPOSE.</pre></td></tr>
      
        
        <tr>
          <td rowspan="3">centos64bit</td>
          <td><b>gcc</b><br/><pre>gcc (GCC) 4.4.6 20120305 (Red Hat 4.4.6-4)
Copyright (C) 2010 Free Software Foundation, Inc.
This is free software; see the source for copying conditions.  There is NO
warranty; not even for MERCHANTABILITY or FITNESS FOR A PARTICULAR PURPOSE.</pre></td>
        </tr>
        <tr><td><b>make</b><br/><pre>GNU Make 3.81
Copyright (C) 2006  Free Software Foundation, Inc.
This is free software; see the source for copying conditions.
There is NO warranty; not even for MERCHANTABILITY or FITNESS FOR A
PARTICULAR PURPOSE.

This program built for x86_64-redhat-linux-gnu</pre></td></tr>
        <tr><td><b>bison</b><br/><pre>bison (GNU Bison) 2.4.1
Written by Robert Corbett and Richard Stallman.

Copyright (C) 2008 Free Software Foundation, Inc.
This is free software; see the source for copying conditions.  There is NO
warranty; not even for MERCHANTABILITY or FITNESS FOR A PARTICULAR PURPOSE.</pre></td></tr>
      
        
        <tr>
          <td rowspan="3">freebsd32bit</td>
          <td><b>gcc</b><br/><pre>gcc (GCC) 4.2.1 20070831 patched [FreeBSD]
Copyright (C) 2007 Free Software Foundation, Inc.
This is free software; see the source for copying conditions.  There is NO
warranty; not even for MERCHANTABILITY or FITNESS FOR A PARTICULAR PURPOSE.</pre></td>
        </tr>
        <tr><td><b>make</b><br/><pre>GNU Make 3.82
Built for i386-portbld-freebsd9.0
Copyright (C) 2010  Free Software Foundation, Inc.
License GPLv3+: GNU GPL version 3 or later <http://gnu.org/licenses/gpl.html>
This is free software: you are free to change and redistribute it.
There is NO WARRANTY, to the extent permitted by law.</pre></td></tr>
        <tr><td><b>bison</b><br/><pre>bison (GNU Bison) 2.4.3
Written by Robert Corbett and Richard Stallman.

Copyright (C) 2010 Free Software Foundation, Inc.
This is free software; see the source for copying conditions.  There is NO
warranty; not even for MERCHANTABILITY or FITNESS FOR A PARTICULAR PURPOSE.</pre></td></tr>
      
        
        <tr>
          <td rowspan="3">freebsd64bit</td>
          <td><b>gcc</b><br/><pre>gcc (GCC) 4.2.1 20070831 patched [FreeBSD]
Copyright (C) 2007 Free Software Foundation, Inc.
This is free software; see the source for copying conditions.  There is NO
warranty; not even for MERCHANTABILITY or FITNESS FOR A PARTICULAR PURPOSE.</pre></td>
        </tr>
        <tr><td><b>make</b><br/><pre>GNU Make 3.82
Built for amd64-portbld-freebsd9.0
Copyright (C) 2010  Free Software Foundation, Inc.
License GPLv3+: GNU GPL version 3 or later <http://gnu.org/licenses/gpl.html>
This is free software: you are free to change and redistribute it.
There is NO WARRANTY, to the extent permitted by law.</pre></td></tr>
        <tr><td><b>bison</b><br/><pre>bison (GNU Bison) 2.4.3
Written by Robert Corbett and Richard Stallman.

Copyright (C) 2010 Free Software Foundation, Inc.
This is free software; see the source for copying conditions.  There is NO
warranty; not even for MERCHANTABILITY or FITNESS FOR A PARTICULAR PURPOSE.</pre></td></tr>
      
        
        <tr>
          <td rowspan="3">mac-lion</td>
          <td><b>gcc</b><br/><pre>i686-apple-darwin11-llvm-gcc-4.2 (GCC) 4.2.1 (Based on Apple Inc. build 5658) (LLVM build 2336.11.00)
Copyright (C) 2007 Free Software Foundation, Inc.
This is free software; see the source for copying conditions.  There is NO
warranty; not even for MERCHANTABILITY or FITNESS FOR A PARTICULAR PURPOSE.</pre></td>
        </tr>
        <tr><td><b>make</b><br/><pre>GNU Make 3.81
Copyright (C) 2006  Free Software Foundation, Inc.
This is free software; see the source for copying conditions.
There is NO warranty; not even for MERCHANTABILITY or FITNESS FOR A
PARTICULAR PURPOSE.

This program built for i386-apple-darwin11.3.0</pre></td></tr>
        <tr><td><b>bison</b><br/><pre>bison (GNU Bison) 2.3
Written by Robert Corbett and Richard Stallman.

Copyright (C) 2006 Free Software Foundation, Inc.
This is free software; see the source for copying conditions.  There is NO
warranty; not even for MERCHANTABILITY or FITNESS FOR A PARTICULAR PURPOSE.</pre></td></tr>
      
        
        <tr>
          <td rowspan="3">mac-ppc</td>
          <td><b>gcc</b><br/><pre>powerpc-apple-darwin9-gcc-4.0.1 (GCC) 4.0.1 (Apple Inc. build 5493)
Copyright (C) 2005 Free Software Foundation, Inc.
This is free software; see the source for copying conditions.  There is NO
warranty; not even for MERCHANTABILITY or FITNESS FOR A PARTICULAR PURPOSE.</pre></td>
        </tr>
        <tr><td><b>make</b><br/><pre>GNU Make 3.81
Copyright (C) 2006  Free Software Foundation, Inc.
This is free software; see the source for copying conditions.
There is NO warranty; not even for MERCHANTABILITY or FITNESS FOR A
PARTICULAR PURPOSE.

This program built for powerpc-apple-darwin9.0</pre></td></tr>
        <tr><td><b>bison</b><br/><pre>bison (GNU Bison) 2.3
Written by Robert Corbett and Richard Stallman.

Copyright (C) 2006 Free Software Foundation, Inc.
This is free software; see the source for copying conditions.  There is NO
warranty; not even for MERCHANTABILITY or FITNESS FOR A PARTICULAR PURPOSE.</pre></td></tr>
      
        
        <tr>
          <td rowspan="3">netbsd32bit</td>
          <td><b>gcc</b><br/><pre>gcc (GCC) 4.1.3 20080704 prerelease (NetBSD nb2 20081120)
Copyright (C) 2006 Free Software Foundation, Inc.
This is free software; see the source for copying conditions.  There is NO
warranty; not even for MERCHANTABILITY or FITNESS FOR A PARTICULAR PURPOSE.</pre></td>
        </tr>
        <tr><td><b>make</b><br/><pre>GNU Make 3.82
Built for i386--netbsdelf
Copyright (C) 2010  Free Software Foundation, Inc.
License GPLv3+: GNU GPL version 3 or later <http://gnu.org/licenses/gpl.html>
This is free software: you are free to change and redistribute it.
There is NO WARRANTY, to the extent permitted by law.</pre></td></tr>
        <tr><td><b>bison</b><br/><pre>bison (GNU Bison) 2.5.1
Written by Robert Corbett and Richard Stallman.

Copyright (C) 2012 Free Software Foundation, Inc.
This is free software; see the source for copying conditions.  There is NO
warranty; not even for MERCHANTABILITY or FITNESS FOR A PARTICULAR PURPOSE.</pre></td></tr>
      
        
        <tr>
          <td rowspan="3">netbsd64bit</td>
          <td><b>gcc</b><br/><pre>gcc (GCC) 4.1.3 20080704 prerelease (NetBSD nb2 20081120)
Copyright (C) 2006 Free Software Foundation, Inc.
This is free software; see the source for copying conditions.  There is NO
warranty; not even for MERCHANTABILITY or FITNESS FOR A PARTICULAR PURPOSE.</pre></td>
        </tr>
        <tr><td><b>make</b><br/><pre>GNU Make 3.82
Built for x86_64--netbsd
Copyright (C) 2010  Free Software Foundation, Inc.
License GPLv3+: GNU GPL version 3 or later <http://gnu.org/licenses/gpl.html>
This is free software: you are free to change and redistribute it.
There is NO WARRANTY, to the extent permitted by law.</pre></td></tr>
        <tr><td><b>bison</b><br/><pre>bison (GNU Bison) 2.5.1
Written by Robert Corbett and Richard Stallman.

Copyright (C) 2012 Free Software Foundation, Inc.
This is free software; see the source for copying conditions.  There is NO
warranty; not even for MERCHANTABILITY or FITNESS FOR A PARTICULAR PURPOSE.</pre></td></tr>
      
        
        <tr>
          <td rowspan="3">netbsd_mips</td>
          <td><b>gcc</b><br/><pre></pre></td>
        </tr>
        <tr><td><b>make</b><br/><pre></pre></td></tr>
        <tr><td><b>bison</b><br/><pre></pre></td></tr>
      
        
        <tr>
          <td rowspan="3">openbsd32bit</td>
          <td><b>gcc</b><br/><pre>gcc (GCC) 4.2.1 20070719 
Copyright (C) 2007 Free Software Foundation, Inc.
This is free software; see the source for copying conditions.  There is NO
warranty; not even for MERCHANTABILITY or FITNESS FOR A PARTICULAR PURPOSE.</pre></td>
        </tr>
        <tr><td><b>make</b><br/><pre>GNU Make 3.82
Built for i386-unknown-openbsd5.1
Copyright (C) 2010  Free Software Foundation, Inc.
License GPLv3+: GNU GPL version 3 or later <http://gnu.org/licenses/gpl.html>
This is free software: you are free to change and redistribute it.
There is NO WARRANTY, to the extent permitted by law.</pre></td></tr>
        <tr><td><b>bison</b><br/><pre>bison (GNU Bison) 2.3
Written by Robert Corbett and Richard Stallman.

Copyright (C) 2006 Free Software Foundation, Inc.
This is free software; see the source for copying conditions.  There is NO
warranty; not even for MERCHANTABILITY or FITNESS FOR A PARTICULAR PURPOSE.</pre></td></tr>
      
        
        <tr>
          <td rowspan="3">openbsd64bit</td>
          <td><b>gcc</b><br/><pre>gcc (GCC) 4.2.1 20070719 
Copyright (C) 2007 Free Software Foundation, Inc.
This is free software; see the source for copying conditions.  There is NO
warranty; not even for MERCHANTABILITY or FITNESS FOR A PARTICULAR PURPOSE.</pre></td>
        </tr>
        <tr><td><b>make</b><br/><pre>GNU Make 3.82
Built for x86_64-unknown-openbsd5.1
Copyright (C) 2010  Free Software Foundation, Inc.
License GPLv3+: GNU GPL version 3 or later <http://gnu.org/licenses/gpl.html>
This is free software: you are free to change and redistribute it.
There is NO WARRANTY, to the extent permitted by law.</pre></td></tr>
        <tr><td><b>bison</b><br/><pre>bison (GNU Bison) 2.3
Written by Robert Corbett and Richard Stallman.

Copyright (C) 2006 Free Software Foundation, Inc.
This is free software; see the source for copying conditions.  There is NO
warranty; not even for MERCHANTABILITY or FITNESS FOR A PARTICULAR PURPOSE.</pre></td></tr>
      
        
        <tr>
          <td rowspan="3">ubuntu32bit</td>
          <td><b>gcc</b><br/><pre>gcc (Ubuntu/Linaro 4.6.3-1ubuntu5) 4.6.3
Copyright (C) 2011 Free Software Foundation, Inc.
This is free software; see the source for copying conditions.  There is NO
warranty; not even for MERCHANTABILITY or FITNESS FOR A PARTICULAR PURPOSE.</pre></td>
        </tr>
        <tr><td><b>make</b><br/><pre>GNU Make 3.81
Copyright (C) 2006  Free Software Foundation, Inc.
This is free software; see the source for copying conditions.
There is NO warranty; not even for MERCHANTABILITY or FITNESS FOR A
PARTICULAR PURPOSE.

This program built for i686-pc-linux-gnu</pre></td></tr>
        <tr><td><b>bison</b><br/><pre>bison (GNU Bison) 2.5
Written by Robert Corbett and Richard Stallman.

Copyright (C) 2011 Free Software Foundation, Inc.
This is free software; see the source for copying conditions.  There is NO
warranty; not even for MERCHANTABILITY or FITNESS FOR A PARTICULAR PURPOSE.</pre></td></tr>
      
        
        <tr>
          <td rowspan="3">ubuntu64bit</td>
          <td><b>gcc</b><br/><pre>gcc (Ubuntu/Linaro 4.6.3-1ubuntu5) 4.6.3
Copyright (C) 2011 Free Software Foundation, Inc.
This is free software; see the source for copying conditions.  There is NO
warranty; not even for MERCHANTABILITY or FITNESS FOR A PARTICULAR PURPOSE.</pre></td>
        </tr>
        <tr><td><b>make</b><br/><pre>GNU Make 3.81
Copyright (C) 2006  Free Software Foundation, Inc.
This is free software; see the source for copying conditions.
There is NO warranty; not even for MERCHANTABILITY or FITNESS FOR A
PARTICULAR PURPOSE.

This program built for x86_64-pc-linux-gnu</pre></td></tr>
        <tr><td><b>bison</b><br/><pre>bison (GNU Bison) 2.5
Written by Robert Corbett and Richard Stallman.

Copyright (C) 2011 Free Software Foundation, Inc.
This is free software; see the source for copying conditions.  There is NO
warranty; not even for MERCHANTABILITY or FITNESS FOR A PARTICULAR PURPOSE.</pre></td></tr>
      
    </table>

    <h2>Build Log</h2>
    
      
      <h3><a name="centos32bit">centos32bit</a> <span style="font-size:small;"><a href="#top">#top</a></span></h3>
      <table border='1' style="width:90%;">
        <tr>
          <th style="width:100px;">task</th>
          <th>stdout</th>
          <th>stderr</th>
        </tr>
        <tr>
          <th>make</th>
          <td><textarea>(in /home/mruby/mruby-test-tool/tmp/20130124105724-11456-build/iij-mruby-b2eeaea)
GIT   https://github.com/iij/mruby-mtest.git -> "build/mrbgems/mruby-mtest"
Initialized empty Git repository in /home/mruby/mruby-test-tool/tmp/20130124105724-11456-build/iij-mruby-b2eeaea/build/mrbgems/mruby-mtest/.git/
GIT   https://github.com/iij/mruby-dir.git -> "build/mrbgems/mruby-dir"
Initialized empty Git repository in /home/mruby/mruby-test-tool/tmp/20130124105724-11456-build/iij-mruby-b2eeaea/build/mrbgems/mruby-dir/.git/
GIT   https://github.com/iij/mruby-digest.git -> "build/mrbgems/mruby-digest"
Initialized empty Git repository in /home/mruby/mruby-test-tool/tmp/20130124105724-11456-build/iij-mruby-b2eeaea/build/mrbgems/mruby-digest/.git/
GIT   https://github.com/iij/mruby-process.git -> "build/mrbgems/mruby-process"
Initialized empty Git repository in /home/mruby/mruby-test-tool/tmp/20130124105724-11456-build/iij-mruby-b2eeaea/build/mrbgems/mruby-process/.git/
GIT   https://github.com/iij/mruby-pack.git -> "build/mrbgems/mruby-pack"
Initialized empty Git repository in /home/mruby/mruby-test-tool/tmp/20130124105724-11456-build/iij-mruby-b2eeaea/build/mrbgems/mruby-pack/.git/
GIT   https://github.com/iij/mruby-syslog.git -> "build/mrbgems/mruby-syslog"
Initialized empty Git repository in /home/mruby/mruby-test-tool/tmp/20130124105724-11456-build/iij-mruby-b2eeaea/build/mrbgems/mruby-syslog/.git/
GIT   https://github.com/iij/mruby-env.git -> "build/mrbgems/mruby-env"
Initialized empty Git repository in /home/mruby/mruby-test-tool/tmp/20130124105724-11456-build/iij-mruby-b2eeaea/build/mrbgems/mruby-env/.git/
GIT   https://github.com/iij/mruby-simple-random.git -> "build/mrbgems/mruby-simple-random"
Initialized empty Git repository in /home/mruby/mruby-test-tool/tmp/20130124105724-11456-build/iij-mruby-b2eeaea/build/mrbgems/mruby-simple-random/.git/
CC    "tools/mruby/mruby.c" -> "build/host/tools/mruby/mruby.o"
rake aborted!
Command Failed: ["gcc" -g -O3 -Wall -Werror-implicit-function-declaration -I"/home/mruby/mruby-test-tool/tmp/20130124105724-11456-build/iij-mruby-b2eeaea/include" -I"build/mrbgems/mruby-mtest/include" -I"build/mrbgems/mruby-dir/include" -I"build/mrbgems/mruby-digest/include" -I"build/mrbgems/mruby-process/include" -I"build/mrbgems/mruby-pack/include" -I"build/mrbgems/mruby-syslog/include" -I"build/mrbgems/mruby-env/include" -I"build/mrbgems/mruby-simple-random/include" -I"tools/mruby" -MMD -o "build/host/tools/mruby/mruby.o" -c "tools/mruby/mruby.c"]</textarea></td>
          <td><textarea>In file included from tools/mruby/mruby.c:4:
/home/mruby/mruby-test-tool/tmp/20130124105724-11456-build/iij-mruby-b2eeaea/include/mruby/string.h:15:22: error: encoding.h: No such file or directory</textarea></td>
        </tr>
        <tr>
          <th>make test</th>
          <td><textarea>(in /home/mruby/mruby-test-tool/tmp/20130124105724-11456-build/iij-mruby-b2eeaea)
CC    "test/driver.c" -> "build/host/test/driver.o"
CC    "tools/mrbc/mrbc.c" -> "build/host/tools/mrbc/mrbc.o"
CC    "src/etc.c" -> "build/host/src/etc.o"
CC    "src/crc.c" -> "build/host/src/crc.o"
CC    "src/numeric.c" -> "build/host/src/numeric.o"
CC    "src/class.c" -> "build/host/src/class.o"
CC    "src/range.c" -> "build/host/src/range.o"
CC    "src/codegen.c" -> "build/host/src/codegen.o"
CC    "src/compar.c" -> "build/host/src/compar.o"
CC    "src/variable.c" -> "build/host/src/variable.o"
CC    "src/state.c" -> "build/host/src/state.o"
CC    "src/proc.c" -> "build/host/src/proc.o"
CC    "src/math.c" -> "build/host/src/math.o"
CC    "src/load.c" -> "build/host/src/load.o"
CC    "src/regparse.c" -> "build/host/src/regparse.o"
CC    "src/regexec.c" -> "build/host/src/regexec.o"
CC    "src/sprintf.c" -> "build/host/src/sprintf.o"
CC    "src/gc.c" -> "build/host/src/gc.o"
CC    "src/symbol.c" -> "build/host/src/symbol.o"
CC    "src/error.c" -> "build/host/src/error.o"
CC    "src/hash.c" -> "build/host/src/hash.o"
CC    "src/enum.c" -> "build/host/src/enum.o"
CC    "src/time.c" -> "build/host/src/time.o"
CC    "src/kernel.c" -> "build/host/src/kernel.o"
CC    "src/string.c" -> "build/host/src/string.o"
CC    "src/re.c" -> "build/host/src/re.o"
CC    "src/pool.c" -> "build/host/src/pool.o"
CC    "src/dump.c" -> "build/host/src/dump.o"
CC    "src/st.c" -> "build/host/src/st.o"
CC    "src/regcomp.c" -> "build/host/src/regcomp.o"
CC    "src/regerror.c" -> "build/host/src/regerror.o"
CC    "src/print.c" -> "build/host/src/print.o"
CC    "src/init_ext.c" -> "build/host/src/init_ext.o"
CC    "src/compile.c" -> "build/host/src/compile.o"
CC    "src/vm.c" -> "build/host/src/vm.o"
CC    "src/regenc.c" -> "build/host/src/regenc.o"
CC    "src/struct.c" -> "build/host/src/struct.o"
CC    "src/array.c" -> "build/host/src/array.o"
CC    "src/cdump.c" -> "build/host/src/cdump.o"
CC    "src/init.c" -> "build/host/src/init.o"
CC    "src/object.c" -> "build/host/src/object.o"
YACC  "src/parse.y" -> "build/host/src/y.tab.c"
CC    "build/host/src/y.tab.c" -> "build/host/src/y.tab.o"
CC    "src/ext/require/require.c" -> "build/host/src/ext/require/require.o"
rake aborted!
Command Failed: ["gcc" -g -O3 -Wall -Werror-implicit-function-declaration -I"/home/mruby/mruby-test-tool/tmp/20130124105724-11456-build/iij-mruby-b2eeaea/include" -I"build/mrbgems/mruby-mtest/include" -I"build/mrbgems/mruby-dir/include" -I"build/mrbgems/mruby-digest/include" -I"build/mrbgems/mruby-process/include" -I"build/mrbgems/mruby-pack/include" -I"build/mrbgems/mruby-syslog/include" -I"build/mrbgems/mruby-env/include" -I"build/mrbgems/mruby-simple-random/include" -I"src/ext/require" -MMD -o "build/host/src/ext/require/require.o" -c "src/ext/require/require.c"]</textarea></td>
          <td><textarea>src/compile.c: In function 'mrb_compile':
src/compile.c:38: warning: unused variable 'irep_len'
src/compile.c: At top level:
src/compile.c:20: warning: 'replace_stop_with_return' defined but not used
In file included from src/ext/require/require.c:11:
/home/mruby/mruby-test-tool/tmp/20130124105724-11456-build/iij-mruby-b2eeaea/include/mruby/string.h:15:22: error: encoding.h: No such file or directory
src/ext/require/require.c:19:20: error: opcode.h: No such file or directory
src/ext/require/require.c: In function 'replace_stop_with_return':
src/ext/require/require.c:158: error: implicit declaration of function 'MKOP_A'
src/ext/require/require.c:158: error: 'OP_STOP' undeclared (first use in this function)
src/ext/require/require.c:158: error: (Each undeclared identifier is reported only once
src/ext/require/require.c:158: error: for each function it appears in.)
src/ext/require/require.c:160: error: 'OP_LOADNIL' undeclared (first use in this function)
src/ext/require/require.c:161: error: implicit declaration of function 'MKOP_AB'
src/ext/require/require.c:161: error: 'OP_RETURN' undeclared (first use in this function)
src/ext/require/require.c:161: error: 'OP_R_NORMAL' undeclared (first use in this function)</textarea></td>
        </tr>
        
          <tr>
            <th>posix test</th>
            <td><textarea>###################################
# exec test/posix/dir.sh; start...

###################################
# exec test/posix/env.sh; start...

###################################
# exec test/posix/errno.sh; start...

###################################
# exec test/posix/file.sh; start...

###################################
# exec test/posix/io.sh; start...

###################################
# exec test/posix/process.sh; start...

###################################
# exec test/posix/require.sh; start...

###################################
# exec test/posix/syslog.sh; start...

###################################
POSIX test result: NG
  fail test is :  dir.sh  env.sh  errno.sh  file.sh  io.sh  process.sh  require.sh  syslog.sh
###################################</textarea></td>
            <td><textarea>dir.sh: line 18: /home/mruby/mruby-test-tool/tmp/20130124105724-11456-build/iij-mruby-b2eeaea/test/posix/../../bin/mruby: No such file or directory
env: ../../bin/mruby: No such file or directory
errno.sh: line 15: ../../bin/mruby: No such file or directory
file.sh: line 22: /home/mruby/mruby-test-tool/tmp/20130124105724-11456-build/iij-mruby-b2eeaea/test/posix/../../bin/mruby: No such file or directory
io.sh: line 21: ../../bin/mruby: No such file or directory
env: /home/mruby/mruby-test-tool/tmp/20130124105724-11456-build/iij-mruby-b2eeaea/test/posix/../../bin/mruby: No such file or directory
require.sh: line 9: ../../bin/mrbc: No such file or directory
mv: cannot stat `require/mrb0_.mrb': No such file or directory
require.sh: line 9: ../../bin/mrbc: No such file or directory
mv: cannot stat `require/mrb1_.mrb': No such file or directory
require.sh: line 15: ../../bin/mruby: No such file or directory</textarea></td>
          </tr>
        
      </table>
    
      
      <h3><a name="centos64bit">centos64bit</a> <span style="font-size:small;"><a href="#top">#top</a></span></h3>
      <table border='1' style="width:90%;">
        <tr>
          <th style="width:100px;">task</th>
          <th>stdout</th>
          <th>stderr</th>
        </tr>
        <tr>
          <th>make</th>
          <td><textarea>(in /home/mruby/mruby-test-tool/tmp/20130124105724-32341-build/iij-mruby-b2eeaea)
GIT   https://github.com/iij/mruby-mtest.git -> "build/mrbgems/mruby-mtest"
Initialized empty Git repository in /home/mruby/mruby-test-tool/tmp/20130124105724-32341-build/iij-mruby-b2eeaea/build/mrbgems/mruby-mtest/.git/
GIT   https://github.com/iij/mruby-dir.git -> "build/mrbgems/mruby-dir"
Initialized empty Git repository in /home/mruby/mruby-test-tool/tmp/20130124105724-32341-build/iij-mruby-b2eeaea/build/mrbgems/mruby-dir/.git/
GIT   https://github.com/iij/mruby-digest.git -> "build/mrbgems/mruby-digest"
Initialized empty Git repository in /home/mruby/mruby-test-tool/tmp/20130124105724-32341-build/iij-mruby-b2eeaea/build/mrbgems/mruby-digest/.git/
GIT   https://github.com/iij/mruby-process.git -> "build/mrbgems/mruby-process"
Initialized empty Git repository in /home/mruby/mruby-test-tool/tmp/20130124105724-32341-build/iij-mruby-b2eeaea/build/mrbgems/mruby-process/.git/
GIT   https://github.com/iij/mruby-pack.git -> "build/mrbgems/mruby-pack"
Initialized empty Git repository in /home/mruby/mruby-test-tool/tmp/20130124105724-32341-build/iij-mruby-b2eeaea/build/mrbgems/mruby-pack/.git/
GIT   https://github.com/iij/mruby-syslog.git -> "build/mrbgems/mruby-syslog"
Initialized empty Git repository in /home/mruby/mruby-test-tool/tmp/20130124105724-32341-build/iij-mruby-b2eeaea/build/mrbgems/mruby-syslog/.git/
GIT   https://github.com/iij/mruby-env.git -> "build/mrbgems/mruby-env"
Initialized empty Git repository in /home/mruby/mruby-test-tool/tmp/20130124105724-32341-build/iij-mruby-b2eeaea/build/mrbgems/mruby-env/.git/
GIT   https://github.com/iij/mruby-simple-random.git -> "build/mrbgems/mruby-simple-random"
Initialized empty Git repository in /home/mruby/mruby-test-tool/tmp/20130124105724-32341-build/iij-mruby-b2eeaea/build/mrbgems/mruby-simple-random/.git/
CC    "tools/mruby/mruby.c" -> "build/host/tools/mruby/mruby.o"
rake aborted!
Command Failed: ["gcc" -g -O3 -Wall -Werror-implicit-function-declaration -I"/home/mruby/mruby-test-tool/tmp/20130124105724-32341-build/iij-mruby-b2eeaea/include" -I"build/mrbgems/mruby-mtest/include" -I"build/mrbgems/mruby-dir/include" -I"build/mrbgems/mruby-digest/include" -I"build/mrbgems/mruby-process/include" -I"build/mrbgems/mruby-pack/include" -I"build/mrbgems/mruby-syslog/include" -I"build/mrbgems/mruby-env/include" -I"build/mrbgems/mruby-simple-random/include" -I"tools/mruby" -MMD -o "build/host/tools/mruby/mruby.o" -c "tools/mruby/mruby.c"]</textarea></td>
          <td><textarea>In file included from tools/mruby/mruby.c:4:
/home/mruby/mruby-test-tool/tmp/20130124105724-32341-build/iij-mruby-b2eeaea/include/mruby/string.h:15:22: error: encoding.h: No such file or directory</textarea></td>
        </tr>
        <tr>
          <th>make test</th>
          <td><textarea>(in /home/mruby/mruby-test-tool/tmp/20130124105724-32341-build/iij-mruby-b2eeaea)
CC    "test/driver.c" -> "build/host/test/driver.o"
CC    "tools/mrbc/mrbc.c" -> "build/host/tools/mrbc/mrbc.o"
CC    "src/regerror.c" -> "build/host/src/regerror.o"
CC    "src/gc.c" -> "build/host/src/gc.o"
CC    "src/time.c" -> "build/host/src/time.o"
CC    "src/print.c" -> "build/host/src/print.o"
CC    "src/numeric.c" -> "build/host/src/numeric.o"
CC    "src/hash.c" -> "build/host/src/hash.o"
CC    "src/proc.c" -> "build/host/src/proc.o"
CC    "src/cdump.c" -> "build/host/src/cdump.o"
CC    "src/error.c" -> "build/host/src/error.o"
CC    "src/regcomp.c" -> "build/host/src/regcomp.o"
CC    "src/re.c" -> "build/host/src/re.o"
CC    "src/dump.c" -> "build/host/src/dump.o"
CC    "src/init_ext.c" -> "build/host/src/init_ext.o"
CC    "src/compar.c" -> "build/host/src/compar.o"
CC    "src/variable.c" -> "build/host/src/variable.o"
CC    "src/state.c" -> "build/host/src/state.o"
CC    "src/st.c" -> "build/host/src/st.o"
CC    "src/symbol.c" -> "build/host/src/symbol.o"
CC    "src/load.c" -> "build/host/src/load.o"
CC    "src/codegen.c" -> "build/host/src/codegen.o"
CC    "src/regenc.c" -> "build/host/src/regenc.o"
CC    "src/crc.c" -> "build/host/src/crc.o"
CC    "src/regparse.c" -> "build/host/src/regparse.o"
CC    "src/sprintf.c" -> "build/host/src/sprintf.o"
CC    "src/enum.c" -> "build/host/src/enum.o"
CC    "src/init.c" -> "build/host/src/init.o"
CC    "src/struct.c" -> "build/host/src/struct.o"
CC    "src/kernel.c" -> "build/host/src/kernel.o"
CC    "src/math.c" -> "build/host/src/math.o"
CC    "src/array.c" -> "build/host/src/array.o"
CC    "src/regexec.c" -> "build/host/src/regexec.o"
CC    "src/pool.c" -> "build/host/src/pool.o"
CC    "src/string.c" -> "build/host/src/string.o"
CC    "src/class.c" -> "build/host/src/class.o"
CC    "src/object.c" -> "build/host/src/object.o"
CC    "src/vm.c" -> "build/host/src/vm.o"
CC    "src/compile.c" -> "build/host/src/compile.o"
CC    "src/etc.c" -> "build/host/src/etc.o"
CC    "src/range.c" -> "build/host/src/range.o"
YACC  "src/parse.y" -> "build/host/src/y.tab.c"
CC    "build/host/src/y.tab.c" -> "build/host/src/y.tab.o"
CC    "src/ext/socket/socket.c" -> "build/host/src/ext/socket/socket.o"
rake aborted!
Command Failed: ["gcc" -g -O3 -Wall -Werror-implicit-function-declaration -I"/home/mruby/mruby-test-tool/tmp/20130124105724-32341-build/iij-mruby-b2eeaea/include" -I"build/mrbgems/mruby-mtest/include" -I"build/mrbgems/mruby-dir/include" -I"build/mrbgems/mruby-digest/include" -I"build/mrbgems/mruby-process/include" -I"build/mrbgems/mruby-pack/include" -I"build/mrbgems/mruby-syslog/include" -I"build/mrbgems/mruby-env/include" -I"build/mrbgems/mruby-simple-random/include" -I"src/ext/socket" -MMD -o "build/host/src/ext/socket/socket.o" -c "src/ext/socket/socket.c"]</textarea></td>
          <td><textarea>src/compile.c: In function 'mrb_compile':
src/compile.c:38: warning: unused variable 'irep_len'
src/compile.c: At top level:
src/compile.c:20: warning: 'replace_stop_with_return' defined but not used
In file included from src/ext/socket/socket.c:22:
/home/mruby/mruby-test-tool/tmp/20130124105724-32341-build/iij-mruby-b2eeaea/include/mruby/string.h:15:22: error: encoding.h: No such file or directory</textarea></td>
        </tr>
        
          <tr>
            <th>posix test</th>
            <td><textarea>###################################
# exec test/posix/dir.sh; start...

###################################
# exec test/posix/env.sh; start...

###################################
# exec test/posix/errno.sh; start...

###################################
# exec test/posix/file.sh; start...

###################################
# exec test/posix/io.sh; start...

###################################
# exec test/posix/process.sh; start...

###################################
# exec test/posix/require.sh; start...

###################################
# exec test/posix/syslog.sh; start...

###################################
POSIX test result: NG
  fail test is :  dir.sh  env.sh  errno.sh  file.sh  io.sh  process.sh  require.sh  syslog.sh
###################################</textarea></td>
            <td><textarea>dir.sh: line 18: /home/mruby/mruby-test-tool/tmp/20130124105724-32341-build/iij-mruby-b2eeaea/test/posix/../../bin/mruby: No such file or directory
env: ../../bin/mruby: No such file or directory
errno.sh: line 15: ../../bin/mruby: No such file or directory
file.sh: line 22: /home/mruby/mruby-test-tool/tmp/20130124105724-32341-build/iij-mruby-b2eeaea/test/posix/../../bin/mruby: No such file or directory
io.sh: line 21: ../../bin/mruby: No such file or directory
env: /home/mruby/mruby-test-tool/tmp/20130124105724-32341-build/iij-mruby-b2eeaea/test/posix/../../bin/mruby: No such file or directory
require.sh: line 9: ../../bin/mrbc: No such file or directory
mv: cannot stat `require/mrb0_.mrb': No such file or directory
require.sh: line 9: ../../bin/mrbc: No such file or directory
mv: cannot stat `require/mrb1_.mrb': No such file or directory
require.sh: line 15: ../../bin/mruby: No such file or directory</textarea></td>
          </tr>
        
      </table>
    
      
      <h3><a name="freebsd32bit">freebsd32bit</a> <span style="font-size:small;"><a href="#top">#top</a></span></h3>
      <table border='1' style="width:90%;">
        <tr>
          <th style="width:100px;">task</th>
          <th>stdout</th>
          <th>stderr</th>
        </tr>
        <tr>
          <th>make</th>
          <td><textarea>(in /usr/home/mruby/mruby-test-tool/tmp/20130124105724-57991-build/iij-mruby-b2eeaea)
GIT   https://github.com/iij/mruby-mtest.git -> "build/mrbgems/mruby-mtest"
Cloning into 'build/mrbgems/mruby-mtest'...
GIT   https://github.com/iij/mruby-dir.git -> "build/mrbgems/mruby-dir"
Cloning into 'build/mrbgems/mruby-dir'...
GIT   https://github.com/iij/mruby-digest.git -> "build/mrbgems/mruby-digest"
Cloning into 'build/mrbgems/mruby-digest'...
GIT   https://github.com/iij/mruby-process.git -> "build/mrbgems/mruby-process"
Cloning into 'build/mrbgems/mruby-process'...
GIT   https://github.com/iij/mruby-pack.git -> "build/mrbgems/mruby-pack"
Cloning into 'build/mrbgems/mruby-pack'...
GIT   https://github.com/iij/mruby-syslog.git -> "build/mrbgems/mruby-syslog"
Cloning into 'build/mrbgems/mruby-syslog'...
GIT   https://github.com/iij/mruby-env.git -> "build/mrbgems/mruby-env"
Cloning into 'build/mrbgems/mruby-env'...
GIT   https://github.com/iij/mruby-simple-random.git -> "build/mrbgems/mruby-simple-random"
Cloning into 'build/mrbgems/mruby-simple-random'...
CC    "tools/mruby/mruby.c" -> "build/host/tools/mruby/mruby.o"
rake aborted!
Command Failed: ["gcc" -g -O3 -Wall -Werror-implicit-function-declaration -I"/usr/home/mruby/mruby-test-tool/tmp/20130124105724-57991-build/iij-mruby-b2eeaea/include" -I"build/mrbgems/mruby-mtest/include" -I"build/mrbgems/mruby-dir/include" -I"build/mrbgems/mruby-digest/include" -I"build/mrbgems/mruby-process/include" -I"build/mrbgems/mruby-pack/include" -I"build/mrbgems/mruby-syslog/include" -I"build/mrbgems/mruby-env/include" -I"build/mrbgems/mruby-simple-random/include" -I"tools/mruby" -MMD -o "build/host/tools/mruby/mruby.o" -c "tools/mruby/mruby.c"]</textarea></td>
          <td><textarea>In file included from tools/mruby/mruby.c:4:
/usr/home/mruby/mruby-test-tool/tmp/20130124105724-57991-build/iij-mruby-b2eeaea/include/mruby/string.h:15:22: error: encoding.h: No such file or directory</textarea></td>
        </tr>
        <tr>
          <th>make test</th>
          <td><textarea>(in /usr/home/mruby/mruby-test-tool/tmp/20130124105724-57991-build/iij-mruby-b2eeaea)
CC    "test/driver.c" -> "build/host/test/driver.o"
CC    "tools/mrbc/mrbc.c" -> "build/host/tools/mrbc/mrbc.o"
CC    "src/array.c" -> "build/host/src/array.o"
CC    "src/cdump.c" -> "build/host/src/cdump.o"
CC    "src/class.c" -> "build/host/src/class.o"
CC    "src/codegen.c" -> "build/host/src/codegen.o"
CC    "src/compar.c" -> "build/host/src/compar.o"
CC    "src/compile.c" -> "build/host/src/compile.o"
CC    "src/crc.c" -> "build/host/src/crc.o"
CC    "src/dump.c" -> "build/host/src/dump.o"
CC    "src/enum.c" -> "build/host/src/enum.o"
CC    "src/error.c" -> "build/host/src/error.o"
CC    "src/etc.c" -> "build/host/src/etc.o"
CC    "src/gc.c" -> "build/host/src/gc.o"
CC    "src/hash.c" -> "build/host/src/hash.o"
CC    "src/init.c" -> "build/host/src/init.o"
CC    "src/init_ext.c" -> "build/host/src/init_ext.o"
CC    "src/kernel.c" -> "build/host/src/kernel.o"
CC    "src/load.c" -> "build/host/src/load.o"
CC    "src/math.c" -> "build/host/src/math.o"
CC    "src/numeric.c" -> "build/host/src/numeric.o"
CC    "src/object.c" -> "build/host/src/object.o"
CC    "src/pool.c" -> "build/host/src/pool.o"
CC    "src/print.c" -> "build/host/src/print.o"
CC    "src/proc.c" -> "build/host/src/proc.o"
CC    "src/range.c" -> "build/host/src/range.o"
CC    "src/re.c" -> "build/host/src/re.o"
CC    "src/regcomp.c" -> "build/host/src/regcomp.o"
CC    "src/regenc.c" -> "build/host/src/regenc.o"
CC    "src/regerror.c" -> "build/host/src/regerror.o"
CC    "src/regexec.c" -> "build/host/src/regexec.o"
CC    "src/regparse.c" -> "build/host/src/regparse.o"
CC    "src/sprintf.c" -> "build/host/src/sprintf.o"
CC    "src/st.c" -> "build/host/src/st.o"
CC    "src/state.c" -> "build/host/src/state.o"
CC    "src/string.c" -> "build/host/src/string.o"
CC    "src/struct.c" -> "build/host/src/struct.o"
CC    "src/symbol.c" -> "build/host/src/symbol.o"
CC    "src/time.c" -> "build/host/src/time.o"
CC    "src/variable.c" -> "build/host/src/variable.o"
CC    "src/vm.c" -> "build/host/src/vm.o"
YACC  "src/parse.y" -> "build/host/src/y.tab.c"
CC    "build/host/src/y.tab.c" -> "build/host/src/y.tab.o"
CC    "src/ext/enc/ascii.c" -> "build/host/src/ext/enc/ascii.o"
rake aborted!
Command Failed: ["gcc" -g -O3 -Wall -Werror-implicit-function-declaration -I"/usr/home/mruby/mruby-test-tool/tmp/20130124105724-57991-build/iij-mruby-b2eeaea/include" -I"build/mrbgems/mruby-mtest/include" -I"build/mrbgems/mruby-dir/include" -I"build/mrbgems/mruby-digest/include" -I"build/mrbgems/mruby-process/include" -I"build/mrbgems/mruby-pack/include" -I"build/mrbgems/mruby-syslog/include" -I"build/mrbgems/mruby-env/include" -I"build/mrbgems/mruby-simple-random/include" -I"src/ext/enc" -MMD -o "build/host/src/ext/enc/ascii.o" -c "src/ext/enc/ascii.c"]</textarea></td>
          <td><textarea>src/compile.c: In function 'mrb_compile':
src/compile.c:38: warning: unused variable 'irep_len'
src/compile.c: At top level:
src/compile.c:21: warning: 'replace_stop_with_return' defined but not used
src/dump.c: In function 'get_syms_block_size':
src/dump.c:293: warning: passing argument 1 of 'str_dump_len' discards qualifiers from pointer target type
src/dump.c: In function 'write_syms_block':
src/dump.c:453: warning: passing argument 1 of 'str_dump_len' discards qualifiers from pointer target type
src/dump.c:461: warning: passing argument 1 of 'str_dump' discards qualifiers from pointer target type
src/dump.c: In function 'write_irep_record':
src/dump.c:637: warning: 'crc' may be used uninitialized in this function
src/regparse.c: In function 'onig_parse_make_tree':
src/regparse.c:5588: warning: passing argument 3 of 'parse_regexp' discards qualifiers from pointer target type
src/ext/enc/ascii.c:30:20: error: regenc.h: No such file or directory
src/ext/enc/ascii.c:33: error: expected ')' before 'code'
src/ext/enc/ascii.c:41: error: expected '=', ',', ';', 'asm' or '__attribute__' before 'OnigEncodingASCII'</textarea></td>
        </tr>
        
          <tr>
            <th>posix test</th>
            <td><textarea>###################################
# exec test/posix/dir.sh; start...

###################################
# exec test/posix/env.sh; start...

###################################
# exec test/posix/errno.sh; start...

###################################
# exec test/posix/file.sh; start...

###################################
# exec test/posix/io.sh; start...

###################################
# exec test/posix/process.sh; start...

###################################
# exec test/posix/require.sh; start...

###################################
# exec test/posix/syslog.sh; start...

###################################
POSIX test result: NG
  fail test is :  dir.sh  env.sh  errno.sh  file.sh  io.sh  process.sh  require.sh  syslog.sh
###################################</textarea></td>
            <td><textarea>dir.sh: /usr/home/mruby/mruby-test-tool/tmp/20130124105724-57991-build/iij-mruby-b2eeaea/test/posix/../../bin/mruby: not found
env: ../../bin/mruby: No such file or directory
errno.sh: ../../bin/mruby: not found
file.sh: /usr/home/mruby/mruby-test-tool/tmp/20130124105724-57991-build/iij-mruby-b2eeaea/test/posix/../../bin/mruby: not found
io.sh: ../../bin/mruby: not found
env: /usr/home/mruby/mruby-test-tool/tmp/20130124105724-57991-build/iij-mruby-b2eeaea/test/posix/../../bin/mruby: No such file or directory
require.sh: ../../bin/mrbc: not found
mv: require/mrb0_.mrb: No such file or directory
require.sh: ../../bin/mrbc: not found
mv: require/mrb1_.mrb: No such file or directory
require.sh: ../../bin/mruby: not found</textarea></td>
          </tr>
        
      </table>
    
      
      <h3><a name="freebsd64bit">freebsd64bit</a> <span style="font-size:small;"><a href="#top">#top</a></span></h3>
      <table border='1' style="width:90%;">
        <tr>
          <th style="width:100px;">task</th>
          <th>stdout</th>
          <th>stderr</th>
        </tr>
        <tr>
          <th>make</th>
          <td><textarea>(in /usr/home/mruby/mruby-test-tool/tmp/20130124105725-55132-build/iij-mruby-b2eeaea)
GIT   https://github.com/iij/mruby-mtest.git -> "build/mrbgems/mruby-mtest"
Cloning into 'build/mrbgems/mruby-mtest'...
GIT   https://github.com/iij/mruby-dir.git -> "build/mrbgems/mruby-dir"
Cloning into 'build/mrbgems/mruby-dir'...
GIT   https://github.com/iij/mruby-digest.git -> "build/mrbgems/mruby-digest"
Cloning into 'build/mrbgems/mruby-digest'...
rake aborted!
Command Failed: ["git" clone  https://github.com/iij/mruby-digest.git "build/mrbgems/mruby-digest"]
Rakefile:12:in `load'</textarea></td>
          <td><textarea>error: The requested URL returned error: 403 while accessing https://github.com/iij/mruby-digest.git/info/refs
fatal: HTTP request failed</textarea></td>
        </tr>
        <tr>
          <th>make test</th>
          <td><textarea>(in /usr/home/mruby/mruby-test-tool/tmp/20130124105725-55132-build/iij-mruby-b2eeaea)
GIT   https://github.com/iij/mruby-digest.git -> "build/mrbgems/mruby-digest"
Cloning into 'build/mrbgems/mruby-digest'...
GIT   https://github.com/iij/mruby-process.git -> "build/mrbgems/mruby-process"
Cloning into 'build/mrbgems/mruby-process'...
GIT   https://github.com/iij/mruby-pack.git -> "build/mrbgems/mruby-pack"
Cloning into 'build/mrbgems/mruby-pack'...
GIT   https://github.com/iij/mruby-syslog.git -> "build/mrbgems/mruby-syslog"
Cloning into 'build/mrbgems/mruby-syslog'...
GIT   https://github.com/iij/mruby-env.git -> "build/mrbgems/mruby-env"
Cloning into 'build/mrbgems/mruby-env'...
GIT   https://github.com/iij/mruby-simple-random.git -> "build/mrbgems/mruby-simple-random"
Cloning into 'build/mrbgems/mruby-simple-random'...
CC    "test/driver.c" -> "build/host/test/driver.o"
CC    "tools/mrbc/mrbc.c" -> "build/host/tools/mrbc/mrbc.o"
CC    "src/array.c" -> "build/host/src/array.o"
CC    "src/cdump.c" -> "build/host/src/cdump.o"
CC    "src/class.c" -> "build/host/src/class.o"
CC    "src/codegen.c" -> "build/host/src/codegen.o"
CC    "src/compar.c" -> "build/host/src/compar.o"
CC    "src/compile.c" -> "build/host/src/compile.o"
CC    "src/crc.c" -> "build/host/src/crc.o"
CC    "src/dump.c" -> "build/host/src/dump.o"
CC    "src/enum.c" -> "build/host/src/enum.o"
CC    "src/error.c" -> "build/host/src/error.o"
CC    "src/etc.c" -> "build/host/src/etc.o"
CC    "src/gc.c" -> "build/host/src/gc.o"
CC    "src/hash.c" -> "build/host/src/hash.o"
CC    "src/init.c" -> "build/host/src/init.o"
CC    "src/init_ext.c" -> "build/host/src/init_ext.o"
CC    "src/kernel.c" -> "build/host/src/kernel.o"
CC    "src/load.c" -> "build/host/src/load.o"
CC    "src/math.c" -> "build/host/src/math.o"
CC    "src/numeric.c" -> "build/host/src/numeric.o"
CC    "src/object.c" -> "build/host/src/object.o"
CC    "src/pool.c" -> "build/host/src/pool.o"
CC    "src/print.c" -> "build/host/src/print.o"
CC    "src/proc.c" -> "build/host/src/proc.o"
CC    "src/range.c" -> "build/host/src/range.o"
CC    "src/re.c" -> "build/host/src/re.o"
CC    "src/regcomp.c" -> "build/host/src/regcomp.o"
CC    "src/regenc.c" -> "build/host/src/regenc.o"
CC    "src/regerror.c" -> "build/host/src/regerror.o"
CC    "src/regexec.c" -> "build/host/src/regexec.o"
CC    "src/regparse.c" -> "build/host/src/regparse.o"
CC    "src/sprintf.c" -> "build/host/src/sprintf.o"
CC    "src/st.c" -> "build/host/src/st.o"
CC    "src/state.c" -> "build/host/src/state.o"
CC    "src/string.c" -> "build/host/src/string.o"
CC    "src/struct.c" -> "build/host/src/struct.o"
CC    "src/symbol.c" -> "build/host/src/symbol.o"
CC    "src/time.c" -> "build/host/src/time.o"
CC    "src/variable.c" -> "build/host/src/variable.o"
CC    "src/vm.c" -> "build/host/src/vm.o"
YACC  "src/parse.y" -> "build/host/src/y.tab.c"
CC    "build/host/src/y.tab.c" -> "build/host/src/y.tab.o"
CC    "src/ext/enc/ascii.c" -> "build/host/src/ext/enc/ascii.o"
rake aborted!
Command Failed: ["gcc" -g -O3 -Wall -Werror-implicit-function-declaration -I"/usr/home/mruby/mruby-test-tool/tmp/20130124105725-55132-build/iij-mruby-b2eeaea/include" -I"build/mrbgems/mruby-mtest/include" -I"build/mrbgems/mruby-dir/include" -I"build/mrbgems/mruby-digest/include" -I"build/mrbgems/mruby-process/include" -I"build/mrbgems/mruby-pack/include" -I"build/mrbgems/mruby-syslog/include" -I"build/mrbgems/mruby-env/include" -I"build/mrbgems/mruby-simple-random/include" -I"src/ext/enc" -MMD -o "build/host/src/ext/enc/ascii.o" -c "src/ext/enc/ascii.c"]</textarea></td>
          <td><textarea>src/compile.c: In function 'mrb_compile':
src/compile.c:38: warning: unused variable 'irep_len'
src/compile.c: At top level:
src/compile.c:21: warning: 'replace_stop_with_return' defined but not used
src/dump.c: In function 'get_syms_block_size':
src/dump.c:293: warning: passing argument 1 of 'str_dump_len' discards qualifiers from pointer target type
src/dump.c: In function 'write_syms_block':
src/dump.c:453: warning: passing argument 1 of 'str_dump_len' discards qualifiers from pointer target type
src/dump.c:461: warning: passing argument 1 of 'str_dump' discards qualifiers from pointer target type
src/dump.c: In function 'write_irep_record':
src/dump.c:637: warning: 'crc' may be used uninitialized in this function
src/regparse.c: In function 'onig_parse_make_tree':
src/regparse.c:5588: warning: passing argument 3 of 'parse_regexp' discards qualifiers from pointer target type
src/ext/enc/ascii.c:30:20: error: regenc.h: No such file or directory
src/ext/enc/ascii.c:33: error: expected ')' before 'code'
src/ext/enc/ascii.c:41: error: expected '=', ',', ';', 'asm' or '__attribute__' before 'OnigEncodingASCII'</textarea></td>
        </tr>
        
          <tr>
            <th>posix test</th>
            <td><textarea>###################################
# exec test/posix/dir.sh; start...

###################################
# exec test/posix/env.sh; start...

###################################
# exec test/posix/errno.sh; start...

###################################
# exec test/posix/file.sh; start...

###################################
# exec test/posix/io.sh; start...

###################################
# exec test/posix/process.sh; start...

###################################
# exec test/posix/require.sh; start...

###################################
# exec test/posix/syslog.sh; start...

###################################
POSIX test result: NG
  fail test is :  dir.sh  env.sh  errno.sh  file.sh  io.sh  process.sh  require.sh  syslog.sh
###################################</textarea></td>
            <td><textarea>dir.sh: /usr/home/mruby/mruby-test-tool/tmp/20130124105725-55132-build/iij-mruby-b2eeaea/test/posix/../../bin/mruby: not found
env: ../../bin/mruby: No such file or directory
errno.sh: ../../bin/mruby: not found
file.sh: /usr/home/mruby/mruby-test-tool/tmp/20130124105725-55132-build/iij-mruby-b2eeaea/test/posix/../../bin/mruby: not found
io.sh: ../../bin/mruby: not found
env: /usr/home/mruby/mruby-test-tool/tmp/20130124105725-55132-build/iij-mruby-b2eeaea/test/posix/../../bin/mruby: No such file or directory
require.sh: ../../bin/mrbc: not found
mv: require/mrb0_.mrb: No such file or directory
require.sh: ../../bin/mrbc: not found
mv: require/mrb1_.mrb: No such file or directory
require.sh: ../../bin/mruby: not found</textarea></td>
          </tr>
        
      </table>
    
      
      <h3><a name="mac-lion">mac-lion</a> <span style="font-size:small;"><a href="#top">#top</a></span></h3>
      <table border='1' style="width:90%;">
        <tr>
          <th style="width:100px;">task</th>
          <th>stdout</th>
          <th>stderr</th>
        </tr>
        <tr>
          <th>make</th>
          <td><textarea>(in /Users/mruby/mruby-test-tool/tmp/20130124105725-65850-build/iij-mruby-b2eeaea)
GIT   https://github.com/iij/mruby-mtest.git -> "build/mrbgems/mruby-mtest"
Cloning into 'build/mrbgems/mruby-mtest'...
GIT   https://github.com/iij/mruby-dir.git -> "build/mrbgems/mruby-dir"
Cloning into 'build/mrbgems/mruby-dir'...
GIT   https://github.com/iij/mruby-digest.git -> "build/mrbgems/mruby-digest"
Cloning into 'build/mrbgems/mruby-digest'...
GIT   https://github.com/iij/mruby-process.git -> "build/mrbgems/mruby-process"
Cloning into 'build/mrbgems/mruby-process'...
GIT   https://github.com/iij/mruby-pack.git -> "build/mrbgems/mruby-pack"
Cloning into 'build/mrbgems/mruby-pack'...
GIT   https://github.com/iij/mruby-syslog.git -> "build/mrbgems/mruby-syslog"
Cloning into 'build/mrbgems/mruby-syslog'...
GIT   https://github.com/iij/mruby-env.git -> "build/mrbgems/mruby-env"
Cloning into 'build/mrbgems/mruby-env'...
GIT   https://github.com/iij/mruby-simple-random.git -> "build/mrbgems/mruby-simple-random"
Cloning into 'build/mrbgems/mruby-simple-random'...
CC    "tools/mruby/mruby.c" -> "build/host/tools/mruby/mruby.o"
rake aborted!
Command Failed: ["gcc" -g -O3 -Wall -Werror-implicit-function-declaration -I"/Users/mruby/mruby-test-tool/tmp/20130124105725-65850-build/iij-mruby-b2eeaea/include" -I"build/mrbgems/mruby-mtest/include" -I"build/mrbgems/mruby-dir/include" -I"build/mrbgems/mruby-digest/include" -I"build/mrbgems/mruby-process/include" -I"build/mrbgems/mruby-pack/include" -I"build/mrbgems/mruby-syslog/include" -I"build/mrbgems/mruby-env/include" -I"build/mrbgems/mruby-simple-random/include" -I"tools/mruby" -MMD -o "build/host/tools/mruby/mruby.o" -c "tools/mruby/mruby.c"]</textarea></td>
          <td><textarea>In file included from tools/mruby/mruby.c:4:
/Users/mruby/mruby-test-tool/tmp/20130124105725-65850-build/iij-mruby-b2eeaea/include/mruby/string.h:15:22: error: encoding.h: No such file or directory</textarea></td>
        </tr>
        <tr>
          <th>make test</th>
          <td><textarea>(in /Users/mruby/mruby-test-tool/tmp/20130124105725-65850-build/iij-mruby-b2eeaea)
CC    "test/driver.c" -> "build/host/test/driver.o"
CC    "tools/mrbc/mrbc.c" -> "build/host/tools/mrbc/mrbc.o"
CC    "src/array.c" -> "build/host/src/array.o"
CC    "src/cdump.c" -> "build/host/src/cdump.o"
CC    "src/class.c" -> "build/host/src/class.o"
CC    "src/codegen.c" -> "build/host/src/codegen.o"
CC    "src/compar.c" -> "build/host/src/compar.o"
CC    "src/compile.c" -> "build/host/src/compile.o"
CC    "src/crc.c" -> "build/host/src/crc.o"
CC    "src/dump.c" -> "build/host/src/dump.o"
CC    "src/enum.c" -> "build/host/src/enum.o"
CC    "src/error.c" -> "build/host/src/error.o"
CC    "src/etc.c" -> "build/host/src/etc.o"
CC    "src/gc.c" -> "build/host/src/gc.o"
CC    "src/hash.c" -> "build/host/src/hash.o"
CC    "src/init.c" -> "build/host/src/init.o"
CC    "src/init_ext.c" -> "build/host/src/init_ext.o"
CC    "src/kernel.c" -> "build/host/src/kernel.o"
CC    "src/load.c" -> "build/host/src/load.o"
CC    "src/math.c" -> "build/host/src/math.o"
CC    "src/numeric.c" -> "build/host/src/numeric.o"
CC    "src/object.c" -> "build/host/src/object.o"
CC    "src/pool.c" -> "build/host/src/pool.o"
CC    "src/print.c" -> "build/host/src/print.o"
CC    "src/proc.c" -> "build/host/src/proc.o"
CC    "src/range.c" -> "build/host/src/range.o"
CC    "src/re.c" -> "build/host/src/re.o"
CC    "src/regcomp.c" -> "build/host/src/regcomp.o"
CC    "src/regenc.c" -> "build/host/src/regenc.o"
CC    "src/regerror.c" -> "build/host/src/regerror.o"
CC    "src/regexec.c" -> "build/host/src/regexec.o"
CC    "src/regparse.c" -> "build/host/src/regparse.o"
CC    "src/sprintf.c" -> "build/host/src/sprintf.o"
CC    "src/st.c" -> "build/host/src/st.o"
CC    "src/state.c" -> "build/host/src/state.o"
CC    "src/string.c" -> "build/host/src/string.o"
CC    "src/struct.c" -> "build/host/src/struct.o"
CC    "src/symbol.c" -> "build/host/src/symbol.o"
CC    "src/time.c" -> "build/host/src/time.o"
CC    "src/variable.c" -> "build/host/src/variable.o"
CC    "src/vm.c" -> "build/host/src/vm.o"
YACC  "src/parse.y" -> "build/host/src/y.tab.c"
CC    "build/host/src/y.tab.c" -> "build/host/src/y.tab.o"
CC    "src/ext/enc/ascii.c" -> "build/host/src/ext/enc/ascii.o"
rake aborted!
Command Failed: ["gcc" -g -O3 -Wall -Werror-implicit-function-declaration -I"/Users/mruby/mruby-test-tool/tmp/20130124105725-65850-build/iij-mruby-b2eeaea/include" -I"build/mrbgems/mruby-mtest/include" -I"build/mrbgems/mruby-dir/include" -I"build/mrbgems/mruby-digest/include" -I"build/mrbgems/mruby-process/include" -I"build/mrbgems/mruby-pack/include" -I"build/mrbgems/mruby-syslog/include" -I"build/mrbgems/mruby-env/include" -I"build/mrbgems/mruby-simple-random/include" -I"src/ext/enc" -MMD -o "build/host/src/ext/enc/ascii.o" -c "src/ext/enc/ascii.c"]</textarea></td>
          <td><textarea>src/compile.c: In function 'mrb_compile':
src/compile.c:38: warning: unused variable 'irep_len'
src/compile.c: At top level:
src/compile.c:21: warning: 'replace_stop_with_return' defined but not used
src/ext/enc/ascii.c:30:20: error: regenc.h: No such file or directory
src/ext/enc/ascii.c:33: error: expected ')' before 'code'
src/ext/enc/ascii.c:41: error: expected '=', ',', ';', 'asm' or '__attribute__' before 'OnigEncodingASCII'</textarea></td>
        </tr>
        
          <tr>
            <th>posix test</th>
            <td><textarea>###################################
# exec test/posix/dir.sh; start...

###################################
# exec test/posix/env.sh; start...

###################################
# exec test/posix/errno.sh; start...

###################################
# exec test/posix/file.sh; start...

###################################
# exec test/posix/io.sh; start...

###################################
# exec test/posix/process.sh; start...

###################################
# exec test/posix/require.sh; start...

###################################
# exec test/posix/syslog.sh; start...

###################################
POSIX test result: NG
  fail test is :  dir.sh  env.sh  errno.sh  file.sh  io.sh  process.sh  require.sh  syslog.sh
###################################</textarea></td>
            <td><textarea>dir.sh: line 18: /Users/mruby/mruby-test-tool/tmp/20130124105725-65850-build/iij-mruby-b2eeaea/test/posix/../../bin/mruby: No such file or directory
env: ../../bin/mruby: No such file or directory
errno.sh: line 15: ../../bin/mruby: No such file or directory
file.sh: line 22: /Users/mruby/mruby-test-tool/tmp/20130124105725-65850-build/iij-mruby-b2eeaea/test/posix/../../bin/mruby: No such file or directory
io.sh: line 21: ../../bin/mruby: No such file or directory
env: /Users/mruby/mruby-test-tool/tmp/20130124105725-65850-build/iij-mruby-b2eeaea/test/posix/../../bin/mruby: No such file or directory
require.sh: line 9: ../../bin/mrbc: No such file or directory
mv: require/mrb0_.mrb: No such file or directory
require.sh: line 9: ../../bin/mrbc: No such file or directory
mv: require/mrb1_.mrb: No such file or directory
require.sh: line 15: ../../bin/mruby: No such file or directory</textarea></td>
          </tr>
        
      </table>
    
      
      <h3><a name="mac-ppc">mac-ppc</a> <span style="font-size:small;"><a href="#top">#top</a></span></h3>
      <table border='1' style="width:90%;">
        <tr>
          <th style="width:100px;">task</th>
          <th>stdout</th>
          <th>stderr</th>
        </tr>
        <tr>
          <th>make</th>
          <td><textarea>(in /Users/mruby/mruby-test-tool/tmp/20130124105724-61840-build/iij-mruby-b2eeaea)
GIT   https://github.com/iij/mruby-mtest.git -> "build/mrbgems/mruby-mtest"
Cloning into 'build/mrbgems/mruby-mtest'...
GIT   https://github.com/iij/mruby-dir.git -> "build/mrbgems/mruby-dir"
Cloning into 'build/mrbgems/mruby-dir'...
GIT   https://github.com/iij/mruby-digest.git -> "build/mrbgems/mruby-digest"
Cloning into 'build/mrbgems/mruby-digest'...
GIT   https://github.com/iij/mruby-process.git -> "build/mrbgems/mruby-process"
Cloning into 'build/mrbgems/mruby-process'...
GIT   https://github.com/iij/mruby-pack.git -> "build/mrbgems/mruby-pack"
Cloning into 'build/mrbgems/mruby-pack'...
GIT   https://github.com/iij/mruby-syslog.git -> "build/mrbgems/mruby-syslog"
Cloning into 'build/mrbgems/mruby-syslog'...
GIT   https://github.com/iij/mruby-env.git -> "build/mrbgems/mruby-env"
Cloning into 'build/mrbgems/mruby-env'...
GIT   https://github.com/iij/mruby-simple-random.git -> "build/mrbgems/mruby-simple-random"
Cloning into 'build/mrbgems/mruby-simple-random'...
CC    "tools/mruby/mruby.c" -> "build/host/tools/mruby/mruby.o"
rake aborted!
Command Failed: ["gcc" -g -O3 -Wall -Werror-implicit-function-declaration -I"/Users/mruby/mruby-test-tool/tmp/20130124105724-61840-build/iij-mruby-b2eeaea/include" -I"build/mrbgems/mruby-mtest/include" -I"build/mrbgems/mruby-dir/include" -I"build/mrbgems/mruby-digest/include" -I"build/mrbgems/mruby-process/include" -I"build/mrbgems/mruby-pack/include" -I"build/mrbgems/mruby-syslog/include" -I"build/mrbgems/mruby-env/include" -I"build/mrbgems/mruby-simple-random/include" -I"tools/mruby" -MMD -o "build/host/tools/mruby/mruby.o" -c "tools/mruby/mruby.c"]</textarea></td>
          <td><textarea>In file included from tools/mruby/mruby.c:4:
/Users/mruby/mruby-test-tool/tmp/20130124105724-61840-build/iij-mruby-b2eeaea/include/mruby/string.h:15:22: error: encoding.h: No such file or directory</textarea></td>
        </tr>
        <tr>
          <th>make test</th>
          <td><textarea>(in /Users/mruby/mruby-test-tool/tmp/20130124105724-61840-build/iij-mruby-b2eeaea)
CC    "test/driver.c" -> "build/host/test/driver.o"
CC    "tools/mrbc/mrbc.c" -> "build/host/tools/mrbc/mrbc.o"
CC    "src/array.c" -> "build/host/src/array.o"
CC    "src/cdump.c" -> "build/host/src/cdump.o"
CC    "src/class.c" -> "build/host/src/class.o"
CC    "src/codegen.c" -> "build/host/src/codegen.o"
CC    "src/compar.c" -> "build/host/src/compar.o"
CC    "src/compile.c" -> "build/host/src/compile.o"
CC    "src/crc.c" -> "build/host/src/crc.o"
CC    "src/dump.c" -> "build/host/src/dump.o"
CC    "src/enum.c" -> "build/host/src/enum.o"
CC    "src/error.c" -> "build/host/src/error.o"
CC    "src/etc.c" -> "build/host/src/etc.o"
CC    "src/gc.c" -> "build/host/src/gc.o"
CC    "src/hash.c" -> "build/host/src/hash.o"
CC    "src/init.c" -> "build/host/src/init.o"
CC    "src/init_ext.c" -> "build/host/src/init_ext.o"
CC    "src/kernel.c" -> "build/host/src/kernel.o"
CC    "src/load.c" -> "build/host/src/load.o"
CC    "src/math.c" -> "build/host/src/math.o"
CC    "src/numeric.c" -> "build/host/src/numeric.o"
CC    "src/object.c" -> "build/host/src/object.o"
CC    "src/pool.c" -> "build/host/src/pool.o"
CC    "src/print.c" -> "build/host/src/print.o"
CC    "src/proc.c" -> "build/host/src/proc.o"
CC    "src/range.c" -> "build/host/src/range.o"
CC    "src/re.c" -> "build/host/src/re.o"
CC    "src/regcomp.c" -> "build/host/src/regcomp.o"
CC    "src/regenc.c" -> "build/host/src/regenc.o"
CC    "src/regerror.c" -> "build/host/src/regerror.o"
CC    "src/regexec.c" -> "build/host/src/regexec.o"
CC    "src/regparse.c" -> "build/host/src/regparse.o"
CC    "src/sprintf.c" -> "build/host/src/sprintf.o"
CC    "src/st.c" -> "build/host/src/st.o"
CC    "src/state.c" -> "build/host/src/state.o"
CC    "src/string.c" -> "build/host/src/string.o"
CC    "src/struct.c" -> "build/host/src/struct.o"
CC    "src/symbol.c" -> "build/host/src/symbol.o"
CC    "src/time.c" -> "build/host/src/time.o"
CC    "src/variable.c" -> "build/host/src/variable.o"
CC    "src/vm.c" -> "build/host/src/vm.o"
YACC  "src/parse.y" -> "build/host/src/y.tab.c"
CC    "build/host/src/y.tab.c" -> "build/host/src/y.tab.o"
CC    "src/ext/enc/ascii.c" -> "build/host/src/ext/enc/ascii.o"
rake aborted!
Command Failed: ["gcc" -g -O3 -Wall -Werror-implicit-function-declaration -I"/Users/mruby/mruby-test-tool/tmp/20130124105724-61840-build/iij-mruby-b2eeaea/include" -I"build/mrbgems/mruby-mtest/include" -I"build/mrbgems/mruby-dir/include" -I"build/mrbgems/mruby-digest/include" -I"build/mrbgems/mruby-process/include" -I"build/mrbgems/mruby-pack/include" -I"build/mrbgems/mruby-syslog/include" -I"build/mrbgems/mruby-env/include" -I"build/mrbgems/mruby-simple-random/include" -I"src/ext/enc" -MMD -o "build/host/src/ext/enc/ascii.o" -c "src/ext/enc/ascii.c"]</textarea></td>
          <td><textarea>src/compile.c: In function 'mrb_compile':
src/compile.c:38: warning: unused variable 'irep_len'
src/compile.c: At top level:
src/compile.c:21: warning: 'replace_stop_with_return' defined but not used
In file included from src/parse.y:3575:
src/keywords:77: warning: '__gnu_inline__' attribute directive ignored
build/host/src/y.tab.c: In function 'yyparse':
src/parse.y:4407: warning: 'beg' may be used uninitialized in this function
src/ext/enc/ascii.c:30:20: error: regenc.h: No such file or directory
src/ext/enc/ascii.c:33: error: syntax error before 'code'
src/ext/enc/ascii.c: In function 'ascii_is_code_ctype':
src/ext/enc/ascii.c:35: error: 'code' undeclared (first use in this function)
src/ext/enc/ascii.c:35: error: (Each undeclared identifier is reported only once
src/ext/enc/ascii.c:35: error: for each function it appears in.)
src/ext/enc/ascii.c:36: error: implicit declaration of function 'ONIGENC_IS_ASCII_CODE_CTYPE'
src/ext/enc/ascii.c:36: error: 'ctype' undeclared (first use in this function)
src/ext/enc/ascii.c: At top level:
src/ext/enc/ascii.c:41: error: syntax error before 'OnigEncodingASCII'
src/ext/enc/ascii.c:41: warning: type defaults to 'int' in declaration of 'OnigEncodingASCII'
src/ext/enc/ascii.c:42: error: 'onigenc_single_byte_mbc_enc_len' undeclared here (not in a function)
src/ext/enc/ascii.c:43: warning: excess elements in scalar initializer
src/ext/enc/ascii.c:43: warning: (near initialization for 'OnigEncodingASCII')
src/ext/enc/ascii.c:44: warning: excess elements in scalar initializer
src/ext/enc/ascii.c:44: warning: (near initialization for 'OnigEncodingASCII')
src/ext/enc/ascii.c:45: warning: excess elements in scalar initializer
src/ext/enc/ascii.c:45: warning: (near initialization for 'OnigEncodingASCII')
src/ext/enc/ascii.c:46: error: 'onigenc_is_mbc_newline_0x0a' undeclared here (not in a function)
src/ext/enc/ascii.c:46: warning: excess elements in scalar initializer
src/ext/enc/ascii.c:46: warning: (near initialization for 'OnigEncodingASCII')
src/ext/enc/ascii.c:47: error: 'onigenc_single_byte_mbc_to_code' undeclared here (not in a function)
src/ext/enc/ascii.c:47: warning: excess elements in scalar initializer
src/ext/enc/ascii.c:47: warning: (near initialization for 'OnigEncodingASCII')
src/ext/enc/ascii.c:48: error: 'onigenc_single_byte_code_to_mbclen' undeclared here (not in a function)
src/ext/enc/ascii.c:48: warning: excess elements in scalar initializer
src/ext/enc/ascii.c:48: warning: (near initialization for 'OnigEncodingASCII')
src/ext/enc/ascii.c:49: error: 'onigenc_single_byte_code_to_mbc' undeclared here (not in a function)
src/ext/enc/ascii.c:49: warning: excess elements in scalar initializer
src/ext/enc/ascii.c:49: warning: (near initialization for 'OnigEncodingASCII')
src/ext/enc/ascii.c:50: error: 'onigenc_ascii_mbc_case_fold' undeclared here (not in a function)
src/ext/enc/ascii.c:50: warning: excess elements in scalar initializer
src/ext/enc/ascii.c:50: warning: (near initialization for 'OnigEncodingASCII')
src/ext/enc/ascii.c:51: error: 'onigenc_ascii_apply_all_case_fold' undeclared here (not in a function)
src/ext/enc/ascii.c:51: warning: excess elements in scalar initializer
src/ext/enc/ascii.c:51: warning: (near initialization for 'OnigEncodingASCII')
src/ext/enc/ascii.c:52: error: 'onigenc_ascii_get_case_fold_codes_by_str' undeclared here (not in a function)
src/ext/enc/ascii.c:52: warning: excess elements in scalar initializer
src/ext/enc/ascii.c:52: warning: (near initialization for 'OnigEncodingASCII')
src/ext/enc/ascii.c:53: error: 'onigenc_minimum_property_name_to_ctype' undeclared here (not in a function)
src/ext/enc/ascii.c:53: warning: excess elements in scalar initializer
src/ext/enc/ascii.c:53: warning: (near initialization for 'OnigEncodingASCII')
src/ext/enc/ascii.c:54: warning: excess elements in scalar initializer
src/ext/enc/ascii.c:54: warning: (near initialization for 'OnigEncodingASCII')
src/ext/enc/ascii.c:55: error: 'onigenc_not_support_get_ctype_code_range' undeclared here (not in a function)
src/ext/enc/ascii.c:55: warning: excess elements in scalar initializer
src/ext/enc/ascii.c:55: warning: (near initialization for 'OnigEncodingASCII')
src/ext/enc/ascii.c:56: error: 'onigenc_single_byte_left_adjust_char_head' undeclared here (not in a function)
src/ext/enc/ascii.c:56: warning: excess elements in scalar initializer
src/ext/enc/ascii.c:56: warning: (near initialization for 'OnigEncodingASCII')
src/ext/enc/ascii.c:58: error: 'onigenc_always_true_is_allowed_reverse_match' undeclared here (not in a function)
src/ext/enc/ascii.c:58: warning: excess elements in scalar initializer
src/ext/enc/ascii.c:58: warning: (near initialization for 'OnigEncodingASCII')
src/ext/enc/ascii.c:58: warning: data definition has no type or storage class</textarea></td>
        </tr>
        
          <tr>
            <th>posix test</th>
            <td><textarea>###################################
# exec test/posix/dir.sh; start...

###################################
# exec test/posix/env.sh; start...

###################################
# exec test/posix/errno.sh; start...

###################################
# exec test/posix/file.sh; start...

###################################
# exec test/posix/io.sh; start...

###################################
# exec test/posix/process.sh; start...

###################################
# exec test/posix/require.sh; start...

###################################
# exec test/posix/syslog.sh; start...

###################################
POSIX test result: NG
  fail test is :  dir.sh  env.sh  errno.sh  file.sh  io.sh  process.sh  require.sh  syslog.sh
###################################</textarea></td>
            <td><textarea>dir.sh: line 18: /Users/mruby/mruby-test-tool/tmp/20130124105724-61840-build/iij-mruby-b2eeaea/test/posix/../../bin/mruby: No such file or directory
env: ../../bin/mruby: No such file or directory
errno.sh: line 15: ../../bin/mruby: No such file or directory
file.sh: line 22: /Users/mruby/mruby-test-tool/tmp/20130124105724-61840-build/iij-mruby-b2eeaea/test/posix/../../bin/mruby: No such file or directory
io.sh: line 21: ../../bin/mruby: No such file or directory
env: /Users/mruby/mruby-test-tool/tmp/20130124105724-61840-build/iij-mruby-b2eeaea/test/posix/../../bin/mruby: No such file or directory
require.sh: line 9: ../../bin/mrbc: No such file or directory
mv: require/mrb0_.mrb: No such file or directory
require.sh: line 9: ../../bin/mrbc: No such file or directory
mv: require/mrb1_.mrb: No such file or directory
require.sh: line 15: ../../bin/mruby: No such file or directory</textarea></td>
          </tr>
        
      </table>
    
      
      <h3><a name="netbsd32bit">netbsd32bit</a> <span style="font-size:small;"><a href="#top">#top</a></span></h3>
      <table border='1' style="width:90%;">
        <tr>
          <th style="width:100px;">task</th>
          <th>stdout</th>
          <th>stderr</th>
        </tr>
        <tr>
          <th>make</th>
          <td><textarea>(in /home/mruby/mruby-test-tool/tmp/20130124105723-25851-build/iij-mruby-b2eeaea)
GIT   https://github.com/iij/mruby-mtest.git -> "build/mrbgems/mruby-mtest"
Cloning into 'build/mrbgems/mruby-mtest'...
GIT   https://github.com/iij/mruby-dir.git -> "build/mrbgems/mruby-dir"
Cloning into 'build/mrbgems/mruby-dir'...
GIT   https://github.com/iij/mruby-digest.git -> "build/mrbgems/mruby-digest"
Cloning into 'build/mrbgems/mruby-digest'...
GIT   https://github.com/iij/mruby-process.git -> "build/mrbgems/mruby-process"
Cloning into 'build/mrbgems/mruby-process'...
GIT   https://github.com/iij/mruby-pack.git -> "build/mrbgems/mruby-pack"
Cloning into 'build/mrbgems/mruby-pack'...
GIT   https://github.com/iij/mruby-syslog.git -> "build/mrbgems/mruby-syslog"
Cloning into 'build/mrbgems/mruby-syslog'...
GIT   https://github.com/iij/mruby-env.git -> "build/mrbgems/mruby-env"
Cloning into 'build/mrbgems/mruby-env'...
GIT   https://github.com/iij/mruby-simple-random.git -> "build/mrbgems/mruby-simple-random"
Cloning into 'build/mrbgems/mruby-simple-random'...
CC    "tools/mruby/mruby.c" -> "build/host/tools/mruby/mruby.o"
rake aborted!
Command Failed: ["gcc" -g -O3 -Wall -Werror-implicit-function-declaration -I"/home/mruby/mruby-test-tool/tmp/20130124105723-25851-build/iij-mruby-b2eeaea/include" -I"build/mrbgems/mruby-mtest/include" -I"build/mrbgems/mruby-dir/include" -I"build/mrbgems/mruby-digest/include" -I"build/mrbgems/mruby-process/include" -I"build/mrbgems/mruby-pack/include" -I"build/mrbgems/mruby-syslog/include" -I"build/mrbgems/mruby-env/include" -I"build/mrbgems/mruby-simple-random/include" -I"tools/mruby" -MMD -o "build/host/tools/mruby/mruby.o" -c "tools/mruby/mruby.c"]</textarea></td>
          <td><textarea>In file included from tools/mruby/mruby.c:4:
/home/mruby/mruby-test-tool/tmp/20130124105723-25851-build/iij-mruby-b2eeaea/include/mruby/string.h:15:22: error: encoding.h: No such file or directory</textarea></td>
        </tr>
        <tr>
          <th>make test</th>
          <td><textarea>(in /home/mruby/mruby-test-tool/tmp/20130124105723-25851-build/iij-mruby-b2eeaea)
CC    "test/driver.c" -> "build/host/test/driver.o"
CC    "tools/mrbc/mrbc.c" -> "build/host/tools/mrbc/mrbc.o"
CC    "src/array.c" -> "build/host/src/array.o"
CC    "src/cdump.c" -> "build/host/src/cdump.o"
CC    "src/class.c" -> "build/host/src/class.o"
CC    "src/codegen.c" -> "build/host/src/codegen.o"
CC    "src/compar.c" -> "build/host/src/compar.o"
CC    "src/compile.c" -> "build/host/src/compile.o"
CC    "src/crc.c" -> "build/host/src/crc.o"
CC    "src/dump.c" -> "build/host/src/dump.o"
CC    "src/enum.c" -> "build/host/src/enum.o"
CC    "src/error.c" -> "build/host/src/error.o"
CC    "src/etc.c" -> "build/host/src/etc.o"
CC    "src/gc.c" -> "build/host/src/gc.o"
CC    "src/hash.c" -> "build/host/src/hash.o"
CC    "src/init.c" -> "build/host/src/init.o"
CC    "src/init_ext.c" -> "build/host/src/init_ext.o"
CC    "src/kernel.c" -> "build/host/src/kernel.o"
CC    "src/load.c" -> "build/host/src/load.o"
CC    "src/math.c" -> "build/host/src/math.o"
CC    "src/numeric.c" -> "build/host/src/numeric.o"
CC    "src/object.c" -> "build/host/src/object.o"
CC    "src/pool.c" -> "build/host/src/pool.o"
CC    "src/print.c" -> "build/host/src/print.o"
CC    "src/proc.c" -> "build/host/src/proc.o"
CC    "src/range.c" -> "build/host/src/range.o"
CC    "src/re.c" -> "build/host/src/re.o"
CC    "src/regcomp.c" -> "build/host/src/regcomp.o"
CC    "src/regenc.c" -> "build/host/src/regenc.o"
CC    "src/regerror.c" -> "build/host/src/regerror.o"
CC    "src/regexec.c" -> "build/host/src/regexec.o"
CC    "src/regparse.c" -> "build/host/src/regparse.o"
CC    "src/sprintf.c" -> "build/host/src/sprintf.o"
CC    "src/st.c" -> "build/host/src/st.o"
CC    "src/state.c" -> "build/host/src/state.o"
CC    "src/string.c" -> "build/host/src/string.o"
CC    "src/struct.c" -> "build/host/src/struct.o"
CC    "src/symbol.c" -> "build/host/src/symbol.o"
CC    "src/time.c" -> "build/host/src/time.o"
CC    "src/variable.c" -> "build/host/src/variable.o"
CC    "src/vm.c" -> "build/host/src/vm.o"
YACC  "src/parse.y" -> "build/host/src/y.tab.c"
CC    "build/host/src/y.tab.c" -> "build/host/src/y.tab.o"
CC    "src/ext/enc/ascii.c" -> "build/host/src/ext/enc/ascii.o"
rake aborted!
Command Failed: ["gcc" -g -O3 -Wall -Werror-implicit-function-declaration -I"/home/mruby/mruby-test-tool/tmp/20130124105723-25851-build/iij-mruby-b2eeaea/include" -I"build/mrbgems/mruby-mtest/include" -I"build/mrbgems/mruby-dir/include" -I"build/mrbgems/mruby-digest/include" -I"build/mrbgems/mruby-process/include" -I"build/mrbgems/mruby-pack/include" -I"build/mrbgems/mruby-syslog/include" -I"build/mrbgems/mruby-env/include" -I"build/mrbgems/mruby-simple-random/include" -I"src/ext/enc" -MMD -o "build/host/src/ext/enc/ascii.o" -c "src/ext/enc/ascii.c"]</textarea></td>
          <td><textarea>src/compile.c: In function 'mrb_compile':
src/compile.c:38: warning: unused variable 'irep_len'
src/compile.c: At top level:
src/compile.c:21: warning: 'replace_stop_with_return' defined but not used
src/ext/enc/ascii.c:30:20: error: regenc.h: No such file or directory
src/ext/enc/ascii.c:33: error: expected ')' before 'code'
src/ext/enc/ascii.c:41: error: expected '=', ',', ';', 'asm' or '__attribute__' before 'OnigEncodingASCII'</textarea></td>
        </tr>
        
          <tr>
            <th>posix test</th>
            <td><textarea>###################################
# exec test/posix/dir.sh; start...

###################################
# exec test/posix/env.sh; start...

###################################
# exec test/posix/errno.sh; start...

###################################
# exec test/posix/file.sh; start...

###################################
# exec test/posix/io.sh; start...

###################################
# exec test/posix/process.sh; start...

###################################
# exec test/posix/require.sh; start...

###################################
# exec test/posix/syslog.sh; start...

###################################
POSIX test result: NG
  fail test is :  dir.sh  env.sh  errno.sh  file.sh  io.sh  process.sh  require.sh  syslog.sh
###################################</textarea></td>
            <td><textarea>dir.sh: /home/mruby/mruby-test-tool/tmp/20130124105723-25851-build/iij-mruby-b2eeaea/test/posix/../../bin/mruby: not found
env: ../../bin/mruby: No such file or directory
errno.sh: ../../bin/mruby: not found
file.sh: /home/mruby/mruby-test-tool/tmp/20130124105723-25851-build/iij-mruby-b2eeaea/test/posix/../../bin/mruby: not found
io.sh: ../../bin/mruby: not found
env: /home/mruby/mruby-test-tool/tmp/20130124105723-25851-build/iij-mruby-b2eeaea/test/posix/../../bin/mruby: No such file or directory
require.sh: ../../bin/mrbc: not found
mv: rename require/mrb0_.mrb to require/mrb0.mrb: No such file or directory
require.sh: ../../bin/mrbc: not found
mv: rename require/mrb1_.mrb to require/mrb1.mrb: No such file or directory
require.sh: ../../bin/mruby: not found</textarea></td>
          </tr>
        
      </table>
    
      
      <h3><a name="netbsd64bit">netbsd64bit</a> <span style="font-size:small;"><a href="#top">#top</a></span></h3>
      <table border='1' style="width:90%;">
        <tr>
          <th style="width:100px;">task</th>
          <th>stdout</th>
          <th>stderr</th>
        </tr>
        <tr>
          <th>make</th>
          <td><textarea>(in /home/mruby/mruby-test-tool/tmp/20130124105724-23711-build/iij-mruby-b2eeaea)
GIT   https://github.com/iij/mruby-mtest.git -> "build/mrbgems/mruby-mtest"
Cloning into 'build/mrbgems/mruby-mtest'...
GIT   https://github.com/iij/mruby-dir.git -> "build/mrbgems/mruby-dir"
Cloning into 'build/mrbgems/mruby-dir'...
GIT   https://github.com/iij/mruby-digest.git -> "build/mrbgems/mruby-digest"
Cloning into 'build/mrbgems/mruby-digest'...
GIT   https://github.com/iij/mruby-process.git -> "build/mrbgems/mruby-process"
Cloning into 'build/mrbgems/mruby-process'...
GIT   https://github.com/iij/mruby-pack.git -> "build/mrbgems/mruby-pack"
Cloning into 'build/mrbgems/mruby-pack'...
GIT   https://github.com/iij/mruby-syslog.git -> "build/mrbgems/mruby-syslog"
Cloning into 'build/mrbgems/mruby-syslog'...
rake aborted!
Command Failed: ["git" clone  https://github.com/iij/mruby-syslog.git "build/mrbgems/mruby-syslog"]
Rakefile:12:in `load'</textarea></td>
          <td><textarea>error: The requested URL returned error: 403 while accessing https://github.com/iij/mruby-syslog.git/info/refs
fatal: HTTP request failed</textarea></td>
        </tr>
        <tr>
          <th>make test</th>
          <td><textarea>(in /home/mruby/mruby-test-tool/tmp/20130124105724-23711-build/iij-mruby-b2eeaea)
GIT   https://github.com/iij/mruby-syslog.git -> "build/mrbgems/mruby-syslog"
Cloning into 'build/mrbgems/mruby-syslog'...
GIT   https://github.com/iij/mruby-env.git -> "build/mrbgems/mruby-env"
Cloning into 'build/mrbgems/mruby-env'...
GIT   https://github.com/iij/mruby-simple-random.git -> "build/mrbgems/mruby-simple-random"
Cloning into 'build/mrbgems/mruby-simple-random'...
CC    "test/driver.c" -> "build/host/test/driver.o"
CC    "tools/mrbc/mrbc.c" -> "build/host/tools/mrbc/mrbc.o"
CC    "src/array.c" -> "build/host/src/array.o"
CC    "src/cdump.c" -> "build/host/src/cdump.o"
CC    "src/class.c" -> "build/host/src/class.o"
CC    "src/codegen.c" -> "build/host/src/codegen.o"
CC    "src/compar.c" -> "build/host/src/compar.o"
CC    "src/compile.c" -> "build/host/src/compile.o"
CC    "src/crc.c" -> "build/host/src/crc.o"
CC    "src/dump.c" -> "build/host/src/dump.o"
CC    "src/enum.c" -> "build/host/src/enum.o"
CC    "src/error.c" -> "build/host/src/error.o"
CC    "src/etc.c" -> "build/host/src/etc.o"
CC    "src/gc.c" -> "build/host/src/gc.o"
CC    "src/hash.c" -> "build/host/src/hash.o"
CC    "src/init.c" -> "build/host/src/init.o"
CC    "src/init_ext.c" -> "build/host/src/init_ext.o"
CC    "src/kernel.c" -> "build/host/src/kernel.o"
CC    "src/load.c" -> "build/host/src/load.o"
CC    "src/math.c" -> "build/host/src/math.o"
CC    "src/numeric.c" -> "build/host/src/numeric.o"
CC    "src/object.c" -> "build/host/src/object.o"
CC    "src/pool.c" -> "build/host/src/pool.o"
CC    "src/print.c" -> "build/host/src/print.o"
CC    "src/proc.c" -> "build/host/src/proc.o"
CC    "src/range.c" -> "build/host/src/range.o"
CC    "src/re.c" -> "build/host/src/re.o"
CC    "src/regcomp.c" -> "build/host/src/regcomp.o"
CC    "src/regenc.c" -> "build/host/src/regenc.o"
CC    "src/regerror.c" -> "build/host/src/regerror.o"
CC    "src/regexec.c" -> "build/host/src/regexec.o"
CC    "src/regparse.c" -> "build/host/src/regparse.o"
CC    "src/sprintf.c" -> "build/host/src/sprintf.o"
CC    "src/st.c" -> "build/host/src/st.o"
CC    "src/state.c" -> "build/host/src/state.o"
CC    "src/string.c" -> "build/host/src/string.o"
CC    "src/struct.c" -> "build/host/src/struct.o"
CC    "src/symbol.c" -> "build/host/src/symbol.o"
CC    "src/time.c" -> "build/host/src/time.o"
CC    "src/variable.c" -> "build/host/src/variable.o"
CC    "src/vm.c" -> "build/host/src/vm.o"
YACC  "src/parse.y" -> "build/host/src/y.tab.c"
CC    "build/host/src/y.tab.c" -> "build/host/src/y.tab.o"
CC    "src/ext/enc/ascii.c" -> "build/host/src/ext/enc/ascii.o"
rake aborted!
Command Failed: ["gcc" -g -O3 -Wall -Werror-implicit-function-declaration -I"/home/mruby/mruby-test-tool/tmp/20130124105724-23711-build/iij-mruby-b2eeaea/include" -I"build/mrbgems/mruby-mtest/include" -I"build/mrbgems/mruby-dir/include" -I"build/mrbgems/mruby-digest/include" -I"build/mrbgems/mruby-process/include" -I"build/mrbgems/mruby-pack/include" -I"build/mrbgems/mruby-syslog/include" -I"build/mrbgems/mruby-env/include" -I"build/mrbgems/mruby-simple-random/include" -I"src/ext/enc" -MMD -o "build/host/src/ext/enc/ascii.o" -c "src/ext/enc/ascii.c"]</textarea></td>
          <td><textarea>src/compile.c: In function 'mrb_compile':
src/compile.c:38: warning: unused variable 'irep_len'
src/compile.c: At top level:
src/compile.c:21: warning: 'replace_stop_with_return' defined but not used
src/ext/enc/ascii.c:30:20: error: regenc.h: No such file or directory
src/ext/enc/ascii.c:33: error: expected ')' before 'code'
src/ext/enc/ascii.c:41: error: expected '=', ',', ';', 'asm' or '__attribute__' before 'OnigEncodingASCII'</textarea></td>
        </tr>
        
          <tr>
            <th>posix test</th>
            <td><textarea>###################################
# exec test/posix/dir.sh; start...

###################################
# exec test/posix/env.sh; start...

###################################
# exec test/posix/errno.sh; start...

###################################
# exec test/posix/file.sh; start...

###################################
# exec test/posix/io.sh; start...

###################################
# exec test/posix/process.sh; start...

###################################
# exec test/posix/require.sh; start...

###################################
# exec test/posix/syslog.sh; start...

###################################
POSIX test result: NG
  fail test is :  dir.sh  env.sh  errno.sh  file.sh  io.sh  process.sh  require.sh  syslog.sh
###################################</textarea></td>
            <td><textarea>dir.sh: /home/mruby/mruby-test-tool/tmp/20130124105724-23711-build/iij-mruby-b2eeaea/test/posix/../../bin/mruby: not found
env: ../../bin/mruby: No such file or directory
errno.sh: ../../bin/mruby: not found
file.sh: /home/mruby/mruby-test-tool/tmp/20130124105724-23711-build/iij-mruby-b2eeaea/test/posix/../../bin/mruby: not found
io.sh: ../../bin/mruby: not found
env: /home/mruby/mruby-test-tool/tmp/20130124105724-23711-build/iij-mruby-b2eeaea/test/posix/../../bin/mruby: No such file or directory
require.sh: ../../bin/mrbc: not found
mv: rename require/mrb0_.mrb to require/mrb0.mrb: No such file or directory
require.sh: ../../bin/mrbc: not found
mv: rename require/mrb1_.mrb to require/mrb1.mrb: No such file or directory
require.sh: ../../bin/mruby: not found</textarea></td>
          </tr>
        
      </table>
    
      
      <h3><a name="netbsd_mips">netbsd_mips</a> <span style="font-size:small;"><a href="#top">#top</a></span></h3>
      <table border='1' style="width:90%;">
        <tr>
          <th style="width:100px;">task</th>
          <th>stdout</th>
          <th>stderr</th>
        </tr>
        <tr>
          <th>make</th>
          <td><textarea>(in /home/mruby/mips/iij-mruby-b2eeaea)
CC    "tools/mruby/mruby.c" -> "build/host/tools/mruby/mruby.o"
rake aborted!
Command Failed: ["gcc" -g -O3 -Wall -Werror-implicit-function-declaration -I"/home/mruby/mips/iij-mruby-b2eeaea/include" -I"build/mrbgems/mruby-mtest/include" -I"build/mrbgems/mruby-dir/include" -I"build/mrbgems/mruby-digest/include" -I"build/mrbgems/mruby-process/include" -I"build/mrbgems/mruby-pack/include" -I"build/mrbgems/mruby-syslog/include" -I"build/mrbgems/mruby-env/include" -I"build/mrbgems/mruby-simple-random/include" -I"tools/mruby" -MMD -o "build/host/tools/mruby/mruby.o" -c "tools/mruby/mruby.c"]

</textarea></td>
          <td><textarea>In file included from tools/mruby/mruby.c:4:
/home/mruby/mips/iij-mruby-b2eeaea/include/mruby/string.h:15:22: encoding.h: No such file or directory
</textarea></td>
        </tr>
        <tr>
          <th>make test</th>
          <td><textarea>(in /home/mruby/mips/iij-mruby-b2eeaea)
CC    "test/driver.c" -> "build/host/test/driver.o"
CC    "tools/mrbc/mrbc.c" -> "build/host/tools/mrbc/mrbc.o"
CC    "src/range.c" -> "build/host/src/range.o"
CC    "src/array.c" -> "build/host/src/array.o"
CC    "src/numeric.c" -> "build/host/src/numeric.o"
CC    "src/pool.c" -> "build/host/src/pool.o"
CC    "src/compar.c" -> "build/host/src/compar.o"
CC    "src/crc.c" -> "build/host/src/crc.o"
CC    "src/regcomp.c" -> "build/host/src/regcomp.o"
CC    "src/proc.c" -> "build/host/src/proc.o"
CC    "src/math.c" -> "build/host/src/math.o"
CC    "src/state.c" -> "build/host/src/state.o"
CC    "src/print.c" -> "build/host/src/print.o"
CC    "src/vm.c" -> "build/host/src/vm.o"
CC    "src/compile.c" -> "build/host/src/compile.o"
CC    "src/class.c" -> "build/host/src/class.o"
CC    "src/load.c" -> "build/host/src/load.o"
CC    "src/codegen.c" -> "build/host/src/codegen.o"
CC    "src/symbol.c" -> "build/host/src/symbol.o"
CC    "src/etc.c" -> "build/host/src/etc.o"
CC    "src/gc.c" -> "build/host/src/gc.o"
CC    "src/st.c" -> "build/host/src/st.o"
CC    "src/struct.c" -> "build/host/src/struct.o"
CC    "src/regerror.c" -> "build/host/src/regerror.o"
CC    "src/regparse.c" -> "build/host/src/regparse.o"
CC    "src/init.c" -> "build/host/src/init.o"
CC    "src/regexec.c" -> "build/host/src/regexec.o"
CC    "src/dump.c" -> "build/host/src/dump.o"
CC    "src/kernel.c" -> "build/host/src/kernel.o"
CC    "src/hash.c" -> "build/host/src/hash.o"
CC    "src/string.c" -> "build/host/src/string.o"
CC    "src/sprintf.c" -> "build/host/src/sprintf.o"
CC    "src/variable.c" -> "build/host/src/variable.o"
CC    "src/object.c" -> "build/host/src/object.o"
CC    "src/cdump.c" -> "build/host/src/cdump.o"
CC    "src/time.c" -> "build/host/src/time.o"
CC    "src/regenc.c" -> "build/host/src/regenc.o"
CC    "src/enum.c" -> "build/host/src/enum.o"
CC    "src/error.c" -> "build/host/src/error.o"
CC    "src/init_ext.c" -> "build/host/src/init_ext.o"
CC    "src/re.c" -> "build/host/src/re.o"
YACC  "src/parse.y" -> "build/host/src/y.tab.c"
CC    "build/host/src/y.tab.c" -> "build/host/src/y.tab.o"
CC    "src/ext/enc/ascii.c" -> "build/host/src/ext/enc/ascii.o"
rake aborted!
Command Failed: ["gcc" -g -O3 -Wall -Werror-implicit-function-declaration -I"/home/mruby/mips/iij-mruby-b2eeaea/include" -I"build/mrbgems/mruby-mtest/include" -I"build/mrbgems/mruby-dir/include" -I"build/mrbgems/mruby-digest/include" -I"build/mrbgems/mruby-process/include" -I"build/mrbgems/mruby-pack/include" -I"build/mrbgems/mruby-syslog/include" -I"build/mrbgems/mruby-env/include" -I"build/mrbgems/mruby-simple-random/include" -I"src/ext/enc" -MMD -o "build/host/src/ext/enc/ascii.o" -c "src/ext/enc/ascii.c"]

</textarea></td>
          <td><textarea>src/compile.c: In function `mrb_compile':
src/compile.c:38: warning: unused variable `irep_len'
src/compile.c: At top level:
src/compile.c:21: warning: `replace_stop_with_return' defined but not used
src/load.c: In function `load_debug_info_irep':
src/load.c:259: warning: `plen' might be used uninitialized in this function
src/ext/enc/ascii.c:30:20: regenc.h: No such file or directory
src/ext/enc/ascii.c:33: error: parse error before "code"
src/ext/enc/ascii.c: In function `ascii_is_code_ctype':
src/ext/enc/ascii.c:35: error: `code' undeclared (first use in this function)
src/ext/enc/ascii.c:35: error: (Each undeclared identifier is reported only once
src/ext/enc/ascii.c:35: error: for each function it appears in.)
src/ext/enc/ascii.c:36: error: implicit declaration of function `ONIGENC_IS_ASCII_CODE_CTYPE'
src/ext/enc/ascii.c:36: error: `ctype' undeclared (first use in this function)
src/ext/enc/ascii.c: At top level:
src/ext/enc/ascii.c:41: error: parse error before "OnigEncodingASCII"
src/ext/enc/ascii.c:41: warning: type defaults to `int' in declaration of `OnigEncodingASCII'
src/ext/enc/ascii.c:42: error: `onigenc_single_byte_mbc_enc_len' undeclared here (not in a function)
src/ext/enc/ascii.c:42: error: initializer element is not constant
src/ext/enc/ascii.c:42: error: (near initialization for `OnigEncodingASCII')
src/ext/enc/ascii.c:43: warning: excess elements in scalar initializer
src/ext/enc/ascii.c:43: warning: (near initialization for `OnigEncodingASCII')
src/ext/enc/ascii.c:44: warning: excess elements in scalar initializer
src/ext/enc/ascii.c:44: warning: (near initialization for `OnigEncodingASCII')
src/ext/enc/ascii.c:45: warning: excess elements in scalar initializer
src/ext/enc/ascii.c:45: warning: (near initialization for `OnigEncodingASCII')
src/ext/enc/ascii.c:46: error: `onigenc_is_mbc_newline_0x0a' undeclared here (not in a function)
src/ext/enc/ascii.c:46: warning: excess elements in scalar initializer
src/ext/enc/ascii.c:46: warning: (near initialization for `OnigEncodingASCII')
src/ext/enc/ascii.c:47: error: `onigenc_single_byte_mbc_to_code' undeclared here (not in a function)
src/ext/enc/ascii.c:47: warning: excess elements in scalar initializer
src/ext/enc/ascii.c:47: warning: (near initialization for `OnigEncodingASCII')
src/ext/enc/ascii.c:48: error: `onigenc_single_byte_code_to_mbclen' undeclared here (not in a function)
src/ext/enc/ascii.c:48: warning: excess elements in scalar initializer
src/ext/enc/ascii.c:48: warning: (near initialization for `OnigEncodingASCII')
src/ext/enc/ascii.c:49: error: `onigenc_single_byte_code_to_mbc' undeclared here (not in a function)
src/ext/enc/ascii.c:49: warning: excess elements in scalar initializer
src/ext/enc/ascii.c:49: warning: (near initialization for `OnigEncodingASCII')
src/ext/enc/ascii.c:50: error: `onigenc_ascii_mbc_case_fold' undeclared here (not in a function)
src/ext/enc/ascii.c:50: warning: excess elements in scalar initializer
src/ext/enc/ascii.c:50: warning: (near initialization for `OnigEncodingASCII')
src/ext/enc/ascii.c:51: error: `onigenc_ascii_apply_all_case_fold' undeclared here (not in a function)
src/ext/enc/ascii.c:51: warning: excess elements in scalar initializer
src/ext/enc/ascii.c:51: warning: (near initialization for `OnigEncodingASCII')
src/ext/enc/ascii.c:52: error: `onigenc_ascii_get_case_fold_codes_by_str' undeclared here (not in a function)
src/ext/enc/ascii.c:52: warning: excess elements in scalar initializer
src/ext/enc/ascii.c:52: warning: (near initialization for `OnigEncodingASCII')
src/ext/enc/ascii.c:53: error: `onigenc_minimum_property_name_to_ctype' undeclared here (not in a function)
src/ext/enc/ascii.c:53: warning: excess elements in scalar initializer
src/ext/enc/ascii.c:53: warning: (near initialization for `OnigEncodingASCII')
src/ext/enc/ascii.c:54: warning: excess elements in scalar initializer
src/ext/enc/ascii.c:54: warning: (near initialization for `OnigEncodingASCII')
src/ext/enc/ascii.c:55: error: `onigenc_not_support_get_ctype_code_range' undeclared here (not in a function)
src/ext/enc/ascii.c:55: warning: excess elements in scalar initializer
src/ext/enc/ascii.c:55: warning: (near initialization for `OnigEncodingASCII')
src/ext/enc/ascii.c:56: error: `onigenc_single_byte_left_adjust_char_head' undeclared here (not in a function)
src/ext/enc/ascii.c:56: warning: excess elements in scalar initializer
src/ext/enc/ascii.c:56: warning: (near initialization for `OnigEncodingASCII')
src/ext/enc/ascii.c:58: error: `onigenc_always_true_is_allowed_reverse_match' undeclared here (not in a function)
src/ext/enc/ascii.c:58: warning: excess elements in scalar initializer
src/ext/enc/ascii.c:58: warning: (near initialization for `OnigEncodingASCII')
src/ext/enc/ascii.c:58: warning: data definition has no type or storage class
</textarea></td>
        </tr>
        
          <tr>
            <th>posix test</th>
            <td><textarea>###################################
# exec test/posix/dir.sh; start...

###################################
# exec test/posix/env.sh; start...

###################################
# exec test/posix/errno.sh; start...

###################################
# exec test/posix/file.sh; start...

###################################
# exec test/posix/io.sh; start...

###################################
# exec test/posix/process.sh; start...

###################################
# exec test/posix/require.sh; start...

###################################
# exec test/posix/syslog.sh; start...

###################################
POSIX test result: NG
  fail test is :  dir.sh  env.sh  errno.sh  file.sh  io.sh  process.sh  require.sh  syslog.sh
###################################
</textarea></td>
            <td><textarea>dir.sh: /home/mruby/mips/iij-mruby-b2eeaea/test/posix/../../bin/mruby: not found
env: ../../bin/mruby: No such file or directory
errno.sh: ../../bin/mruby: not found
file.sh: /home/mruby/mips/iij-mruby-b2eeaea/test/posix/../../bin/mruby: not found
io.sh: ../../bin/mruby: not found
env: /home/mruby/mips/iij-mruby-b2eeaea/test/posix/../../bin/mruby: No such file or directory
require.sh: ../../bin/mrbc: not found
mv: rename require/mrb0_.mrb to require/mrb0.mrb: No such file or directory
require.sh: ../../bin/mrbc: not found
mv: rename require/mrb1_.mrb to require/mrb1.mrb: No such file or directory
require.sh: ../../bin/mruby: not found
</textarea></td>
          </tr>
        
      </table>
    
      
      <h3><a name="openbsd32bit">openbsd32bit</a> <span style="font-size:small;"><a href="#top">#top</a></span></h3>
      <table border='1' style="width:90%;">
        <tr>
          <th style="width:100px;">task</th>
          <th>stdout</th>
          <th>stderr</th>
        </tr>
        <tr>
          <th>make</th>
          <td><textarea>(in /home/mruby/mruby-test-tool/tmp/20130124105724-25877-build/iij-mruby-b2eeaea)
GIT   https://github.com/iij/mruby-mtest.git -> "build/mrbgems/mruby-mtest"
Cloning into build/mrbgems/mruby-mtest...
GIT   https://github.com/iij/mruby-dir.git -> "build/mrbgems/mruby-dir"
Cloning into build/mrbgems/mruby-dir...
GIT   https://github.com/iij/mruby-digest.git -> "build/mrbgems/mruby-digest"
Cloning into build/mrbgems/mruby-digest...
GIT   https://github.com/iij/mruby-process.git -> "build/mrbgems/mruby-process"
Cloning into build/mrbgems/mruby-process...
GIT   https://github.com/iij/mruby-pack.git -> "build/mrbgems/mruby-pack"
Cloning into build/mrbgems/mruby-pack...
GIT   https://github.com/iij/mruby-syslog.git -> "build/mrbgems/mruby-syslog"
Cloning into build/mrbgems/mruby-syslog...
GIT   https://github.com/iij/mruby-env.git -> "build/mrbgems/mruby-env"
Cloning into build/mrbgems/mruby-env...
GIT   https://github.com/iij/mruby-simple-random.git -> "build/mrbgems/mruby-simple-random"
Cloning into build/mrbgems/mruby-simple-random...
CC    "tools/mruby/mruby.c" -> "build/host/tools/mruby/mruby.o"
rake aborted!
Command Failed: ["gcc" -g -O3 -Wall -Werror-implicit-function-declaration -I"/home/mruby/mruby-test-tool/tmp/20130124105724-25877-build/iij-mruby-b2eeaea/include" -I"build/mrbgems/mruby-mtest/include" -I"build/mrbgems/mruby-dir/include" -I"build/mrbgems/mruby-digest/include" -I"build/mrbgems/mruby-process/include" -I"build/mrbgems/mruby-pack/include" -I"build/mrbgems/mruby-syslog/include" -I"build/mrbgems/mruby-env/include" -I"build/mrbgems/mruby-simple-random/include" -I"tools/mruby" -MMD -o "build/host/tools/mruby/mruby.o" -c "tools/mruby/mruby.c"]</textarea></td>
          <td><textarea>In file included from tools/mruby/mruby.c:4:
/home/mruby/mruby-test-tool/tmp/20130124105724-25877-build/iij-mruby-b2eeaea/include/mruby/string.h:15:22: error: encoding.h: No such file or directory</textarea></td>
        </tr>
        <tr>
          <th>make test</th>
          <td><textarea>(in /home/mruby/mruby-test-tool/tmp/20130124105724-25877-build/iij-mruby-b2eeaea)
CC    "test/driver.c" -> "build/host/test/driver.o"
CC    "tools/mrbc/mrbc.c" -> "build/host/tools/mrbc/mrbc.o"
CC    "src/array.c" -> "build/host/src/array.o"
CC    "src/cdump.c" -> "build/host/src/cdump.o"
CC    "src/class.c" -> "build/host/src/class.o"
CC    "src/codegen.c" -> "build/host/src/codegen.o"
CC    "src/compar.c" -> "build/host/src/compar.o"
CC    "src/compile.c" -> "build/host/src/compile.o"
CC    "src/crc.c" -> "build/host/src/crc.o"
CC    "src/dump.c" -> "build/host/src/dump.o"
CC    "src/enum.c" -> "build/host/src/enum.o"
CC    "src/error.c" -> "build/host/src/error.o"
CC    "src/etc.c" -> "build/host/src/etc.o"
CC    "src/gc.c" -> "build/host/src/gc.o"
CC    "src/hash.c" -> "build/host/src/hash.o"
CC    "src/init.c" -> "build/host/src/init.o"
CC    "src/init_ext.c" -> "build/host/src/init_ext.o"
CC    "src/kernel.c" -> "build/host/src/kernel.o"
CC    "src/load.c" -> "build/host/src/load.o"
CC    "src/math.c" -> "build/host/src/math.o"
CC    "src/numeric.c" -> "build/host/src/numeric.o"
CC    "src/object.c" -> "build/host/src/object.o"
CC    "src/pool.c" -> "build/host/src/pool.o"
CC    "src/print.c" -> "build/host/src/print.o"
CC    "src/proc.c" -> "build/host/src/proc.o"
CC    "src/range.c" -> "build/host/src/range.o"
CC    "src/re.c" -> "build/host/src/re.o"
CC    "src/regcomp.c" -> "build/host/src/regcomp.o"
CC    "src/regenc.c" -> "build/host/src/regenc.o"
CC    "src/regerror.c" -> "build/host/src/regerror.o"
CC    "src/regexec.c" -> "build/host/src/regexec.o"
CC    "src/regparse.c" -> "build/host/src/regparse.o"
CC    "src/sprintf.c" -> "build/host/src/sprintf.o"
CC    "src/st.c" -> "build/host/src/st.o"
CC    "src/state.c" -> "build/host/src/state.o"
CC    "src/string.c" -> "build/host/src/string.o"
CC    "src/struct.c" -> "build/host/src/struct.o"
CC    "src/symbol.c" -> "build/host/src/symbol.o"
CC    "src/time.c" -> "build/host/src/time.o"
CC    "src/variable.c" -> "build/host/src/variable.o"
CC    "src/vm.c" -> "build/host/src/vm.o"
YACC  "src/parse.y" -> "build/host/src/y.tab.c"
CC    "build/host/src/y.tab.c" -> "build/host/src/y.tab.o"
CC    "src/ext/enc/ascii.c" -> "build/host/src/ext/enc/ascii.o"
rake aborted!
Command Failed: ["gcc" -g -O3 -Wall -Werror-implicit-function-declaration -I"/home/mruby/mruby-test-tool/tmp/20130124105724-25877-build/iij-mruby-b2eeaea/include" -I"build/mrbgems/mruby-mtest/include" -I"build/mrbgems/mruby-dir/include" -I"build/mrbgems/mruby-digest/include" -I"build/mrbgems/mruby-process/include" -I"build/mrbgems/mruby-pack/include" -I"build/mrbgems/mruby-syslog/include" -I"build/mrbgems/mruby-env/include" -I"build/mrbgems/mruby-simple-random/include" -I"src/ext/enc" -MMD -o "build/host/src/ext/enc/ascii.o" -c "src/ext/enc/ascii.c"]</textarea></td>
          <td><textarea>src/compile.c: In function 'mrb_compile':
src/compile.c:38: warning: unused variable 'irep_len'
src/compile.c: At top level:
src/compile.c:21: warning: 'replace_stop_with_return' defined but not used
src/dump.c: In function 'get_syms_block_size':
src/dump.c:293: warning: passing argument 1 of 'str_dump_len' discards qualifiers from pointer target type
src/dump.c: In function 'write_syms_block':
src/dump.c:453: warning: passing argument 1 of 'str_dump_len' discards qualifiers from pointer target type
src/dump.c:461: warning: passing argument 1 of 'str_dump' discards qualifiers from pointer target type
src/dump.c: In function 'write_irep_record':
src/dump.c:637: warning: 'crc' may be used uninitialized in this function
src/regparse.c: In function 'onig_parse_make_tree':
src/regparse.c:5588: warning: passing argument 3 of 'parse_regexp' discards qualifiers from pointer target type
src/ext/enc/ascii.c:30:20: error: regenc.h: No such file or directory
src/ext/enc/ascii.c:33: error: expected ')' before 'code'
src/ext/enc/ascii.c:41: error: expected '=', ',', ';', 'asm' or '__attribute__' before 'OnigEncodingASCII'</textarea></td>
        </tr>
        
          <tr>
            <th>posix test</th>
            <td><textarea>###################################
# exec test/posix/dir.sh; start...

###################################
# exec test/posix/env.sh; start...

###################################
# exec test/posix/errno.sh; start...

###################################
# exec test/posix/file.sh; start...

###################################
# exec test/posix/io.sh; start...

###################################
# exec test/posix/process.sh; start...

###################################
# exec test/posix/require.sh; start...

###################################
# exec test/posix/syslog.sh; start...

###################################
POSIX test result: NG
  fail test is :  dir.sh  env.sh  errno.sh  file.sh  io.sh  process.sh  require.sh  syslog.sh
###################################</textarea></td>
            <td><textarea>dir.sh[186]: /home/mruby/mruby-test-tool/tmp/20130124105724-25877-build/iij-mruby-b2eeaea/test/posix/../../bin/mruby: not found
env: ../../bin/mruby: No such file or directory
errno.sh[86]: ../../bin/mruby: not found
file.sh[99]: /home/mruby/mruby-test-tool/tmp/20130124105724-25877-build/iij-mruby-b2eeaea/test/posix/../../bin/mruby: not found
io.sh[214]: ../../bin/mruby: not found
env: /home/mruby/mruby-test-tool/tmp/20130124105724-25877-build/iij-mruby-b2eeaea/test/posix/../../bin/mruby: No such file or directory
require.sh[13]: ../../bin/mrbc: not found
mv: require/mrb0_.mrb: No such file or directory
require.sh[13]: ../../bin/mrbc: not found
mv: require/mrb1_.mrb: No such file or directory
require.sh[15]: ../../bin/mruby: not found</textarea></td>
          </tr>
        
      </table>
    
      
      <h3><a name="openbsd64bit">openbsd64bit</a> <span style="font-size:small;"><a href="#top">#top</a></span></h3>
      <table border='1' style="width:90%;">
        <tr>
          <th style="width:100px;">task</th>
          <th>stdout</th>
          <th>stderr</th>
        </tr>
        <tr>
          <th>make</th>
          <td><textarea>(in /home/mruby/mruby-test-tool/tmp/20130124105724-18751-build/iij-mruby-b2eeaea)
GIT   https://github.com/iij/mruby-mtest.git -> "build/mrbgems/mruby-mtest"
Cloning into build/mrbgems/mruby-mtest...
GIT   https://github.com/iij/mruby-dir.git -> "build/mrbgems/mruby-dir"
Cloning into build/mrbgems/mruby-dir...
GIT   https://github.com/iij/mruby-digest.git -> "build/mrbgems/mruby-digest"
Cloning into build/mrbgems/mruby-digest...
GIT   https://github.com/iij/mruby-process.git -> "build/mrbgems/mruby-process"
Cloning into build/mrbgems/mruby-process...
GIT   https://github.com/iij/mruby-pack.git -> "build/mrbgems/mruby-pack"
Cloning into build/mrbgems/mruby-pack...
GIT   https://github.com/iij/mruby-syslog.git -> "build/mrbgems/mruby-syslog"
Cloning into build/mrbgems/mruby-syslog...
GIT   https://github.com/iij/mruby-env.git -> "build/mrbgems/mruby-env"
Cloning into build/mrbgems/mruby-env...
GIT   https://github.com/iij/mruby-simple-random.git -> "build/mrbgems/mruby-simple-random"
Cloning into build/mrbgems/mruby-simple-random...
CC    "tools/mruby/mruby.c" -> "build/host/tools/mruby/mruby.o"
rake aborted!
Command Failed: ["gcc" -g -O3 -Wall -Werror-implicit-function-declaration -I"/home/mruby/mruby-test-tool/tmp/20130124105724-18751-build/iij-mruby-b2eeaea/include" -I"build/mrbgems/mruby-mtest/include" -I"build/mrbgems/mruby-dir/include" -I"build/mrbgems/mruby-digest/include" -I"build/mrbgems/mruby-process/include" -I"build/mrbgems/mruby-pack/include" -I"build/mrbgems/mruby-syslog/include" -I"build/mrbgems/mruby-env/include" -I"build/mrbgems/mruby-simple-random/include" -I"tools/mruby" -MMD -o "build/host/tools/mruby/mruby.o" -c "tools/mruby/mruby.c"]</textarea></td>
          <td><textarea>In file included from tools/mruby/mruby.c:4:
/home/mruby/mruby-test-tool/tmp/20130124105724-18751-build/iij-mruby-b2eeaea/include/mruby/string.h:15:22: error: encoding.h: No such file or directory</textarea></td>
        </tr>
        <tr>
          <th>make test</th>
          <td><textarea>(in /home/mruby/mruby-test-tool/tmp/20130124105724-18751-build/iij-mruby-b2eeaea)
CC    "test/driver.c" -> "build/host/test/driver.o"
CC    "tools/mrbc/mrbc.c" -> "build/host/tools/mrbc/mrbc.o"
CC    "src/array.c" -> "build/host/src/array.o"
CC    "src/cdump.c" -> "build/host/src/cdump.o"
CC    "src/class.c" -> "build/host/src/class.o"
CC    "src/codegen.c" -> "build/host/src/codegen.o"
CC    "src/compar.c" -> "build/host/src/compar.o"
CC    "src/compile.c" -> "build/host/src/compile.o"
CC    "src/crc.c" -> "build/host/src/crc.o"
CC    "src/dump.c" -> "build/host/src/dump.o"
CC    "src/enum.c" -> "build/host/src/enum.o"
CC    "src/error.c" -> "build/host/src/error.o"
CC    "src/etc.c" -> "build/host/src/etc.o"
CC    "src/gc.c" -> "build/host/src/gc.o"
CC    "src/hash.c" -> "build/host/src/hash.o"
CC    "src/init.c" -> "build/host/src/init.o"
CC    "src/init_ext.c" -> "build/host/src/init_ext.o"
CC    "src/kernel.c" -> "build/host/src/kernel.o"
CC    "src/load.c" -> "build/host/src/load.o"
CC    "src/math.c" -> "build/host/src/math.o"
CC    "src/numeric.c" -> "build/host/src/numeric.o"
CC    "src/object.c" -> "build/host/src/object.o"
CC    "src/pool.c" -> "build/host/src/pool.o"
CC    "src/print.c" -> "build/host/src/print.o"
CC    "src/proc.c" -> "build/host/src/proc.o"
CC    "src/range.c" -> "build/host/src/range.o"
CC    "src/re.c" -> "build/host/src/re.o"
CC    "src/regcomp.c" -> "build/host/src/regcomp.o"
CC    "src/regenc.c" -> "build/host/src/regenc.o"
CC    "src/regerror.c" -> "build/host/src/regerror.o"
CC    "src/regexec.c" -> "build/host/src/regexec.o"
CC    "src/regparse.c" -> "build/host/src/regparse.o"
CC    "src/sprintf.c" -> "build/host/src/sprintf.o"
CC    "src/st.c" -> "build/host/src/st.o"
CC    "src/state.c" -> "build/host/src/state.o"
CC    "src/string.c" -> "build/host/src/string.o"
CC    "src/struct.c" -> "build/host/src/struct.o"
CC    "src/symbol.c" -> "build/host/src/symbol.o"
CC    "src/time.c" -> "build/host/src/time.o"
CC    "src/variable.c" -> "build/host/src/variable.o"
CC    "src/vm.c" -> "build/host/src/vm.o"
YACC  "src/parse.y" -> "build/host/src/y.tab.c"
CC    "build/host/src/y.tab.c" -> "build/host/src/y.tab.o"
CC    "src/ext/enc/ascii.c" -> "build/host/src/ext/enc/ascii.o"
rake aborted!
Command Failed: ["gcc" -g -O3 -Wall -Werror-implicit-function-declaration -I"/home/mruby/mruby-test-tool/tmp/20130124105724-18751-build/iij-mruby-b2eeaea/include" -I"build/mrbgems/mruby-mtest/include" -I"build/mrbgems/mruby-dir/include" -I"build/mrbgems/mruby-digest/include" -I"build/mrbgems/mruby-process/include" -I"build/mrbgems/mruby-pack/include" -I"build/mrbgems/mruby-syslog/include" -I"build/mrbgems/mruby-env/include" -I"build/mrbgems/mruby-simple-random/include" -I"src/ext/enc" -MMD -o "build/host/src/ext/enc/ascii.o" -c "src/ext/enc/ascii.c"]</textarea></td>
          <td><textarea>src/compile.c: In function 'mrb_compile':
src/compile.c:38: warning: unused variable 'irep_len'
src/compile.c: At top level:
src/compile.c:21: warning: 'replace_stop_with_return' defined but not used
src/dump.c: In function 'get_syms_block_size':
src/dump.c:293: warning: passing argument 1 of 'str_dump_len' discards qualifiers from pointer target type
src/dump.c: In function 'write_syms_block':
src/dump.c:453: warning: passing argument 1 of 'str_dump_len' discards qualifiers from pointer target type
src/dump.c:461: warning: passing argument 1 of 'str_dump' discards qualifiers from pointer target type
src/dump.c: In function 'write_irep_record':
src/dump.c:637: warning: 'crc' may be used uninitialized in this function
src/regparse.c: In function 'onig_parse_make_tree':
src/regparse.c:5588: warning: passing argument 3 of 'parse_regexp' discards qualifiers from pointer target type
src/ext/enc/ascii.c:30:20: error: regenc.h: No such file or directory
src/ext/enc/ascii.c:33: error: expected ')' before 'code'
src/ext/enc/ascii.c:41: error: expected '=', ',', ';', 'asm' or '__attribute__' before 'OnigEncodingASCII'</textarea></td>
        </tr>
        
          <tr>
            <th>posix test</th>
            <td><textarea>###################################
# exec test/posix/dir.sh; start...

###################################
# exec test/posix/env.sh; start...

###################################
# exec test/posix/errno.sh; start...

###################################
# exec test/posix/file.sh; start...

###################################
# exec test/posix/io.sh; start...

###################################
# exec test/posix/process.sh; start...

###################################
# exec test/posix/require.sh; start...

###################################
# exec test/posix/syslog.sh; start...

###################################
POSIX test result: NG
  fail test is :  dir.sh  env.sh  errno.sh  file.sh  io.sh  process.sh  require.sh  syslog.sh
###################################</textarea></td>
            <td><textarea>dir.sh[186]: /home/mruby/mruby-test-tool/tmp/20130124105724-18751-build/iij-mruby-b2eeaea/test/posix/../../bin/mruby: not found
env: ../../bin/mruby: No such file or directory
errno.sh[86]: ../../bin/mruby: not found
file.sh[99]: /home/mruby/mruby-test-tool/tmp/20130124105724-18751-build/iij-mruby-b2eeaea/test/posix/../../bin/mruby: not found
io.sh[214]: ../../bin/mruby: not found
env: /home/mruby/mruby-test-tool/tmp/20130124105724-18751-build/iij-mruby-b2eeaea/test/posix/../../bin/mruby: No such file or directory
require.sh[13]: ../../bin/mrbc: not found
mv: require/mrb0_.mrb: No such file or directory
require.sh[13]: ../../bin/mrbc: not found
mv: require/mrb1_.mrb: No such file or directory
require.sh[15]: ../../bin/mruby: not found</textarea></td>
          </tr>
        
      </table>
    
      
      <h3><a name="ubuntu32bit">ubuntu32bit</a> <span style="font-size:small;"><a href="#top">#top</a></span></h3>
      <table border='1' style="width:90%;">
        <tr>
          <th style="width:100px;">task</th>
          <th>stdout</th>
          <th>stderr</th>
        </tr>
        <tr>
          <th>make</th>
          <td><textarea>(in /home/mruby/mruby-test-tool/tmp/20130124105724-18932-build/iij-mruby-b2eeaea)
GIT   https://github.com/iij/mruby-mtest.git -> "build/mrbgems/mruby-mtest"
Cloning into 'build/mrbgems/mruby-mtest'...
GIT   https://github.com/iij/mruby-dir.git -> "build/mrbgems/mruby-dir"
Cloning into 'build/mrbgems/mruby-dir'...
GIT   https://github.com/iij/mruby-digest.git -> "build/mrbgems/mruby-digest"
Cloning into 'build/mrbgems/mruby-digest'...
GIT   https://github.com/iij/mruby-process.git -> "build/mrbgems/mruby-process"
Cloning into 'build/mrbgems/mruby-process'...
GIT   https://github.com/iij/mruby-pack.git -> "build/mrbgems/mruby-pack"
Cloning into 'build/mrbgems/mruby-pack'...
GIT   https://github.com/iij/mruby-syslog.git -> "build/mrbgems/mruby-syslog"
Cloning into 'build/mrbgems/mruby-syslog'...
GIT   https://github.com/iij/mruby-env.git -> "build/mrbgems/mruby-env"
Cloning into 'build/mrbgems/mruby-env'...
GIT   https://github.com/iij/mruby-simple-random.git -> "build/mrbgems/mruby-simple-random"
Cloning into 'build/mrbgems/mruby-simple-random'...
CC    "tools/mruby/mruby.c" -> "build/host/tools/mruby/mruby.o"
rake aborted!
Command Failed: ["gcc" -g -O3 -Wall -Werror-implicit-function-declaration -I"/home/mruby/mruby-test-tool/tmp/20130124105724-18932-build/iij-mruby-b2eeaea/include" -I"build/mrbgems/mruby-mtest/include" -I"build/mrbgems/mruby-dir/include" -I"build/mrbgems/mruby-digest/include" -I"build/mrbgems/mruby-process/include" -I"build/mrbgems/mruby-pack/include" -I"build/mrbgems/mruby-syslog/include" -I"build/mrbgems/mruby-env/include" -I"build/mrbgems/mruby-simple-random/include" -I"tools/mruby" -MMD -o "build/host/tools/mruby/mruby.o" -c "tools/mruby/mruby.c"]</textarea></td>
          <td><textarea>In file included from tools/mruby/mruby.c:4:0:
/home/mruby/mruby-test-tool/tmp/20130124105724-18932-build/iij-mruby-b2eeaea/include/mruby/string.h:15:22: fatal error: encoding.h: No such file or directory
compilation terminated.</textarea></td>
        </tr>
        <tr>
          <th>make test</th>
          <td><textarea>(in /home/mruby/mruby-test-tool/tmp/20130124105724-18932-build/iij-mruby-b2eeaea)
CC    "test/driver.c" -> "build/host/test/driver.o"
CC    "tools/mrbc/mrbc.c" -> "build/host/tools/mrbc/mrbc.o"
CC    "src/pool.c" -> "build/host/src/pool.o"
CC    "src/regerror.c" -> "build/host/src/regerror.o"
CC    "src/kernel.c" -> "build/host/src/kernel.o"
CC    "src/codegen.c" -> "build/host/src/codegen.o"
CC    "src/state.c" -> "build/host/src/state.o"
CC    "src/gc.c" -> "build/host/src/gc.o"
CC    "src/re.c" -> "build/host/src/re.o"
CC    "src/init.c" -> "build/host/src/init.o"
CC    "src/regcomp.c" -> "build/host/src/regcomp.o"
CC    "src/class.c" -> "build/host/src/class.o"
CC    "src/array.c" -> "build/host/src/array.o"
CC    "src/symbol.c" -> "build/host/src/symbol.o"
CC    "src/print.c" -> "build/host/src/print.o"
CC    "src/etc.c" -> "build/host/src/etc.o"
CC    "src/enum.c" -> "build/host/src/enum.o"
CC    "src/proc.c" -> "build/host/src/proc.o"
CC    "src/time.c" -> "build/host/src/time.o"
CC    "src/regexec.c" -> "build/host/src/regexec.o"
CC    "src/numeric.c" -> "build/host/src/numeric.o"
CC    "src/cdump.c" -> "build/host/src/cdump.o"
CC    "src/vm.c" -> "build/host/src/vm.o"
CC    "src/init_ext.c" -> "build/host/src/init_ext.o"
CC    "src/st.c" -> "build/host/src/st.o"
CC    "src/object.c" -> "build/host/src/object.o"
CC    "src/compile.c" -> "build/host/src/compile.o"
CC    "src/math.c" -> "build/host/src/math.o"
CC    "src/regparse.c" -> "build/host/src/regparse.o"
CC    "src/load.c" -> "build/host/src/load.o"
CC    "src/regenc.c" -> "build/host/src/regenc.o"
CC    "src/range.c" -> "build/host/src/range.o"
CC    "src/variable.c" -> "build/host/src/variable.o"
CC    "src/error.c" -> "build/host/src/error.o"
CC    "src/dump.c" -> "build/host/src/dump.o"
CC    "src/crc.c" -> "build/host/src/crc.o"
CC    "src/struct.c" -> "build/host/src/struct.o"
CC    "src/sprintf.c" -> "build/host/src/sprintf.o"
CC    "src/compar.c" -> "build/host/src/compar.o"
CC    "src/string.c" -> "build/host/src/string.o"
CC    "src/hash.c" -> "build/host/src/hash.o"
YACC  "src/parse.y" -> "build/host/src/y.tab.c"
CC    "build/host/src/y.tab.c" -> "build/host/src/y.tab.o"
CC    "src/ext/require/require.c" -> "build/host/src/ext/require/require.o"
rake aborted!
Command Failed: ["gcc" -g -O3 -Wall -Werror-implicit-function-declaration -I"/home/mruby/mruby-test-tool/tmp/20130124105724-18932-build/iij-mruby-b2eeaea/include" -I"build/mrbgems/mruby-mtest/include" -I"build/mrbgems/mruby-dir/include" -I"build/mrbgems/mruby-digest/include" -I"build/mrbgems/mruby-process/include" -I"build/mrbgems/mruby-pack/include" -I"build/mrbgems/mruby-syslog/include" -I"build/mrbgems/mruby-env/include" -I"build/mrbgems/mruby-simple-random/include" -I"src/ext/require" -MMD -o "build/host/src/ext/require/require.o" -c "src/ext/require/require.c"]</textarea></td>
          <td><textarea>src/regcomp.c: In function 'is_not_included':
src/regcomp.c:2433:13: warning: variable 'c' set but not used [-Wunused-but-set-variable]
src/regcomp.c: In function 'update_string_node_case_fold':
src/regcomp.c:3225:14: warning: variable 'q' set but not used [-Wunused-but-set-variable]
src/compile.c: In function 'mrb_compile':
src/compile.c:38:7: warning: unused variable 'irep_len' [-Wunused-variable]
src/compile.c: At top level:
src/compile.c:20:1: warning: 'replace_stop_with_return' defined but not used [-Wunused-function]
src/regparse.c: In function 'fetch_escaped_value':
src/regparse.c:2392:3: warning: variable 'pfetch_prev' set but not used [-Wunused-but-set-variable]
src/regparse.c: In function 'fetch_name':
src/regparse.c:2605:3: warning: variable 'pfetch_prev' set but not used [-Wunused-but-set-variable]
src/regparse.c: In function 'parse_posix_bracket':
src/regparse.c:3984:3: warning: variable 'pfetch_prev' set but not used [-Wunused-but-set-variable]
src/regparse.c: In function 'fetch_char_property_to_ctype':
src/regparse.c:4037:3: warning: variable 'pfetch_prev' set but not used [-Wunused-but-set-variable]
src/regparse.c: In function 'code_exist_check':
src/regparse.c:4194:3: warning: variable 'pfetch_prev' set but not used [-Wunused-but-set-variable]
src/string.c: In function 'mrb_str_sub':
src/string.c:2373:7: warning: variable 'iter' set but not used [-Wunused-but-set-variable]
In file included from src/ext/require/require.c:11:0:
/home/mruby/mruby-test-tool/tmp/20130124105724-18932-build/iij-mruby-b2eeaea/include/mruby/string.h:15:22: fatal error: encoding.h: No such file or directory
compilation terminated.</textarea></td>
        </tr>
        
          <tr>
            <th>posix test</th>
            <td><textarea>###################################
# exec test/posix/dir.sh; start...

###################################
# exec test/posix/env.sh; start...

###################################
# exec test/posix/errno.sh; start...

###################################
# exec test/posix/file.sh; start...

###################################
# exec test/posix/io.sh; start...

###################################
# exec test/posix/process.sh; start...

###################################
# exec test/posix/require.sh; start...

###################################
# exec test/posix/syslog.sh; start...

###################################
POSIX test result: NG
  fail test is :  dir.sh  env.sh  errno.sh  file.sh  io.sh  process.sh  require.sh  syslog.sh
###################################</textarea></td>
            <td><textarea>dir.sh: 18: dir.sh: /home/mruby/mruby-test-tool/tmp/20130124105724-18932-build/iij-mruby-b2eeaea/test/posix/../../bin/mruby: not found
env: ../../bin/mruby: No such file or directory
errno.sh: 15: errno.sh: ../../bin/mruby: not found
file.sh: 22: file.sh: /home/mruby/mruby-test-tool/tmp/20130124105724-18932-build/iij-mruby-b2eeaea/test/posix/../../bin/mruby: not found
io.sh: 21: io.sh: ../../bin/mruby: not found
env: /home/mruby/mruby-test-tool/tmp/20130124105724-18932-build/iij-mruby-b2eeaea/test/posix/../../bin/mruby: No such file or directory
require.sh: 9: require.sh: ../../bin/mrbc: not found
mv: cannot stat `require/mrb0_.mrb': No such file or directory
require.sh: 9: require.sh: ../../bin/mrbc: not found
mv: cannot stat `require/mrb1_.mrb': No such file or directory
require.sh: 15: require.sh: ../../bin/mruby: not found</textarea></td>
          </tr>
        
      </table>
    
      
      <h3><a name="ubuntu64bit">ubuntu64bit</a> <span style="font-size:small;"><a href="#top">#top</a></span></h3>
      <table border='1' style="width:90%;">
        <tr>
          <th style="width:100px;">task</th>
          <th>stdout</th>
          <th>stderr</th>
        </tr>
        <tr>
          <th>make</th>
          <td><textarea>(in /home/mruby/mruby-test-tool/tmp/20130124105724-29005-build/iij-mruby-b2eeaea)
GIT   https://github.com/iij/mruby-mtest.git -> "build/mrbgems/mruby-mtest"
Cloning into 'build/mrbgems/mruby-mtest'...
GIT   https://github.com/iij/mruby-dir.git -> "build/mrbgems/mruby-dir"
Cloning into 'build/mrbgems/mruby-dir'...
GIT   https://github.com/iij/mruby-digest.git -> "build/mrbgems/mruby-digest"
Cloning into 'build/mrbgems/mruby-digest'...
GIT   https://github.com/iij/mruby-process.git -> "build/mrbgems/mruby-process"
Cloning into 'build/mrbgems/mruby-process'...
GIT   https://github.com/iij/mruby-pack.git -> "build/mrbgems/mruby-pack"
Cloning into 'build/mrbgems/mruby-pack'...
GIT   https://github.com/iij/mruby-syslog.git -> "build/mrbgems/mruby-syslog"
Cloning into 'build/mrbgems/mruby-syslog'...
GIT   https://github.com/iij/mruby-env.git -> "build/mrbgems/mruby-env"
Cloning into 'build/mrbgems/mruby-env'...
GIT   https://github.com/iij/mruby-simple-random.git -> "build/mrbgems/mruby-simple-random"
Cloning into 'build/mrbgems/mruby-simple-random'...
CC    "tools/mruby/mruby.c" -> "build/host/tools/mruby/mruby.o"
rake aborted!
Command Failed: ["gcc" -g -O3 -Wall -Werror-implicit-function-declaration -I"/home/mruby/mruby-test-tool/tmp/20130124105724-29005-build/iij-mruby-b2eeaea/include" -I"build/mrbgems/mruby-mtest/include" -I"build/mrbgems/mruby-dir/include" -I"build/mrbgems/mruby-digest/include" -I"build/mrbgems/mruby-process/include" -I"build/mrbgems/mruby-pack/include" -I"build/mrbgems/mruby-syslog/include" -I"build/mrbgems/mruby-env/include" -I"build/mrbgems/mruby-simple-random/include" -I"tools/mruby" -MMD -o "build/host/tools/mruby/mruby.o" -c "tools/mruby/mruby.c"]</textarea></td>
          <td><textarea>In file included from tools/mruby/mruby.c:4:0:
/home/mruby/mruby-test-tool/tmp/20130124105724-29005-build/iij-mruby-b2eeaea/include/mruby/string.h:15:22: fatal error: encoding.h: No such file or directory
compilation terminated.</textarea></td>
        </tr>
        <tr>
          <th>make test</th>
          <td><textarea>(in /home/mruby/mruby-test-tool/tmp/20130124105724-29005-build/iij-mruby-b2eeaea)
CC    "test/driver.c" -> "build/host/test/driver.o"
CC    "tools/mrbc/mrbc.c" -> "build/host/tools/mrbc/mrbc.o"
CC    "src/vm.c" -> "build/host/src/vm.o"
CC    "src/print.c" -> "build/host/src/print.o"
CC    "src/symbol.c" -> "build/host/src/symbol.o"
CC    "src/object.c" -> "build/host/src/object.o"
CC    "src/struct.c" -> "build/host/src/struct.o"
CC    "src/range.c" -> "build/host/src/range.o"
CC    "src/kernel.c" -> "build/host/src/kernel.o"
CC    "src/regenc.c" -> "build/host/src/regenc.o"
CC    "src/cdump.c" -> "build/host/src/cdump.o"
CC    "src/numeric.c" -> "build/host/src/numeric.o"
CC    "src/st.c" -> "build/host/src/st.o"
CC    "src/regcomp.c" -> "build/host/src/regcomp.o"
CC    "src/load.c" -> "build/host/src/load.o"
CC    "src/sprintf.c" -> "build/host/src/sprintf.o"
CC    "src/variable.c" -> "build/host/src/variable.o"
CC    "src/regerror.c" -> "build/host/src/regerror.o"
CC    "src/pool.c" -> "build/host/src/pool.o"
CC    "src/compar.c" -> "build/host/src/compar.o"
CC    "src/etc.c" -> "build/host/src/etc.o"
CC    "src/init_ext.c" -> "build/host/src/init_ext.o"
CC    "src/enum.c" -> "build/host/src/enum.o"
CC    "src/state.c" -> "build/host/src/state.o"
CC    "src/codegen.c" -> "build/host/src/codegen.o"
CC    "src/math.c" -> "build/host/src/math.o"
CC    "src/regparse.c" -> "build/host/src/regparse.o"
CC    "src/init.c" -> "build/host/src/init.o"
CC    "src/regexec.c" -> "build/host/src/regexec.o"
CC    "src/dump.c" -> "build/host/src/dump.o"
CC    "src/class.c" -> "build/host/src/class.o"
CC    "src/crc.c" -> "build/host/src/crc.o"
CC    "src/gc.c" -> "build/host/src/gc.o"
CC    "src/string.c" -> "build/host/src/string.o"
CC    "src/time.c" -> "build/host/src/time.o"
CC    "src/error.c" -> "build/host/src/error.o"
CC    "src/proc.c" -> "build/host/src/proc.o"
CC    "src/array.c" -> "build/host/src/array.o"
CC    "src/hash.c" -> "build/host/src/hash.o"
CC    "src/re.c" -> "build/host/src/re.o"
CC    "src/compile.c" -> "build/host/src/compile.o"
YACC  "src/parse.y" -> "build/host/src/y.tab.c"
CC    "build/host/src/y.tab.c" -> "build/host/src/y.tab.o"
CC    "src/ext/errno/errno.c" -> "build/host/src/ext/errno/errno.o"
rake aborted!
Command Failed: ["gcc" -g -O3 -Wall -Werror-implicit-function-declaration -I"/home/mruby/mruby-test-tool/tmp/20130124105724-29005-build/iij-mruby-b2eeaea/include" -I"build/mrbgems/mruby-mtest/include" -I"build/mrbgems/mruby-dir/include" -I"build/mrbgems/mruby-digest/include" -I"build/mrbgems/mruby-process/include" -I"build/mrbgems/mruby-pack/include" -I"build/mrbgems/mruby-syslog/include" -I"build/mrbgems/mruby-env/include" -I"build/mrbgems/mruby-simple-random/include" -I"src/ext/errno" -MMD -o "build/host/src/ext/errno/errno.o" -c "src/ext/errno/errno.c"]</textarea></td>
          <td><textarea>src/regcomp.c: In function 'is_not_included':
src/regcomp.c:2433:13: warning: variable 'c' set but not used [-Wunused-but-set-variable]
src/regcomp.c: In function 'update_string_node_case_fold':
src/regcomp.c:3225:14: warning: variable 'q' set but not used [-Wunused-but-set-variable]
src/regparse.c: In function 'fetch_escaped_value':
src/regparse.c:2392:3: warning: variable 'pfetch_prev' set but not used [-Wunused-but-set-variable]
src/regparse.c: In function 'fetch_name':
src/regparse.c:2605:3: warning: variable 'pfetch_prev' set but not used [-Wunused-but-set-variable]
src/regparse.c: In function 'parse_posix_bracket':
src/regparse.c:3984:3: warning: variable 'pfetch_prev' set but not used [-Wunused-but-set-variable]
src/regparse.c: In function 'fetch_char_property_to_ctype':
src/regparse.c:4037:3: warning: variable 'pfetch_prev' set but not used [-Wunused-but-set-variable]
src/regparse.c: In function 'code_exist_check':
src/regparse.c:4194:3: warning: variable 'pfetch_prev' set but not used [-Wunused-but-set-variable]
src/string.c: In function 'mrb_str_sub':
src/string.c:2373:7: warning: variable 'iter' set but not used [-Wunused-but-set-variable]
src/compile.c: In function 'mrb_compile':
src/compile.c:38:7: warning: unused variable 'irep_len' [-Wunused-variable]
src/compile.c: At top level:
src/compile.c:20:1: warning: 'replace_stop_with_return' defined but not used [-Wunused-function]
In file included from src/ext/errno/errno.c:13:0:
/home/mruby/mruby-test-tool/tmp/20130124105724-29005-build/iij-mruby-b2eeaea/include/mruby/string.h:15:22: fatal error: encoding.h: No such file or directory
compilation terminated.</textarea></td>
        </tr>
        
          <tr>
            <th>posix test</th>
            <td><textarea>###################################
# exec test/posix/dir.sh; start...

###################################
# exec test/posix/env.sh; start...

###################################
# exec test/posix/errno.sh; start...

###################################
# exec test/posix/file.sh; start...

###################################
# exec test/posix/io.sh; start...

###################################
# exec test/posix/process.sh; start...

###################################
# exec test/posix/require.sh; start...

###################################
# exec test/posix/syslog.sh; start...

###################################
POSIX test result: NG
  fail test is :  dir.sh  env.sh  errno.sh  file.sh  io.sh  process.sh  require.sh  syslog.sh
###################################</textarea></td>
            <td><textarea>dir.sh: 18: dir.sh: /home/mruby/mruby-test-tool/tmp/20130124105724-29005-build/iij-mruby-b2eeaea/test/posix/../../bin/mruby: not found
env: ../../bin/mruby: No such file or directory
errno.sh: 15: errno.sh: ../../bin/mruby: not found
file.sh: 22: file.sh: /home/mruby/mruby-test-tool/tmp/20130124105724-29005-build/iij-mruby-b2eeaea/test/posix/../../bin/mruby: not found
io.sh: 21: io.sh: ../../bin/mruby: not found
env: /home/mruby/mruby-test-tool/tmp/20130124105724-29005-build/iij-mruby-b2eeaea/test/posix/../../bin/mruby: No such file or directory
require.sh: 9: require.sh: ../../bin/mrbc: not found
mv: cannot stat `require/mrb0_.mrb': No such file or directory
require.sh: 9: require.sh: ../../bin/mrbc: not found
mv: cannot stat `require/mrb1_.mrb': No such file or directory
require.sh: 15: require.sh: ../../bin/mruby: not found</textarea></td>
          </tr>
        
      </table>
    

    <h2><a name="commitlog">commit log</a> <span style="font-size:small;"><a href="#top">#top</a></span></h2>
      <pre>commit b2eeaea2786ec8f6dd1e67b012b9fedfdbaf7792
Merge: c2826c4 93fa579
Author: Akira Yumiyama &lt;yumiyama@iij.ad.jp&gt;
Date:   Thu Jan 24 08:18:25 2013 +0900

    Merge branch 'master' into iij-merge-work
    
    Conflicts:
    	build_config.rb
    	src/init.c
    	src/init_ext.c
    	tasks/mruby_build.rake
    	tasks/mruby_gem_spec.rake

diff --cc Rakefile
index e866562,f0991d3..9ce3036
--- a/Rakefile
+++ b/Rakefile
@@@ -11,11 -11,8 +11,10 @@@ load 'tasks/mrbgem_spec.rake
  MRUBY_CONFIG = File.expand_path(ENV['MRUBY_CONFIG'] || './build_config.rb')
  load MRUBY_CONFIG
  
- load 'tasks/rules.rake'
  load 'src/mruby_core.rake'
 +load 'src/ext/mruby_ext.rake'
  load 'mrblib/mrblib.rake'
 +load 'mrblib/ext/mrblib_ext.rake'
  load 'tools/mrbc/mrbc.rake'
  
  load 'tasks/mrbgems.rake'
diff --cc build_config.rb
index 84a7ae4,1c177fd..689c03f
--- a/build_config.rb
+++ b/build_config.rb
@@@ -1,64 -1,76 +1,86 @@@
  MRuby::Build.new do |conf|
-   conf.cc = ENV['CC'] || 'gcc'
-   conf.ld = ENV['LD'] || 'gcc'
-   conf.ar = ENV['AR'] || 'ar'
-   # conf.bins = %w(mrbc mruby mirb)
-   # conf.cxx = conf.cc
-   # conf.objcc = conf.cc
-   # conf.asm = conf.cc
-   # conf.yacc = 'bison'
-   # conf.gperf = 'gperf'
-   # conf.cat = 'cat'
-   # conf.git = 'git'
- 
-   conf.cflags &lt;&lt; (ENV['CFLAGS'] || %w(-g -O3 -Wall -Werror-implicit-function-declaration))
-   conf.ldflags &lt;&lt; (ENV['LDFLAGS'] || %w(-lm))
-   # conf.cxxflags = []
-   # conf.objccflags = []
-   # conf.asmflags = []
+   # load specific toolchain settings
+   toolchain :gcc
  
+   # Use mrbgems
    # conf.gem 'doc/mrbgems/ruby_extension_example'
-   # conf.gem 'doc/mrbgems/c_extension_example'
+   # conf.gem 'doc/mrbgems/c_extension_example' do |g|
+   #   g.cc.flags &lt;&lt; '-g' # append cflags in this gem
+   # end
    # conf.gem 'doc/mrbgems/c_and_ruby_extension_example'
 +  # conf.gem :git =&gt; 'git@github.com:masuidrive/mrbgems-example.git', :branch =&gt; 'master'
+   # conf.gem :github =&gt; 'masuidrive/mrbgems-example', :branch =&gt; 'master'
+   # conf.gem :git =&gt; 'git@github.com:masuidrive/mrbgems-example.git', :branch =&gt; 'master', :options =&gt; '-v'
  
-   conf.gem :git =&gt; 'https://github.com/iij/mruby-mtest.git', :branch =&gt; 'master'
-   conf.gem :git =&gt; 'https://github.com/iij/mruby-dir.git', :branch =&gt; 'master'
-   conf.gem :git =&gt; 'https://github.com/iij/mruby-digest.git', :branch =&gt; 'master'
-   conf.gem :git =&gt; 'https://github.com/iij/mruby-process.git', :branch =&gt; 'master'
-   conf.gem :git =&gt; 'https://github.com/iij/mruby-pack.git', :branch =&gt; 'master'
-   conf.gem :git =&gt; 'https://github.com/iij/mruby-syslog.git', :branch =&gt; 'master'
-   conf.gem :git =&gt; 'https://github.com/iij/mruby-env.git', :branch =&gt; 'master'
-   conf.gem :git =&gt; 'https://github.com/iij/mruby-simple-random.git', :branch =&gt; 'master'
- end
++  conf.gem :git =&gt; 'https://github.com/iij/mruby-mtest.git'
++  conf.gem :git =&gt; 'https://github.com/iij/mruby-dir.git'
++  conf.gem :git =&gt; 'https://github.com/iij/mruby-digest.git'
++  conf.gem :git =&gt; 'https://github.com/iij/mruby-process.git'
++  conf.gem :git =&gt; 'https://github.com/iij/mruby-pack.git'
++  conf.gem :git =&gt; 'https://github.com/iij/mruby-syslog.git'
++  conf.gem :git =&gt; 'https://github.com/iij/mruby-env.git'
++  conf.gem :git =&gt; 'https://github.com/iij/mruby-simple-random.git'
 +
- =begin
- MRuby::CrossBuild.new('i386') do |conf|
-   conf.cc = ENV['CC'] || 'gcc'
-   conf.ld = ENV['LD'] || 'gcc'
-   conf.ar = ENV['AR'] || 'ar'
+   # Generate binaries
    # conf.bins = %w(mrbc mruby mirb)
-   # conf.cxx = 'gcc'
-   # conf.objcc = 'gcc'
-   # conf.asm = 'gcc'
-   # conf.yacc = 'bison'
-   # conf.gperf = 'gperf'
-   # conf.cat = 'cat'
-   # conf.git = 'git'
 -  
 +
-   if ENV['OS'] == 'Windows_NT' # MinGW
-     conf.cflags = %w(-g -O3 -Wall -Werror-implicit-function-declaration -Di386_MARK)
-     conf.ldflags = %w(-s -static)
-   else
-     conf.cflags &lt;&lt; %w(-g -O3 -Wall -Werror-implicit-function-declaration -arch i386)
-     conf.ldflags &lt;&lt; %w(-arch i386)
-   end
-   # conf.cxxflags &lt;&lt; []
-   # conf.objccflags &lt;&lt; []
-   # conf.asmflags &lt;&lt; []
+   # C compiler settings
+   # conf.cc do |cc|
+   #   cc.command = ENV['CC'] || 'gcc'
+   #   cc.flags = [ENV['CFLAGS'] || %w()]
+   #   cc.include_paths = [&quot;#{root}/include&quot;]
+   #   cc.defines = %w(DISABLE_GEMS)
+   #   cc.option_include_path = '-I%s'
+   #   cc.option_define = '-D%s'
+   #   cc.compile_options = &quot;%{flags} -MMD -o %{outfile} -c %{infile}&quot;
+   # end
  
-   # conf.gem 'doc/mrbgems/ruby_extension_example'
-   # conf.gem 'doc/mrbgems/c_extension_example'
-   # conf.gem 'doc/mrbgems/c_and_ruby_extension_example'
+   # Linker settings
+   # conf.linker do |linker|
+   #   linker.command = ENV['LD'] || 'gcc'
+   #   linker.flags = [ENV['LDFLAGS'] || []]
+   #   linker.libraries = %w()
+   #   linker.library_paths = []
+   #   linker.option_library = '-l%s'
+   #   linker.option_library_path = '-L%s'
+   #   linker.link_options = &quot;%{flags} -o %{outfile} %{objs} %{libs}&quot;
+   # end
 - 
++
+   # Archiver settings
+   # conf.archiver do |archiver|
+   #   archiver.command = ENV['AR'] || 'ar'
+   #   archiver.archive_options = 'rs %{outfile} %{objs}'
+   # end
 - 
++
+   # Parser generator settings
+   # conf.yacc do |yacc|
+   #   yacc.command = ENV['YACC'] || 'bison'
+   #   yacc.compile_options = '-o %{outfile} %{infile}'
+   # end
 - 
++
+   # gperf settings
+   # conf.gperf do |gperf|
+   #   gperf.command = 'gperf'
+   #   gperf.compile_options = '-L ANSI-C -C -p -j1 -i 1 -g -o -t -N mrb_reserved_word -k&quot;1,3,$&quot; %{infile} &gt; %{outfile}'
+   # end
 -  
++
+   # file extensions
+   # conf.exts do |exts|
+   #   exts.object = '.o'
+   #   exts.executable = '' # '.exe' if Windows
+   #   exts.library = '.a'
+   # end
+ 
+   # file separetor
+   # conf.file_separator = '/'
  end
- =end
+ 
+ # Define cross build settings
+ # MRuby::CrossBuild.new('32bit') do |conf|
+ #   toolchain :gcc
+ #   
+ #   conf.cc.flags &lt;&lt; &quot;-m32&quot;
+ #   conf.linker.flags &lt;&lt; &quot;-m32&quot;
+ #   
+ #   conf.gem 'doc/mrbgems/c_and_ruby_extension_example'
+ # end
diff --cc src/init.c
index b3374c3,73ff8fc..da60ea9
--- a/src/init.c
+++ b/src/init.c
@@@ -28,7 -28,7 +28,8 @@@ void mrb_init_time(mrb_state*)
  void mrb_init_math(mrb_state*);
  void mrb_init_mrblib(mrb_state*);
  void mrb_init_mrbgems(mrb_state*);
+ void mrb_final_mrbgems(mrb_state*);
 +void mrb_init_compile(mrb_state*);
  
  #define DONE mrb_gc_arena_restore(mrb, 0);
  void
@@@ -70,6 -70,12 +71,14 @@@ mrb_init_core(mrb_state *mrb
  #ifndef DISABLE_GEMS
    mrb_init_mrbgems(mrb); DONE;
  #endif
 +
 +  mrb_init_compile(mrb); DONE;
  }
+ 
+ void
+ mrb_final_core(mrb_state *mrb)
+ {
+ #ifndef DISABLE_GEMS
+   mrb_final_mrbgems(mrb); DONE;
+ #endif
 -}
++}
diff --cc src/init_ext.c
index 3ce05ca,0000000..ca3839c
mode 100644,000000..100644
--- a/src/init_ext.c
+++ b/src/init_ext.c
@@@ -1,37 -1,0 +1,35 @@@
 +/*
 +** init_ext.c - initialize extend libraries
 +**
 +** See Copyright Notice in mruby.h
 +*/
 +
 +#include &quot;mruby.h&quot;
 +
 +void mrb_init_require(mrb_state *mrb);
 +void mrb_init_errno(mrb_state *mrb);
 +void mrb_init_io(mrb_state *mrb);
 +void mrb_init_file(mrb_state *mrb);
 +void mrb_init_socket(mrb_state *mrb);
- void mrb_init_env(mrb_state *mrb);
- void mrb_init_random(mrb_state *mrb);
 +void mrb_init_mrblib_ext(mrb_state*);
 +
 +#define DONE mrb_gc_arena_restore(mrb, 0);
 +void
 +mrb_init_ext(mrb_state *mrb)
 +{
 +#ifdef ENABLE_REQUIRE
 +  mrb_init_require(mrb); DONE;
 +#endif
 +#ifdef ENABLE_ERRNO
 +  mrb_init_errno(mrb); DONE;
 +#endif
 +#ifdef ENABLE_IO
 +  mrb_init_io(mrb); DONE;
 +  mrb_init_file(mrb); DONE;
 +#ifdef ENABLE_SOCKET
 +  mrb_init_socket(mrb); DONE;
 +#endif
 +#endif
 +
 +  mrb_init_mrblib_ext(mrb);
 +}
</pre>

  </body>
</html>
