<html>
  <head>
    <meta http-equiv="content-type" content="text/html; charset=UTF-8"/>
    <title>mruby build & test report</title>
    <style>
      pre {
        white-space: -moz-pre-wrap; /* Mozilla */
        white-space: -pre-wrap;     /* Opera 4-6 */
        white-space: -o-pre-wrap;   /* Opera 7 */
        white-space: pre-wrap;      /* CSS3 */
        word-wrap: break-word;      /* IE 5.5+ */
      }
      textarea {
        width: 100%;
        height: 400px;
        font-family: monospace !important;
        font-size: 12px !important;
      }
    </style>
  </head>
  <body>
    <a name="top"></a>
    <div style="background-color:#a0a0a0;">
      
        
        <a href="iij-mruby.html">iij-mruby</a>
      
        
        <a href="mruby-mruby.html">mruby-mruby</a>
      
    </div>

    
    

    <h1>mruby build & test report
      <span style="font-size:small;">(mruby/mruby - 00cf5e3)</span>
    </h1>

    <ul>
      <li><a href="http://github.com/mruby/mruby/commit/00cf5e3" target="_blank">commit info on github</a></li>
      
      
        
        
        
          <li><a href="mruby-mruby.html">back to mruby-mruby</a></li>
        
      
      <li>
      <pre>commit 00cf5e32a2c28c9fb2163f001638d07c4a8a1a3a
Merge: b67fb97 c9f3fd4
Author: Tomoyuki Sahara &lt;tsahara@iij.ad.jp&gt;
Date:   Wed Mar 13 10:22:59 2013 +0900

    Merge branch 'master' into pr-systemcallerror

</pre>
      <a href="#commitlog">commit log</a>
      </li>
  </ul>

    <h2>mrbtest</h2>
    
    <table border="1">
      <tr>
        
          <th rowspan="2">Name</th>
        
          <th rowspan="2">Build-Status</th>
        
          <th rowspan="2">Mrbtest-Status</th>
        
          <th rowspan="2">Total</th>
        
          <th rowspan="2">OK</th>
        
          <th rowspan="2">KO</th>
        
          <th rowspan="2">Crash</th>
        
          <th rowspan="2">Fail</th>
        
          <th rowspan="2">Msg</th>
        
        <th colspan="2">FileSize (Byte)</th>
      </tr>
      <tr>
        
          <th>bin/mruby</th>
        
          <th>lib/libmruby.a</th>
        
      </tr>
      
        
        
        <tr style="background-color:#ff9999">
          <td><a href="#centos32bit">centos32bit</a></td>
          <td>failed</td>
          <td>failed</td>
          <td>0</td>
          <td>0</td>
          <td>0</td>
          <td>0</td>
          <td></td>
          <td></td>
          
            <td style="text-align:right;"></td>
          
            <td style="text-align:right;"></td>
          
        </tr>
      
        
        
        <tr style="background-color:#ff9999">
          <td><a href="#centos64bit">centos64bit</a></td>
          <td>failed</td>
          <td>failed</td>
          <td>0</td>
          <td>0</td>
          <td>0</td>
          <td>0</td>
          <td></td>
          <td></td>
          
            <td style="text-align:right;"></td>
          
            <td style="text-align:right;"></td>
          
        </tr>
      
        
        
        <tr style="background-color:#ff9999">
          <td><a href="#freebsd32bit">freebsd32bit</a></td>
          <td>failed</td>
          <td>failed</td>
          <td>0</td>
          <td>0</td>
          <td>0</td>
          <td>0</td>
          <td></td>
          <td></td>
          
            <td style="text-align:right;"></td>
          
            <td style="text-align:right;"></td>
          
        </tr>
      
        
        
        <tr style="background-color:#ff9999">
          <td><a href="#freebsd64bit">freebsd64bit</a></td>
          <td>failed</td>
          <td>failed</td>
          <td>0</td>
          <td>0</td>
          <td>0</td>
          <td>0</td>
          <td></td>
          <td></td>
          
            <td style="text-align:right;"></td>
          
            <td style="text-align:right;"></td>
          
        </tr>
      
        
        
        <tr style="background-color:#ff9999">
          <td><a href="#mac-lion">mac-lion</a></td>
          <td>failed</td>
          <td>failed</td>
          <td>0</td>
          <td>0</td>
          <td>0</td>
          <td>0</td>
          <td></td>
          <td></td>
          
            <td style="text-align:right;"></td>
          
            <td style="text-align:right;"></td>
          
        </tr>
      
        
        
        <tr style="background-color:#ff9999">
          <td><a href="#mac-ppc">mac-ppc</a></td>
          <td>failed</td>
          <td>failed</td>
          <td>0</td>
          <td>0</td>
          <td>0</td>
          <td>0</td>
          <td></td>
          <td></td>
          
            <td style="text-align:right;"></td>
          
            <td style="text-align:right;"></td>
          
        </tr>
      
        
        
        <tr style="background-color:#ff9999">
          <td><a href="#netbsd32bit">netbsd32bit</a></td>
          <td>failed</td>
          <td>failed</td>
          <td>0</td>
          <td>0</td>
          <td>0</td>
          <td>0</td>
          <td></td>
          <td></td>
          
            <td style="text-align:right;"></td>
          
            <td style="text-align:right;"></td>
          
        </tr>
      
        
        
        <tr style="background-color:#ff9999">
          <td><a href="#netbsd64bit">netbsd64bit</a></td>
          <td>failed</td>
          <td>failed</td>
          <td>0</td>
          <td>0</td>
          <td>0</td>
          <td>0</td>
          <td></td>
          <td></td>
          
            <td style="text-align:right;"></td>
          
            <td style="text-align:right;"></td>
          
        </tr>
      
        
        
        <tr style="background-color:#ff9999">
          <td><a href="#openbsd32bit">openbsd32bit</a></td>
          <td>failed</td>
          <td>failed</td>
          <td>0</td>
          <td>0</td>
          <td>0</td>
          <td>0</td>
          <td></td>
          <td></td>
          
            <td style="text-align:right;"></td>
          
            <td style="text-align:right;"></td>
          
        </tr>
      
        
        
        <tr style="background-color:#ff9999">
          <td><a href="#openbsd64bit">openbsd64bit</a></td>
          <td>failed</td>
          <td>failed</td>
          <td>0</td>
          <td>0</td>
          <td>0</td>
          <td>0</td>
          <td></td>
          <td></td>
          
            <td style="text-align:right;"></td>
          
            <td style="text-align:right;"></td>
          
        </tr>
      
        
        
        <tr style="background-color:#ff9999">
          <td><a href="#ubuntu32bit">ubuntu32bit</a></td>
          <td>failed</td>
          <td>failed</td>
          <td>0</td>
          <td>0</td>
          <td>0</td>
          <td>0</td>
          <td></td>
          <td></td>
          
            <td style="text-align:right;"></td>
          
            <td style="text-align:right;"></td>
          
        </tr>
      
        
        
        <tr style="background-color:#ff9999">
          <td><a href="#ubuntu64bit">ubuntu64bit</a></td>
          <td>failed</td>
          <td>failed</td>
          <td>0</td>
          <td>0</td>
          <td>0</td>
          <td>0</td>
          <td></td>
          <td></td>
          
            <td style="text-align:right;"></td>
          
            <td style="text-align:right;"></td>
          
        </tr>
      
    </table>

    

    <h2>environment <span style="font-size:small;"><a href="#top">#top</a></span></h2>
    <table border='1'>
      <tr>
        <th>Name</th>
        <th>software version</th>
      </tr>
      
        
        <tr>
          <td rowspan="3">centos32bit</td>
          <td><b>gcc</b><br/><pre>gcc (GCC) 4.4.6 20120305 (Red Hat 4.4.6-4)
Copyright (C) 2010 Free Software Foundation, Inc.
This is free software; see the source for copying conditions.  There is NO
warranty; not even for MERCHANTABILITY or FITNESS FOR A PARTICULAR PURPOSE.</pre></td>
        </tr>
        <tr><td><b>make</b><br/><pre>GNU Make 3.81
Copyright (C) 2006  Free Software Foundation, Inc.
This is free software; see the source for copying conditions.
There is NO warranty; not even for MERCHANTABILITY or FITNESS FOR A
PARTICULAR PURPOSE.

This program built for i386-redhat-linux-gnu</pre></td></tr>
        <tr><td><b>bison</b><br/><pre>bison (GNU Bison) 2.4.1
Written by Robert Corbett and Richard Stallman.

Copyright (C) 2008 Free Software Foundation, Inc.
This is free software; see the source for copying conditions.  There is NO
warranty; not even for MERCHANTABILITY or FITNESS FOR A PARTICULAR PURPOSE.</pre></td></tr>
      
        
        <tr>
          <td rowspan="3">centos64bit</td>
          <td><b>gcc</b><br/><pre>gcc (GCC) 4.4.6 20120305 (Red Hat 4.4.6-4)
Copyright (C) 2010 Free Software Foundation, Inc.
This is free software; see the source for copying conditions.  There is NO
warranty; not even for MERCHANTABILITY or FITNESS FOR A PARTICULAR PURPOSE.</pre></td>
        </tr>
        <tr><td><b>make</b><br/><pre>GNU Make 3.81
Copyright (C) 2006  Free Software Foundation, Inc.
This is free software; see the source for copying conditions.
There is NO warranty; not even for MERCHANTABILITY or FITNESS FOR A
PARTICULAR PURPOSE.

This program built for x86_64-redhat-linux-gnu</pre></td></tr>
        <tr><td><b>bison</b><br/><pre>bison (GNU Bison) 2.4.1
Written by Robert Corbett and Richard Stallman.

Copyright (C) 2008 Free Software Foundation, Inc.
This is free software; see the source for copying conditions.  There is NO
warranty; not even for MERCHANTABILITY or FITNESS FOR A PARTICULAR PURPOSE.</pre></td></tr>
      
        
        <tr>
          <td rowspan="3">freebsd32bit</td>
          <td><b>gcc</b><br/><pre>gcc (GCC) 4.2.1 20070831 patched [FreeBSD]
Copyright (C) 2007 Free Software Foundation, Inc.
This is free software; see the source for copying conditions.  There is NO
warranty; not even for MERCHANTABILITY or FITNESS FOR A PARTICULAR PURPOSE.</pre></td>
        </tr>
        <tr><td><b>make</b><br/><pre>GNU Make 3.82
Built for i386-portbld-freebsd9.0
Copyright (C) 2010  Free Software Foundation, Inc.
License GPLv3+: GNU GPL version 3 or later <http://gnu.org/licenses/gpl.html>
This is free software: you are free to change and redistribute it.
There is NO WARRANTY, to the extent permitted by law.</pre></td></tr>
        <tr><td><b>bison</b><br/><pre>bison (GNU Bison) 2.4.3
Written by Robert Corbett and Richard Stallman.

Copyright (C) 2010 Free Software Foundation, Inc.
This is free software; see the source for copying conditions.  There is NO
warranty; not even for MERCHANTABILITY or FITNESS FOR A PARTICULAR PURPOSE.</pre></td></tr>
      
        
        <tr>
          <td rowspan="3">freebsd64bit</td>
          <td><b>gcc</b><br/><pre>gcc (GCC) 4.2.1 20070831 patched [FreeBSD]
Copyright (C) 2007 Free Software Foundation, Inc.
This is free software; see the source for copying conditions.  There is NO
warranty; not even for MERCHANTABILITY or FITNESS FOR A PARTICULAR PURPOSE.</pre></td>
        </tr>
        <tr><td><b>make</b><br/><pre>GNU Make 3.82
Built for amd64-portbld-freebsd9.0
Copyright (C) 2010  Free Software Foundation, Inc.
License GPLv3+: GNU GPL version 3 or later <http://gnu.org/licenses/gpl.html>
This is free software: you are free to change and redistribute it.
There is NO WARRANTY, to the extent permitted by law.</pre></td></tr>
        <tr><td><b>bison</b><br/><pre>bison (GNU Bison) 2.4.3
Written by Robert Corbett and Richard Stallman.

Copyright (C) 2010 Free Software Foundation, Inc.
This is free software; see the source for copying conditions.  There is NO
warranty; not even for MERCHANTABILITY or FITNESS FOR A PARTICULAR PURPOSE.</pre></td></tr>
      
        
        <tr>
          <td rowspan="3">mac-lion</td>
          <td><b>gcc</b><br/><pre>i686-apple-darwin11-llvm-gcc-4.2 (GCC) 4.2.1 (Based on Apple Inc. build 5658) (LLVM build 2336.11.00)
Copyright (C) 2007 Free Software Foundation, Inc.
This is free software; see the source for copying conditions.  There is NO
warranty; not even for MERCHANTABILITY or FITNESS FOR A PARTICULAR PURPOSE.</pre></td>
        </tr>
        <tr><td><b>make</b><br/><pre>GNU Make 3.81
Copyright (C) 2006  Free Software Foundation, Inc.
This is free software; see the source for copying conditions.
There is NO warranty; not even for MERCHANTABILITY or FITNESS FOR A
PARTICULAR PURPOSE.

This program built for i386-apple-darwin11.3.0</pre></td></tr>
        <tr><td><b>bison</b><br/><pre>bison (GNU Bison) 2.3
Written by Robert Corbett and Richard Stallman.

Copyright (C) 2006 Free Software Foundation, Inc.
This is free software; see the source for copying conditions.  There is NO
warranty; not even for MERCHANTABILITY or FITNESS FOR A PARTICULAR PURPOSE.</pre></td></tr>
      
        
        <tr>
          <td rowspan="3">mac-ppc</td>
          <td><b>gcc</b><br/><pre>powerpc-apple-darwin9-gcc-4.0.1 (GCC) 4.0.1 (Apple Inc. build 5493)
Copyright (C) 2005 Free Software Foundation, Inc.
This is free software; see the source for copying conditions.  There is NO
warranty; not even for MERCHANTABILITY or FITNESS FOR A PARTICULAR PURPOSE.</pre></td>
        </tr>
        <tr><td><b>make</b><br/><pre>GNU Make 3.81
Copyright (C) 2006  Free Software Foundation, Inc.
This is free software; see the source for copying conditions.
There is NO warranty; not even for MERCHANTABILITY or FITNESS FOR A
PARTICULAR PURPOSE.

This program built for powerpc-apple-darwin9.0</pre></td></tr>
        <tr><td><b>bison</b><br/><pre>bison (GNU Bison) 2.3
Written by Robert Corbett and Richard Stallman.

Copyright (C) 2006 Free Software Foundation, Inc.
This is free software; see the source for copying conditions.  There is NO
warranty; not even for MERCHANTABILITY or FITNESS FOR A PARTICULAR PURPOSE.</pre></td></tr>
      
        
        <tr>
          <td rowspan="3">netbsd32bit</td>
          <td><b>gcc</b><br/><pre>gcc (GCC) 4.1.3 20080704 prerelease (NetBSD nb2 20081120)
Copyright (C) 2006 Free Software Foundation, Inc.
This is free software; see the source for copying conditions.  There is NO
warranty; not even for MERCHANTABILITY or FITNESS FOR A PARTICULAR PURPOSE.</pre></td>
        </tr>
        <tr><td><b>make</b><br/><pre>GNU Make 3.82
Built for i386--netbsdelf
Copyright (C) 2010  Free Software Foundation, Inc.
License GPLv3+: GNU GPL version 3 or later <http://gnu.org/licenses/gpl.html>
This is free software: you are free to change and redistribute it.
There is NO WARRANTY, to the extent permitted by law.</pre></td></tr>
        <tr><td><b>bison</b><br/><pre>bison (GNU Bison) 2.5.1
Written by Robert Corbett and Richard Stallman.

Copyright (C) 2012 Free Software Foundation, Inc.
This is free software; see the source for copying conditions.  There is NO
warranty; not even for MERCHANTABILITY or FITNESS FOR A PARTICULAR PURPOSE.</pre></td></tr>
      
        
        <tr>
          <td rowspan="3">netbsd64bit</td>
          <td><b>gcc</b><br/><pre>gcc (GCC) 4.1.3 20080704 prerelease (NetBSD nb2 20081120)
Copyright (C) 2006 Free Software Foundation, Inc.
This is free software; see the source for copying conditions.  There is NO
warranty; not even for MERCHANTABILITY or FITNESS FOR A PARTICULAR PURPOSE.</pre></td>
        </tr>
        <tr><td><b>make</b><br/><pre>GNU Make 3.82
Built for x86_64--netbsd
Copyright (C) 2010  Free Software Foundation, Inc.
License GPLv3+: GNU GPL version 3 or later <http://gnu.org/licenses/gpl.html>
This is free software: you are free to change and redistribute it.
There is NO WARRANTY, to the extent permitted by law.</pre></td></tr>
        <tr><td><b>bison</b><br/><pre>bison (GNU Bison) 2.5.1
Written by Robert Corbett and Richard Stallman.

Copyright (C) 2012 Free Software Foundation, Inc.
This is free software; see the source for copying conditions.  There is NO
warranty; not even for MERCHANTABILITY or FITNESS FOR A PARTICULAR PURPOSE.</pre></td></tr>
      
        
        <tr>
          <td rowspan="3">openbsd32bit</td>
          <td><b>gcc</b><br/><pre>gcc (GCC) 4.2.1 20070719 
Copyright (C) 2007 Free Software Foundation, Inc.
This is free software; see the source for copying conditions.  There is NO
warranty; not even for MERCHANTABILITY or FITNESS FOR A PARTICULAR PURPOSE.</pre></td>
        </tr>
        <tr><td><b>make</b><br/><pre>GNU Make 3.82
Built for i386-unknown-openbsd5.1
Copyright (C) 2010  Free Software Foundation, Inc.
License GPLv3+: GNU GPL version 3 or later <http://gnu.org/licenses/gpl.html>
This is free software: you are free to change and redistribute it.
There is NO WARRANTY, to the extent permitted by law.</pre></td></tr>
        <tr><td><b>bison</b><br/><pre>bison (GNU Bison) 2.3
Written by Robert Corbett and Richard Stallman.

Copyright (C) 2006 Free Software Foundation, Inc.
This is free software; see the source for copying conditions.  There is NO
warranty; not even for MERCHANTABILITY or FITNESS FOR A PARTICULAR PURPOSE.</pre></td></tr>
      
        
        <tr>
          <td rowspan="3">openbsd64bit</td>
          <td><b>gcc</b><br/><pre>gcc (GCC) 4.2.1 20070719 
Copyright (C) 2007 Free Software Foundation, Inc.
This is free software; see the source for copying conditions.  There is NO
warranty; not even for MERCHANTABILITY or FITNESS FOR A PARTICULAR PURPOSE.</pre></td>
        </tr>
        <tr><td><b>make</b><br/><pre>GNU Make 3.82
Built for x86_64-unknown-openbsd5.1
Copyright (C) 2010  Free Software Foundation, Inc.
License GPLv3+: GNU GPL version 3 or later <http://gnu.org/licenses/gpl.html>
This is free software: you are free to change and redistribute it.
There is NO WARRANTY, to the extent permitted by law.</pre></td></tr>
        <tr><td><b>bison</b><br/><pre>bison (GNU Bison) 2.3
Written by Robert Corbett and Richard Stallman.

Copyright (C) 2006 Free Software Foundation, Inc.
This is free software; see the source for copying conditions.  There is NO
warranty; not even for MERCHANTABILITY or FITNESS FOR A PARTICULAR PURPOSE.</pre></td></tr>
      
        
        <tr>
          <td rowspan="3">ubuntu32bit</td>
          <td><b>gcc</b><br/><pre>gcc (Ubuntu/Linaro 4.6.3-1ubuntu5) 4.6.3
Copyright (C) 2011 Free Software Foundation, Inc.
This is free software; see the source for copying conditions.  There is NO
warranty; not even for MERCHANTABILITY or FITNESS FOR A PARTICULAR PURPOSE.</pre></td>
        </tr>
        <tr><td><b>make</b><br/><pre>GNU Make 3.81
Copyright (C) 2006  Free Software Foundation, Inc.
This is free software; see the source for copying conditions.
There is NO warranty; not even for MERCHANTABILITY or FITNESS FOR A
PARTICULAR PURPOSE.

This program built for i686-pc-linux-gnu</pre></td></tr>
        <tr><td><b>bison</b><br/><pre>bison (GNU Bison) 2.5
Written by Robert Corbett and Richard Stallman.

Copyright (C) 2011 Free Software Foundation, Inc.
This is free software; see the source for copying conditions.  There is NO
warranty; not even for MERCHANTABILITY or FITNESS FOR A PARTICULAR PURPOSE.</pre></td></tr>
      
        
        <tr>
          <td rowspan="3">ubuntu64bit</td>
          <td><b>gcc</b><br/><pre>gcc (Ubuntu/Linaro 4.6.3-1ubuntu5) 4.6.3
Copyright (C) 2011 Free Software Foundation, Inc.
This is free software; see the source for copying conditions.  There is NO
warranty; not even for MERCHANTABILITY or FITNESS FOR A PARTICULAR PURPOSE.</pre></td>
        </tr>
        <tr><td><b>make</b><br/><pre>GNU Make 3.81
Copyright (C) 2006  Free Software Foundation, Inc.
This is free software; see the source for copying conditions.
There is NO warranty; not even for MERCHANTABILITY or FITNESS FOR A
PARTICULAR PURPOSE.

This program built for x86_64-pc-linux-gnu</pre></td></tr>
        <tr><td><b>bison</b><br/><pre>bison (GNU Bison) 2.5
Written by Robert Corbett and Richard Stallman.

Copyright (C) 2011 Free Software Foundation, Inc.
This is free software; see the source for copying conditions.  There is NO
warranty; not even for MERCHANTABILITY or FITNESS FOR A PARTICULAR PURPOSE.</pre></td></tr>
      
    </table>

    <h2>Build Log</h2>
    
      
      <h3><a name="centos32bit">centos32bit</a> <span style="font-size:small;"><a href="#top">#top</a></span></h3>
      <table border='1' style="width:90%;">
        <tr>
          <th style="width:100px;">task</th>
          <th>stdout</th>
          <th>stderr</th>
        </tr>
        <tr>
          <th>make</th>
          <td><textarea>(in /home/mruby/mruby-test-tool/tmp/20130314130803-11776-build/mruby-mruby-00cf5e3)
CC    tools/mruby/mruby.c -> build/host/tools/mruby/mruby.o
CC    src/etc.c -> build/host/src/etc.o
CC    src/crc.c -> build/host/src/crc.o
CC    src/numeric.c -> build/host/src/numeric.o
CC    src/class.c -> build/host/src/class.o
CC    src/range.c -> build/host/src/range.o
CC    src/codegen.c -> build/host/src/codegen.o
CC    src/compar.c -> build/host/src/compar.o
CC    src/variable.c -> build/host/src/variable.o
CC    src/state.c -> build/host/src/state.o
CC    src/proc.c -> build/host/src/proc.o
CC    src/load.c -> build/host/src/load.o
CC    src/gc.c -> build/host/src/gc.o
CC    src/symbol.c -> build/host/src/symbol.o
CC    src/error.c -> build/host/src/error.o
rake aborted!
Command Failed: ["gcc" -g -O3 -Wall -Werror-implicit-function-declaration -I"/home/mruby/mruby-test-tool/tmp/20130314130803-11776-build/mruby-mruby-00cf5e3/include" -I"/home/mruby/mruby-test-tool/tmp/20130314130803-11776-build/mruby-mruby-00cf5e3/mrbgems/mruby-math/include" -I"/home/mruby/mruby-test-tool/tmp/20130314130803-11776-build/mruby-mruby-00cf5e3/mrbgems/mruby-time/include" -I"/home/mruby/mruby-test-tool/tmp/20130314130803-11776-build/mruby-mruby-00cf5e3/mrbgems/mruby-struct/include" -I"/home/mruby/mruby-test-tool/tmp/20130314130803-11776-build/mruby-mruby-00cf5e3/mrbgems/mruby-sprintf/include" -I"/home/mruby/mruby-test-tool/tmp/20130314130803-11776-build/mruby-mruby-00cf5e3/mrbgems/mruby-string-ext/include" -I"/home/mruby/mruby-test-tool/tmp/20130314130803-11776-build/mruby-mruby-00cf5e3/mrbgems/mruby-numeric-ext/include" -MMD -o "/home/mruby/mruby-test-tool/tmp/20130314130803-11776-build/mruby-mruby-00cf5e3/build/host/src/error.o" -c "/home/mruby/mruby-test-tool/tmp/20130314130803-11776-build/mruby-mruby-00cf5e3/src/error.c"]</textarea></td>
          <td><textarea>/home/mruby/mruby-test-tool/tmp/20130314130803-11776-build/mruby-mruby-00cf5e3/src/error.c: In function 'mrb_sys_fail':
/home/mruby/mruby-test-tool/tmp/20130314130803-11776-build/mruby-mruby-00cf5e3/src/error.c:412: error: implicit declaration of function 'mrb_str_new2'</textarea></td>
        </tr>
        <tr>
          <th>make test</th>
          <td><textarea>(in /home/mruby/mruby-test-tool/tmp/20130314130803-11776-build/mruby-mruby-00cf5e3)
CC    test/driver.c -> build/host/test/driver.o
CC    tools/mrbc/mrbc.c -> build/host/tools/mrbc/mrbc.o
CC    src/error.c -> build/host/src/error.o
rake aborted!
Command Failed: ["gcc" -g -O3 -Wall -Werror-implicit-function-declaration -I"/home/mruby/mruby-test-tool/tmp/20130314130803-11776-build/mruby-mruby-00cf5e3/include" -I"/home/mruby/mruby-test-tool/tmp/20130314130803-11776-build/mruby-mruby-00cf5e3/mrbgems/mruby-math/include" -I"/home/mruby/mruby-test-tool/tmp/20130314130803-11776-build/mruby-mruby-00cf5e3/mrbgems/mruby-time/include" -I"/home/mruby/mruby-test-tool/tmp/20130314130803-11776-build/mruby-mruby-00cf5e3/mrbgems/mruby-struct/include" -I"/home/mruby/mruby-test-tool/tmp/20130314130803-11776-build/mruby-mruby-00cf5e3/mrbgems/mruby-sprintf/include" -I"/home/mruby/mruby-test-tool/tmp/20130314130803-11776-build/mruby-mruby-00cf5e3/mrbgems/mruby-string-ext/include" -I"/home/mruby/mruby-test-tool/tmp/20130314130803-11776-build/mruby-mruby-00cf5e3/mrbgems/mruby-numeric-ext/include" -MMD -o "/home/mruby/mruby-test-tool/tmp/20130314130803-11776-build/mruby-mruby-00cf5e3/build/host/src/error.o" -c "/home/mruby/mruby-test-tool/tmp/20130314130803-11776-build/mruby-mruby-00cf5e3/src/error.c"]</textarea></td>
          <td><textarea>/home/mruby/mruby-test-tool/tmp/20130314130803-11776-build/mruby-mruby-00cf5e3/src/error.c: In function 'mrb_sys_fail':
/home/mruby/mruby-test-tool/tmp/20130314130803-11776-build/mruby-mruby-00cf5e3/src/error.c:412: error: implicit declaration of function 'mrb_str_new2'</textarea></td>
        </tr>
        
      </table>
    
      
      <h3><a name="centos64bit">centos64bit</a> <span style="font-size:small;"><a href="#top">#top</a></span></h3>
      <table border='1' style="width:90%;">
        <tr>
          <th style="width:100px;">task</th>
          <th>stdout</th>
          <th>stderr</th>
        </tr>
        <tr>
          <th>make</th>
          <td><textarea>(in /home/mruby/mruby-test-tool/tmp/20130314130803-12648-build/mruby-mruby-00cf5e3)
CC    tools/mruby/mruby.c -> build/host/tools/mruby/mruby.o
CC    src/gc.c -> build/host/src/gc.o
CC    src/print.c -> build/host/src/print.o
CC    src/numeric.c -> build/host/src/numeric.o
CC    src/hash.c -> build/host/src/hash.o
CC    src/proc.c -> build/host/src/proc.o
CC    src/error.c -> build/host/src/error.o
rake aborted!
Command Failed: ["gcc" -g -O3 -Wall -Werror-implicit-function-declaration -I"/home/mruby/mruby-test-tool/tmp/20130314130803-12648-build/mruby-mruby-00cf5e3/include" -I"/home/mruby/mruby-test-tool/tmp/20130314130803-12648-build/mruby-mruby-00cf5e3/mrbgems/mruby-math/include" -I"/home/mruby/mruby-test-tool/tmp/20130314130803-12648-build/mruby-mruby-00cf5e3/mrbgems/mruby-time/include" -I"/home/mruby/mruby-test-tool/tmp/20130314130803-12648-build/mruby-mruby-00cf5e3/mrbgems/mruby-struct/include" -I"/home/mruby/mruby-test-tool/tmp/20130314130803-12648-build/mruby-mruby-00cf5e3/mrbgems/mruby-sprintf/include" -I"/home/mruby/mruby-test-tool/tmp/20130314130803-12648-build/mruby-mruby-00cf5e3/mrbgems/mruby-string-ext/include" -I"/home/mruby/mruby-test-tool/tmp/20130314130803-12648-build/mruby-mruby-00cf5e3/mrbgems/mruby-numeric-ext/include" -MMD -o "/home/mruby/mruby-test-tool/tmp/20130314130803-12648-build/mruby-mruby-00cf5e3/build/host/src/error.o" -c "/home/mruby/mruby-test-tool/tmp/20130314130803-12648-build/mruby-mruby-00cf5e3/src/error.c"]</textarea></td>
          <td><textarea>/home/mruby/mruby-test-tool/tmp/20130314130803-12648-build/mruby-mruby-00cf5e3/src/error.c: In function 'mrb_sys_fail':
/home/mruby/mruby-test-tool/tmp/20130314130803-12648-build/mruby-mruby-00cf5e3/src/error.c:412: error: implicit declaration of function 'mrb_str_new2'</textarea></td>
        </tr>
        <tr>
          <th>make test</th>
          <td><textarea>(in /home/mruby/mruby-test-tool/tmp/20130314130803-12648-build/mruby-mruby-00cf5e3)
CC    test/driver.c -> build/host/test/driver.o
CC    tools/mrbc/mrbc.c -> build/host/tools/mrbc/mrbc.o
CC    src/error.c -> build/host/src/error.o
rake aborted!
Command Failed: ["gcc" -g -O3 -Wall -Werror-implicit-function-declaration -I"/home/mruby/mruby-test-tool/tmp/20130314130803-12648-build/mruby-mruby-00cf5e3/include" -I"/home/mruby/mruby-test-tool/tmp/20130314130803-12648-build/mruby-mruby-00cf5e3/mrbgems/mruby-math/include" -I"/home/mruby/mruby-test-tool/tmp/20130314130803-12648-build/mruby-mruby-00cf5e3/mrbgems/mruby-time/include" -I"/home/mruby/mruby-test-tool/tmp/20130314130803-12648-build/mruby-mruby-00cf5e3/mrbgems/mruby-struct/include" -I"/home/mruby/mruby-test-tool/tmp/20130314130803-12648-build/mruby-mruby-00cf5e3/mrbgems/mruby-sprintf/include" -I"/home/mruby/mruby-test-tool/tmp/20130314130803-12648-build/mruby-mruby-00cf5e3/mrbgems/mruby-string-ext/include" -I"/home/mruby/mruby-test-tool/tmp/20130314130803-12648-build/mruby-mruby-00cf5e3/mrbgems/mruby-numeric-ext/include" -MMD -o "/home/mruby/mruby-test-tool/tmp/20130314130803-12648-build/mruby-mruby-00cf5e3/build/host/src/error.o" -c "/home/mruby/mruby-test-tool/tmp/20130314130803-12648-build/mruby-mruby-00cf5e3/src/error.c"]</textarea></td>
          <td><textarea>/home/mruby/mruby-test-tool/tmp/20130314130803-12648-build/mruby-mruby-00cf5e3/src/error.c: In function 'mrb_sys_fail':
/home/mruby/mruby-test-tool/tmp/20130314130803-12648-build/mruby-mruby-00cf5e3/src/error.c:412: error: implicit declaration of function 'mrb_str_new2'</textarea></td>
        </tr>
        
      </table>
    
      
      <h3><a name="freebsd32bit">freebsd32bit</a> <span style="font-size:small;"><a href="#top">#top</a></span></h3>
      <table border='1' style="width:90%;">
        <tr>
          <th style="width:100px;">task</th>
          <th>stdout</th>
          <th>stderr</th>
        </tr>
        <tr>
          <th>make</th>
          <td><textarea>(in /usr/home/mruby/mruby-test-tool/tmp/20130314120317-24342-build/mruby-mruby-00cf5e3)
CC    tools/mruby/mruby.c -> build/host/tools/mruby/mruby.o
CC    src/array.c -> build/host/src/array.o
CC    src/class.c -> build/host/src/class.o
CC    src/codegen.c -> build/host/src/codegen.o
CC    src/compar.c -> build/host/src/compar.o
CC    src/crc.c -> build/host/src/crc.o
CC    src/dump.c -> build/host/src/dump.o
CC    src/enum.c -> build/host/src/enum.o
CC    src/error.c -> build/host/src/error.o
rake aborted!
Command Failed: ["gcc" -g -O3 -Wall -Werror-implicit-function-declaration -I"/usr/home/mruby/mruby-test-tool/tmp/20130314120317-24342-build/mruby-mruby-00cf5e3/include" -I"/usr/home/mruby/mruby-test-tool/tmp/20130314120317-24342-build/mruby-mruby-00cf5e3/mrbgems/mruby-math/include" -I"/usr/home/mruby/mruby-test-tool/tmp/20130314120317-24342-build/mruby-mruby-00cf5e3/mrbgems/mruby-time/include" -I"/usr/home/mruby/mruby-test-tool/tmp/20130314120317-24342-build/mruby-mruby-00cf5e3/mrbgems/mruby-struct/include" -I"/usr/home/mruby/mruby-test-tool/tmp/20130314120317-24342-build/mruby-mruby-00cf5e3/mrbgems/mruby-sprintf/include" -I"/usr/home/mruby/mruby-test-tool/tmp/20130314120317-24342-build/mruby-mruby-00cf5e3/mrbgems/mruby-string-ext/include" -I"/usr/home/mruby/mruby-test-tool/tmp/20130314120317-24342-build/mruby-mruby-00cf5e3/mrbgems/mruby-numeric-ext/include" -MMD -o "/usr/home/mruby/mruby-test-tool/tmp/20130314120317-24342-build/mruby-mruby-00cf5e3/build/host/src/error.o" -c "/usr/home/mruby/mruby-test-tool/tmp/20130314120317-24342-build/mruby-mruby-00cf5e3/src/error.c"]</textarea></td>
          <td><textarea>/usr/home/mruby/mruby-test-tool/tmp/20130314120317-24342-build/mruby-mruby-00cf5e3/src/dump.c: In function 'get_syms_block_size':
/usr/home/mruby/mruby-test-tool/tmp/20130314120317-24342-build/mruby-mruby-00cf5e3/src/dump.c:285: warning: passing argument 1 of 'str_dump_len' discards qualifiers from pointer target type
/usr/home/mruby/mruby-test-tool/tmp/20130314120317-24342-build/mruby-mruby-00cf5e3/src/dump.c: In function 'write_syms_block':
/usr/home/mruby/mruby-test-tool/tmp/20130314120317-24342-build/mruby-mruby-00cf5e3/src/dump.c:427: warning: passing argument 1 of 'str_dump_len' discards qualifiers from pointer target type
/usr/home/mruby/mruby-test-tool/tmp/20130314120317-24342-build/mruby-mruby-00cf5e3/src/dump.c:435: warning: passing argument 1 of 'str_dump' discards qualifiers from pointer target type
/usr/home/mruby/mruby-test-tool/tmp/20130314120317-24342-build/mruby-mruby-00cf5e3/src/dump.c: In function 'write_irep_record':
/usr/home/mruby/mruby-test-tool/tmp/20130314120317-24342-build/mruby-mruby-00cf5e3/src/dump.c:598: warning: 'crc' may be used uninitialized in this function
/usr/home/mruby/mruby-test-tool/tmp/20130314120317-24342-build/mruby-mruby-00cf5e3/src/error.c: In function 'mrb_sys_fail':
/usr/home/mruby/mruby-test-tool/tmp/20130314120317-24342-build/mruby-mruby-00cf5e3/src/error.c:412: error: implicit declaration of function 'mrb_str_new2'</textarea></td>
        </tr>
        <tr>
          <th>make test</th>
          <td><textarea>(in /usr/home/mruby/mruby-test-tool/tmp/20130314120317-24342-build/mruby-mruby-00cf5e3)
CC    test/driver.c -> build/host/test/driver.o
CC    tools/mrbc/mrbc.c -> build/host/tools/mrbc/mrbc.o
CC    src/error.c -> build/host/src/error.o
rake aborted!
Command Failed: ["gcc" -g -O3 -Wall -Werror-implicit-function-declaration -I"/usr/home/mruby/mruby-test-tool/tmp/20130314120317-24342-build/mruby-mruby-00cf5e3/include" -I"/usr/home/mruby/mruby-test-tool/tmp/20130314120317-24342-build/mruby-mruby-00cf5e3/mrbgems/mruby-math/include" -I"/usr/home/mruby/mruby-test-tool/tmp/20130314120317-24342-build/mruby-mruby-00cf5e3/mrbgems/mruby-time/include" -I"/usr/home/mruby/mruby-test-tool/tmp/20130314120317-24342-build/mruby-mruby-00cf5e3/mrbgems/mruby-struct/include" -I"/usr/home/mruby/mruby-test-tool/tmp/20130314120317-24342-build/mruby-mruby-00cf5e3/mrbgems/mruby-sprintf/include" -I"/usr/home/mruby/mruby-test-tool/tmp/20130314120317-24342-build/mruby-mruby-00cf5e3/mrbgems/mruby-string-ext/include" -I"/usr/home/mruby/mruby-test-tool/tmp/20130314120317-24342-build/mruby-mruby-00cf5e3/mrbgems/mruby-numeric-ext/include" -MMD -o "/usr/home/mruby/mruby-test-tool/tmp/20130314120317-24342-build/mruby-mruby-00cf5e3/build/host/src/error.o" -c "/usr/home/mruby/mruby-test-tool/tmp/20130314120317-24342-build/mruby-mruby-00cf5e3/src/error.c"]</textarea></td>
          <td><textarea>/usr/home/mruby/mruby-test-tool/tmp/20130314120317-24342-build/mruby-mruby-00cf5e3/src/error.c: In function 'mrb_sys_fail':
/usr/home/mruby/mruby-test-tool/tmp/20130314120317-24342-build/mruby-mruby-00cf5e3/src/error.c:412: error: implicit declaration of function 'mrb_str_new2'</textarea></td>
        </tr>
        
      </table>
    
      
      <h3><a name="freebsd64bit">freebsd64bit</a> <span style="font-size:small;"><a href="#top">#top</a></span></h3>
      <table border='1' style="width:90%;">
        <tr>
          <th style="width:100px;">task</th>
          <th>stdout</th>
          <th>stderr</th>
        </tr>
        <tr>
          <th>make</th>
          <td><textarea>(in /usr/home/mruby/mruby-test-tool/tmp/20130314120325-23627-build/mruby-mruby-00cf5e3)
CC    tools/mruby/mruby.c -> build/host/tools/mruby/mruby.o
CC    src/array.c -> build/host/src/array.o
CC    src/class.c -> build/host/src/class.o
CC    src/codegen.c -> build/host/src/codegen.o
CC    src/compar.c -> build/host/src/compar.o
CC    src/crc.c -> build/host/src/crc.o
CC    src/dump.c -> build/host/src/dump.o
CC    src/enum.c -> build/host/src/enum.o
CC    src/error.c -> build/host/src/error.o
rake aborted!
Command Failed: ["gcc" -g -O3 -Wall -Werror-implicit-function-declaration -I"/usr/home/mruby/mruby-test-tool/tmp/20130314120325-23627-build/mruby-mruby-00cf5e3/include" -I"/usr/home/mruby/mruby-test-tool/tmp/20130314120325-23627-build/mruby-mruby-00cf5e3/mrbgems/mruby-math/include" -I"/usr/home/mruby/mruby-test-tool/tmp/20130314120325-23627-build/mruby-mruby-00cf5e3/mrbgems/mruby-time/include" -I"/usr/home/mruby/mruby-test-tool/tmp/20130314120325-23627-build/mruby-mruby-00cf5e3/mrbgems/mruby-struct/include" -I"/usr/home/mruby/mruby-test-tool/tmp/20130314120325-23627-build/mruby-mruby-00cf5e3/mrbgems/mruby-sprintf/include" -I"/usr/home/mruby/mruby-test-tool/tmp/20130314120325-23627-build/mruby-mruby-00cf5e3/mrbgems/mruby-string-ext/include" -I"/usr/home/mruby/mruby-test-tool/tmp/20130314120325-23627-build/mruby-mruby-00cf5e3/mrbgems/mruby-numeric-ext/include" -MMD -o "/usr/home/mruby/mruby-test-tool/tmp/20130314120325-23627-build/mruby-mruby-00cf5e3/build/host/src/error.o" -c "/usr/home/mruby/mruby-test-tool/tmp/20130314120325-23627-build/mruby-mruby-00cf5e3/src/error.c"]</textarea></td>
          <td><textarea>/usr/home/mruby/mruby-test-tool/tmp/20130314120325-23627-build/mruby-mruby-00cf5e3/src/dump.c: In function 'get_syms_block_size':
/usr/home/mruby/mruby-test-tool/tmp/20130314120325-23627-build/mruby-mruby-00cf5e3/src/dump.c:285: warning: passing argument 1 of 'str_dump_len' discards qualifiers from pointer target type
/usr/home/mruby/mruby-test-tool/tmp/20130314120325-23627-build/mruby-mruby-00cf5e3/src/dump.c: In function 'write_syms_block':
/usr/home/mruby/mruby-test-tool/tmp/20130314120325-23627-build/mruby-mruby-00cf5e3/src/dump.c:427: warning: passing argument 1 of 'str_dump_len' discards qualifiers from pointer target type
/usr/home/mruby/mruby-test-tool/tmp/20130314120325-23627-build/mruby-mruby-00cf5e3/src/dump.c:435: warning: passing argument 1 of 'str_dump' discards qualifiers from pointer target type
/usr/home/mruby/mruby-test-tool/tmp/20130314120325-23627-build/mruby-mruby-00cf5e3/src/dump.c: In function 'write_irep_record':
/usr/home/mruby/mruby-test-tool/tmp/20130314120325-23627-build/mruby-mruby-00cf5e3/src/dump.c:598: warning: 'crc' may be used uninitialized in this function
/usr/home/mruby/mruby-test-tool/tmp/20130314120325-23627-build/mruby-mruby-00cf5e3/src/error.c: In function 'mrb_sys_fail':
/usr/home/mruby/mruby-test-tool/tmp/20130314120325-23627-build/mruby-mruby-00cf5e3/src/error.c:412: error: implicit declaration of function 'mrb_str_new2'</textarea></td>
        </tr>
        <tr>
          <th>make test</th>
          <td><textarea>(in /usr/home/mruby/mruby-test-tool/tmp/20130314120325-23627-build/mruby-mruby-00cf5e3)
CC    test/driver.c -> build/host/test/driver.o
CC    tools/mrbc/mrbc.c -> build/host/tools/mrbc/mrbc.o
CC    src/error.c -> build/host/src/error.o
rake aborted!
Command Failed: ["gcc" -g -O3 -Wall -Werror-implicit-function-declaration -I"/usr/home/mruby/mruby-test-tool/tmp/20130314120325-23627-build/mruby-mruby-00cf5e3/include" -I"/usr/home/mruby/mruby-test-tool/tmp/20130314120325-23627-build/mruby-mruby-00cf5e3/mrbgems/mruby-math/include" -I"/usr/home/mruby/mruby-test-tool/tmp/20130314120325-23627-build/mruby-mruby-00cf5e3/mrbgems/mruby-time/include" -I"/usr/home/mruby/mruby-test-tool/tmp/20130314120325-23627-build/mruby-mruby-00cf5e3/mrbgems/mruby-struct/include" -I"/usr/home/mruby/mruby-test-tool/tmp/20130314120325-23627-build/mruby-mruby-00cf5e3/mrbgems/mruby-sprintf/include" -I"/usr/home/mruby/mruby-test-tool/tmp/20130314120325-23627-build/mruby-mruby-00cf5e3/mrbgems/mruby-string-ext/include" -I"/usr/home/mruby/mruby-test-tool/tmp/20130314120325-23627-build/mruby-mruby-00cf5e3/mrbgems/mruby-numeric-ext/include" -MMD -o "/usr/home/mruby/mruby-test-tool/tmp/20130314120325-23627-build/mruby-mruby-00cf5e3/build/host/src/error.o" -c "/usr/home/mruby/mruby-test-tool/tmp/20130314120325-23627-build/mruby-mruby-00cf5e3/src/error.c"]</textarea></td>
          <td><textarea>/usr/home/mruby/mruby-test-tool/tmp/20130314120325-23627-build/mruby-mruby-00cf5e3/src/error.c: In function 'mrb_sys_fail':
/usr/home/mruby/mruby-test-tool/tmp/20130314120325-23627-build/mruby-mruby-00cf5e3/src/error.c:412: error: implicit declaration of function 'mrb_str_new2'</textarea></td>
        </tr>
        
      </table>
    
      
      <h3><a name="mac-lion">mac-lion</a> <span style="font-size:small;"><a href="#top">#top</a></span></h3>
      <table border='1' style="width:90%;">
        <tr>
          <th style="width:100px;">task</th>
          <th>stdout</th>
          <th>stderr</th>
        </tr>
        <tr>
          <th>make</th>
          <td><textarea>(in /Users/mruby/mruby-test-tool/tmp/20130314130839-24535-build/mruby-mruby-00cf5e3)
CC    tools/mruby/mruby.c -> build/host/tools/mruby/mruby.o
CC    src/array.c -> build/host/src/array.o
CC    src/class.c -> build/host/src/class.o
CC    src/codegen.c -> build/host/src/codegen.o
CC    src/compar.c -> build/host/src/compar.o
CC    src/crc.c -> build/host/src/crc.o
CC    src/dump.c -> build/host/src/dump.o
CC    src/enum.c -> build/host/src/enum.o
CC    src/error.c -> build/host/src/error.o
rake aborted!
Command Failed: ["gcc" -g -O3 -Wall -Werror-implicit-function-declaration -I"/Users/mruby/mruby-test-tool/tmp/20130314130839-24535-build/mruby-mruby-00cf5e3/include" -I"/Users/mruby/mruby-test-tool/tmp/20130314130839-24535-build/mruby-mruby-00cf5e3/mrbgems/mruby-math/include" -I"/Users/mruby/mruby-test-tool/tmp/20130314130839-24535-build/mruby-mruby-00cf5e3/mrbgems/mruby-time/include" -I"/Users/mruby/mruby-test-tool/tmp/20130314130839-24535-build/mruby-mruby-00cf5e3/mrbgems/mruby-struct/include" -I"/Users/mruby/mruby-test-tool/tmp/20130314130839-24535-build/mruby-mruby-00cf5e3/mrbgems/mruby-sprintf/include" -I"/Users/mruby/mruby-test-tool/tmp/20130314130839-24535-build/mruby-mruby-00cf5e3/mrbgems/mruby-string-ext/include" -I"/Users/mruby/mruby-test-tool/tmp/20130314130839-24535-build/mruby-mruby-00cf5e3/mrbgems/mruby-numeric-ext/include" -MMD -o "/Users/mruby/mruby-test-tool/tmp/20130314130839-24535-build/mruby-mruby-00cf5e3/build/host/src/error.o" -c "/Users/mruby/mruby-test-tool/tmp/20130314130839-24535-build/mruby-mruby-00cf5e3/src/error.c"]</textarea></td>
          <td><textarea>/Users/mruby/mruby-test-tool/tmp/20130314130839-24535-build/mruby-mruby-00cf5e3/src/error.c: In function 'mrb_sys_fail':
/Users/mruby/mruby-test-tool/tmp/20130314130839-24535-build/mruby-mruby-00cf5e3/src/error.c:412: error: implicit declaration of function 'mrb_str_new2'</textarea></td>
        </tr>
        <tr>
          <th>make test</th>
          <td><textarea>(in /Users/mruby/mruby-test-tool/tmp/20130314130839-24535-build/mruby-mruby-00cf5e3)
CC    test/driver.c -> build/host/test/driver.o
CC    tools/mrbc/mrbc.c -> build/host/tools/mrbc/mrbc.o
CC    src/error.c -> build/host/src/error.o
rake aborted!
Command Failed: ["gcc" -g -O3 -Wall -Werror-implicit-function-declaration -I"/Users/mruby/mruby-test-tool/tmp/20130314130839-24535-build/mruby-mruby-00cf5e3/include" -I"/Users/mruby/mruby-test-tool/tmp/20130314130839-24535-build/mruby-mruby-00cf5e3/mrbgems/mruby-math/include" -I"/Users/mruby/mruby-test-tool/tmp/20130314130839-24535-build/mruby-mruby-00cf5e3/mrbgems/mruby-time/include" -I"/Users/mruby/mruby-test-tool/tmp/20130314130839-24535-build/mruby-mruby-00cf5e3/mrbgems/mruby-struct/include" -I"/Users/mruby/mruby-test-tool/tmp/20130314130839-24535-build/mruby-mruby-00cf5e3/mrbgems/mruby-sprintf/include" -I"/Users/mruby/mruby-test-tool/tmp/20130314130839-24535-build/mruby-mruby-00cf5e3/mrbgems/mruby-string-ext/include" -I"/Users/mruby/mruby-test-tool/tmp/20130314130839-24535-build/mruby-mruby-00cf5e3/mrbgems/mruby-numeric-ext/include" -MMD -o "/Users/mruby/mruby-test-tool/tmp/20130314130839-24535-build/mruby-mruby-00cf5e3/build/host/src/error.o" -c "/Users/mruby/mruby-test-tool/tmp/20130314130839-24535-build/mruby-mruby-00cf5e3/src/error.c"]</textarea></td>
          <td><textarea>/Users/mruby/mruby-test-tool/tmp/20130314130839-24535-build/mruby-mruby-00cf5e3/src/error.c: In function 'mrb_sys_fail':
/Users/mruby/mruby-test-tool/tmp/20130314130839-24535-build/mruby-mruby-00cf5e3/src/error.c:412: error: implicit declaration of function 'mrb_str_new2'</textarea></td>
        </tr>
        
      </table>
    
      
      <h3><a name="mac-ppc">mac-ppc</a> <span style="font-size:small;"><a href="#top">#top</a></span></h3>
      <table border='1' style="width:90%;">
        <tr>
          <th style="width:100px;">task</th>
          <th>stdout</th>
          <th>stderr</th>
        </tr>
        <tr>
          <th>make</th>
          <td><textarea>(in /Users/mruby/mruby-test-tool/tmp/20130314130847-7448-build/mruby-mruby-00cf5e3)
CC    tools/mruby/mruby.c -> build/host/tools/mruby/mruby.o
CC    src/array.c -> build/host/src/array.o
CC    src/class.c -> build/host/src/class.o
CC    src/codegen.c -> build/host/src/codegen.o
CC    src/compar.c -> build/host/src/compar.o
CC    src/crc.c -> build/host/src/crc.o
CC    src/dump.c -> build/host/src/dump.o
CC    src/enum.c -> build/host/src/enum.o
CC    src/error.c -> build/host/src/error.o
rake aborted!
Command Failed: ["gcc" -g -O3 -Wall -Werror-implicit-function-declaration -I"/Users/mruby/mruby-test-tool/tmp/20130314130847-7448-build/mruby-mruby-00cf5e3/include" -I"/Users/mruby/mruby-test-tool/tmp/20130314130847-7448-build/mruby-mruby-00cf5e3/mrbgems/mruby-math/include" -I"/Users/mruby/mruby-test-tool/tmp/20130314130847-7448-build/mruby-mruby-00cf5e3/mrbgems/mruby-time/include" -I"/Users/mruby/mruby-test-tool/tmp/20130314130847-7448-build/mruby-mruby-00cf5e3/mrbgems/mruby-struct/include" -I"/Users/mruby/mruby-test-tool/tmp/20130314130847-7448-build/mruby-mruby-00cf5e3/mrbgems/mruby-sprintf/include" -I"/Users/mruby/mruby-test-tool/tmp/20130314130847-7448-build/mruby-mruby-00cf5e3/mrbgems/mruby-string-ext/include" -I"/Users/mruby/mruby-test-tool/tmp/20130314130847-7448-build/mruby-mruby-00cf5e3/mrbgems/mruby-numeric-ext/include" -MMD -o "/Users/mruby/mruby-test-tool/tmp/20130314130847-7448-build/mruby-mruby-00cf5e3/build/host/src/error.o" -c "/Users/mruby/mruby-test-tool/tmp/20130314130847-7448-build/mruby-mruby-00cf5e3/src/error.c"]</textarea></td>
          <td><textarea>/Users/mruby/mruby-test-tool/tmp/20130314130847-7448-build/mruby-mruby-00cf5e3/src/error.c: In function 'mrb_sys_fail':
/Users/mruby/mruby-test-tool/tmp/20130314130847-7448-build/mruby-mruby-00cf5e3/src/error.c:412: error: implicit declaration of function 'mrb_str_new2'</textarea></td>
        </tr>
        <tr>
          <th>make test</th>
          <td><textarea>(in /Users/mruby/mruby-test-tool/tmp/20130314130847-7448-build/mruby-mruby-00cf5e3)
CC    test/driver.c -> build/host/test/driver.o
CC    tools/mrbc/mrbc.c -> build/host/tools/mrbc/mrbc.o
CC    src/error.c -> build/host/src/error.o
rake aborted!
Command Failed: ["gcc" -g -O3 -Wall -Werror-implicit-function-declaration -I"/Users/mruby/mruby-test-tool/tmp/20130314130847-7448-build/mruby-mruby-00cf5e3/include" -I"/Users/mruby/mruby-test-tool/tmp/20130314130847-7448-build/mruby-mruby-00cf5e3/mrbgems/mruby-math/include" -I"/Users/mruby/mruby-test-tool/tmp/20130314130847-7448-build/mruby-mruby-00cf5e3/mrbgems/mruby-time/include" -I"/Users/mruby/mruby-test-tool/tmp/20130314130847-7448-build/mruby-mruby-00cf5e3/mrbgems/mruby-struct/include" -I"/Users/mruby/mruby-test-tool/tmp/20130314130847-7448-build/mruby-mruby-00cf5e3/mrbgems/mruby-sprintf/include" -I"/Users/mruby/mruby-test-tool/tmp/20130314130847-7448-build/mruby-mruby-00cf5e3/mrbgems/mruby-string-ext/include" -I"/Users/mruby/mruby-test-tool/tmp/20130314130847-7448-build/mruby-mruby-00cf5e3/mrbgems/mruby-numeric-ext/include" -MMD -o "/Users/mruby/mruby-test-tool/tmp/20130314130847-7448-build/mruby-mruby-00cf5e3/build/host/src/error.o" -c "/Users/mruby/mruby-test-tool/tmp/20130314130847-7448-build/mruby-mruby-00cf5e3/src/error.c"]</textarea></td>
          <td><textarea>/Users/mruby/mruby-test-tool/tmp/20130314130847-7448-build/mruby-mruby-00cf5e3/src/error.c: In function 'mrb_sys_fail':
/Users/mruby/mruby-test-tool/tmp/20130314130847-7448-build/mruby-mruby-00cf5e3/src/error.c:412: error: implicit declaration of function 'mrb_str_new2'</textarea></td>
        </tr>
        
      </table>
    
      
      <h3><a name="netbsd32bit">netbsd32bit</a> <span style="font-size:small;"><a href="#top">#top</a></span></h3>
      <table border='1' style="width:90%;">
        <tr>
          <th style="width:100px;">task</th>
          <th>stdout</th>
          <th>stderr</th>
        </tr>
        <tr>
          <th>make</th>
          <td><textarea>(in /home/mruby/mruby-test-tool/tmp/20130314130819-1311-build/mruby-mruby-00cf5e3)
CC    tools/mruby/mruby.c -> build/host/tools/mruby/mruby.o
CC    src/array.c -> build/host/src/array.o
CC    src/class.c -> build/host/src/class.o
CC    src/codegen.c -> build/host/src/codegen.o
CC    src/compar.c -> build/host/src/compar.o
CC    src/crc.c -> build/host/src/crc.o
CC    src/dump.c -> build/host/src/dump.o
CC    src/enum.c -> build/host/src/enum.o
CC    src/error.c -> build/host/src/error.o
rake aborted!
Command Failed: ["gcc" -g -O3 -Wall -Werror-implicit-function-declaration -I"/home/mruby/mruby-test-tool/tmp/20130314130819-1311-build/mruby-mruby-00cf5e3/include" -I"/home/mruby/mruby-test-tool/tmp/20130314130819-1311-build/mruby-mruby-00cf5e3/mrbgems/mruby-math/include" -I"/home/mruby/mruby-test-tool/tmp/20130314130819-1311-build/mruby-mruby-00cf5e3/mrbgems/mruby-time/include" -I"/home/mruby/mruby-test-tool/tmp/20130314130819-1311-build/mruby-mruby-00cf5e3/mrbgems/mruby-struct/include" -I"/home/mruby/mruby-test-tool/tmp/20130314130819-1311-build/mruby-mruby-00cf5e3/mrbgems/mruby-sprintf/include" -I"/home/mruby/mruby-test-tool/tmp/20130314130819-1311-build/mruby-mruby-00cf5e3/mrbgems/mruby-string-ext/include" -I"/home/mruby/mruby-test-tool/tmp/20130314130819-1311-build/mruby-mruby-00cf5e3/mrbgems/mruby-numeric-ext/include" -MMD -o "/home/mruby/mruby-test-tool/tmp/20130314130819-1311-build/mruby-mruby-00cf5e3/build/host/src/error.o" -c "/home/mruby/mruby-test-tool/tmp/20130314130819-1311-build/mruby-mruby-00cf5e3/src/error.c"]</textarea></td>
          <td><textarea>/home/mruby/mruby-test-tool/tmp/20130314130819-1311-build/mruby-mruby-00cf5e3/src/error.c: In function 'mrb_sys_fail':
/home/mruby/mruby-test-tool/tmp/20130314130819-1311-build/mruby-mruby-00cf5e3/src/error.c:412: error: implicit declaration of function 'mrb_str_new2'</textarea></td>
        </tr>
        <tr>
          <th>make test</th>
          <td><textarea>(in /home/mruby/mruby-test-tool/tmp/20130314130819-1311-build/mruby-mruby-00cf5e3)
CC    test/driver.c -> build/host/test/driver.o
CC    tools/mrbc/mrbc.c -> build/host/tools/mrbc/mrbc.o
CC    src/error.c -> build/host/src/error.o
rake aborted!
Command Failed: ["gcc" -g -O3 -Wall -Werror-implicit-function-declaration -I"/home/mruby/mruby-test-tool/tmp/20130314130819-1311-build/mruby-mruby-00cf5e3/include" -I"/home/mruby/mruby-test-tool/tmp/20130314130819-1311-build/mruby-mruby-00cf5e3/mrbgems/mruby-math/include" -I"/home/mruby/mruby-test-tool/tmp/20130314130819-1311-build/mruby-mruby-00cf5e3/mrbgems/mruby-time/include" -I"/home/mruby/mruby-test-tool/tmp/20130314130819-1311-build/mruby-mruby-00cf5e3/mrbgems/mruby-struct/include" -I"/home/mruby/mruby-test-tool/tmp/20130314130819-1311-build/mruby-mruby-00cf5e3/mrbgems/mruby-sprintf/include" -I"/home/mruby/mruby-test-tool/tmp/20130314130819-1311-build/mruby-mruby-00cf5e3/mrbgems/mruby-string-ext/include" -I"/home/mruby/mruby-test-tool/tmp/20130314130819-1311-build/mruby-mruby-00cf5e3/mrbgems/mruby-numeric-ext/include" -MMD -o "/home/mruby/mruby-test-tool/tmp/20130314130819-1311-build/mruby-mruby-00cf5e3/build/host/src/error.o" -c "/home/mruby/mruby-test-tool/tmp/20130314130819-1311-build/mruby-mruby-00cf5e3/src/error.c"]</textarea></td>
          <td><textarea>/home/mruby/mruby-test-tool/tmp/20130314130819-1311-build/mruby-mruby-00cf5e3/src/error.c: In function 'mrb_sys_fail':
/home/mruby/mruby-test-tool/tmp/20130314130819-1311-build/mruby-mruby-00cf5e3/src/error.c:412: error: implicit declaration of function 'mrb_str_new2'</textarea></td>
        </tr>
        
      </table>
    
      
      <h3><a name="netbsd64bit">netbsd64bit</a> <span style="font-size:small;"><a href="#top">#top</a></span></h3>
      <table border='1' style="width:90%;">
        <tr>
          <th style="width:100px;">task</th>
          <th>stdout</th>
          <th>stderr</th>
        </tr>
        <tr>
          <th>make</th>
          <td><textarea>(in /home/mruby/mruby-test-tool/tmp/20130314130819-20890-build/mruby-mruby-00cf5e3)
CC    tools/mruby/mruby.c -> build/host/tools/mruby/mruby.o
CC    src/array.c -> build/host/src/array.o
CC    src/class.c -> build/host/src/class.o
CC    src/codegen.c -> build/host/src/codegen.o
CC    src/compar.c -> build/host/src/compar.o
CC    src/crc.c -> build/host/src/crc.o
CC    src/dump.c -> build/host/src/dump.o
CC    src/enum.c -> build/host/src/enum.o
CC    src/error.c -> build/host/src/error.o
rake aborted!
Command Failed: ["gcc" -g -O3 -Wall -Werror-implicit-function-declaration -I"/home/mruby/mruby-test-tool/tmp/20130314130819-20890-build/mruby-mruby-00cf5e3/include" -I"/home/mruby/mruby-test-tool/tmp/20130314130819-20890-build/mruby-mruby-00cf5e3/mrbgems/mruby-math/include" -I"/home/mruby/mruby-test-tool/tmp/20130314130819-20890-build/mruby-mruby-00cf5e3/mrbgems/mruby-time/include" -I"/home/mruby/mruby-test-tool/tmp/20130314130819-20890-build/mruby-mruby-00cf5e3/mrbgems/mruby-struct/include" -I"/home/mruby/mruby-test-tool/tmp/20130314130819-20890-build/mruby-mruby-00cf5e3/mrbgems/mruby-sprintf/include" -I"/home/mruby/mruby-test-tool/tmp/20130314130819-20890-build/mruby-mruby-00cf5e3/mrbgems/mruby-string-ext/include" -I"/home/mruby/mruby-test-tool/tmp/20130314130819-20890-build/mruby-mruby-00cf5e3/mrbgems/mruby-numeric-ext/include" -MMD -o "/home/mruby/mruby-test-tool/tmp/20130314130819-20890-build/mruby-mruby-00cf5e3/build/host/src/error.o" -c "/home/mruby/mruby-test-tool/tmp/20130314130819-20890-build/mruby-mruby-00cf5e3/src/error.c"]</textarea></td>
          <td><textarea>/home/mruby/mruby-test-tool/tmp/20130314130819-20890-build/mruby-mruby-00cf5e3/src/error.c: In function 'mrb_sys_fail':
/home/mruby/mruby-test-tool/tmp/20130314130819-20890-build/mruby-mruby-00cf5e3/src/error.c:412: error: implicit declaration of function 'mrb_str_new2'</textarea></td>
        </tr>
        <tr>
          <th>make test</th>
          <td><textarea>(in /home/mruby/mruby-test-tool/tmp/20130314130819-20890-build/mruby-mruby-00cf5e3)
CC    test/driver.c -> build/host/test/driver.o
CC    tools/mrbc/mrbc.c -> build/host/tools/mrbc/mrbc.o
CC    src/error.c -> build/host/src/error.o
rake aborted!
Command Failed: ["gcc" -g -O3 -Wall -Werror-implicit-function-declaration -I"/home/mruby/mruby-test-tool/tmp/20130314130819-20890-build/mruby-mruby-00cf5e3/include" -I"/home/mruby/mruby-test-tool/tmp/20130314130819-20890-build/mruby-mruby-00cf5e3/mrbgems/mruby-math/include" -I"/home/mruby/mruby-test-tool/tmp/20130314130819-20890-build/mruby-mruby-00cf5e3/mrbgems/mruby-time/include" -I"/home/mruby/mruby-test-tool/tmp/20130314130819-20890-build/mruby-mruby-00cf5e3/mrbgems/mruby-struct/include" -I"/home/mruby/mruby-test-tool/tmp/20130314130819-20890-build/mruby-mruby-00cf5e3/mrbgems/mruby-sprintf/include" -I"/home/mruby/mruby-test-tool/tmp/20130314130819-20890-build/mruby-mruby-00cf5e3/mrbgems/mruby-string-ext/include" -I"/home/mruby/mruby-test-tool/tmp/20130314130819-20890-build/mruby-mruby-00cf5e3/mrbgems/mruby-numeric-ext/include" -MMD -o "/home/mruby/mruby-test-tool/tmp/20130314130819-20890-build/mruby-mruby-00cf5e3/build/host/src/error.o" -c "/home/mruby/mruby-test-tool/tmp/20130314130819-20890-build/mruby-mruby-00cf5e3/src/error.c"]</textarea></td>
          <td><textarea>/home/mruby/mruby-test-tool/tmp/20130314130819-20890-build/mruby-mruby-00cf5e3/src/error.c: In function 'mrb_sys_fail':
/home/mruby/mruby-test-tool/tmp/20130314130819-20890-build/mruby-mruby-00cf5e3/src/error.c:412: error: implicit declaration of function 'mrb_str_new2'</textarea></td>
        </tr>
        
      </table>
    
      
      <h3><a name="openbsd32bit">openbsd32bit</a> <span style="font-size:small;"><a href="#top">#top</a></span></h3>
      <table border='1' style="width:90%;">
        <tr>
          <th style="width:100px;">task</th>
          <th>stdout</th>
          <th>stderr</th>
        </tr>
        <tr>
          <th>make</th>
          <td><textarea>(in /home/mruby/mruby-test-tool/tmp/20130314130838-3746-build/mruby-mruby-00cf5e3)
CC    tools/mruby/mruby.c -> build/host/tools/mruby/mruby.o
CC    src/array.c -> build/host/src/array.o
CC    src/class.c -> build/host/src/class.o
CC    src/codegen.c -> build/host/src/codegen.o
CC    src/compar.c -> build/host/src/compar.o
CC    src/crc.c -> build/host/src/crc.o
CC    src/dump.c -> build/host/src/dump.o
CC    src/enum.c -> build/host/src/enum.o
CC    src/error.c -> build/host/src/error.o
rake aborted!
Command Failed: ["gcc" -g -O3 -Wall -Werror-implicit-function-declaration -I"/home/mruby/mruby-test-tool/tmp/20130314130838-3746-build/mruby-mruby-00cf5e3/include" -I"/home/mruby/mruby-test-tool/tmp/20130314130838-3746-build/mruby-mruby-00cf5e3/mrbgems/mruby-math/include" -I"/home/mruby/mruby-test-tool/tmp/20130314130838-3746-build/mruby-mruby-00cf5e3/mrbgems/mruby-time/include" -I"/home/mruby/mruby-test-tool/tmp/20130314130838-3746-build/mruby-mruby-00cf5e3/mrbgems/mruby-struct/include" -I"/home/mruby/mruby-test-tool/tmp/20130314130838-3746-build/mruby-mruby-00cf5e3/mrbgems/mruby-sprintf/include" -I"/home/mruby/mruby-test-tool/tmp/20130314130838-3746-build/mruby-mruby-00cf5e3/mrbgems/mruby-string-ext/include" -I"/home/mruby/mruby-test-tool/tmp/20130314130838-3746-build/mruby-mruby-00cf5e3/mrbgems/mruby-numeric-ext/include" -MMD -o "/home/mruby/mruby-test-tool/tmp/20130314130838-3746-build/mruby-mruby-00cf5e3/build/host/src/error.o" -c "/home/mruby/mruby-test-tool/tmp/20130314130838-3746-build/mruby-mruby-00cf5e3/src/error.c"]</textarea></td>
          <td><textarea>/home/mruby/mruby-test-tool/tmp/20130314130838-3746-build/mruby-mruby-00cf5e3/src/dump.c: In function 'get_syms_block_size':
/home/mruby/mruby-test-tool/tmp/20130314130838-3746-build/mruby-mruby-00cf5e3/src/dump.c:285: warning: passing argument 1 of 'str_dump_len' discards qualifiers from pointer target type
/home/mruby/mruby-test-tool/tmp/20130314130838-3746-build/mruby-mruby-00cf5e3/src/dump.c: In function 'write_syms_block':
/home/mruby/mruby-test-tool/tmp/20130314130838-3746-build/mruby-mruby-00cf5e3/src/dump.c:427: warning: passing argument 1 of 'str_dump_len' discards qualifiers from pointer target type
/home/mruby/mruby-test-tool/tmp/20130314130838-3746-build/mruby-mruby-00cf5e3/src/dump.c:435: warning: passing argument 1 of 'str_dump' discards qualifiers from pointer target type
/home/mruby/mruby-test-tool/tmp/20130314130838-3746-build/mruby-mruby-00cf5e3/src/dump.c: In function 'write_irep_record':
/home/mruby/mruby-test-tool/tmp/20130314130838-3746-build/mruby-mruby-00cf5e3/src/dump.c:598: warning: 'crc' may be used uninitialized in this function
/home/mruby/mruby-test-tool/tmp/20130314130838-3746-build/mruby-mruby-00cf5e3/src/error.c: In function 'mrb_sys_fail':
/home/mruby/mruby-test-tool/tmp/20130314130838-3746-build/mruby-mruby-00cf5e3/src/error.c:412: error: implicit declaration of function 'mrb_str_new2'</textarea></td>
        </tr>
        <tr>
          <th>make test</th>
          <td><textarea>(in /home/mruby/mruby-test-tool/tmp/20130314130838-3746-build/mruby-mruby-00cf5e3)
CC    test/driver.c -> build/host/test/driver.o
CC    tools/mrbc/mrbc.c -> build/host/tools/mrbc/mrbc.o
CC    src/error.c -> build/host/src/error.o
rake aborted!
Command Failed: ["gcc" -g -O3 -Wall -Werror-implicit-function-declaration -I"/home/mruby/mruby-test-tool/tmp/20130314130838-3746-build/mruby-mruby-00cf5e3/include" -I"/home/mruby/mruby-test-tool/tmp/20130314130838-3746-build/mruby-mruby-00cf5e3/mrbgems/mruby-math/include" -I"/home/mruby/mruby-test-tool/tmp/20130314130838-3746-build/mruby-mruby-00cf5e3/mrbgems/mruby-time/include" -I"/home/mruby/mruby-test-tool/tmp/20130314130838-3746-build/mruby-mruby-00cf5e3/mrbgems/mruby-struct/include" -I"/home/mruby/mruby-test-tool/tmp/20130314130838-3746-build/mruby-mruby-00cf5e3/mrbgems/mruby-sprintf/include" -I"/home/mruby/mruby-test-tool/tmp/20130314130838-3746-build/mruby-mruby-00cf5e3/mrbgems/mruby-string-ext/include" -I"/home/mruby/mruby-test-tool/tmp/20130314130838-3746-build/mruby-mruby-00cf5e3/mrbgems/mruby-numeric-ext/include" -MMD -o "/home/mruby/mruby-test-tool/tmp/20130314130838-3746-build/mruby-mruby-00cf5e3/build/host/src/error.o" -c "/home/mruby/mruby-test-tool/tmp/20130314130838-3746-build/mruby-mruby-00cf5e3/src/error.c"]</textarea></td>
          <td><textarea>/home/mruby/mruby-test-tool/tmp/20130314130838-3746-build/mruby-mruby-00cf5e3/src/error.c: In function 'mrb_sys_fail':
/home/mruby/mruby-test-tool/tmp/20130314130838-3746-build/mruby-mruby-00cf5e3/src/error.c:412: error: implicit declaration of function 'mrb_str_new2'</textarea></td>
        </tr>
        
      </table>
    
      
      <h3><a name="openbsd64bit">openbsd64bit</a> <span style="font-size:small;"><a href="#top">#top</a></span></h3>
      <table border='1' style="width:90%;">
        <tr>
          <th style="width:100px;">task</th>
          <th>stdout</th>
          <th>stderr</th>
        </tr>
        <tr>
          <th>make</th>
          <td><textarea>(in /home/mruby/mruby-test-tool/tmp/20130314130837-6359-build/mruby-mruby-00cf5e3)
CC    tools/mruby/mruby.c -> build/host/tools/mruby/mruby.o
CC    src/array.c -> build/host/src/array.o
CC    src/class.c -> build/host/src/class.o
CC    src/codegen.c -> build/host/src/codegen.o
CC    src/compar.c -> build/host/src/compar.o
CC    src/crc.c -> build/host/src/crc.o
CC    src/dump.c -> build/host/src/dump.o
CC    src/enum.c -> build/host/src/enum.o
CC    src/error.c -> build/host/src/error.o
rake aborted!
Command Failed: ["gcc" -g -O3 -Wall -Werror-implicit-function-declaration -I"/home/mruby/mruby-test-tool/tmp/20130314130837-6359-build/mruby-mruby-00cf5e3/include" -I"/home/mruby/mruby-test-tool/tmp/20130314130837-6359-build/mruby-mruby-00cf5e3/mrbgems/mruby-math/include" -I"/home/mruby/mruby-test-tool/tmp/20130314130837-6359-build/mruby-mruby-00cf5e3/mrbgems/mruby-time/include" -I"/home/mruby/mruby-test-tool/tmp/20130314130837-6359-build/mruby-mruby-00cf5e3/mrbgems/mruby-struct/include" -I"/home/mruby/mruby-test-tool/tmp/20130314130837-6359-build/mruby-mruby-00cf5e3/mrbgems/mruby-sprintf/include" -I"/home/mruby/mruby-test-tool/tmp/20130314130837-6359-build/mruby-mruby-00cf5e3/mrbgems/mruby-string-ext/include" -I"/home/mruby/mruby-test-tool/tmp/20130314130837-6359-build/mruby-mruby-00cf5e3/mrbgems/mruby-numeric-ext/include" -MMD -o "/home/mruby/mruby-test-tool/tmp/20130314130837-6359-build/mruby-mruby-00cf5e3/build/host/src/error.o" -c "/home/mruby/mruby-test-tool/tmp/20130314130837-6359-build/mruby-mruby-00cf5e3/src/error.c"]</textarea></td>
          <td><textarea>/home/mruby/mruby-test-tool/tmp/20130314130837-6359-build/mruby-mruby-00cf5e3/src/dump.c: In function 'get_syms_block_size':
/home/mruby/mruby-test-tool/tmp/20130314130837-6359-build/mruby-mruby-00cf5e3/src/dump.c:285: warning: passing argument 1 of 'str_dump_len' discards qualifiers from pointer target type
/home/mruby/mruby-test-tool/tmp/20130314130837-6359-build/mruby-mruby-00cf5e3/src/dump.c: In function 'write_syms_block':
/home/mruby/mruby-test-tool/tmp/20130314130837-6359-build/mruby-mruby-00cf5e3/src/dump.c:427: warning: passing argument 1 of 'str_dump_len' discards qualifiers from pointer target type
/home/mruby/mruby-test-tool/tmp/20130314130837-6359-build/mruby-mruby-00cf5e3/src/dump.c:435: warning: passing argument 1 of 'str_dump' discards qualifiers from pointer target type
/home/mruby/mruby-test-tool/tmp/20130314130837-6359-build/mruby-mruby-00cf5e3/src/dump.c: In function 'write_irep_record':
/home/mruby/mruby-test-tool/tmp/20130314130837-6359-build/mruby-mruby-00cf5e3/src/dump.c:598: warning: 'crc' may be used uninitialized in this function
/home/mruby/mruby-test-tool/tmp/20130314130837-6359-build/mruby-mruby-00cf5e3/src/error.c: In function 'mrb_sys_fail':
/home/mruby/mruby-test-tool/tmp/20130314130837-6359-build/mruby-mruby-00cf5e3/src/error.c:412: error: implicit declaration of function 'mrb_str_new2'</textarea></td>
        </tr>
        <tr>
          <th>make test</th>
          <td><textarea>(in /home/mruby/mruby-test-tool/tmp/20130314130837-6359-build/mruby-mruby-00cf5e3)
CC    test/driver.c -> build/host/test/driver.o
CC    tools/mrbc/mrbc.c -> build/host/tools/mrbc/mrbc.o
CC    src/error.c -> build/host/src/error.o
rake aborted!
Command Failed: ["gcc" -g -O3 -Wall -Werror-implicit-function-declaration -I"/home/mruby/mruby-test-tool/tmp/20130314130837-6359-build/mruby-mruby-00cf5e3/include" -I"/home/mruby/mruby-test-tool/tmp/20130314130837-6359-build/mruby-mruby-00cf5e3/mrbgems/mruby-math/include" -I"/home/mruby/mruby-test-tool/tmp/20130314130837-6359-build/mruby-mruby-00cf5e3/mrbgems/mruby-time/include" -I"/home/mruby/mruby-test-tool/tmp/20130314130837-6359-build/mruby-mruby-00cf5e3/mrbgems/mruby-struct/include" -I"/home/mruby/mruby-test-tool/tmp/20130314130837-6359-build/mruby-mruby-00cf5e3/mrbgems/mruby-sprintf/include" -I"/home/mruby/mruby-test-tool/tmp/20130314130837-6359-build/mruby-mruby-00cf5e3/mrbgems/mruby-string-ext/include" -I"/home/mruby/mruby-test-tool/tmp/20130314130837-6359-build/mruby-mruby-00cf5e3/mrbgems/mruby-numeric-ext/include" -MMD -o "/home/mruby/mruby-test-tool/tmp/20130314130837-6359-build/mruby-mruby-00cf5e3/build/host/src/error.o" -c "/home/mruby/mruby-test-tool/tmp/20130314130837-6359-build/mruby-mruby-00cf5e3/src/error.c"]</textarea></td>
          <td><textarea>/home/mruby/mruby-test-tool/tmp/20130314130837-6359-build/mruby-mruby-00cf5e3/src/error.c: In function 'mrb_sys_fail':
/home/mruby/mruby-test-tool/tmp/20130314130837-6359-build/mruby-mruby-00cf5e3/src/error.c:412: error: implicit declaration of function 'mrb_str_new2'</textarea></td>
        </tr>
        
      </table>
    
      
      <h3><a name="ubuntu32bit">ubuntu32bit</a> <span style="font-size:small;"><a href="#top">#top</a></span></h3>
      <table border='1' style="width:90%;">
        <tr>
          <th style="width:100px;">task</th>
          <th>stdout</th>
          <th>stderr</th>
        </tr>
        <tr>
          <th>make</th>
          <td><textarea>(in /home/mruby/mruby-test-tool/tmp/20130314120408-20292-build/mruby-mruby-00cf5e3)
CC    tools/mruby/mruby.c -> build/host/tools/mruby/mruby.o
CC    src/pool.c -> build/host/src/pool.o
CC    src/kernel.c -> build/host/src/kernel.o
CC    src/codegen.c -> build/host/src/codegen.o
CC    src/state.c -> build/host/src/state.o
CC    src/gc.c -> build/host/src/gc.o
CC    src/init.c -> build/host/src/init.o
CC    src/class.c -> build/host/src/class.o
CC    src/array.c -> build/host/src/array.o
CC    src/symbol.c -> build/host/src/symbol.o
CC    src/print.c -> build/host/src/print.o
CC    src/etc.c -> build/host/src/etc.o
CC    src/enum.c -> build/host/src/enum.o
CC    src/proc.c -> build/host/src/proc.o
CC    src/numeric.c -> build/host/src/numeric.o
CC    src/vm.c -> build/host/src/vm.o
CC    src/object.c -> build/host/src/object.o
CC    src/load.c -> build/host/src/load.o
CC    src/range.c -> build/host/src/range.o
CC    src/variable.c -> build/host/src/variable.o
CC    src/error.c -> build/host/src/error.o
rake aborted!
Command Failed: ["gcc" -g -O3 -Wall -Werror-implicit-function-declaration -I"/home/mruby/mruby-test-tool/tmp/20130314120408-20292-build/mruby-mruby-00cf5e3/include" -I"/home/mruby/mruby-test-tool/tmp/20130314120408-20292-build/mruby-mruby-00cf5e3/mrbgems/mruby-math/include" -I"/home/mruby/mruby-test-tool/tmp/20130314120408-20292-build/mruby-mruby-00cf5e3/mrbgems/mruby-time/include" -I"/home/mruby/mruby-test-tool/tmp/20130314120408-20292-build/mruby-mruby-00cf5e3/mrbgems/mruby-struct/include" -I"/home/mruby/mruby-test-tool/tmp/20130314120408-20292-build/mruby-mruby-00cf5e3/mrbgems/mruby-sprintf/include" -I"/home/mruby/mruby-test-tool/tmp/20130314120408-20292-build/mruby-mruby-00cf5e3/mrbgems/mruby-string-ext/include" -I"/home/mruby/mruby-test-tool/tmp/20130314120408-20292-build/mruby-mruby-00cf5e3/mrbgems/mruby-numeric-ext/include" -MMD -o "/home/mruby/mruby-test-tool/tmp/20130314120408-20292-build/mruby-mruby-00cf5e3/build/host/src/error.o" -c "/home/mruby/mruby-test-tool/tmp/20130314120408-20292-build/mruby-mruby-00cf5e3/src/error.c"]</textarea></td>
          <td><textarea>/home/mruby/mruby-test-tool/tmp/20130314120408-20292-build/mruby-mruby-00cf5e3/src/error.c: In function 'mrb_sys_fail':
/home/mruby/mruby-test-tool/tmp/20130314120408-20292-build/mruby-mruby-00cf5e3/src/error.c:412:7: error: implicit declaration of function 'mrb_str_new2' [-Werror=implicit-function-declaration]
cc1: some warnings being treated as errors</textarea></td>
        </tr>
        <tr>
          <th>make test</th>
          <td><textarea>(in /home/mruby/mruby-test-tool/tmp/20130314120408-20292-build/mruby-mruby-00cf5e3)
CC    test/driver.c -> build/host/test/driver.o
CC    tools/mrbc/mrbc.c -> build/host/tools/mrbc/mrbc.o
CC    src/error.c -> build/host/src/error.o
rake aborted!
Command Failed: ["gcc" -g -O3 -Wall -Werror-implicit-function-declaration -I"/home/mruby/mruby-test-tool/tmp/20130314120408-20292-build/mruby-mruby-00cf5e3/include" -I"/home/mruby/mruby-test-tool/tmp/20130314120408-20292-build/mruby-mruby-00cf5e3/mrbgems/mruby-math/include" -I"/home/mruby/mruby-test-tool/tmp/20130314120408-20292-build/mruby-mruby-00cf5e3/mrbgems/mruby-time/include" -I"/home/mruby/mruby-test-tool/tmp/20130314120408-20292-build/mruby-mruby-00cf5e3/mrbgems/mruby-struct/include" -I"/home/mruby/mruby-test-tool/tmp/20130314120408-20292-build/mruby-mruby-00cf5e3/mrbgems/mruby-sprintf/include" -I"/home/mruby/mruby-test-tool/tmp/20130314120408-20292-build/mruby-mruby-00cf5e3/mrbgems/mruby-string-ext/include" -I"/home/mruby/mruby-test-tool/tmp/20130314120408-20292-build/mruby-mruby-00cf5e3/mrbgems/mruby-numeric-ext/include" -MMD -o "/home/mruby/mruby-test-tool/tmp/20130314120408-20292-build/mruby-mruby-00cf5e3/build/host/src/error.o" -c "/home/mruby/mruby-test-tool/tmp/20130314120408-20292-build/mruby-mruby-00cf5e3/src/error.c"]</textarea></td>
          <td><textarea>/home/mruby/mruby-test-tool/tmp/20130314120408-20292-build/mruby-mruby-00cf5e3/src/error.c: In function 'mrb_sys_fail':
/home/mruby/mruby-test-tool/tmp/20130314120408-20292-build/mruby-mruby-00cf5e3/src/error.c:412:7: error: implicit declaration of function 'mrb_str_new2' [-Werror=implicit-function-declaration]
cc1: some warnings being treated as errors</textarea></td>
        </tr>
        
      </table>
    
      
      <h3><a name="ubuntu64bit">ubuntu64bit</a> <span style="font-size:small;"><a href="#top">#top</a></span></h3>
      <table border='1' style="width:90%;">
        <tr>
          <th style="width:100px;">task</th>
          <th>stdout</th>
          <th>stderr</th>
        </tr>
        <tr>
          <th>make</th>
          <td><textarea>(in /home/mruby/mruby-test-tool/tmp/20130314120421-32158-build/mruby-mruby-00cf5e3)
CC    tools/mruby/mruby.c -> build/host/tools/mruby/mruby.o
CC    src/vm.c -> build/host/src/vm.o
CC    src/print.c -> build/host/src/print.o
CC    src/symbol.c -> build/host/src/symbol.o
CC    src/object.c -> build/host/src/object.o
CC    src/range.c -> build/host/src/range.o
CC    src/kernel.c -> build/host/src/kernel.o
CC    src/numeric.c -> build/host/src/numeric.o
CC    src/load.c -> build/host/src/load.o
CC    src/variable.c -> build/host/src/variable.o
CC    src/pool.c -> build/host/src/pool.o
CC    src/compar.c -> build/host/src/compar.o
CC    src/etc.c -> build/host/src/etc.o
CC    src/enum.c -> build/host/src/enum.o
CC    src/state.c -> build/host/src/state.o
CC    src/codegen.c -> build/host/src/codegen.o
CC    src/init.c -> build/host/src/init.o
CC    src/dump.c -> build/host/src/dump.o
CC    src/class.c -> build/host/src/class.o
CC    src/crc.c -> build/host/src/crc.o
CC    src/gc.c -> build/host/src/gc.o
CC    src/string.c -> build/host/src/string.o
CC    src/error.c -> build/host/src/error.o
rake aborted!
Command Failed: ["gcc" -g -O3 -Wall -Werror-implicit-function-declaration -I"/home/mruby/mruby-test-tool/tmp/20130314120421-32158-build/mruby-mruby-00cf5e3/include" -I"/home/mruby/mruby-test-tool/tmp/20130314120421-32158-build/mruby-mruby-00cf5e3/mrbgems/mruby-math/include" -I"/home/mruby/mruby-test-tool/tmp/20130314120421-32158-build/mruby-mruby-00cf5e3/mrbgems/mruby-time/include" -I"/home/mruby/mruby-test-tool/tmp/20130314120421-32158-build/mruby-mruby-00cf5e3/mrbgems/mruby-struct/include" -I"/home/mruby/mruby-test-tool/tmp/20130314120421-32158-build/mruby-mruby-00cf5e3/mrbgems/mruby-sprintf/include" -I"/home/mruby/mruby-test-tool/tmp/20130314120421-32158-build/mruby-mruby-00cf5e3/mrbgems/mruby-string-ext/include" -I"/home/mruby/mruby-test-tool/tmp/20130314120421-32158-build/mruby-mruby-00cf5e3/mrbgems/mruby-numeric-ext/include" -MMD -o "/home/mruby/mruby-test-tool/tmp/20130314120421-32158-build/mruby-mruby-00cf5e3/build/host/src/error.o" -c "/home/mruby/mruby-test-tool/tmp/20130314120421-32158-build/mruby-mruby-00cf5e3/src/error.c"]</textarea></td>
          <td><textarea>/home/mruby/mruby-test-tool/tmp/20130314120421-32158-build/mruby-mruby-00cf5e3/src/error.c: In function 'mrb_sys_fail':
/home/mruby/mruby-test-tool/tmp/20130314120421-32158-build/mruby-mruby-00cf5e3/src/error.c:412:7: error: implicit declaration of function 'mrb_str_new2' [-Werror=implicit-function-declaration]
cc1: some warnings being treated as errors</textarea></td>
        </tr>
        <tr>
          <th>make test</th>
          <td><textarea>(in /home/mruby/mruby-test-tool/tmp/20130314120421-32158-build/mruby-mruby-00cf5e3)
CC    test/driver.c -> build/host/test/driver.o
CC    tools/mrbc/mrbc.c -> build/host/tools/mrbc/mrbc.o
CC    src/error.c -> build/host/src/error.o
rake aborted!
Command Failed: ["gcc" -g -O3 -Wall -Werror-implicit-function-declaration -I"/home/mruby/mruby-test-tool/tmp/20130314120421-32158-build/mruby-mruby-00cf5e3/include" -I"/home/mruby/mruby-test-tool/tmp/20130314120421-32158-build/mruby-mruby-00cf5e3/mrbgems/mruby-math/include" -I"/home/mruby/mruby-test-tool/tmp/20130314120421-32158-build/mruby-mruby-00cf5e3/mrbgems/mruby-time/include" -I"/home/mruby/mruby-test-tool/tmp/20130314120421-32158-build/mruby-mruby-00cf5e3/mrbgems/mruby-struct/include" -I"/home/mruby/mruby-test-tool/tmp/20130314120421-32158-build/mruby-mruby-00cf5e3/mrbgems/mruby-sprintf/include" -I"/home/mruby/mruby-test-tool/tmp/20130314120421-32158-build/mruby-mruby-00cf5e3/mrbgems/mruby-string-ext/include" -I"/home/mruby/mruby-test-tool/tmp/20130314120421-32158-build/mruby-mruby-00cf5e3/mrbgems/mruby-numeric-ext/include" -MMD -o "/home/mruby/mruby-test-tool/tmp/20130314120421-32158-build/mruby-mruby-00cf5e3/build/host/src/error.o" -c "/home/mruby/mruby-test-tool/tmp/20130314120421-32158-build/mruby-mruby-00cf5e3/src/error.c"]</textarea></td>
          <td><textarea>/home/mruby/mruby-test-tool/tmp/20130314120421-32158-build/mruby-mruby-00cf5e3/src/error.c: In function 'mrb_sys_fail':
/home/mruby/mruby-test-tool/tmp/20130314120421-32158-build/mruby-mruby-00cf5e3/src/error.c:412:7: error: implicit declaration of function 'mrb_str_new2' [-Werror=implicit-function-declaration]
cc1: some warnings being treated as errors</textarea></td>
        </tr>
        
      </table>
    

    <h2><a name="commitlog">commit log</a> <span style="font-size:small;"><a href="#top">#top</a></span></h2>
      <pre>commit 00cf5e32a2c28c9fb2163f001638d07c4a8a1a3a
Merge: b67fb97 c9f3fd4
Author: Tomoyuki Sahara &lt;tsahara@iij.ad.jp&gt;
Date:   Wed Mar 13 10:22:59 2013 +0900

    Merge branch 'master' into pr-systemcallerror

</pre>

  </body>
</html>
