<html>
  <head>
    <meta http-equiv="content-type" content="text/html; charset=UTF-8"/>
    <title>mruby build & test report</title>
    <style>
      pre {
        white-space: -moz-pre-wrap; /* Mozilla */
        white-space: -pre-wrap;     /* Opera 4-6 */
        white-space: -o-pre-wrap;   /* Opera 7 */
        white-space: pre-wrap;      /* CSS3 */
        word-wrap: break-word;      /* IE 5.5+ */
      }
      textarea {
        width: 100%;
        height: 400px;
        font-family: monospace !important;
        font-size: 12px !important;
      }
    </style>
  </head>
  <body>
    <a name="top"></a>
    <div style="background-color:#a0a0a0;">
      
        
        <a href="iij-mruby.html">iij-mruby</a>
      
        
        <a href="mruby-mruby.html">mruby-mruby</a>
      
    </div>

    
    

    <h1>mruby build & test report
      <span style="font-size:small;">(mruby/mruby - 9ea0b4b)</span>
    </h1>

    <ul>
      <li><a href="http://github.com/mruby/mruby/commit/9ea0b4b" target="_blank">commit info on github</a></li>
      
      
        
        
        
          <li><a href="mruby-mruby.html">back to mruby-mruby</a></li>
        
      
      <li>
      <pre>commit 9ea0b4b7d16e85c666bc9ce2ed16cc868a196aba
Author: Masaki Muranaka &lt;monaka@monami-ya.jp&gt;
Date:   Sat Feb 23 10:47:13 2013 +0900

    Fix an underlying bug. flodivmod() will be crashed in case ((y == 0) &amp;&amp; ((divp == NULL) || (modp == NULL))).

</pre>
      <a href="#commitlog">commit log</a>
      </li>
  </ul>

    <h2>mrbtest</h2>
    
    <table border="1">
      <tr>
        
          <th rowspan="2">Name</th>
        
          <th rowspan="2">Build-Status</th>
        
          <th rowspan="2">Mrbtest-Status</th>
        
          <th rowspan="2">Total</th>
        
          <th rowspan="2">OK</th>
        
          <th rowspan="2">KO</th>
        
          <th rowspan="2">Crash</th>
        
          <th rowspan="2">Fail</th>
        
          <th rowspan="2">Msg</th>
        
        <th colspan="2">FileSize (Byte)</th>
      </tr>
      <tr>
        
          <th>bin/mruby</th>
        
          <th>lib/libmruby.a</th>
        
      </tr>
      
        
        
        <tr style="background-color:#99ff99">
          <td><a href="#centos32bit">centos32bit</a></td>
          <td>success</td>
          <td>success</td>
          <td>521</td>
          <td>521</td>
          <td>0</td>
          <td>0</td>
          <td></td>
          <td></td>
          
            <td style="text-align:right;">436,140</td>
          
            <td style="text-align:right;">460,836</td>
          
        </tr>
      
        
        
        <tr style="background-color:#99ff99">
          <td><a href="#centos64bit">centos64bit</a></td>
          <td>success</td>
          <td>success</td>
          <td>521</td>
          <td>521</td>
          <td>0</td>
          <td>0</td>
          <td></td>
          <td></td>
          
            <td style="text-align:right;">492,384</td>
          
            <td style="text-align:right;">522,308</td>
          
        </tr>
      
        
        
        <tr style="background-color:#99ff99">
          <td><a href="#freebsd32bit">freebsd32bit</a></td>
          <td>success</td>
          <td>success</td>
          <td>521</td>
          <td>521</td>
          <td>0</td>
          <td>0</td>
          <td></td>
          <td></td>
          
            <td style="text-align:right;">487,128</td>
          
            <td style="text-align:right;">506,556</td>
          
        </tr>
      
        
        
        <tr style="background-color:#99ff99">
          <td><a href="#freebsd64bit">freebsd64bit</a></td>
          <td>success</td>
          <td>success</td>
          <td>521</td>
          <td>521</td>
          <td>0</td>
          <td>0</td>
          <td></td>
          <td></td>
          
            <td style="text-align:right;">525,360</td>
          
            <td style="text-align:right;">555,172</td>
          
        </tr>
      
        
        
        <tr style="background-color:#99ff99">
          <td><a href="#mac-lion">mac-lion</a></td>
          <td>success</td>
          <td>success</td>
          <td>521</td>
          <td>521</td>
          <td>0</td>
          <td>0</td>
          <td></td>
          <td></td>
          
            <td style="text-align:right;">492,388</td>
          
            <td style="text-align:right;">2,115,936</td>
          
        </tr>
      
        
        
        <tr style="background-color:#99ff99">
          <td><a href="#mac-ppc">mac-ppc</a></td>
          <td>success</td>
          <td>success</td>
          <td>521</td>
          <td>521</td>
          <td>0</td>
          <td>0</td>
          <td></td>
          <td></td>
          
            <td style="text-align:right;">514,352</td>
          
            <td style="text-align:right;">3,442,584</td>
          
        </tr>
      
        
        
        <tr style="background-color:#99ff99">
          <td><a href="#netbsd32bit">netbsd32bit</a></td>
          <td>success</td>
          <td>success</td>
          <td>521</td>
          <td>521</td>
          <td>0</td>
          <td>0</td>
          <td></td>
          <td></td>
          
            <td style="text-align:right;">442,360</td>
          
            <td style="text-align:right;">462,336</td>
          
        </tr>
      
        
        
        <tr style="background-color:#99ff99">
          <td><a href="#netbsd64bit">netbsd64bit</a></td>
          <td>success</td>
          <td>success</td>
          <td>521</td>
          <td>521</td>
          <td>0</td>
          <td>0</td>
          <td></td>
          <td></td>
          
            <td style="text-align:right;">513,200</td>
          
            <td style="text-align:right;">544,884</td>
          
        </tr>
      
        
        
        <tr style="background-color:#99ff99">
          <td><a href="#netbsd_mips">netbsd_mips</a></td>
          <td>success</td>
          <td>success</td>
          <td>521</td>
          <td>521</td>
          <td>0</td>
          <td>0</td>
          <td></td>
          <td></td>
          
            <td style="text-align:right;">973,812</td>
          
            <td style="text-align:right;">736,052</td>
          
        </tr>
      
        
        
        <tr style="background-color:#ff9999">
          <td><a href="#openbsd32bit">openbsd32bit</a></td>
          <td>failed</td>
          <td>failed</td>
          <td>0</td>
          <td>0</td>
          <td>0</td>
          <td>0</td>
          <td></td>
          <td></td>
          
            <td style="text-align:right;"></td>
          
            <td style="text-align:right;"></td>
          
        </tr>
      
        
        
        <tr style="background-color:#99ff99">
          <td><a href="#openbsd64bit">openbsd64bit</a></td>
          <td>success</td>
          <td>success</td>
          <td>521</td>
          <td>521</td>
          <td>0</td>
          <td>0</td>
          <td></td>
          <td></td>
          
            <td style="text-align:right;">524,768</td>
          
            <td style="text-align:right;">551,588</td>
          
        </tr>
      
        
        
        <tr style="background-color:#99ff99">
          <td><a href="#ubuntu32bit">ubuntu32bit</a></td>
          <td>success</td>
          <td>success</td>
          <td>521</td>
          <td>521</td>
          <td>0</td>
          <td>0</td>
          <td></td>
          <td></td>
          
            <td style="text-align:right;">476,868</td>
          
            <td style="text-align:right;">501,976</td>
          
        </tr>
      
        
        
        <tr style="background-color:#99ff99">
          <td><a href="#ubuntu64bit">ubuntu64bit</a></td>
          <td>success</td>
          <td>success</td>
          <td>521</td>
          <td>521</td>
          <td>0</td>
          <td>0</td>
          <td></td>
          <td></td>
          
            <td style="text-align:right;">473,792</td>
          
            <td style="text-align:right;">504,412</td>
          
        </tr>
      
    </table>

    

    <h2>environment <span style="font-size:small;"><a href="#top">#top</a></span></h2>
    <table border='1'>
      <tr>
        <th>Name</th>
        <th>software version</th>
      </tr>
      
        
        <tr>
          <td rowspan="3">centos32bit</td>
          <td><b>gcc</b><br/><pre>gcc (GCC) 4.4.6 20120305 (Red Hat 4.4.6-4)
Copyright (C) 2010 Free Software Foundation, Inc.
This is free software; see the source for copying conditions.  There is NO
warranty; not even for MERCHANTABILITY or FITNESS FOR A PARTICULAR PURPOSE.</pre></td>
        </tr>
        <tr><td><b>make</b><br/><pre>GNU Make 3.81
Copyright (C) 2006  Free Software Foundation, Inc.
This is free software; see the source for copying conditions.
There is NO warranty; not even for MERCHANTABILITY or FITNESS FOR A
PARTICULAR PURPOSE.

This program built for i386-redhat-linux-gnu</pre></td></tr>
        <tr><td><b>bison</b><br/><pre>bison (GNU Bison) 2.4.1
Written by Robert Corbett and Richard Stallman.

Copyright (C) 2008 Free Software Foundation, Inc.
This is free software; see the source for copying conditions.  There is NO
warranty; not even for MERCHANTABILITY or FITNESS FOR A PARTICULAR PURPOSE.</pre></td></tr>
      
        
        <tr>
          <td rowspan="3">centos64bit</td>
          <td><b>gcc</b><br/><pre>gcc (GCC) 4.4.6 20120305 (Red Hat 4.4.6-4)
Copyright (C) 2010 Free Software Foundation, Inc.
This is free software; see the source for copying conditions.  There is NO
warranty; not even for MERCHANTABILITY or FITNESS FOR A PARTICULAR PURPOSE.</pre></td>
        </tr>
        <tr><td><b>make</b><br/><pre>GNU Make 3.81
Copyright (C) 2006  Free Software Foundation, Inc.
This is free software; see the source for copying conditions.
There is NO warranty; not even for MERCHANTABILITY or FITNESS FOR A
PARTICULAR PURPOSE.

This program built for x86_64-redhat-linux-gnu</pre></td></tr>
        <tr><td><b>bison</b><br/><pre>bison (GNU Bison) 2.4.1
Written by Robert Corbett and Richard Stallman.

Copyright (C) 2008 Free Software Foundation, Inc.
This is free software; see the source for copying conditions.  There is NO
warranty; not even for MERCHANTABILITY or FITNESS FOR A PARTICULAR PURPOSE.</pre></td></tr>
      
        
        <tr>
          <td rowspan="3">freebsd32bit</td>
          <td><b>gcc</b><br/><pre>gcc (GCC) 4.2.1 20070831 patched [FreeBSD]
Copyright (C) 2007 Free Software Foundation, Inc.
This is free software; see the source for copying conditions.  There is NO
warranty; not even for MERCHANTABILITY or FITNESS FOR A PARTICULAR PURPOSE.</pre></td>
        </tr>
        <tr><td><b>make</b><br/><pre>GNU Make 3.82
Built for i386-portbld-freebsd9.0
Copyright (C) 2010  Free Software Foundation, Inc.
License GPLv3+: GNU GPL version 3 or later <http://gnu.org/licenses/gpl.html>
This is free software: you are free to change and redistribute it.
There is NO WARRANTY, to the extent permitted by law.</pre></td></tr>
        <tr><td><b>bison</b><br/><pre>bison (GNU Bison) 2.4.3
Written by Robert Corbett and Richard Stallman.

Copyright (C) 2010 Free Software Foundation, Inc.
This is free software; see the source for copying conditions.  There is NO
warranty; not even for MERCHANTABILITY or FITNESS FOR A PARTICULAR PURPOSE.</pre></td></tr>
      
        
        <tr>
          <td rowspan="3">freebsd64bit</td>
          <td><b>gcc</b><br/><pre>gcc (GCC) 4.2.1 20070831 patched [FreeBSD]
Copyright (C) 2007 Free Software Foundation, Inc.
This is free software; see the source for copying conditions.  There is NO
warranty; not even for MERCHANTABILITY or FITNESS FOR A PARTICULAR PURPOSE.</pre></td>
        </tr>
        <tr><td><b>make</b><br/><pre>GNU Make 3.82
Built for amd64-portbld-freebsd9.0
Copyright (C) 2010  Free Software Foundation, Inc.
License GPLv3+: GNU GPL version 3 or later <http://gnu.org/licenses/gpl.html>
This is free software: you are free to change and redistribute it.
There is NO WARRANTY, to the extent permitted by law.</pre></td></tr>
        <tr><td><b>bison</b><br/><pre>bison (GNU Bison) 2.4.3
Written by Robert Corbett and Richard Stallman.

Copyright (C) 2010 Free Software Foundation, Inc.
This is free software; see the source for copying conditions.  There is NO
warranty; not even for MERCHANTABILITY or FITNESS FOR A PARTICULAR PURPOSE.</pre></td></tr>
      
        
        <tr>
          <td rowspan="3">mac-lion</td>
          <td><b>gcc</b><br/><pre>i686-apple-darwin11-llvm-gcc-4.2 (GCC) 4.2.1 (Based on Apple Inc. build 5658) (LLVM build 2336.11.00)
Copyright (C) 2007 Free Software Foundation, Inc.
This is free software; see the source for copying conditions.  There is NO
warranty; not even for MERCHANTABILITY or FITNESS FOR A PARTICULAR PURPOSE.</pre></td>
        </tr>
        <tr><td><b>make</b><br/><pre>GNU Make 3.81
Copyright (C) 2006  Free Software Foundation, Inc.
This is free software; see the source for copying conditions.
There is NO warranty; not even for MERCHANTABILITY or FITNESS FOR A
PARTICULAR PURPOSE.

This program built for i386-apple-darwin11.3.0</pre></td></tr>
        <tr><td><b>bison</b><br/><pre>bison (GNU Bison) 2.3
Written by Robert Corbett and Richard Stallman.

Copyright (C) 2006 Free Software Foundation, Inc.
This is free software; see the source for copying conditions.  There is NO
warranty; not even for MERCHANTABILITY or FITNESS FOR A PARTICULAR PURPOSE.</pre></td></tr>
      
        
        <tr>
          <td rowspan="3">mac-ppc</td>
          <td><b>gcc</b><br/><pre>powerpc-apple-darwin9-gcc-4.0.1 (GCC) 4.0.1 (Apple Inc. build 5493)
Copyright (C) 2005 Free Software Foundation, Inc.
This is free software; see the source for copying conditions.  There is NO
warranty; not even for MERCHANTABILITY or FITNESS FOR A PARTICULAR PURPOSE.</pre></td>
        </tr>
        <tr><td><b>make</b><br/><pre>GNU Make 3.81
Copyright (C) 2006  Free Software Foundation, Inc.
This is free software; see the source for copying conditions.
There is NO warranty; not even for MERCHANTABILITY or FITNESS FOR A
PARTICULAR PURPOSE.

This program built for powerpc-apple-darwin9.0</pre></td></tr>
        <tr><td><b>bison</b><br/><pre>bison (GNU Bison) 2.3
Written by Robert Corbett and Richard Stallman.

Copyright (C) 2006 Free Software Foundation, Inc.
This is free software; see the source for copying conditions.  There is NO
warranty; not even for MERCHANTABILITY or FITNESS FOR A PARTICULAR PURPOSE.</pre></td></tr>
      
        
        <tr>
          <td rowspan="3">netbsd32bit</td>
          <td><b>gcc</b><br/><pre>gcc (GCC) 4.1.3 20080704 prerelease (NetBSD nb2 20081120)
Copyright (C) 2006 Free Software Foundation, Inc.
This is free software; see the source for copying conditions.  There is NO
warranty; not even for MERCHANTABILITY or FITNESS FOR A PARTICULAR PURPOSE.</pre></td>
        </tr>
        <tr><td><b>make</b><br/><pre>GNU Make 3.82
Built for i386--netbsdelf
Copyright (C) 2010  Free Software Foundation, Inc.
License GPLv3+: GNU GPL version 3 or later <http://gnu.org/licenses/gpl.html>
This is free software: you are free to change and redistribute it.
There is NO WARRANTY, to the extent permitted by law.</pre></td></tr>
        <tr><td><b>bison</b><br/><pre>bison (GNU Bison) 2.5.1
Written by Robert Corbett and Richard Stallman.

Copyright (C) 2012 Free Software Foundation, Inc.
This is free software; see the source for copying conditions.  There is NO
warranty; not even for MERCHANTABILITY or FITNESS FOR A PARTICULAR PURPOSE.</pre></td></tr>
      
        
        <tr>
          <td rowspan="3">netbsd64bit</td>
          <td><b>gcc</b><br/><pre>gcc (GCC) 4.1.3 20080704 prerelease (NetBSD nb2 20081120)
Copyright (C) 2006 Free Software Foundation, Inc.
This is free software; see the source for copying conditions.  There is NO
warranty; not even for MERCHANTABILITY or FITNESS FOR A PARTICULAR PURPOSE.</pre></td>
        </tr>
        <tr><td><b>make</b><br/><pre>GNU Make 3.82
Built for x86_64--netbsd
Copyright (C) 2010  Free Software Foundation, Inc.
License GPLv3+: GNU GPL version 3 or later <http://gnu.org/licenses/gpl.html>
This is free software: you are free to change and redistribute it.
There is NO WARRANTY, to the extent permitted by law.</pre></td></tr>
        <tr><td><b>bison</b><br/><pre>bison (GNU Bison) 2.5.1
Written by Robert Corbett and Richard Stallman.

Copyright (C) 2012 Free Software Foundation, Inc.
This is free software; see the source for copying conditions.  There is NO
warranty; not even for MERCHANTABILITY or FITNESS FOR A PARTICULAR PURPOSE.</pre></td></tr>
      
        
        <tr>
          <td rowspan="3">netbsd_mips</td>
          <td><b>gcc</b><br/><pre></pre></td>
        </tr>
        <tr><td><b>make</b><br/><pre></pre></td></tr>
        <tr><td><b>bison</b><br/><pre></pre></td></tr>
      
        
        <tr>
          <td rowspan="3">openbsd32bit</td>
          <td><b>gcc</b><br/><pre>gcc (GCC) 4.2.1 20070719 
Copyright (C) 2007 Free Software Foundation, Inc.
This is free software; see the source for copying conditions.  There is NO
warranty; not even for MERCHANTABILITY or FITNESS FOR A PARTICULAR PURPOSE.</pre></td>
        </tr>
        <tr><td><b>make</b><br/><pre>GNU Make 3.82
Built for i386-unknown-openbsd5.1
Copyright (C) 2010  Free Software Foundation, Inc.
License GPLv3+: GNU GPL version 3 or later <http://gnu.org/licenses/gpl.html>
This is free software: you are free to change and redistribute it.
There is NO WARRANTY, to the extent permitted by law.</pre></td></tr>
        <tr><td><b>bison</b><br/><pre>bison (GNU Bison) 2.3
Written by Robert Corbett and Richard Stallman.

Copyright (C) 2006 Free Software Foundation, Inc.
This is free software; see the source for copying conditions.  There is NO
warranty; not even for MERCHANTABILITY or FITNESS FOR A PARTICULAR PURPOSE.</pre></td></tr>
      
        
        <tr>
          <td rowspan="3">openbsd64bit</td>
          <td><b>gcc</b><br/><pre>gcc (GCC) 4.2.1 20070719 
Copyright (C) 2007 Free Software Foundation, Inc.
This is free software; see the source for copying conditions.  There is NO
warranty; not even for MERCHANTABILITY or FITNESS FOR A PARTICULAR PURPOSE.</pre></td>
        </tr>
        <tr><td><b>make</b><br/><pre>GNU Make 3.82
Built for x86_64-unknown-openbsd5.1
Copyright (C) 2010  Free Software Foundation, Inc.
License GPLv3+: GNU GPL version 3 or later <http://gnu.org/licenses/gpl.html>
This is free software: you are free to change and redistribute it.
There is NO WARRANTY, to the extent permitted by law.</pre></td></tr>
        <tr><td><b>bison</b><br/><pre>bison (GNU Bison) 2.3
Written by Robert Corbett and Richard Stallman.

Copyright (C) 2006 Free Software Foundation, Inc.
This is free software; see the source for copying conditions.  There is NO
warranty; not even for MERCHANTABILITY or FITNESS FOR A PARTICULAR PURPOSE.</pre></td></tr>
      
        
        <tr>
          <td rowspan="3">ubuntu32bit</td>
          <td><b>gcc</b><br/><pre>gcc (Ubuntu/Linaro 4.6.3-1ubuntu5) 4.6.3
Copyright (C) 2011 Free Software Foundation, Inc.
This is free software; see the source for copying conditions.  There is NO
warranty; not even for MERCHANTABILITY or FITNESS FOR A PARTICULAR PURPOSE.</pre></td>
        </tr>
        <tr><td><b>make</b><br/><pre>GNU Make 3.81
Copyright (C) 2006  Free Software Foundation, Inc.
This is free software; see the source for copying conditions.
There is NO warranty; not even for MERCHANTABILITY or FITNESS FOR A
PARTICULAR PURPOSE.

This program built for i686-pc-linux-gnu</pre></td></tr>
        <tr><td><b>bison</b><br/><pre>bison (GNU Bison) 2.5
Written by Robert Corbett and Richard Stallman.

Copyright (C) 2011 Free Software Foundation, Inc.
This is free software; see the source for copying conditions.  There is NO
warranty; not even for MERCHANTABILITY or FITNESS FOR A PARTICULAR PURPOSE.</pre></td></tr>
      
        
        <tr>
          <td rowspan="3">ubuntu64bit</td>
          <td><b>gcc</b><br/><pre>gcc (Ubuntu/Linaro 4.6.3-1ubuntu5) 4.6.3
Copyright (C) 2011 Free Software Foundation, Inc.
This is free software; see the source for copying conditions.  There is NO
warranty; not even for MERCHANTABILITY or FITNESS FOR A PARTICULAR PURPOSE.</pre></td>
        </tr>
        <tr><td><b>make</b><br/><pre>GNU Make 3.81
Copyright (C) 2006  Free Software Foundation, Inc.
This is free software; see the source for copying conditions.
There is NO warranty; not even for MERCHANTABILITY or FITNESS FOR A
PARTICULAR PURPOSE.

This program built for x86_64-pc-linux-gnu</pre></td></tr>
        <tr><td><b>bison</b><br/><pre>bison (GNU Bison) 2.5
Written by Robert Corbett and Richard Stallman.

Copyright (C) 2011 Free Software Foundation, Inc.
This is free software; see the source for copying conditions.  There is NO
warranty; not even for MERCHANTABILITY or FITNESS FOR A PARTICULAR PURPOSE.</pre></td></tr>
      
    </table>

    <h2>Build Log</h2>
    
      
      <h3><a name="centos32bit">centos32bit</a> <span style="font-size:small;"><a href="#top">#top</a></span></h3>
      <table border='1' style="width:90%;">
        <tr>
          <th style="width:100px;">task</th>
          <th>stdout</th>
          <th>stderr</th>
        </tr>
        <tr>
          <th>make</th>
          <td><textarea>(in /home/mruby/mruby-test-tool/tmp/20130223122706-11530-build/mruby-mruby-9ea0b4b)
CC    tools/mruby/mruby.c -> build/host/tools/mruby/mruby.o
CC    src/etc.c -> build/host/src/etc.o
CC    src/crc.c -> build/host/src/crc.o
CC    src/numeric.c -> build/host/src/numeric.o
CC    src/class.c -> build/host/src/class.o
CC    src/range.c -> build/host/src/range.o
CC    src/codegen.c -> build/host/src/codegen.o
CC    src/compar.c -> build/host/src/compar.o
CC    src/variable.c -> build/host/src/variable.o
CC    src/state.c -> build/host/src/state.o
CC    src/proc.c -> build/host/src/proc.o
CC    src/math.c -> build/host/src/math.o
CC    src/load.c -> build/host/src/load.o
CC    src/sprintf.c -> build/host/src/sprintf.o
CC    src/gc.c -> build/host/src/gc.o
CC    src/symbol.c -> build/host/src/symbol.o
CC    src/error.c -> build/host/src/error.o
CC    src/hash.c -> build/host/src/hash.o
CC    src/enum.c -> build/host/src/enum.o
CC    src/time.c -> build/host/src/time.o
CC    src/kernel.c -> build/host/src/kernel.o
CC    src/string.c -> build/host/src/string.o
CC    src/re.c -> build/host/src/re.o
CC    src/pool.c -> build/host/src/pool.o
CC    src/dump.c -> build/host/src/dump.o
CC    src/st.c -> build/host/src/st.o
CC    src/print.c -> build/host/src/print.o
CC    src/vm.c -> build/host/src/vm.o
CC    src/struct.c -> build/host/src/struct.o
CC    src/array.c -> build/host/src/array.o
CC    src/init.c -> build/host/src/init.o
CC    src/object.c -> build/host/src/object.o
YACC  src/parse.y -> build/host/src/y.tab.c
CC    build/host/src/y.tab.c -> build/host/src/y.tab.o
CC    tools/mrbc/mrbc.c -> build/host/tools/mrbc/mrbc.o
AR    build/host/lib/libmruby_core.a 
LD    build/host/bin/mrbc 
GEN   *.rb -> build/host/mrblib/mrblib.c
      MRBC mrblib/range.rb 
      MRBC mrblib/class.rb 
      MRBC mrblib/compar.rb 
      MRBC mrblib/print.rb 
      MRBC mrblib/numeric.rb 
      MRBC mrblib/array.rb 
      MRBC mrblib/hash.rb 
      MRBC mrblib/string.rb 
      MRBC mrblib/error.rb 
      MRBC mrblib/enum.rb 
      MRBC mrblib/struct.rb 
      MRBC mrblib/kernel.rb 
CC    build/host/mrblib/mrblib.c -> build/host/mrblib/mrblib.o
AR    build/host/lib/libmruby.a 
LD    build/host/bin/mruby 
CC    tools/mirb/mirb.c -> build/host/tools/mirb/mirb.o
LD    build/host/bin/mirb 

Build summary:

================================================
      Config Name: host
 Output Directory: build/host
         Binaries: mruby, mrbc, mirb
================================================</textarea></td>
          <td><textarea>ar: creating build/host/lib/libmruby_core.a
ar: creating build/host/lib/libmruby.a</textarea></td>
        </tr>
        <tr>
          <th>make test</th>
          <td><textarea>(in /home/mruby/mruby-test-tool/tmp/20130223122706-11530-build/mruby-mruby-9ea0b4b)
CC    test/driver.c -> build/host/test/driver.o
GEN   *.rb -> build/host/test/mrbtest.c
      MRBC test/assert.rb 
      MRBC test/t/bs_block.rb 
      MRBC test/t/range.rb 
      MRBC test/t/proc.rb 
      MRBC test/t/runtimeerror.rb 
      MRBC test/t/class.rb 
      MRBC test/t/object.rb 
      MRBC test/t/argumenterror.rb 
      MRBC test/t/false.rb 
      MRBC test/t/gc.rb 
      MRBC test/t/localjumperror.rb 
      MRBC test/t/numeric.rb 
      MRBC test/t/array.rb 
      MRBC test/t/enumerable.rb 
      MRBC test/t/basicobject.rb 
      MRBC test/t/hash.rb 
      MRBC test/t/module.rb 
      MRBC test/t/syntax.rb 
      MRBC test/t/symbol.rb 
      MRBC test/t/true.rb 
      MRBC test/t/regexperror.rb 
      MRBC test/t/float.rb 
      MRBC test/t/comparable.rb 
      MRBC test/t/nomethoderror.rb 
      MRBC test/t/bs_literal.rb 
      MRBC test/t/literals.rb 
      MRBC test/t/time.rb 
      MRBC test/t/typeerror.rb 
      MRBC test/t/string.rb 
      MRBC test/t/nameerror.rb 
      MRBC test/t/math.rb 
      MRBC test/t/indexerror.rb 
      MRBC test/t/standarderror.rb 
      MRBC test/t/rangeerror.rb 
      MRBC test/t/struct.rb 
      MRBC test/t/integer.rb 
      MRBC test/t/exception.rb 
      MRBC test/t/nil.rb 
      MRBC test/t/kernel.rb 
CC    build/host/test/mrbtest.c -> build/host/test/mrbtest.o
AR    build/host/test/mrbtest.a 
LD    build/host/test/mrbtest 
>>> Test host <<<
mrbtest - Embeddable Ruby Test

This is a very early version, please test and report errors.
Thanks :)

.........................................................................................................................................................................................................................................................................................................................................................................................................................................................................................................................................
Total: 521
   OK: 521
   KO: 0
Crash: 0
 Time: 0.340261 seconds</textarea></td>
          <td><textarea>ar: creating build/host/test/mrbtest.a</textarea></td>
        </tr>
        
      </table>
    
      
      <h3><a name="centos64bit">centos64bit</a> <span style="font-size:small;"><a href="#top">#top</a></span></h3>
      <table border='1' style="width:90%;">
        <tr>
          <th style="width:100px;">task</th>
          <th>stdout</th>
          <th>stderr</th>
        </tr>
        <tr>
          <th>make</th>
          <td><textarea>(in /home/mruby/mruby-test-tool/tmp/20130223122706-11904-build/mruby-mruby-9ea0b4b)
CC    tools/mruby/mruby.c -> build/host/tools/mruby/mruby.o
CC    src/gc.c -> build/host/src/gc.o
CC    src/time.c -> build/host/src/time.o
CC    src/print.c -> build/host/src/print.o
CC    src/numeric.c -> build/host/src/numeric.o
CC    src/hash.c -> build/host/src/hash.o
CC    src/proc.c -> build/host/src/proc.o
CC    src/error.c -> build/host/src/error.o
CC    src/re.c -> build/host/src/re.o
CC    src/dump.c -> build/host/src/dump.o
CC    src/compar.c -> build/host/src/compar.o
CC    src/variable.c -> build/host/src/variable.o
CC    src/state.c -> build/host/src/state.o
CC    src/st.c -> build/host/src/st.o
CC    src/symbol.c -> build/host/src/symbol.o
CC    src/load.c -> build/host/src/load.o
CC    src/codegen.c -> build/host/src/codegen.o
CC    src/crc.c -> build/host/src/crc.o
CC    src/sprintf.c -> build/host/src/sprintf.o
CC    src/enum.c -> build/host/src/enum.o
CC    src/init.c -> build/host/src/init.o
CC    src/struct.c -> build/host/src/struct.o
CC    src/kernel.c -> build/host/src/kernel.o
CC    src/math.c -> build/host/src/math.o
CC    src/array.c -> build/host/src/array.o
CC    src/pool.c -> build/host/src/pool.o
CC    src/string.c -> build/host/src/string.o
CC    src/class.c -> build/host/src/class.o
CC    src/object.c -> build/host/src/object.o
CC    src/vm.c -> build/host/src/vm.o
CC    src/etc.c -> build/host/src/etc.o
CC    src/range.c -> build/host/src/range.o
YACC  src/parse.y -> build/host/src/y.tab.c
CC    build/host/src/y.tab.c -> build/host/src/y.tab.o
CC    tools/mrbc/mrbc.c -> build/host/tools/mrbc/mrbc.o
AR    build/host/lib/libmruby_core.a 
LD    build/host/bin/mrbc 
GEN   *.rb -> build/host/mrblib/mrblib.c
      MRBC mrblib/print.rb 
      MRBC mrblib/numeric.rb 
      MRBC mrblib/string.rb 
      MRBC mrblib/class.rb 
      MRBC mrblib/struct.rb 
      MRBC mrblib/hash.rb 
      MRBC mrblib/compar.rb 
      MRBC mrblib/range.rb 
      MRBC mrblib/error.rb 
      MRBC mrblib/enum.rb 
      MRBC mrblib/kernel.rb 
      MRBC mrblib/array.rb 
CC    build/host/mrblib/mrblib.c -> build/host/mrblib/mrblib.o
AR    build/host/lib/libmruby.a 
LD    build/host/bin/mruby 
CC    tools/mirb/mirb.c -> build/host/tools/mirb/mirb.o
LD    build/host/bin/mirb 

Build summary:

================================================
      Config Name: host
 Output Directory: build/host
         Binaries: mruby, mrbc, mirb
================================================</textarea></td>
          <td><textarea>ar: creating build/host/lib/libmruby_core.a
ar: creating build/host/lib/libmruby.a</textarea></td>
        </tr>
        <tr>
          <th>make test</th>
          <td><textarea>(in /home/mruby/mruby-test-tool/tmp/20130223122706-11904-build/mruby-mruby-9ea0b4b)
CC    test/driver.c -> build/host/test/driver.o
GEN   *.rb -> build/host/test/mrbtest.c
      MRBC test/assert.rb 
      MRBC test/t/indexerror.rb 
      MRBC test/t/symbol.rb 
      MRBC test/t/module.rb 
      MRBC test/t/basicobject.rb 
      MRBC test/t/syntax.rb 
      MRBC test/t/gc.rb 
      MRBC test/t/numeric.rb 
      MRBC test/t/regexperror.rb 
      MRBC test/t/string.rb 
      MRBC test/t/integer.rb 
      MRBC test/t/bs_literal.rb 
      MRBC test/t/math.rb 
      MRBC test/t/bs_block.rb 
      MRBC test/t/localjumperror.rb 
      MRBC test/t/rangeerror.rb 
      MRBC test/t/nomethoderror.rb 
      MRBC test/t/standarderror.rb 
      MRBC test/t/proc.rb 
      MRBC test/t/typeerror.rb 
      MRBC test/t/class.rb 
      MRBC test/t/struct.rb 
      MRBC test/t/argumenterror.rb 
      MRBC test/t/hash.rb 
      MRBC test/t/nil.rb 
      MRBC test/t/range.rb 
      MRBC test/t/runtimeerror.rb 
      MRBC test/t/false.rb 
      MRBC test/t/true.rb 
      MRBC test/t/nameerror.rb 
      MRBC test/t/object.rb 
      MRBC test/t/enumerable.rb 
      MRBC test/t/float.rb 
      MRBC test/t/exception.rb 
      MRBC test/t/kernel.rb 
      MRBC test/t/time.rb 
      MRBC test/t/array.rb 
      MRBC test/t/comparable.rb 
      MRBC test/t/literals.rb 
CC    build/host/test/mrbtest.c -> build/host/test/mrbtest.o
AR    build/host/test/mrbtest.a 
LD    build/host/test/mrbtest 
>>> Test host <<<
mrbtest - Embeddable Ruby Test

This is a very early version, please test and report errors.
Thanks :)

.........................................................................................................................................................................................................................................................................................................................................................................................................................................................................................................................................
Total: 521
   OK: 521
   KO: 0
Crash: 0
 Time: 0.776513 seconds</textarea></td>
          <td><textarea>ar: creating build/host/test/mrbtest.a</textarea></td>
        </tr>
        
      </table>
    
      
      <h3><a name="freebsd32bit">freebsd32bit</a> <span style="font-size:small;"><a href="#top">#top</a></span></h3>
      <table border='1' style="width:90%;">
        <tr>
          <th style="width:100px;">task</th>
          <th>stdout</th>
          <th>stderr</th>
        </tr>
        <tr>
          <th>make</th>
          <td><textarea>(in /usr/home/mruby/mruby-test-tool/tmp/20130223112247-29581-build/mruby-mruby-9ea0b4b)
CC    tools/mruby/mruby.c -> build/host/tools/mruby/mruby.o
CC    src/array.c -> build/host/src/array.o
CC    src/class.c -> build/host/src/class.o
CC    src/codegen.c -> build/host/src/codegen.o
CC    src/compar.c -> build/host/src/compar.o
CC    src/crc.c -> build/host/src/crc.o
CC    src/dump.c -> build/host/src/dump.o
CC    src/enum.c -> build/host/src/enum.o
CC    src/error.c -> build/host/src/error.o
CC    src/etc.c -> build/host/src/etc.o
CC    src/gc.c -> build/host/src/gc.o
CC    src/hash.c -> build/host/src/hash.o
CC    src/init.c -> build/host/src/init.o
CC    src/kernel.c -> build/host/src/kernel.o
CC    src/load.c -> build/host/src/load.o
CC    src/math.c -> build/host/src/math.o
CC    src/numeric.c -> build/host/src/numeric.o
CC    src/object.c -> build/host/src/object.o
CC    src/pool.c -> build/host/src/pool.o
CC    src/print.c -> build/host/src/print.o
CC    src/proc.c -> build/host/src/proc.o
CC    src/range.c -> build/host/src/range.o
CC    src/re.c -> build/host/src/re.o
CC    src/sprintf.c -> build/host/src/sprintf.o
CC    src/st.c -> build/host/src/st.o
CC    src/state.c -> build/host/src/state.o
CC    src/string.c -> build/host/src/string.o
CC    src/struct.c -> build/host/src/struct.o
CC    src/symbol.c -> build/host/src/symbol.o
CC    src/time.c -> build/host/src/time.o
CC    src/variable.c -> build/host/src/variable.o
CC    src/vm.c -> build/host/src/vm.o
YACC  src/parse.y -> build/host/src/y.tab.c
CC    build/host/src/y.tab.c -> build/host/src/y.tab.o
CC    tools/mrbc/mrbc.c -> build/host/tools/mrbc/mrbc.o
AR    build/host/lib/libmruby_core.a 
LD    build/host/bin/mrbc 
GEN   *.rb -> build/host/mrblib/mrblib.c
      MRBC mrblib/array.rb 
      MRBC mrblib/class.rb 
      MRBC mrblib/compar.rb 
      MRBC mrblib/enum.rb 
      MRBC mrblib/error.rb 
      MRBC mrblib/hash.rb 
      MRBC mrblib/kernel.rb 
      MRBC mrblib/numeric.rb 
      MRBC mrblib/print.rb 
      MRBC mrblib/range.rb 
      MRBC mrblib/string.rb 
      MRBC mrblib/struct.rb 
CC    build/host/mrblib/mrblib.c -> build/host/mrblib/mrblib.o
AR    build/host/lib/libmruby.a 
LD    build/host/bin/mruby 
CC    tools/mirb/mirb.c -> build/host/tools/mirb/mirb.o
LD    build/host/bin/mirb 

Build summary:

================================================
      Config Name: host
 Output Directory: build/host
         Binaries: mruby, mrbc, mirb
================================================</textarea></td>
          <td><textarea>src/dump.c: In function 'get_syms_block_size':
src/dump.c:283: warning: passing argument 1 of 'str_dump_len' discards qualifiers from pointer target type
src/dump.c: In function 'write_syms_block':
src/dump.c:423: warning: passing argument 1 of 'str_dump_len' discards qualifiers from pointer target type
src/dump.c:431: warning: passing argument 1 of 'str_dump' discards qualifiers from pointer target type
src/dump.c: In function 'write_irep_record':
src/dump.c:594: warning: 'crc' may be used uninitialized in this function
ar: warning: creating build/host/lib/libmruby_core.a
ar: warning: creating build/host/lib/libmruby.a</textarea></td>
        </tr>
        <tr>
          <th>make test</th>
          <td><textarea>(in /usr/home/mruby/mruby-test-tool/tmp/20130223112247-29581-build/mruby-mruby-9ea0b4b)
CC    test/driver.c -> build/host/test/driver.o
GEN   *.rb -> build/host/test/mrbtest.c
      MRBC test/assert.rb 
      MRBC test/t/argumenterror.rb 
      MRBC test/t/array.rb 
      MRBC test/t/basicobject.rb 
      MRBC test/t/bs_block.rb 
      MRBC test/t/bs_literal.rb 
      MRBC test/t/class.rb 
      MRBC test/t/comparable.rb 
      MRBC test/t/enumerable.rb 
      MRBC test/t/exception.rb 
      MRBC test/t/false.rb 
      MRBC test/t/float.rb 
      MRBC test/t/gc.rb 
      MRBC test/t/hash.rb 
      MRBC test/t/indexerror.rb 
      MRBC test/t/integer.rb 
      MRBC test/t/kernel.rb 
      MRBC test/t/literals.rb 
      MRBC test/t/localjumperror.rb 
      MRBC test/t/math.rb 
      MRBC test/t/module.rb 
      MRBC test/t/nameerror.rb 
      MRBC test/t/nil.rb 
      MRBC test/t/numeric.rb 
      MRBC test/t/nomethoderror.rb 
      MRBC test/t/object.rb 
      MRBC test/t/proc.rb 
      MRBC test/t/range.rb 
      MRBC test/t/rangeerror.rb 
      MRBC test/t/regexperror.rb 
      MRBC test/t/runtimeerror.rb 
      MRBC test/t/standarderror.rb 
      MRBC test/t/string.rb 
      MRBC test/t/struct.rb 
      MRBC test/t/symbol.rb 
      MRBC test/t/syntax.rb 
      MRBC test/t/time.rb 
      MRBC test/t/true.rb 
      MRBC test/t/typeerror.rb 
CC    build/host/test/mrbtest.c -> build/host/test/mrbtest.o
AR    build/host/test/mrbtest.a 
LD    build/host/test/mrbtest 
>>> Test host <<<
mrbtest - Embeddable Ruby Test

This is a very early version, please test and report errors.
Thanks :)

.........................................................................................................................................................................................................................................................................................................................................................................................................................................................................................................................................
Total: 521
   OK: 521
   KO: 0
Crash: 0
 Time: 0.221508 seconds</textarea></td>
          <td><textarea>ar: warning: creating build/host/test/mrbtest.a</textarea></td>
        </tr>
        
      </table>
    
      
      <h3><a name="freebsd64bit">freebsd64bit</a> <span style="font-size:small;"><a href="#top">#top</a></span></h3>
      <table border='1' style="width:90%;">
        <tr>
          <th style="width:100px;">task</th>
          <th>stdout</th>
          <th>stderr</th>
        </tr>
        <tr>
          <th>make</th>
          <td><textarea>(in /usr/home/mruby/mruby-test-tool/tmp/20130223112256-29165-build/mruby-mruby-9ea0b4b)
CC    tools/mruby/mruby.c -> build/host/tools/mruby/mruby.o
CC    src/array.c -> build/host/src/array.o
CC    src/class.c -> build/host/src/class.o
CC    src/codegen.c -> build/host/src/codegen.o
CC    src/compar.c -> build/host/src/compar.o
CC    src/crc.c -> build/host/src/crc.o
CC    src/dump.c -> build/host/src/dump.o
CC    src/enum.c -> build/host/src/enum.o
CC    src/error.c -> build/host/src/error.o
CC    src/etc.c -> build/host/src/etc.o
CC    src/gc.c -> build/host/src/gc.o
CC    src/hash.c -> build/host/src/hash.o
CC    src/init.c -> build/host/src/init.o
CC    src/kernel.c -> build/host/src/kernel.o
CC    src/load.c -> build/host/src/load.o
CC    src/math.c -> build/host/src/math.o
CC    src/numeric.c -> build/host/src/numeric.o
CC    src/object.c -> build/host/src/object.o
CC    src/pool.c -> build/host/src/pool.o
CC    src/print.c -> build/host/src/print.o
CC    src/proc.c -> build/host/src/proc.o
CC    src/range.c -> build/host/src/range.o
CC    src/re.c -> build/host/src/re.o
CC    src/sprintf.c -> build/host/src/sprintf.o
CC    src/st.c -> build/host/src/st.o
CC    src/state.c -> build/host/src/state.o
CC    src/string.c -> build/host/src/string.o
CC    src/struct.c -> build/host/src/struct.o
CC    src/symbol.c -> build/host/src/symbol.o
CC    src/time.c -> build/host/src/time.o
CC    src/variable.c -> build/host/src/variable.o
CC    src/vm.c -> build/host/src/vm.o
YACC  src/parse.y -> build/host/src/y.tab.c
CC    build/host/src/y.tab.c -> build/host/src/y.tab.o
CC    tools/mrbc/mrbc.c -> build/host/tools/mrbc/mrbc.o
AR    build/host/lib/libmruby_core.a 
LD    build/host/bin/mrbc 
GEN   *.rb -> build/host/mrblib/mrblib.c
      MRBC mrblib/array.rb 
      MRBC mrblib/class.rb 
      MRBC mrblib/compar.rb 
      MRBC mrblib/enum.rb 
      MRBC mrblib/error.rb 
      MRBC mrblib/hash.rb 
      MRBC mrblib/kernel.rb 
      MRBC mrblib/numeric.rb 
      MRBC mrblib/print.rb 
      MRBC mrblib/range.rb 
      MRBC mrblib/string.rb 
      MRBC mrblib/struct.rb 
CC    build/host/mrblib/mrblib.c -> build/host/mrblib/mrblib.o
AR    build/host/lib/libmruby.a 
LD    build/host/bin/mruby 
CC    tools/mirb/mirb.c -> build/host/tools/mirb/mirb.o
LD    build/host/bin/mirb 

Build summary:

================================================
      Config Name: host
 Output Directory: build/host
         Binaries: mruby, mrbc, mirb
================================================</textarea></td>
          <td><textarea>src/dump.c: In function 'get_syms_block_size':
src/dump.c:283: warning: passing argument 1 of 'str_dump_len' discards qualifiers from pointer target type
src/dump.c: In function 'write_syms_block':
src/dump.c:423: warning: passing argument 1 of 'str_dump_len' discards qualifiers from pointer target type
src/dump.c:431: warning: passing argument 1 of 'str_dump' discards qualifiers from pointer target type
src/dump.c: In function 'write_irep_record':
src/dump.c:594: warning: 'crc' may be used uninitialized in this function
ar: warning: creating build/host/lib/libmruby_core.a
ar: warning: creating build/host/lib/libmruby.a</textarea></td>
        </tr>
        <tr>
          <th>make test</th>
          <td><textarea>(in /usr/home/mruby/mruby-test-tool/tmp/20130223112256-29165-build/mruby-mruby-9ea0b4b)
CC    test/driver.c -> build/host/test/driver.o
GEN   *.rb -> build/host/test/mrbtest.c
      MRBC test/assert.rb 
      MRBC test/t/argumenterror.rb 
      MRBC test/t/array.rb 
      MRBC test/t/basicobject.rb 
      MRBC test/t/bs_block.rb 
      MRBC test/t/bs_literal.rb 
      MRBC test/t/class.rb 
      MRBC test/t/comparable.rb 
      MRBC test/t/enumerable.rb 
      MRBC test/t/exception.rb 
      MRBC test/t/false.rb 
      MRBC test/t/float.rb 
      MRBC test/t/gc.rb 
      MRBC test/t/hash.rb 
      MRBC test/t/indexerror.rb 
      MRBC test/t/integer.rb 
      MRBC test/t/kernel.rb 
      MRBC test/t/literals.rb 
      MRBC test/t/localjumperror.rb 
      MRBC test/t/math.rb 
      MRBC test/t/module.rb 
      MRBC test/t/nameerror.rb 
      MRBC test/t/nil.rb 
      MRBC test/t/numeric.rb 
      MRBC test/t/nomethoderror.rb 
      MRBC test/t/object.rb 
      MRBC test/t/proc.rb 
      MRBC test/t/range.rb 
      MRBC test/t/rangeerror.rb 
      MRBC test/t/regexperror.rb 
      MRBC test/t/runtimeerror.rb 
      MRBC test/t/standarderror.rb 
      MRBC test/t/string.rb 
      MRBC test/t/struct.rb 
      MRBC test/t/symbol.rb 
      MRBC test/t/syntax.rb 
      MRBC test/t/time.rb 
      MRBC test/t/true.rb 
      MRBC test/t/typeerror.rb 
CC    build/host/test/mrbtest.c -> build/host/test/mrbtest.o
AR    build/host/test/mrbtest.a 
LD    build/host/test/mrbtest 
>>> Test host <<<
mrbtest - Embeddable Ruby Test

This is a very early version, please test and report errors.
Thanks :)

.........................................................................................................................................................................................................................................................................................................................................................................................................................................................................................................................................
Total: 521
   OK: 521
   KO: 0
Crash: 0
 Time: 1.168108 seconds</textarea></td>
          <td><textarea>ar: warning: creating build/host/test/mrbtest.a</textarea></td>
        </tr>
        
      </table>
    
      
      <h3><a name="mac-lion">mac-lion</a> <span style="font-size:small;"><a href="#top">#top</a></span></h3>
      <table border='1' style="width:90%;">
        <tr>
          <th style="width:100px;">task</th>
          <th>stdout</th>
          <th>stderr</th>
        </tr>
        <tr>
          <th>make</th>
          <td><textarea>(in /Users/mruby/mruby-test-tool/tmp/20130223122850-41995-build/mruby-mruby-9ea0b4b)
CC    tools/mruby/mruby.c -> build/host/tools/mruby/mruby.o
CC    src/array.c -> build/host/src/array.o
CC    src/class.c -> build/host/src/class.o
CC    src/codegen.c -> build/host/src/codegen.o
CC    src/compar.c -> build/host/src/compar.o
CC    src/crc.c -> build/host/src/crc.o
CC    src/dump.c -> build/host/src/dump.o
CC    src/enum.c -> build/host/src/enum.o
CC    src/error.c -> build/host/src/error.o
CC    src/etc.c -> build/host/src/etc.o
CC    src/gc.c -> build/host/src/gc.o
CC    src/hash.c -> build/host/src/hash.o
CC    src/init.c -> build/host/src/init.o
CC    src/kernel.c -> build/host/src/kernel.o
CC    src/load.c -> build/host/src/load.o
CC    src/math.c -> build/host/src/math.o
CC    src/numeric.c -> build/host/src/numeric.o
CC    src/object.c -> build/host/src/object.o
CC    src/pool.c -> build/host/src/pool.o
CC    src/print.c -> build/host/src/print.o
CC    src/proc.c -> build/host/src/proc.o
CC    src/range.c -> build/host/src/range.o
CC    src/re.c -> build/host/src/re.o
CC    src/sprintf.c -> build/host/src/sprintf.o
CC    src/st.c -> build/host/src/st.o
CC    src/state.c -> build/host/src/state.o
CC    src/string.c -> build/host/src/string.o
CC    src/struct.c -> build/host/src/struct.o
CC    src/symbol.c -> build/host/src/symbol.o
CC    src/time.c -> build/host/src/time.o
CC    src/variable.c -> build/host/src/variable.o
CC    src/vm.c -> build/host/src/vm.o
YACC  src/parse.y -> build/host/src/y.tab.c
CC    build/host/src/y.tab.c -> build/host/src/y.tab.o
CC    tools/mrbc/mrbc.c -> build/host/tools/mrbc/mrbc.o
AR    build/host/lib/libmruby_core.a 
LD    build/host/bin/mrbc 
GEN   *.rb -> build/host/mrblib/mrblib.c
      MRBC mrblib/array.rb 
      MRBC mrblib/class.rb 
      MRBC mrblib/compar.rb 
      MRBC mrblib/enum.rb 
      MRBC mrblib/error.rb 
      MRBC mrblib/hash.rb 
      MRBC mrblib/kernel.rb 
      MRBC mrblib/numeric.rb 
      MRBC mrblib/print.rb 
      MRBC mrblib/range.rb 
      MRBC mrblib/string.rb 
      MRBC mrblib/struct.rb 
CC    build/host/mrblib/mrblib.c -> build/host/mrblib/mrblib.o
AR    build/host/lib/libmruby.a 
LD    build/host/bin/mruby 
CC    tools/mirb/mirb.c -> build/host/tools/mirb/mirb.o
LD    build/host/bin/mirb 

Build summary:

================================================
      Config Name: host
 Output Directory: build/host
         Binaries: mruby, mrbc, mirb
================================================</textarea></td>
          <td><textarea>ar: creating archive build/host/lib/libmruby_core.a
ar: creating archive build/host/lib/libmruby.a</textarea></td>
        </tr>
        <tr>
          <th>make test</th>
          <td><textarea>(in /Users/mruby/mruby-test-tool/tmp/20130223122850-41995-build/mruby-mruby-9ea0b4b)
CC    test/driver.c -> build/host/test/driver.o
GEN   *.rb -> build/host/test/mrbtest.c
      MRBC test/assert.rb 
      MRBC test/t/argumenterror.rb 
      MRBC test/t/array.rb 
      MRBC test/t/basicobject.rb 
      MRBC test/t/bs_block.rb 
      MRBC test/t/bs_literal.rb 
      MRBC test/t/class.rb 
      MRBC test/t/comparable.rb 
      MRBC test/t/enumerable.rb 
      MRBC test/t/exception.rb 
      MRBC test/t/false.rb 
      MRBC test/t/float.rb 
      MRBC test/t/gc.rb 
      MRBC test/t/hash.rb 
      MRBC test/t/indexerror.rb 
      MRBC test/t/integer.rb 
      MRBC test/t/kernel.rb 
      MRBC test/t/literals.rb 
      MRBC test/t/localjumperror.rb 
      MRBC test/t/math.rb 
      MRBC test/t/module.rb 
      MRBC test/t/nameerror.rb 
      MRBC test/t/nil.rb 
      MRBC test/t/nomethoderror.rb 
      MRBC test/t/numeric.rb 
      MRBC test/t/object.rb 
      MRBC test/t/proc.rb 
      MRBC test/t/range.rb 
      MRBC test/t/rangeerror.rb 
      MRBC test/t/regexperror.rb 
      MRBC test/t/runtimeerror.rb 
      MRBC test/t/standarderror.rb 
      MRBC test/t/string.rb 
      MRBC test/t/struct.rb 
      MRBC test/t/symbol.rb 
      MRBC test/t/syntax.rb 
      MRBC test/t/time.rb 
      MRBC test/t/true.rb 
      MRBC test/t/typeerror.rb 
CC    build/host/test/mrbtest.c -> build/host/test/mrbtest.o
AR    build/host/test/mrbtest.a 
LD    build/host/test/mrbtest 
>>> Test host <<<
mrbtest - Embeddable Ruby Test

This is a very early version, please test and report errors.
Thanks :)

.........................................................................................................................................................................................................................................................................................................................................................................................................................................................................................................................................
Total: 521
   OK: 521
   KO: 0
Crash: 0
 Time: 1.057693 seconds</textarea></td>
          <td><textarea>ar: creating archive build/host/test/mrbtest.a</textarea></td>
        </tr>
        
      </table>
    
      
      <h3><a name="mac-ppc">mac-ppc</a> <span style="font-size:small;"><a href="#top">#top</a></span></h3>
      <table border='1' style="width:90%;">
        <tr>
          <th style="width:100px;">task</th>
          <th>stdout</th>
          <th>stderr</th>
        </tr>
        <tr>
          <th>make</th>
          <td><textarea>(in /Users/mruby/mruby-test-tool/tmp/20130223122848-26106-build/mruby-mruby-9ea0b4b)
CC    tools/mruby/mruby.c -> build/host/tools/mruby/mruby.o
CC    src/array.c -> build/host/src/array.o
CC    src/class.c -> build/host/src/class.o
CC    src/codegen.c -> build/host/src/codegen.o
CC    src/compar.c -> build/host/src/compar.o
CC    src/crc.c -> build/host/src/crc.o
CC    src/dump.c -> build/host/src/dump.o
CC    src/enum.c -> build/host/src/enum.o
CC    src/error.c -> build/host/src/error.o
CC    src/etc.c -> build/host/src/etc.o
CC    src/gc.c -> build/host/src/gc.o
CC    src/hash.c -> build/host/src/hash.o
CC    src/init.c -> build/host/src/init.o
CC    src/kernel.c -> build/host/src/kernel.o
CC    src/load.c -> build/host/src/load.o
CC    src/math.c -> build/host/src/math.o
CC    src/numeric.c -> build/host/src/numeric.o
CC    src/object.c -> build/host/src/object.o
CC    src/pool.c -> build/host/src/pool.o
CC    src/print.c -> build/host/src/print.o
CC    src/proc.c -> build/host/src/proc.o
CC    src/range.c -> build/host/src/range.o
CC    src/re.c -> build/host/src/re.o
CC    src/sprintf.c -> build/host/src/sprintf.o
CC    src/st.c -> build/host/src/st.o
CC    src/state.c -> build/host/src/state.o
CC    src/string.c -> build/host/src/string.o
CC    src/struct.c -> build/host/src/struct.o
CC    src/symbol.c -> build/host/src/symbol.o
CC    src/time.c -> build/host/src/time.o
CC    src/variable.c -> build/host/src/variable.o
CC    src/vm.c -> build/host/src/vm.o
YACC  src/parse.y -> build/host/src/y.tab.c
CC    build/host/src/y.tab.c -> build/host/src/y.tab.o
CC    tools/mrbc/mrbc.c -> build/host/tools/mrbc/mrbc.o
AR    build/host/lib/libmruby_core.a 
LD    build/host/bin/mrbc 
GEN   *.rb -> build/host/mrblib/mrblib.c
      MRBC mrblib/array.rb 
      MRBC mrblib/class.rb 
      MRBC mrblib/compar.rb 
      MRBC mrblib/enum.rb 
      MRBC mrblib/error.rb 
      MRBC mrblib/hash.rb 
      MRBC mrblib/kernel.rb 
      MRBC mrblib/numeric.rb 
      MRBC mrblib/print.rb 
      MRBC mrblib/range.rb 
      MRBC mrblib/string.rb 
      MRBC mrblib/struct.rb 
CC    build/host/mrblib/mrblib.c -> build/host/mrblib/mrblib.o
AR    build/host/lib/libmruby.a 
LD    build/host/bin/mruby 
CC    tools/mirb/mirb.c -> build/host/tools/mirb/mirb.o
LD    build/host/bin/mirb 

Build summary:

================================================
      Config Name: host
 Output Directory: build/host
         Binaries: mruby, mrbc, mirb
================================================</textarea></td>
          <td><textarea>In file included from src/parse.y:3546:
src/keywords:77: warning: '__gnu_inline__' attribute directive ignored
build/host/src/y.tab.c: In function 'yyparse':
src/parse.y:4374: warning: 'beg' may be used uninitialized in this function
ar: creating archive build/host/lib/libmruby_core.a
ar: creating archive build/host/lib/libmruby.a</textarea></td>
        </tr>
        <tr>
          <th>make test</th>
          <td><textarea>(in /Users/mruby/mruby-test-tool/tmp/20130223122848-26106-build/mruby-mruby-9ea0b4b)
CC    test/driver.c -> build/host/test/driver.o
GEN   *.rb -> build/host/test/mrbtest.c
      MRBC test/assert.rb 
      MRBC test/t/argumenterror.rb 
      MRBC test/t/array.rb 
      MRBC test/t/basicobject.rb 
      MRBC test/t/bs_block.rb 
      MRBC test/t/bs_literal.rb 
      MRBC test/t/class.rb 
      MRBC test/t/comparable.rb 
      MRBC test/t/enumerable.rb 
      MRBC test/t/exception.rb 
      MRBC test/t/false.rb 
      MRBC test/t/float.rb 
      MRBC test/t/gc.rb 
      MRBC test/t/hash.rb 
      MRBC test/t/indexerror.rb 
      MRBC test/t/integer.rb 
      MRBC test/t/kernel.rb 
      MRBC test/t/literals.rb 
      MRBC test/t/localjumperror.rb 
      MRBC test/t/math.rb 
      MRBC test/t/module.rb 
      MRBC test/t/nameerror.rb 
      MRBC test/t/nil.rb 
      MRBC test/t/nomethoderror.rb 
      MRBC test/t/numeric.rb 
      MRBC test/t/object.rb 
      MRBC test/t/proc.rb 
      MRBC test/t/range.rb 
      MRBC test/t/rangeerror.rb 
      MRBC test/t/regexperror.rb 
      MRBC test/t/runtimeerror.rb 
      MRBC test/t/standarderror.rb 
      MRBC test/t/string.rb 
      MRBC test/t/struct.rb 
      MRBC test/t/symbol.rb 
      MRBC test/t/syntax.rb 
      MRBC test/t/time.rb 
      MRBC test/t/true.rb 
      MRBC test/t/typeerror.rb 
CC    build/host/test/mrbtest.c -> build/host/test/mrbtest.o
AR    build/host/test/mrbtest.a 
LD    build/host/test/mrbtest 
>>> Test host <<<
mrbtest - Embeddable Ruby Test

This is a very early version, please test and report errors.
Thanks :)

.........................................................................................................................................................................................................................................................................................................................................................................................................................................................................................................................................
Total: 521
   OK: 521
   KO: 0
Crash: 0
 Time: 5.356785 seconds</textarea></td>
          <td><textarea>ar: creating archive build/host/test/mrbtest.a</textarea></td>
        </tr>
        
      </table>
    
      
      <h3><a name="netbsd32bit">netbsd32bit</a> <span style="font-size:small;"><a href="#top">#top</a></span></h3>
      <table border='1' style="width:90%;">
        <tr>
          <th style="width:100px;">task</th>
          <th>stdout</th>
          <th>stderr</th>
        </tr>
        <tr>
          <th>make</th>
          <td><textarea>(in /home/mruby/mruby-test-tool/tmp/20130223122750-17145-build/mruby-mruby-9ea0b4b)
CC    tools/mruby/mruby.c -> build/host/tools/mruby/mruby.o
CC    src/array.c -> build/host/src/array.o
CC    src/class.c -> build/host/src/class.o
CC    src/codegen.c -> build/host/src/codegen.o
CC    src/compar.c -> build/host/src/compar.o
CC    src/crc.c -> build/host/src/crc.o
CC    src/dump.c -> build/host/src/dump.o
CC    src/enum.c -> build/host/src/enum.o
CC    src/error.c -> build/host/src/error.o
CC    src/etc.c -> build/host/src/etc.o
CC    src/gc.c -> build/host/src/gc.o
CC    src/hash.c -> build/host/src/hash.o
CC    src/init.c -> build/host/src/init.o
CC    src/kernel.c -> build/host/src/kernel.o
CC    src/load.c -> build/host/src/load.o
CC    src/math.c -> build/host/src/math.o
CC    src/numeric.c -> build/host/src/numeric.o
CC    src/object.c -> build/host/src/object.o
CC    src/pool.c -> build/host/src/pool.o
CC    src/print.c -> build/host/src/print.o
CC    src/proc.c -> build/host/src/proc.o
CC    src/range.c -> build/host/src/range.o
CC    src/re.c -> build/host/src/re.o
CC    src/sprintf.c -> build/host/src/sprintf.o
CC    src/st.c -> build/host/src/st.o
CC    src/state.c -> build/host/src/state.o
CC    src/string.c -> build/host/src/string.o
CC    src/struct.c -> build/host/src/struct.o
CC    src/symbol.c -> build/host/src/symbol.o
CC    src/time.c -> build/host/src/time.o
CC    src/variable.c -> build/host/src/variable.o
CC    src/vm.c -> build/host/src/vm.o
YACC  src/parse.y -> build/host/src/y.tab.c
CC    build/host/src/y.tab.c -> build/host/src/y.tab.o
CC    tools/mrbc/mrbc.c -> build/host/tools/mrbc/mrbc.o
AR    build/host/lib/libmruby_core.a 
LD    build/host/bin/mrbc 
GEN   *.rb -> build/host/mrblib/mrblib.c
      MRBC mrblib/array.rb 
      MRBC mrblib/class.rb 
      MRBC mrblib/compar.rb 
      MRBC mrblib/enum.rb 
      MRBC mrblib/error.rb 
      MRBC mrblib/hash.rb 
      MRBC mrblib/kernel.rb 
      MRBC mrblib/numeric.rb 
      MRBC mrblib/print.rb 
      MRBC mrblib/range.rb 
      MRBC mrblib/string.rb 
      MRBC mrblib/struct.rb 
CC    build/host/mrblib/mrblib.c -> build/host/mrblib/mrblib.o
AR    build/host/lib/libmruby.a 
LD    build/host/bin/mruby 
CC    tools/mirb/mirb.c -> build/host/tools/mirb/mirb.o
LD    build/host/bin/mirb 

Build summary:

================================================
      Config Name: host
 Output Directory: build/host
         Binaries: mruby, mrbc, mirb
================================================</textarea></td>
          <td><textarea>ar: creating build/host/lib/libmruby_core.a
ar: creating build/host/lib/libmruby.a</textarea></td>
        </tr>
        <tr>
          <th>make test</th>
          <td><textarea>(in /home/mruby/mruby-test-tool/tmp/20130223122750-17145-build/mruby-mruby-9ea0b4b)
CC    test/driver.c -> build/host/test/driver.o
GEN   *.rb -> build/host/test/mrbtest.c
      MRBC test/assert.rb 
      MRBC test/t/argumenterror.rb 
      MRBC test/t/array.rb 
      MRBC test/t/basicobject.rb 
      MRBC test/t/bs_block.rb 
      MRBC test/t/bs_literal.rb 
      MRBC test/t/class.rb 
      MRBC test/t/comparable.rb 
      MRBC test/t/enumerable.rb 
      MRBC test/t/exception.rb 
      MRBC test/t/false.rb 
      MRBC test/t/float.rb 
      MRBC test/t/gc.rb 
      MRBC test/t/hash.rb 
      MRBC test/t/indexerror.rb 
      MRBC test/t/integer.rb 
      MRBC test/t/kernel.rb 
      MRBC test/t/literals.rb 
      MRBC test/t/localjumperror.rb 
      MRBC test/t/math.rb 
      MRBC test/t/module.rb 
      MRBC test/t/nameerror.rb 
      MRBC test/t/nil.rb 
      MRBC test/t/numeric.rb 
      MRBC test/t/nomethoderror.rb 
      MRBC test/t/object.rb 
      MRBC test/t/proc.rb 
      MRBC test/t/range.rb 
      MRBC test/t/rangeerror.rb 
      MRBC test/t/regexperror.rb 
      MRBC test/t/runtimeerror.rb 
      MRBC test/t/standarderror.rb 
      MRBC test/t/string.rb 
      MRBC test/t/struct.rb 
      MRBC test/t/symbol.rb 
      MRBC test/t/syntax.rb 
      MRBC test/t/time.rb 
      MRBC test/t/true.rb 
      MRBC test/t/typeerror.rb 
CC    build/host/test/mrbtest.c -> build/host/test/mrbtest.o
AR    build/host/test/mrbtest.a 
LD    build/host/test/mrbtest 
>>> Test host <<<
mrbtest - Embeddable Ruby Test

This is a very early version, please test and report errors.
Thanks :)

.........................................................................................................................................................................................................................................................................................................................................................................................................................................................................................................................................
Total: 521
   OK: 521
   KO: 0
Crash: 0
 Time: 0.472123 seconds</textarea></td>
          <td><textarea>ar: creating build/host/test/mrbtest.a</textarea></td>
        </tr>
        
      </table>
    
      
      <h3><a name="netbsd64bit">netbsd64bit</a> <span style="font-size:small;"><a href="#top">#top</a></span></h3>
      <table border='1' style="width:90%;">
        <tr>
          <th style="width:100px;">task</th>
          <th>stdout</th>
          <th>stderr</th>
        </tr>
        <tr>
          <th>make</th>
          <td><textarea>(in /home/mruby/mruby-test-tool/tmp/20130223122750-15660-build/mruby-mruby-9ea0b4b)
CC    tools/mruby/mruby.c -> build/host/tools/mruby/mruby.o
CC    src/array.c -> build/host/src/array.o
CC    src/class.c -> build/host/src/class.o
CC    src/codegen.c -> build/host/src/codegen.o
CC    src/compar.c -> build/host/src/compar.o
CC    src/crc.c -> build/host/src/crc.o
CC    src/dump.c -> build/host/src/dump.o
CC    src/enum.c -> build/host/src/enum.o
CC    src/error.c -> build/host/src/error.o
CC    src/etc.c -> build/host/src/etc.o
CC    src/gc.c -> build/host/src/gc.o
CC    src/hash.c -> build/host/src/hash.o
CC    src/init.c -> build/host/src/init.o
CC    src/kernel.c -> build/host/src/kernel.o
CC    src/load.c -> build/host/src/load.o
CC    src/math.c -> build/host/src/math.o
CC    src/numeric.c -> build/host/src/numeric.o
CC    src/object.c -> build/host/src/object.o
CC    src/pool.c -> build/host/src/pool.o
CC    src/print.c -> build/host/src/print.o
CC    src/proc.c -> build/host/src/proc.o
CC    src/range.c -> build/host/src/range.o
CC    src/re.c -> build/host/src/re.o
CC    src/sprintf.c -> build/host/src/sprintf.o
CC    src/st.c -> build/host/src/st.o
CC    src/state.c -> build/host/src/state.o
CC    src/string.c -> build/host/src/string.o
CC    src/struct.c -> build/host/src/struct.o
CC    src/symbol.c -> build/host/src/symbol.o
CC    src/time.c -> build/host/src/time.o
CC    src/variable.c -> build/host/src/variable.o
CC    src/vm.c -> build/host/src/vm.o
YACC  src/parse.y -> build/host/src/y.tab.c
CC    build/host/src/y.tab.c -> build/host/src/y.tab.o
CC    tools/mrbc/mrbc.c -> build/host/tools/mrbc/mrbc.o
AR    build/host/lib/libmruby_core.a 
LD    build/host/bin/mrbc 
GEN   *.rb -> build/host/mrblib/mrblib.c
      MRBC mrblib/array.rb 
      MRBC mrblib/class.rb 
      MRBC mrblib/compar.rb 
      MRBC mrblib/enum.rb 
      MRBC mrblib/error.rb 
      MRBC mrblib/hash.rb 
      MRBC mrblib/kernel.rb 
      MRBC mrblib/numeric.rb 
      MRBC mrblib/print.rb 
      MRBC mrblib/range.rb 
      MRBC mrblib/string.rb 
      MRBC mrblib/struct.rb 
CC    build/host/mrblib/mrblib.c -> build/host/mrblib/mrblib.o
AR    build/host/lib/libmruby.a 
LD    build/host/bin/mruby 
CC    tools/mirb/mirb.c -> build/host/tools/mirb/mirb.o
LD    build/host/bin/mirb 

Build summary:

================================================
      Config Name: host
 Output Directory: build/host
         Binaries: mruby, mrbc, mirb
================================================</textarea></td>
          <td><textarea>ar: creating build/host/lib/libmruby_core.a
ar: creating build/host/lib/libmruby.a</textarea></td>
        </tr>
        <tr>
          <th>make test</th>
          <td><textarea>(in /home/mruby/mruby-test-tool/tmp/20130223122750-15660-build/mruby-mruby-9ea0b4b)
CC    test/driver.c -> build/host/test/driver.o
GEN   *.rb -> build/host/test/mrbtest.c
      MRBC test/assert.rb 
      MRBC test/t/argumenterror.rb 
      MRBC test/t/array.rb 
      MRBC test/t/basicobject.rb 
      MRBC test/t/bs_block.rb 
      MRBC test/t/bs_literal.rb 
      MRBC test/t/class.rb 
      MRBC test/t/comparable.rb 
      MRBC test/t/enumerable.rb 
      MRBC test/t/exception.rb 
      MRBC test/t/false.rb 
      MRBC test/t/float.rb 
      MRBC test/t/gc.rb 
      MRBC test/t/hash.rb 
      MRBC test/t/indexerror.rb 
      MRBC test/t/integer.rb 
      MRBC test/t/kernel.rb 
      MRBC test/t/literals.rb 
      MRBC test/t/localjumperror.rb 
      MRBC test/t/math.rb 
      MRBC test/t/module.rb 
      MRBC test/t/nameerror.rb 
      MRBC test/t/nil.rb 
      MRBC test/t/numeric.rb 
      MRBC test/t/nomethoderror.rb 
      MRBC test/t/object.rb 
      MRBC test/t/proc.rb 
      MRBC test/t/range.rb 
      MRBC test/t/rangeerror.rb 
      MRBC test/t/regexperror.rb 
      MRBC test/t/runtimeerror.rb 
      MRBC test/t/standarderror.rb 
      MRBC test/t/string.rb 
      MRBC test/t/struct.rb 
      MRBC test/t/symbol.rb 
      MRBC test/t/syntax.rb 
      MRBC test/t/time.rb 
      MRBC test/t/true.rb 
      MRBC test/t/typeerror.rb 
CC    build/host/test/mrbtest.c -> build/host/test/mrbtest.o
AR    build/host/test/mrbtest.a 
LD    build/host/test/mrbtest 
>>> Test host <<<
mrbtest - Embeddable Ruby Test

This is a very early version, please test and report errors.
Thanks :)

.........................................................................................................................................................................................................................................................................................................................................................................................................................................................................................................................................
Total: 521
   OK: 521
   KO: 0
Crash: 0
 Time: 0.665586 seconds</textarea></td>
          <td><textarea>ar: creating build/host/test/mrbtest.a</textarea></td>
        </tr>
        
      </table>
    
      
      <h3><a name="netbsd_mips">netbsd_mips</a> <span style="font-size:small;"><a href="#top">#top</a></span></h3>
      <table border='1' style="width:90%;">
        <tr>
          <th style="width:100px;">task</th>
          <th>stdout</th>
          <th>stderr</th>
        </tr>
        <tr>
          <th>make</th>
          <td><textarea>(in /home/mruby/mips/mruby-mruby-9ea0b4b)
CC    tools/mruby/mruby.c -> build/host/tools/mruby/mruby.o
CC    src/range.c -> build/host/src/range.o
CC    src/array.c -> build/host/src/array.o
CC    src/numeric.c -> build/host/src/numeric.o
CC    src/pool.c -> build/host/src/pool.o
CC    src/compar.c -> build/host/src/compar.o
CC    src/crc.c -> build/host/src/crc.o
CC    src/proc.c -> build/host/src/proc.o
CC    src/math.c -> build/host/src/math.o
CC    src/state.c -> build/host/src/state.o
CC    src/print.c -> build/host/src/print.o
CC    src/vm.c -> build/host/src/vm.o
CC    src/class.c -> build/host/src/class.o
CC    src/load.c -> build/host/src/load.o
CC    src/codegen.c -> build/host/src/codegen.o
CC    src/symbol.c -> build/host/src/symbol.o
CC    src/etc.c -> build/host/src/etc.o
CC    src/gc.c -> build/host/src/gc.o
CC    src/st.c -> build/host/src/st.o
CC    src/struct.c -> build/host/src/struct.o
CC    src/init.c -> build/host/src/init.o
CC    src/dump.c -> build/host/src/dump.o
CC    src/kernel.c -> build/host/src/kernel.o
CC    src/hash.c -> build/host/src/hash.o
CC    src/string.c -> build/host/src/string.o
CC    src/sprintf.c -> build/host/src/sprintf.o
CC    src/variable.c -> build/host/src/variable.o
CC    src/object.c -> build/host/src/object.o
CC    src/time.c -> build/host/src/time.o
CC    src/enum.c -> build/host/src/enum.o
CC    src/error.c -> build/host/src/error.o
CC    src/re.c -> build/host/src/re.o
YACC  src/parse.y -> build/host/src/y.tab.c
CC    build/host/src/y.tab.c -> build/host/src/y.tab.o
CC    tools/mrbc/mrbc.c -> build/host/tools/mrbc/mrbc.o
AR    build/host/lib/libmruby_core.a 
LD    build/host/bin/mrbc 
GEN   *.rb -> build/host/mrblib/mrblib.c
      MRBC mrblib/kernel.rb 
      MRBC mrblib/compar.rb 
      MRBC mrblib/hash.rb 
      MRBC mrblib/numeric.rb 
      MRBC mrblib/class.rb 
      MRBC mrblib/string.rb 
      MRBC mrblib/enum.rb 
      MRBC mrblib/print.rb 
      MRBC mrblib/array.rb 
      MRBC mrblib/range.rb 
      MRBC mrblib/error.rb 
      MRBC mrblib/struct.rb 
CC    build/host/mrblib/mrblib.c -> build/host/mrblib/mrblib.o
AR    build/host/lib/libmruby.a 
LD    build/host/bin/mruby 
CC    tools/mirb/mirb.c -> build/host/tools/mirb/mirb.o
LD    build/host/bin/mirb 

Build summary:

================================================
      Config Name: host
 Output Directory: build/host
         Binaries: mruby, mrbc, mirb
================================================

</textarea></td>
          <td><textarea>ar: creating build/host/lib/libmruby_core.a
ar: creating build/host/lib/libmruby.a
</textarea></td>
        </tr>
        <tr>
          <th>make test</th>
          <td><textarea>(in /home/mruby/mips/mruby-mruby-9ea0b4b)
CC    test/driver.c -> build/host/test/driver.o
GEN   *.rb -> build/host/test/mrbtest.c
      MRBC test/assert.rb 
      MRBC test/t/module.rb 
      MRBC test/t/math.rb 
      MRBC test/t/kernel.rb 
      MRBC test/t/integer.rb 
      MRBC test/t/gc.rb 
      MRBC test/t/standarderror.rb 
      MRBC test/t/basicobject.rb 
      MRBC test/t/object.rb 
      MRBC test/t/hash.rb 
      MRBC test/t/comparable.rb 
      MRBC test/t/exception.rb 
      MRBC test/t/numeric.rb 
      MRBC test/t/bs_literal.rb 
      MRBC test/t/false.rb 
      MRBC test/t/float.rb 
      MRBC test/t/class.rb 
      MRBC test/t/nomethoderror.rb 
      MRBC test/t/true.rb 
      MRBC test/t/nil.rb 
      MRBC test/t/rangeerror.rb 
      MRBC test/t/typeerror.rb 
      MRBC test/t/proc.rb 
      MRBC test/t/literals.rb 
      MRBC test/t/indexerror.rb 
      MRBC test/t/nameerror.rb 
      MRBC test/t/bs_block.rb 
      MRBC test/t/regexperror.rb 
      MRBC test/t/string.rb 
      MRBC test/t/argumenterror.rb 
      MRBC test/t/runtimeerror.rb 
      MRBC test/t/array.rb 
      MRBC test/t/range.rb 
      MRBC test/t/syntax.rb 
      MRBC test/t/localjumperror.rb 
      MRBC test/t/struct.rb 
      MRBC test/t/symbol.rb 
      MRBC test/t/enumerable.rb 
      MRBC test/t/time.rb 
CC    build/host/test/mrbtest.c -> build/host/test/mrbtest.o
AR    build/host/test/mrbtest.a 
LD    build/host/test/mrbtest 
>>> Test host <<<
mrbtest - Embeddable Ruby Test

This is a very early version, please test and report errors.
Thanks :)

.........................................................................................................................................................................................................................................................................................................................................................................................................................................................................................................................................
Total: 521
   OK: 521
   KO: 0
Crash: 0
 Time: 19.198807 seconds

</textarea></td>
          <td><textarea>ar: creating build/host/test/mrbtest.a
</textarea></td>
        </tr>
        
      </table>
    
      
      <h3><a name="openbsd32bit">openbsd32bit</a> <span style="font-size:small;"><a href="#top">#top</a></span></h3>
      <table border='1' style="width:90%;">
        <tr>
          <th style="width:100px;">task</th>
          <th>stdout</th>
          <th>stderr</th>
        </tr>
        <tr>
          <th>make</th>
          <td><textarea>(in /home/mruby/mruby-test-tool/tmp/20130223122848-25766-build/mruby-mruby-9ea0b4b)
CC    tools/mruby/mruby.c -> build/host/tools/mruby/mruby.o
CC    src/array.c -> build/host/src/array.o
CC    src/class.c -> build/host/src/class.o
CC    src/codegen.c -> build/host/src/codegen.o
CC    src/compar.c -> build/host/src/compar.o
CC    src/crc.c -> build/host/src/crc.o
CC    src/dump.c -> build/host/src/dump.o
CC    src/enum.c -> build/host/src/enum.o
CC    src/error.c -> build/host/src/error.o
CC    src/etc.c -> build/host/src/etc.o
CC    src/gc.c -> build/host/src/gc.o
CC    src/hash.c -> build/host/src/hash.o
CC    src/init.c -> build/host/src/init.o
CC    src/kernel.c -> build/host/src/kernel.o
CC    src/load.c -> build/host/src/load.o
CC    src/math.c -> build/host/src/math.o
CC    src/numeric.c -> build/host/src/numeric.o
CC    src/object.c -> build/host/src/object.o
CC    src/pool.c -> build/host/src/pool.o
CC    src/print.c -> build/host/src/print.o
CC    src/proc.c -> build/host/src/proc.o
CC    src/range.c -> build/host/src/range.o
CC    src/re.c -> build/host/src/re.o
CC    src/sprintf.c -> build/host/src/sprintf.o
CC    src/st.c -> build/host/src/st.o
CC    src/state.c -> build/host/src/state.o
CC    src/string.c -> build/host/src/string.o
CC    src/struct.c -> build/host/src/struct.o
CC    src/symbol.c -> build/host/src/symbol.o
CC    src/time.c -> build/host/src/time.o
CC    src/variable.c -> build/host/src/variable.o
CC    src/vm.c -> build/host/src/vm.o
YACC  src/parse.y -> build/host/src/y.tab.c
GPERF src/keywords -> src/lex.def
rake aborted!
Command Failed: ["gperf" -L ANSI-C -C -p -j1 -i 1 -g -o -t -N mrb_reserved_word -k"1,3,$" "src/keywords" > "src/lex.def"]</textarea></td>
          <td><textarea>src/dump.c: In function 'get_syms_block_size':
src/dump.c:283: warning: passing argument 1 of 'str_dump_len' discards qualifiers from pointer target type
src/dump.c: In function 'write_syms_block':
src/dump.c:423: warning: passing argument 1 of 'str_dump_len' discards qualifiers from pointer target type
src/dump.c:431: warning: passing argument 1 of 'str_dump' discards qualifiers from pointer target type
src/dump.c: In function 'write_irep_record':
src/dump.c:594: warning: 'crc' may be used uninitialized in this function
sh: gperf: not found</textarea></td>
        </tr>
        <tr>
          <th>make test</th>
          <td><textarea>(in /home/mruby/mruby-test-tool/tmp/20130223122848-25766-build/mruby-mruby-9ea0b4b)
CC    test/driver.c -> build/host/test/driver.o
CC    tools/mrbc/mrbc.c -> build/host/tools/mrbc/mrbc.o
CC    build/host/src/y.tab.c -> build/host/src/y.tab.o
rake aborted!
Command Failed: ["gcc" -g -O3 -Wall -Werror-implicit-function-declaration -DDISABLE_GEMS -DDISABLE_GEMS -I"/home/mruby/mruby-test-tool/tmp/20130223122848-25766-build/mruby-mruby-9ea0b4b/include" -I"src" -MMD -o "build/host/src/y.tab.o" -c "build/host/src/y.tab.c"]</textarea></td>
          <td><textarea>src/parse.y: In function 'parser_yylex':
src/parse.y:4664: error: implicit declaration of function 'mrb_reserved_word'
src/parse.y:4664: warning: assignment makes pointer from integer without a cast
src/parse.y:4667: error: dereferencing pointer to incomplete type
src/parse.y:4669: error: dereferencing pointer to incomplete type
src/parse.y:4670: error: dereferencing pointer to incomplete type
src/parse.y:4675: error: dereferencing pointer to incomplete type
src/parse.y:4689: error: dereferencing pointer to incomplete type
src/parse.y:4691: error: dereferencing pointer to incomplete type
src/parse.y:4691: error: dereferencing pointer to incomplete type
src/parse.y:4693: error: dereferencing pointer to incomplete type</textarea></td>
        </tr>
        
      </table>
    
      
      <h3><a name="openbsd64bit">openbsd64bit</a> <span style="font-size:small;"><a href="#top">#top</a></span></h3>
      <table border='1' style="width:90%;">
        <tr>
          <th style="width:100px;">task</th>
          <th>stdout</th>
          <th>stderr</th>
        </tr>
        <tr>
          <th>make</th>
          <td><textarea>(in /home/mruby/mruby-test-tool/tmp/20130223122848-12688-build/mruby-mruby-9ea0b4b)
CC    tools/mruby/mruby.c -> build/host/tools/mruby/mruby.o
CC    src/array.c -> build/host/src/array.o
CC    src/class.c -> build/host/src/class.o
CC    src/codegen.c -> build/host/src/codegen.o
CC    src/compar.c -> build/host/src/compar.o
CC    src/crc.c -> build/host/src/crc.o
CC    src/dump.c -> build/host/src/dump.o
CC    src/enum.c -> build/host/src/enum.o
CC    src/error.c -> build/host/src/error.o
CC    src/etc.c -> build/host/src/etc.o
CC    src/gc.c -> build/host/src/gc.o
CC    src/hash.c -> build/host/src/hash.o
CC    src/init.c -> build/host/src/init.o
CC    src/kernel.c -> build/host/src/kernel.o
CC    src/load.c -> build/host/src/load.o
CC    src/math.c -> build/host/src/math.o
CC    src/numeric.c -> build/host/src/numeric.o
CC    src/object.c -> build/host/src/object.o
CC    src/pool.c -> build/host/src/pool.o
CC    src/print.c -> build/host/src/print.o
CC    src/proc.c -> build/host/src/proc.o
CC    src/range.c -> build/host/src/range.o
CC    src/re.c -> build/host/src/re.o
CC    src/sprintf.c -> build/host/src/sprintf.o
CC    src/st.c -> build/host/src/st.o
CC    src/state.c -> build/host/src/state.o
CC    src/string.c -> build/host/src/string.o
CC    src/struct.c -> build/host/src/struct.o
CC    src/symbol.c -> build/host/src/symbol.o
CC    src/time.c -> build/host/src/time.o
CC    src/variable.c -> build/host/src/variable.o
CC    src/vm.c -> build/host/src/vm.o
YACC  src/parse.y -> build/host/src/y.tab.c
CC    build/host/src/y.tab.c -> build/host/src/y.tab.o
CC    tools/mrbc/mrbc.c -> build/host/tools/mrbc/mrbc.o
AR    build/host/lib/libmruby_core.a 
LD    build/host/bin/mrbc 
GEN   *.rb -> build/host/mrblib/mrblib.c
      MRBC mrblib/array.rb 
      MRBC mrblib/class.rb 
      MRBC mrblib/compar.rb 
      MRBC mrblib/enum.rb 
      MRBC mrblib/error.rb 
      MRBC mrblib/hash.rb 
      MRBC mrblib/kernel.rb 
      MRBC mrblib/numeric.rb 
      MRBC mrblib/print.rb 
      MRBC mrblib/range.rb 
      MRBC mrblib/string.rb 
      MRBC mrblib/struct.rb 
CC    build/host/mrblib/mrblib.c -> build/host/mrblib/mrblib.o
AR    build/host/lib/libmruby.a 
LD    build/host/bin/mruby 
CC    tools/mirb/mirb.c -> build/host/tools/mirb/mirb.o
LD    build/host/bin/mirb 

Build summary:

================================================
      Config Name: host
 Output Directory: build/host
         Binaries: mruby, mrbc, mirb
================================================</textarea></td>
          <td><textarea>src/dump.c: In function 'get_syms_block_size':
src/dump.c:283: warning: passing argument 1 of 'str_dump_len' discards qualifiers from pointer target type
src/dump.c: In function 'write_syms_block':
src/dump.c:423: warning: passing argument 1 of 'str_dump_len' discards qualifiers from pointer target type
src/dump.c:431: warning: passing argument 1 of 'str_dump' discards qualifiers from pointer target type
src/dump.c: In function 'write_irep_record':
src/dump.c:594: warning: 'crc' may be used uninitialized in this function
ar: creating build/host/lib/libmruby_core.a
build/host/tools/mrbc/mrbc.o(.text+0x4d): In function `get_outfilename':
tools/mrbc/mrbc.c:54: warning: strcpy() is almost always misused, please use strlcpy()
build/host/lib/libmruby_core.a(dump.o)(.text+0x5d): In function `get_pool_block_size':
src/dump.c:244: warning: sprintf() is often misused, please use snprintf()
ar: creating build/host/lib/libmruby.a
build/host/tools/mruby/mruby.o(.text+0x722): In function `main':
tools/mruby/mruby.c:96: warning: strcpy() is almost always misused, please use strlcpy()
build/host/tools/mruby/mruby.o(.text+0x67c):tools/mruby/mruby.c:102: warning: strcat() is almost always misused, please use strlcat()
build/host/lib/libmruby.a(string.o)(.text+0x5331): In function `mrb_str_dump':
src/string.c:2556: warning: sprintf() is often misused, please use snprintf()
build/host/tools/mirb/mirb.o(.text+0x423): In function `main':
tools/mirb/mirb.c:219: warning: strcpy() is almost always misused, please use strlcpy()
build/host/tools/mirb/mirb.o(.text+0x22b):tools/mirb/mirb.c:216: warning: strcat() is almost always misused, please use strlcat()
build/host/lib/libmruby.a(string.o)(.text+0x5331): In function `mrb_str_dump':
src/string.c:2556: warning: sprintf() is often misused, please use snprintf()</textarea></td>
        </tr>
        <tr>
          <th>make test</th>
          <td><textarea>(in /home/mruby/mruby-test-tool/tmp/20130223122848-12688-build/mruby-mruby-9ea0b4b)
CC    test/driver.c -> build/host/test/driver.o
GEN   *.rb -> build/host/test/mrbtest.c
      MRBC test/assert.rb 
      MRBC test/t/argumenterror.rb 
      MRBC test/t/array.rb 
      MRBC test/t/basicobject.rb 
      MRBC test/t/bs_block.rb 
      MRBC test/t/bs_literal.rb 
      MRBC test/t/class.rb 
      MRBC test/t/comparable.rb 
      MRBC test/t/enumerable.rb 
      MRBC test/t/exception.rb 
      MRBC test/t/false.rb 
      MRBC test/t/float.rb 
      MRBC test/t/gc.rb 
      MRBC test/t/hash.rb 
      MRBC test/t/indexerror.rb 
      MRBC test/t/integer.rb 
      MRBC test/t/kernel.rb 
      MRBC test/t/literals.rb 
      MRBC test/t/localjumperror.rb 
      MRBC test/t/math.rb 
      MRBC test/t/module.rb 
      MRBC test/t/nameerror.rb 
      MRBC test/t/nil.rb 
      MRBC test/t/numeric.rb 
      MRBC test/t/nomethoderror.rb 
      MRBC test/t/object.rb 
      MRBC test/t/proc.rb 
      MRBC test/t/range.rb 
      MRBC test/t/rangeerror.rb 
      MRBC test/t/regexperror.rb 
      MRBC test/t/runtimeerror.rb 
      MRBC test/t/standarderror.rb 
      MRBC test/t/string.rb 
      MRBC test/t/struct.rb 
      MRBC test/t/symbol.rb 
      MRBC test/t/syntax.rb 
      MRBC test/t/time.rb 
      MRBC test/t/true.rb 
      MRBC test/t/typeerror.rb 
CC    build/host/test/mrbtest.c -> build/host/test/mrbtest.o
AR    build/host/test/mrbtest.a 
LD    build/host/test/mrbtest 
>>> Test host <<<
mrbtest - Embeddable Ruby Test

This is a very early version, please test and report errors.
Thanks :)

.........................................................................................................................................................................................................................................................................................................................................................................................................................................................................................................................................
Total: 521
   OK: 521
   KO: 0
Crash: 0
 Time: 0.511647 seconds</textarea></td>
          <td><textarea>ar: creating build/host/test/mrbtest.a
build/host/lib/libmruby.a(string.o)(.text+0x5331): In function `mrb_str_dump':
src/string.c:2556: warning: sprintf() is often misused, please use snprintf()</textarea></td>
        </tr>
        
      </table>
    
      
      <h3><a name="ubuntu32bit">ubuntu32bit</a> <span style="font-size:small;"><a href="#top">#top</a></span></h3>
      <table border='1' style="width:90%;">
        <tr>
          <th style="width:100px;">task</th>
          <th>stdout</th>
          <th>stderr</th>
        </tr>
        <tr>
          <th>make</th>
          <td><textarea>(in /home/mruby/mruby-test-tool/tmp/20130223112310-3226-build/mruby-mruby-9ea0b4b)
CC    tools/mruby/mruby.c -> build/host/tools/mruby/mruby.o
CC    src/pool.c -> build/host/src/pool.o
CC    src/kernel.c -> build/host/src/kernel.o
CC    src/codegen.c -> build/host/src/codegen.o
CC    src/state.c -> build/host/src/state.o
CC    src/gc.c -> build/host/src/gc.o
CC    src/re.c -> build/host/src/re.o
CC    src/init.c -> build/host/src/init.o
CC    src/class.c -> build/host/src/class.o
CC    src/array.c -> build/host/src/array.o
CC    src/symbol.c -> build/host/src/symbol.o
CC    src/print.c -> build/host/src/print.o
CC    src/etc.c -> build/host/src/etc.o
CC    src/enum.c -> build/host/src/enum.o
CC    src/proc.c -> build/host/src/proc.o
CC    src/time.c -> build/host/src/time.o
CC    src/numeric.c -> build/host/src/numeric.o
CC    src/vm.c -> build/host/src/vm.o
CC    src/st.c -> build/host/src/st.o
CC    src/object.c -> build/host/src/object.o
CC    src/math.c -> build/host/src/math.o
CC    src/load.c -> build/host/src/load.o
CC    src/range.c -> build/host/src/range.o
CC    src/variable.c -> build/host/src/variable.o
CC    src/error.c -> build/host/src/error.o
CC    src/dump.c -> build/host/src/dump.o
CC    src/crc.c -> build/host/src/crc.o
CC    src/struct.c -> build/host/src/struct.o
CC    src/sprintf.c -> build/host/src/sprintf.o
CC    src/compar.c -> build/host/src/compar.o
CC    src/string.c -> build/host/src/string.o
CC    src/hash.c -> build/host/src/hash.o
YACC  src/parse.y -> build/host/src/y.tab.c
CC    build/host/src/y.tab.c -> build/host/src/y.tab.o
CC    tools/mrbc/mrbc.c -> build/host/tools/mrbc/mrbc.o
AR    build/host/lib/libmruby_core.a 
LD    build/host/bin/mrbc 
GEN   *.rb -> build/host/mrblib/mrblib.c
      MRBC mrblib/range.rb 
      MRBC mrblib/error.rb 
      MRBC mrblib/class.rb 
      MRBC mrblib/enum.rb 
      MRBC mrblib/array.rb 
      MRBC mrblib/numeric.rb 
      MRBC mrblib/struct.rb 
      MRBC mrblib/kernel.rb 
      MRBC mrblib/hash.rb 
      MRBC mrblib/string.rb 
      MRBC mrblib/compar.rb 
      MRBC mrblib/print.rb 
CC    build/host/mrblib/mrblib.c -> build/host/mrblib/mrblib.o
AR    build/host/lib/libmruby.a 
LD    build/host/bin/mruby 
CC    tools/mirb/mirb.c -> build/host/tools/mirb/mirb.o
LD    build/host/bin/mirb 

Build summary:

================================================
      Config Name: host
 Output Directory: build/host
         Binaries: mruby, mrbc, mirb
================================================</textarea></td>
          <td><textarea>ar: creating build/host/lib/libmruby_core.a
ar: creating build/host/lib/libmruby.a</textarea></td>
        </tr>
        <tr>
          <th>make test</th>
          <td><textarea>(in /home/mruby/mruby-test-tool/tmp/20130223112310-3226-build/mruby-mruby-9ea0b4b)
CC    test/driver.c -> build/host/test/driver.o
GEN   *.rb -> build/host/test/mrbtest.c
      MRBC test/assert.rb 
      MRBC test/t/bs_block.rb 
      MRBC test/t/range.rb 
      MRBC test/t/basicobject.rb 
      MRBC test/t/runtimeerror.rb 
      MRBC test/t/module.rb 
      MRBC test/t/standarderror.rb 
      MRBC test/t/argumenterror.rb 
      MRBC test/t/localjumperror.rb 
      MRBC test/t/class.rb 
      MRBC test/t/time.rb 
      MRBC test/t/syntax.rb 
      MRBC test/t/symbol.rb 
      MRBC test/t/gc.rb 
      MRBC test/t/regexperror.rb 
      MRBC test/t/typeerror.rb 
      MRBC test/t/true.rb 
      MRBC test/t/integer.rb 
      MRBC test/t/proc.rb 
      MRBC test/t/nameerror.rb 
      MRBC test/t/array.rb 
      MRBC test/t/rangeerror.rb 
      MRBC test/t/bs_literal.rb 
      MRBC test/t/numeric.rb 
      MRBC test/t/object.rb 
      MRBC test/t/nil.rb 
      MRBC test/t/false.rb 
      MRBC test/t/struct.rb 
      MRBC test/t/kernel.rb 
      MRBC test/t/indexerror.rb 
      MRBC test/t/hash.rb 
      MRBC test/t/string.rb 
      MRBC test/t/float.rb 
      MRBC test/t/math.rb 
      MRBC test/t/literals.rb 
      MRBC test/t/nomethoderror.rb 
      MRBC test/t/exception.rb 
      MRBC test/t/comparable.rb 
      MRBC test/t/enumerable.rb 
CC    build/host/test/mrbtest.c -> build/host/test/mrbtest.o
AR    build/host/test/mrbtest.a 
LD    build/host/test/mrbtest 
>>> Test host <<<
mrbtest - Embeddable Ruby Test

This is a very early version, please test and report errors.
Thanks :)

.........................................................................................................................................................................................................................................................................................................................................................................................................................................................................................................................................
Total: 521
   OK: 521
   KO: 0
Crash: 0
 Time: 0.260829 seconds</textarea></td>
          <td><textarea>ar: creating build/host/test/mrbtest.a</textarea></td>
        </tr>
        
      </table>
    
      
      <h3><a name="ubuntu64bit">ubuntu64bit</a> <span style="font-size:small;"><a href="#top">#top</a></span></h3>
      <table border='1' style="width:90%;">
        <tr>
          <th style="width:100px;">task</th>
          <th>stdout</th>
          <th>stderr</th>
        </tr>
        <tr>
          <th>make</th>
          <td><textarea>(in /home/mruby/mruby-test-tool/tmp/20130223112320-5392-build/mruby-mruby-9ea0b4b)
CC    tools/mruby/mruby.c -> build/host/tools/mruby/mruby.o
CC    src/vm.c -> build/host/src/vm.o
CC    src/print.c -> build/host/src/print.o
CC    src/symbol.c -> build/host/src/symbol.o
CC    src/object.c -> build/host/src/object.o
CC    src/struct.c -> build/host/src/struct.o
CC    src/range.c -> build/host/src/range.o
CC    src/kernel.c -> build/host/src/kernel.o
CC    src/numeric.c -> build/host/src/numeric.o
CC    src/st.c -> build/host/src/st.o
CC    src/load.c -> build/host/src/load.o
CC    src/sprintf.c -> build/host/src/sprintf.o
CC    src/variable.c -> build/host/src/variable.o
CC    src/pool.c -> build/host/src/pool.o
CC    src/compar.c -> build/host/src/compar.o
CC    src/etc.c -> build/host/src/etc.o
CC    src/enum.c -> build/host/src/enum.o
CC    src/state.c -> build/host/src/state.o
CC    src/codegen.c -> build/host/src/codegen.o
CC    src/math.c -> build/host/src/math.o
CC    src/init.c -> build/host/src/init.o
CC    src/dump.c -> build/host/src/dump.o
CC    src/class.c -> build/host/src/class.o
CC    src/crc.c -> build/host/src/crc.o
CC    src/gc.c -> build/host/src/gc.o
CC    src/string.c -> build/host/src/string.o
CC    src/time.c -> build/host/src/time.o
CC    src/error.c -> build/host/src/error.o
CC    src/proc.c -> build/host/src/proc.o
CC    src/array.c -> build/host/src/array.o
CC    src/hash.c -> build/host/src/hash.o
CC    src/re.c -> build/host/src/re.o
YACC  src/parse.y -> build/host/src/y.tab.c
CC    build/host/src/y.tab.c -> build/host/src/y.tab.o
CC    tools/mrbc/mrbc.c -> build/host/tools/mrbc/mrbc.o
AR    build/host/lib/libmruby_core.a 
LD    build/host/bin/mrbc 
GEN   *.rb -> build/host/mrblib/mrblib.c
      MRBC mrblib/string.rb 
      MRBC mrblib/compar.rb 
      MRBC mrblib/class.rb 
      MRBC mrblib/range.rb 
      MRBC mrblib/array.rb 
      MRBC mrblib/struct.rb 
      MRBC mrblib/hash.rb 
      MRBC mrblib/numeric.rb 
      MRBC mrblib/enum.rb 
      MRBC mrblib/kernel.rb 
      MRBC mrblib/error.rb 
      MRBC mrblib/print.rb 
CC    build/host/mrblib/mrblib.c -> build/host/mrblib/mrblib.o
AR    build/host/lib/libmruby.a 
LD    build/host/bin/mruby 
CC    tools/mirb/mirb.c -> build/host/tools/mirb/mirb.o
LD    build/host/bin/mirb 

Build summary:

================================================
      Config Name: host
 Output Directory: build/host
         Binaries: mruby, mrbc, mirb
================================================</textarea></td>
          <td><textarea>ar: creating build/host/lib/libmruby_core.a
ar: creating build/host/lib/libmruby.a</textarea></td>
        </tr>
        <tr>
          <th>make test</th>
          <td><textarea>(in /home/mruby/mruby-test-tool/tmp/20130223112320-5392-build/mruby-mruby-9ea0b4b)
CC    test/driver.c -> build/host/test/driver.o
GEN   *.rb -> build/host/test/mrbtest.c
      MRBC test/assert.rb 
      MRBC test/t/rangeerror.rb 
      MRBC test/t/false.rb 
      MRBC test/t/standarderror.rb 
      MRBC test/t/time.rb 
      MRBC test/t/gc.rb 
      MRBC test/t/basicobject.rb 
      MRBC test/t/regexperror.rb 
      MRBC test/t/string.rb 
      MRBC test/t/nameerror.rb 
      MRBC test/t/true.rb 
      MRBC test/t/math.rb 
      MRBC test/t/float.rb 
      MRBC test/t/nomethoderror.rb 
      MRBC test/t/class.rb 
      MRBC test/t/range.rb 
      MRBC test/t/array.rb 
      MRBC test/t/integer.rb 
      MRBC test/t/struct.rb 
      MRBC test/t/hash.rb 
      MRBC test/t/argumenterror.rb 
      MRBC test/t/module.rb 
      MRBC test/t/syntax.rb 
      MRBC test/t/nil.rb 
      MRBC test/t/indexerror.rb 
      MRBC test/t/numeric.rb 
      MRBC test/t/proc.rb 
      MRBC test/t/typeerror.rb 
      MRBC test/t/kernel.rb 
      MRBC test/t/literals.rb 
      MRBC test/t/bs_block.rb 
      MRBC test/t/object.rb 
      MRBC test/t/localjumperror.rb 
      MRBC test/t/symbol.rb 
      MRBC test/t/enumerable.rb 
      MRBC test/t/comparable.rb 
      MRBC test/t/bs_literal.rb 
      MRBC test/t/runtimeerror.rb 
      MRBC test/t/exception.rb 
CC    build/host/test/mrbtest.c -> build/host/test/mrbtest.o
AR    build/host/test/mrbtest.a 
LD    build/host/test/mrbtest 
>>> Test host <<<
mrbtest - Embeddable Ruby Test

This is a very early version, please test and report errors.
Thanks :)

.........................................................................................................................................................................................................................................................................................................................................................................................................................................................................................................................................
Total: 521
   OK: 521
   KO: 0
Crash: 0
 Time: 0.577139 seconds</textarea></td>
          <td><textarea>ar: creating build/host/test/mrbtest.a</textarea></td>
        </tr>
        
      </table>
    

    <h2><a name="commitlog">commit log</a> <span style="font-size:small;"><a href="#top">#top</a></span></h2>
      <pre>commit 9ea0b4b7d16e85c666bc9ce2ed16cc868a196aba
Author: Masaki Muranaka &lt;monaka@monami-ya.jp&gt;
Date:   Sat Feb 23 10:47:13 2013 +0900

    Fix an underlying bug. flodivmod() will be crashed in case ((y == 0) &amp;&amp; ((divp == NULL) || (modp == NULL))).

diff --git a/src/numeric.c b/src/numeric.c
index 6a4e7ca..a4f2ed6 100644
--- a/src/numeric.c
+++ b/src/numeric.c
@@ -244,22 +244,25 @@ flo_mul(mrb_state *mrb, mrb_value x)
 static void
 flodivmod(mrb_state *mrb, mrb_float x, mrb_float y, mrb_float *divp, mrb_float *modp)
 {
-  mrb_float div, mod;
+  mrb_float div;
+  mrb_float mod;
 
   if (y == 0.0) {
-    *divp = str_to_mrb_float(&quot;inf&quot;);
-    *modp = str_to_mrb_float(&quot;nan&quot;);
-    return;
+    div = str_to_mrb_float(&quot;inf&quot;);
+    mod = str_to_mrb_float(&quot;nan&quot;);
   }
-  mod = fmod(x, y);
-  if (isinf(x) &amp;&amp; !isinf(y) &amp;&amp; !isnan(y))
-    div = x;
-  else
-    div = (x - mod) / y;
-  if (y*mod &lt; 0) {
-    mod += y;
-    div -= 1.0;
+  else {
+    mod = fmod(x, y);
+    if (isinf(x) &amp;&amp; !isinf(y) &amp;&amp; !isnan(y))
+      div = x;
+    else
+      div = (x - mod) / y;
+    if (y*mod &lt; 0) {
+      mod += y;
+      div -= 1.0;
+    }
   }
+
   if (modp) *modp = mod;
   if (divp) *divp = div;
 }
</pre>

  </body>
</html>
